<?xml version="1.0" encoding="UTF-8" ?>
<<<<<<< HEAD
<testsuite failures="1" time="286.431" errors="0" skipped="0" tests="35" name="TestSuite">
=======
<testsuite failures="4" time="341.595" errors="0" skipped="0" tests="35" name="TestSuite">
>>>>>>> dbb5e243a5d8bc919fd1d8fccccaeb4e573f8dd4
  <properties>
    <property name="java.runtime.name" value="Java(TM) SE Runtime Environment"/>
    <property name="sun.boot.library.path" value="C:\Program Files\Java\jre7\bin"/>
    <property name="java.vm.version" value="24.65-b04"/>
    <property name="java.vm.vendor" value="Oracle Corporation"/>
    <property name="java.vendor.url" value="http://java.oracle.com/"/>
    <property name="path.separator" value=";"/>
    <property name="guice.disable.misplaced.annotation.check" value="true"/>
    <property name="java.vm.name" value="Java HotSpot(TM) 64-Bit Server VM"/>
    <property name="file.encoding.pkg" value="sun.io"/>
    <property name="user.script" value=""/>
    <property name="user.country" value="US"/>
    <property name="sun.java.launcher" value="SUN_STANDARD"/>
    <property name="sun.os.patch.level" value="Service Pack 1"/>
    <property name="java.vm.specification.name" value="Java Virtual Machine Specification"/>
    <property name="user.dir" value="D:\extPr\TestExternalPart\AutomatedTesting"/>
    <property name="java.runtime.version" value="1.7.0_67-b01"/>
    <property name="java.awt.graphicsenv" value="sun.awt.Win32GraphicsEnvironment"/>
    <property name="java.endorsed.dirs" value="C:\Program Files\Java\jre7\lib\endorsed"/>
    <property name="os.arch" value="amd64"/>
<<<<<<< HEAD
    <property name="surefire.real.class.path" value="D:\AutomatedTesting\target\surefire\surefirebooter3973680786356398050.jar"/>
    <property name="java.io.tmpdir" value="C:\Users\Olha_Borodkina\AppData\Local\Temp\"/>
=======
    <property name="java.io.tmpdir" value="C:\Users\Olha_Myroliubova\AppData\Local\Temp\"/>
>>>>>>> dbb5e243a5d8bc919fd1d8fccccaeb4e573f8dd4
    <property name="line.separator" value="
"/>
    <property name="java.vm.specification.vendor" value="Oracle Corporation"/>
    <property name="user.variant" value=""/>
    <property name="os.name" value="Windows 7"/>
    <property name="classworlds.conf" value="D:\extPr\.metadata\.plugins\org.eclipse.m2e.launching\launches\m2conf6349559961482262602.tmp"/>
    <property name="sun.jnu.encoding" value="Cp1251"/>
    <property name="java.library.path" value="C:\Program Files\Java\jre7\bin;C:\WINDOWS\Sun\Java\bin;C:\WINDOWS\system32;C:\WINDOWS;C:\Program Files\Java\jdk1.7.0_67;C:\WINDOWS\system32;C:\WINDOWS;C:\WINDOWS\System32\Wbem;C:\WINDOWS\System32\WindowsPowerShell\v1.0\;C:\Program Files\TortoiseSVN\bin;C:\Program Files (x86)\Subversion\bin;C:\Program Files\TortoiseGit\bin;."/>
    <property name="java.specification.name" value="Java Platform API Specification"/>
    <property name="java.class.version" value="51.0"/>
    <property name="sun.management.compiler" value="HotSpot 64-Bit Tiered Compilers"/>
    <property name="os.version" value="6.1"/>
    <property name="user.home" value="C:\Users\Olha_Myroliubova"/>
    <property name="user.timezone" value="Europe/Helsinki"/>
    <property name="java.awt.printerjob" value="sun.awt.windows.WPrinterJob"/>
    <property name="java.specification.version" value="1.7"/>
    <property name="file.encoding" value="Cp1251"/>
    <property name="user.name" value="Olha_Myroliubova"/>
    <property name="java.class.path" value="/D:/eclipse/plugins/org.eclipse.m2e.maven.runtime_1.5.0.20140605-2032/jars/plexus-classworlds-2.5.1.jar"/>
    <property name="org.slf4j.simpleLogger.defaultLogLevel" value="info"/>
    <property name="java.vm.specification.version" value="1.7"/>
    <property name="sun.arch.data.model" value="64"/>
    <property name="java.home" value="C:\Program Files\Java\jre7"/>
<<<<<<< HEAD
    <property name="sun.java.command" value="D:\AutomatedTesting\target\surefire\surefirebooter3973680786356398050.jar D:\AutomatedTesting\target\surefire\surefire5969637980717407431tmp D:\AutomatedTesting\target\surefire\surefire8623144701624039766tmp"/>
=======
    <property name="sun.java.command" value="org.codehaus.plexus.classworlds.launcher.Launcher -B test"/>
>>>>>>> dbb5e243a5d8bc919fd1d8fccccaeb4e573f8dd4
    <property name="java.specification.vendor" value="Oracle Corporation"/>
    <property name="user.language" value="en"/>
    <property name="awt.toolkit" value="sun.awt.windows.WToolkit"/>
    <property name="java.vm.info" value="mixed mode"/>
    <property name="java.version" value="1.7.0_67"/>
    <property name="java.ext.dirs" value="C:\Program Files\Java\jre7\lib\ext;C:\WINDOWS\Sun\Java\lib\ext"/>
    <property name="sun.boot.class.path" value="C:\Program Files\Java\jre7\lib\resources.jar;C:\Program Files\Java\jre7\lib\rt.jar;C:\Program Files\Java\jre7\lib\sunrsasign.jar;C:\Program Files\Java\jre7\lib\jsse.jar;C:\Program Files\Java\jre7\lib\jce.jar;C:\Program Files\Java\jre7\lib\charsets.jar;C:\Program Files\Java\jre7\lib\jfr.jar;C:\Program Files\Java\jre7\classes"/>
    <property name="java.vendor" value="Oracle Corporation"/>
    <property name="maven.home" value="D:\extPr\TestExternalPart\AutomatedTesting\EMBEDDED"/>
    <property name="file.separator" value="\"/>
    <property name="java.vendor.url.bug" value="http://bugreport.sun.com/bugreport/"/>
    <property name="sun.cpu.endian" value="little"/>
    <property name="sun.io.unicode.encoding" value="UnicodeLittle"/>
    <property name="sun.desktop" value="windows"/>
    <property name="sun.cpu.isalist" value="amd64"/>
  </properties>
<<<<<<< HEAD
  <testcase time="0.62" classname="com.epam.testexternalpart.tests.SmokeTest" name="checkElAllCandiadtesMenu"/>
  <testcase time="13.762" classname="com.epam.testexternalpart.tests.SmokeTest" name="checkElStreamPage"/>
  <testcase time="22.311" classname="com.epam.testexternalpart.tests.SmokeTest" name="checkElementsAddCandidate"/>
  <testcase time="0.001" classname="com.epam.testexternalpart.tests.SmokeTest" name="checkElementsEditCandidate"/>
  <testcase time="10.353" classname="com.epam.testexternalpart.tests.SmokeTest" name="checkElementsViewCandidate"/>
  <testcase time="0.247" classname="com.epam.testexternalpart.tests.SmokeTest" name="checkMenu"/>
  <testcase time="10.434" classname="com.epam.testexternalpart.tests.SmokeTest" name="testCheckElementsPresentAddDepartmentPage"/>
  <testcase time="11.014" classname="com.epam.testexternalpart.tests.SmokeTest" name="testCheckElementsPresentAddStreamPage"/>
  <testcase time="0.259" classname="com.epam.testexternalpart.tests.SmokeTest" name="testCheckElementsPresentDepartmentPage"/>
  <testcase time="0.463" classname="com.epam.testexternalpart.tests.SmokeTest" name="testcheckAddStreamPageInDepartmentAutoTest"/>
  <testcase time="0.478" classname="com.epam.testexternalpart.tests.SmokeTest" name="testcheckAddStreamPageInDepartmentFrontEnd"/>
  <testcase time="0.379" classname="com.epam.testexternalpart.tests.SmokeTest" name="testcheckAddStreamPageInDepartmentJava"/>
  <testcase time="0.381" classname="com.epam.testexternalpart.tests.SmokeTest" name="testcheckAddStreamPageInDepartmentNet"/>
  <testcase time="0.359" classname="com.epam.testexternalpart.tests.SmokeTest" name="testcheckAddStreamPageInDepartmentSofttest"/>
  <testcase time="10.396" classname="com.epam.testexternalpart.tests.DepartmentTest" name="testAddDepartment"/>
  <testcase time="21.699" classname="com.epam.testexternalpart.tests.DepartmentTest" name="testAddDepartmentWithValidName"/>
  <testcase time="32.579" classname="com.epam.testexternalpart.tests.DepartmentTest" name="testEditDepartmentName"/>
  <testcase time="0.696" classname="com.epam.testexternalpart.tests.StreamTest" name="testAddNewInValidStream"/>
  <testcase time="0.374" classname="com.epam.testexternalpart.tests.StreamTest" name="testAddNewInValidStream"/>
  <testcase time="0.397" classname="com.epam.testexternalpart.tests.StreamTest" name="testAddNewInValidStream"/>
  <testcase time="0.35" classname="com.epam.testexternalpart.tests.StreamTest" name="testAddNewInValidStream"/>
  <testcase time="1.417" classname="com.epam.testexternalpart.tests.StreamTest" name="testAddNewValidStream"/>
  <testcase time="1.41" classname="com.epam.testexternalpart.tests.StreamTest" name="testAddNewValidStream"/>
  <testcase time="0.411" classname="com.epam.testexternalpart.tests.StreamTest" name="testEditStream"/>
  <testcase time="0.37" classname="com.epam.testexternalpart.tests.StreamTest" name="testEditStream"/>
  <testcase time="2.246" classname="com.epam.testexternalpart.tests.AddCandidateTest" name="addCandidate"/>
  <testcase time="7.455" classname="com.epam.testexternalpart.tests.AddCandidateTest" name="addCandidateManually"/>
  <testcase time="19.565" classname="com.epam.testexternalpart.tests.AddCandidateTest" name="bannWithButton"/>
  <testcase time="16.054" classname="com.epam.testexternalpart.tests.AddCandidateTest" name="changeStatus"/>
  <testcase time="7.73" classname="com.epam.testexternalpart.tests.AddCandidateTest" name="deleteAllCandidates"/>
  <testcase time="4.702" classname="com.epam.testexternalpart.tests.SeveralStreamTest" name="addCandidateToSeveralDepartment"/>
  <testcase time="19.513" classname="com.epam.testexternalpart.tests.SearchTest" name="streamSearch">
    <failure message="Wrong data in new cand expected [true] but found [false]" type="java.lang.AssertionError">java.lang.AssertionError: Wrong data in new cand expected [true] but found [false]
	at org.testng.Assert.fail(Assert.java:94)
	at org.testng.Assert.failNotEquals(Assert.java:494)
	at org.testng.Assert.assertTrue(Assert.java:42)
	at com.epam.testexternalpart.screen.stream.StreamPage.checkCandExisting(StreamPage.java:492)
	at com.epam.testexternalpart.tests.SearchTest.streamSearch(SearchTest.java:27)
</failure>
    <system-out>[Invoker 191138085] Keeping method BaseTest.tearDown()[pri:0, instance:com.epam.testexternalpart.tests.SeveralStreamTest@cd7e6ef] for class [TestClass name=class com.epam.testexternalpart.tests.SeveralStreamTest]
[Invoker 191138085] Invoking @AfterClass BaseTest.tearDown()[pri:0, instance:com.epam.testexternalpart.tests.SeveralStreamTest@cd7e6ef]
===== Invoked methods
  BaseTest.init()[pri:0, instance:com.epam.testexternalpart.tests.SeveralStreamTest@cd7e6ef] 215475951
    SeveralStreamTest.addCandidateToSeveralDepartment(java.lang.String)[pri:0, instance:com.epam.testexternalpart.tests.SeveralStreamTest@cd7e6ef]Harry;Potter;James;02.12.2013;sdhgjshg1j@mail.ru;+380505465345;  215475951
  BaseTest.tearDown()[pri:0, instance:com.epam.testexternalpart.tests.SeveralStreamTest@cd7e6ef] 215475951
=====
[TestRunner] Running test SearchStreamTest on 1  classes,  included groups:[] excluded groups:[]
===== Test class
com.epam.testexternalpart.tests.SearchTest
  @BeforeClass BaseTest.init()[pri:0, instance:com.epam.testexternalpart.tests.SearchTest@2d1e165f]
  @BeforeMethod BaseTest.startPage()[pri:0, instance:com.epam.testexternalpart.tests.SearchTest@2d1e165f]
    @Test SearchTest.streamSearch(java.lang.String, java.lang.String, java.lang.String, java.lang.String, java.lang.String)[pri:0, instance:com.epam.testexternalpart.tests.SearchTest@2d1e165f]
  @AfterClass BaseTest.tearDown()[pri:0, instance:com.epam.testexternalpart.tests.SearchTest@2d1e165f]
======
[Invoker 191138085] Keeping method BaseTest.init()[pri:0, instance:com.epam.testexternalpart.tests.SearchTest@2d1e165f] for class [TestClass name=class com.epam.testexternalpart.tests.SearchTest]
[Invoker 191138085] Invoking @BeforeClass BaseTest.init()[pri:0, instance:com.epam.testexternalpart.tests.SearchTest@2d1e165f]
[Invoker 191138085] Keeping method BaseTest.startPage()[pri:0, instance:com.epam.testexternalpart.tests.SearchTest@2d1e165f] for class [TestClass name=class com.epam.testexternalpart.tests.SearchTest]
[Invoker 191138085] Keeping method BaseTest.startPage()[pri:0, instance:com.epam.testexternalpart.tests.SearchTest@2d1e165f] for class [TestClass name=class com.epam.testexternalpart.tests.SearchTest]
[Invoker 191138085] Invoking @BeforeMethod BaseTest.startPage()[pri:0, instance:com.epam.testexternalpart.tests.SearchTest@2d1e165f]
[Invoker 191138085] Invoking com.epam.testexternalpart.tests.SearchTest.streamSearch
Check search in Stream
Click on [First stream on first dep]
Create candidates for test
Click on [addCandidateBut]
Creating new candidate with fields-Ololo;Ololoev;Olololoevich;02.12.2013;sdhgjshgj@mail.ru;+380505465345;
Click on [Click Create Candidate Button]
Check if new candidate was added
candidate was added
Click on [addCandidateBut]
Creating new candidate with fields-Ololo1;Ololoev1;Olololoevich1;02.12.2013;sdhgjshgj1@mail.ru;+380505465346;
Click on [Click Create Candidate Button]
Check if new candidate was added
candidate was added
Click on [addCandidateBut]
Creating new candidate with fields-Ololo2;Ololoev2;Olololoevich2;02.12.2013;sdhgjshgj2@mail.ru;+380505465347;
Click on [Click Create Candidate Button]
Check if new candidate was added
</system-out>
  </testcase>
  <testcase time="2.612" classname="com.epam.testexternalpart.tests.PlaceForTestingTest" name="addNewPlaceForTesting"/>
  <testcase time="1.683" classname="com.epam.testexternalpart.tests.PlaceForTestingTest" name="deleteNewPlaceForTesting"/>
  <testcase time="2.032" classname="com.epam.testexternalpart.tests.PlaceForTestingTest" name="editNewPlaceForTesting"/>
=======
  <testcase time="0.734" classname="com.epam.testexternalpart.tests.SmokeTest" name="checkElAllCandiadtesMenu">
    <failure message="unknown error: Element is not clickable at point (36, 736). Other element would receive the click: &lt;label for=&quot;checkbox1&quot;&gt;...&lt;/label&gt;
  (Session info: chrome=39.0.2171.95)
  (Driver info: chromedriver=2.9.248315,platform=Windows NT 6.1 SP1 x86_64) (WARNING: The server did not provide any stacktrace information)
Command duration or timeout: 30 milliseconds
Build info: version: &apos;2.44.0&apos;, revision: &apos;76d78cf323ce037c5f92db6c1bba601c2ac43ad8&apos;, time: &apos;2014-10-23 13:11:40&apos;
System info: host: &apos;EPUAKHAW0329&apos;, ip: &apos;10.23.12.108&apos;, os.name: &apos;Windows 7&apos;, os.arch: &apos;amd64&apos;, os.version: &apos;6.1&apos;, java.version: &apos;1.7.0_67&apos;
Session ID: 5ea17729a3b50a1c8c24d28c7515e6a9
Driver info: org.openqa.selenium.chrome.ChromeDriver
Capabilities [{platform=XP, acceptSslCerts=true, javascriptEnabled=true, browserName=chrome, chrome={userDataDir=C:\Users\Olha_Myroliubova\AppData\Local\Temp\scoped_dir18508_30381}, rotatable=false, locationContextEnabled=true, version=39.0.2171.95, takesHeapSnapshot=true, cssSelectorsEnabled=true, databaseEnabled=false, handlesAlerts=true, browserConnectionEnabled=false, webStorageEnabled=true, nativeEvents=true, applicationCacheEnabled=false, takesScreenshot=true}]" type="org.openqa.selenium.WebDriverException">org.openqa.selenium.WebDriverException: unknown error: Element is not clickable at point (36, 736). Other element would receive the click: &lt;label for=&quot;checkbox1&quot;&gt;...&lt;/label&gt;
  (Session info: chrome=39.0.2171.95)
  (Driver info: chromedriver=2.9.248315,platform=Windows NT 6.1 SP1 x86_64) (WARNING: The server did not provide any stacktrace information)
Command duration or timeout: 30 milliseconds
Build info: version: &apos;2.44.0&apos;, revision: &apos;76d78cf323ce037c5f92db6c1bba601c2ac43ad8&apos;, time: &apos;2014-10-23 13:11:40&apos;
System info: host: &apos;EPUAKHAW0329&apos;, ip: &apos;10.23.12.108&apos;, os.name: &apos;Windows 7&apos;, os.arch: &apos;amd64&apos;, os.version: &apos;6.1&apos;, java.version: &apos;1.7.0_67&apos;
Session ID: 5ea17729a3b50a1c8c24d28c7515e6a9
Driver info: org.openqa.selenium.chrome.ChromeDriver
Capabilities [{platform=XP, acceptSslCerts=true, javascriptEnabled=true, browserName=chrome, chrome={userDataDir=C:\Users\Olha_Myroliubova\AppData\Local\Temp\scoped_dir18508_30381}, rotatable=false, locationContextEnabled=true, version=39.0.2171.95, takesHeapSnapshot=true, cssSelectorsEnabled=true, databaseEnabled=false, handlesAlerts=true, browserConnectionEnabled=false, webStorageEnabled=true, nativeEvents=true, applicationCacheEnabled=false, takesScreenshot=true}]
	at sun.reflect.NativeConstructorAccessorImpl.newInstance0(Native Method)
	at sun.reflect.NativeConstructorAccessorImpl.newInstance(Unknown Source)
	at sun.reflect.DelegatingConstructorAccessorImpl.newInstance(Unknown Source)
	at java.lang.reflect.Constructor.newInstance(Unknown Source)
	at org.openqa.selenium.remote.ErrorHandler.createThrowable(ErrorHandler.java:204)
	at org.openqa.selenium.remote.ErrorHandler.throwIfResponseFailed(ErrorHandler.java:156)
	at org.openqa.selenium.remote.RemoteWebDriver.execute(RemoteWebDriver.java:599)
	at org.openqa.selenium.remote.RemoteWebElement.execute(RemoteWebElement.java:268)
	at org.openqa.selenium.remote.RemoteWebElement.click(RemoteWebElement.java:79)
	at sun.reflect.NativeMethodAccessorImpl.invoke0(Native Method)
	at sun.reflect.NativeMethodAccessorImpl.invoke(Unknown Source)
	at sun.reflect.DelegatingMethodAccessorImpl.invoke(Unknown Source)
	at java.lang.reflect.Method.invoke(Unknown Source)
	at org.openqa.selenium.support.pagefactory.internal.LocatingElementHandler.invoke(LocatingElementHandler.java:50)
	at com.sun.proxy.$Proxy9.click(Unknown Source)
	at com.epam.testexternalpart.screen.AllCandidatesPage.checkEnableColumnByCheckBox(AllCandidatesPage.java:298)
	at com.epam.testexternalpart.screen.AllCandidatesPage.checkColumnsAccordingToCheckBox(AllCandidatesPage.java:278)
	at com.epam.testexternalpart.tests.SmokeTest.checkElAllCandiadtesMenu(SmokeTest.java:151)
</failure>
    <system-out>[TestRunner] Running the tests in &apos;smokeMenuTest&apos; with parallel mode:false
[RunInfo] Adding method selector: org.testng.internal.XmlMethodSelector@539e922d priority: 10
[TestClass] Creating TestClass for [ClassImpl class=com.epam.testexternalpart.tests.SmokeTest]
[TestClass] Adding method SmokeTest.testCheckElementsPresentAddStreamPage()[pri:0, instance:null] on TestClass class com.epam.testexternalpart.tests.SmokeTest
[TestClass] Adding method SmokeTest.checkElementsEditCandidate(java.lang.String, java.lang.String)[pri:0, instance:null] on TestClass class com.epam.testexternalpart.tests.SmokeTest
[TestClass] Adding method SmokeTest.testCheckElementsPresentAddDepartmentPage()[pri:0, instance:null] on TestClass class com.epam.testexternalpart.tests.SmokeTest
[TestClass] Adding method SmokeTest.testCheckElementsPresentDepartmentPage()[pri:0, instance:null] on TestClass class com.epam.testexternalpart.tests.SmokeTest
[TestClass] Adding method SmokeTest.checkElStreamPage(java.lang.String)[pri:0, instance:null] on TestClass class com.epam.testexternalpart.tests.SmokeTest
[TestClass] Adding method SmokeTest.testcheckAddStreamPageInDepartmentNet()[pri:0, instance:null] on TestClass class com.epam.testexternalpart.tests.SmokeTest
[TestClass] Adding method SmokeTest.checkElAllCandiadtesMenu(java.lang.String)[pri:0, instance:null] on TestClass class com.epam.testexternalpart.tests.SmokeTest
[TestClass] Adding method SmokeTest.testcheckAddStreamPageInDepartmentJava()[pri:0, instance:null] on TestClass class com.epam.testexternalpart.tests.SmokeTest
[TestClass] Adding method SmokeTest.testcheckAddStreamPageInDepartmentAutoTest()[pri:0, instance:null] on TestClass class com.epam.testexternalpart.tests.SmokeTest
[TestClass] Adding method SmokeTest.testcheckAddStreamPageInDepartmentFrontEnd()[pri:0, instance:null] on TestClass class com.epam.testexternalpart.tests.SmokeTest
[TestClass] Adding method SmokeTest.checkMenu()[pri:0, instance:null] on TestClass class com.epam.testexternalpart.tests.SmokeTest
[TestClass] Adding method SmokeTest.testcheckAddStreamPageInDepartmentSofttest()[pri:0, instance:null] on TestClass class com.epam.testexternalpart.tests.SmokeTest
[TestClass] Adding method SmokeTest.checkElementsViewCandidate(java.lang.String, java.lang.String)[pri:0, instance:null] on TestClass class com.epam.testexternalpart.tests.SmokeTest
[TestClass] Adding method SmokeTest.checkElementsAddCandidate(java.lang.String)[pri:0, instance:null] on TestClass class com.epam.testexternalpart.tests.SmokeTest
[XmlMethodSelector] Including method com.epam.testexternalpart.core.init()
[XmlMethodSelector] Including method com.epam.testexternalpart.core.tearDown()
[XmlMethodSelector] Including method com.epam.testexternalpart.core.startPage()
[XmlMethodSelector] Including method com.epam.testexternalpart.tests.testCheckElementsPresentAddStreamPage()
[XmlMethodSelector] Including method com.epam.testexternalpart.tests.checkElementsEditCandidate()
[XmlMethodSelector] Including method com.epam.testexternalpart.tests.testCheckElementsPresentAddDepartmentPage()
[XmlMethodSelector] Including method com.epam.testexternalpart.tests.testCheckElementsPresentDepartmentPage()
[XmlMethodSelector] Including method com.epam.testexternalpart.tests.checkElStreamPage()
[XmlMethodSelector] Including method com.epam.testexternalpart.tests.testcheckAddStreamPageInDepartmentNet()
[XmlMethodSelector] Including method com.epam.testexternalpart.tests.checkElAllCandiadtesMenu()
[XmlMethodSelector] Including method com.epam.testexternalpart.tests.testcheckAddStreamPageInDepartmentJava()
[XmlMethodSelector] Including method com.epam.testexternalpart.tests.testcheckAddStreamPageInDepartmentAutoTest()
[XmlMethodSelector] Including method com.epam.testexternalpart.tests.testcheckAddStreamPageInDepartmentFrontEnd()
[XmlMethodSelector] Including method com.epam.testexternalpart.tests.checkMenu()
[XmlMethodSelector] Including method com.epam.testexternalpart.tests.testcheckAddStreamPageInDepartmentSofttest()
[XmlMethodSelector] Including method com.epam.testexternalpart.tests.checkElementsViewCandidate()
[XmlMethodSelector] Including method com.epam.testexternalpart.tests.checkElementsAddCandidate()
[TestRunner] Running the tests in &apos;DepartmentTest&apos; with parallel mode:false
[RunInfo] Adding method selector: org.testng.internal.XmlMethodSelector@393a82f5 priority: 10
[TestClass] Creating TestClass for [ClassImpl class=com.epam.testexternalpart.tests.DepartmentTest]
[TestClass] Adding method DepartmentTest.testEditDepartmentName(java.lang.String, java.lang.String)[pri:0, instance:null] on TestClass class com.epam.testexternalpart.tests.DepartmentTest
[TestClass] Adding method DepartmentTest.testAddDepartmentWithValidName(java.lang.String)[pri:0, instance:null] on TestClass class com.epam.testexternalpart.tests.DepartmentTest
[TestClass] Adding method DepartmentTest.testAddDepartment(java.lang.String)[pri:0, instance:null] on TestClass class com.epam.testexternalpart.tests.DepartmentTest
[XmlMethodSelector] Including method com.epam.testexternalpart.core.init()
[XmlMethodSelector] Including method com.epam.testexternalpart.core.tearDown()
[XmlMethodSelector] Including method com.epam.testexternalpart.core.startPage()
[XmlMethodSelector] Including method com.epam.testexternalpart.tests.testEditDepartmentName()
[XmlMethodSelector] Including method com.epam.testexternalpart.tests.testAddDepartmentWithValidName()
[XmlMethodSelector] Including method com.epam.testexternalpart.tests.testAddDepartment()
[TestRunner] Running the tests in &apos;StreamTest&apos; with parallel mode:false
[RunInfo] Adding method selector: org.testng.internal.XmlMethodSelector@6d849e87 priority: 10
[TestClass] Creating TestClass for [ClassImpl class=com.epam.testexternalpart.tests.StreamTest]
[TestClass] Adding method StreamTest.testEditStream(java.lang.String)[pri:0, instance:null] on TestClass class com.epam.testexternalpart.tests.StreamTest
[TestClass] Adding method StreamTest.testAddNewValidStream(java.lang.String)[pri:0, instance:null] on TestClass class com.epam.testexternalpart.tests.StreamTest
[TestClass] Adding method StreamTest.testAddNewInValidStream(java.lang.String)[pri:0, instance:null] on TestClass class com.epam.testexternalpart.tests.StreamTest
[XmlMethodSelector] Including method com.epam.testexternalpart.core.init()
[XmlMethodSelector] Including method com.epam.testexternalpart.core.tearDown()
[XmlMethodSelector] Including method com.epam.testexternalpart.core.startPage()
[XmlMethodSelector] Including method com.epam.testexternalpart.tests.testEditStream()
[XmlMethodSelector] Including method com.epam.testexternalpart.tests.testAddNewValidStream()
[XmlMethodSelector] Including method com.epam.testexternalpart.tests.testAddNewInValidStream()
[TestRunner] Running the tests in &apos;CandidateTest&apos; with parallel mode:false
[RunInfo] Adding method selector: org.testng.internal.XmlMethodSelector@430eaae5 priority: 10
[TestClass] Creating TestClass for [ClassImpl class=com.epam.testexternalpart.tests.AddCandidateTest]
[TestClass] Adding method AddCandidateTest.changeStatus(java.lang.String, java.lang.String, java.lang.String, java.lang.String, java.lang.String, java.lang.String)[pri:0, instance:null] on TestClass class com.epam.testexternalpart.tests.AddCandidateTest
[TestClass] Adding method AddCandidateTest.deleteAllCandidates(java.lang.String)[pri:0, instance:null] on TestClass class com.epam.testexternalpart.tests.AddCandidateTest
[TestClass] Adding method AddCandidateTest.bannWithButton(java.lang.String)[pri:0, instance:null] on TestClass class com.epam.testexternalpart.tests.AddCandidateTest
[TestClass] Adding method AddCandidateTest.addCandidateManually(java.lang.String)[pri:0, instance:null] on TestClass class com.epam.testexternalpart.tests.AddCandidateTest
[TestClass] Adding method AddCandidateTest.addCandidate(java.lang.String)[pri:0, instance:null] on TestClass class com.epam.testexternalpart.tests.AddCandidateTest
[XmlMethodSelector] Including method com.epam.testexternalpart.core.init()
[XmlMethodSelector] Including method com.epam.testexternalpart.core.tearDown()
[XmlMethodSelector] Including method com.epam.testexternalpart.core.startPage()
[XmlMethodSelector] Including method com.epam.testexternalpart.tests.changeStatus()
[XmlMethodSelector] Including method com.epam.testexternalpart.tests.deleteAllCandidates()
[XmlMethodSelector] Including method com.epam.testexternalpart.tests.bannWithButton()
[XmlMethodSelector] Including method com.epam.testexternalpart.tests.addCandidateManually()
[XmlMethodSelector] Including method com.epam.testexternalpart.tests.addCandidate()
[TestRunner] Running the tests in &apos;SeveralStreamTest&apos; with parallel mode:false
[RunInfo] Adding method selector: org.testng.internal.XmlMethodSelector@515441f priority: 10
[TestClass] Creating TestClass for [ClassImpl class=com.epam.testexternalpart.tests.SeveralStreamTest]
[TestClass] Adding method SeveralStreamTest.addCandidateToSeveralDepartment(java.lang.String)[pri:0, instance:null] on TestClass class com.epam.testexternalpart.tests.SeveralStreamTest
[XmlMethodSelector] Including method com.epam.testexternalpart.core.init()
[XmlMethodSelector] Including method com.epam.testexternalpart.core.tearDown()
[XmlMethodSelector] Including method com.epam.testexternalpart.core.startPage()
[XmlMethodSelector] Including method com.epam.testexternalpart.tests.addCandidateToSeveralDepartment()
[TestRunner] Running the tests in &apos;SearchStreamTest&apos; with parallel mode:false
[RunInfo] Adding method selector: org.testng.internal.XmlMethodSelector@6ee7482 priority: 10
[TestClass] Creating TestClass for [ClassImpl class=com.epam.testexternalpart.tests.SearchTest]
[TestClass] Adding method SearchTest.streamSearch(java.lang.String, java.lang.String, java.lang.String, java.lang.String, java.lang.String)[pri:0, instance:null] on TestClass class com.epam.testexternalpart.tests.SearchTest
[XmlMethodSelector] Including method com.epam.testexternalpart.core.init()
[XmlMethodSelector] Including method com.epam.testexternalpart.core.tearDown()
[XmlMethodSelector] Including method com.epam.testexternalpart.core.startPage()
[XmlMethodSelector] Including method com.epam.testexternalpart.tests.streamSearch()
[TestRunner] Running the tests in &apos;PlaceForTestingTest&apos; with parallel mode:false
[RunInfo] Adding method selector: org.testng.internal.XmlMethodSelector@27ad0ff8 priority: 10
[TestClass] Creating TestClass for [ClassImpl class=com.epam.testexternalpart.tests.PlaceForTestingTest]
[TestClass] Adding method PlaceForTestingTest.deleteNewPlaceForTesting(java.lang.String, java.lang.String, java.lang.String, java.lang.String)[pri:0, instance:null] on TestClass class com.epam.testexternalpart.tests.PlaceForTestingTest
[TestClass] Adding method PlaceForTestingTest.editNewPlaceForTesting(java.lang.String, java.lang.String, java.lang.String, java.lang.String, java.lang.String, java.lang.String, java.lang.String, java.lang.String)[pri:0, instance:null] on TestClass class com.epam.testexternalpart.tests.PlaceForTestingTest
[TestClass] Adding method PlaceForTestingTest.addNewPlaceForTesting(java.lang.String, java.lang.String, java.lang.String, java.lang.String)[pri:0, instance:null] on TestClass class com.epam.testexternalpart.tests.PlaceForTestingTest
[XmlMethodSelector] Including method com.epam.testexternalpart.core.init()
[XmlMethodSelector] Including method com.epam.testexternalpart.core.tearDown()
[XmlMethodSelector] Including method com.epam.testexternalpart.core.startPage()
[XmlMethodSelector] Including method com.epam.testexternalpart.tests.deleteNewPlaceForTesting()
[XmlMethodSelector] Including method com.epam.testexternalpart.tests.editNewPlaceForTesting()
[XmlMethodSelector] Including method com.epam.testexternalpart.tests.addNewPlaceForTesting()
[SuiteRunner] Created 7 TestRunners
[TestRunner] Running test smokeMenuTest on 1  classes,  included groups:[] excluded groups:[]
===== Test class
com.epam.testexternalpart.tests.SmokeTest
  @BeforeClass BaseTest.init()[pri:0, instance:com.epam.testexternalpart.tests.SmokeTest@14a5e0cf]
  @BeforeMethod BaseTest.startPage()[pri:0, instance:com.epam.testexternalpart.tests.SmokeTest@14a5e0cf]
    @Test SmokeTest.testCheckElementsPresentAddStreamPage()[pri:0, instance:com.epam.testexternalpart.tests.SmokeTest@14a5e0cf]
    @Test SmokeTest.checkElementsEditCandidate(java.lang.String, java.lang.String)[pri:0, instance:com.epam.testexternalpart.tests.SmokeTest@14a5e0cf]
    @Test SmokeTest.testCheckElementsPresentAddDepartmentPage()[pri:0, instance:com.epam.testexternalpart.tests.SmokeTest@14a5e0cf]
    @Test SmokeTest.testCheckElementsPresentDepartmentPage()[pri:0, instance:com.epam.testexternalpart.tests.SmokeTest@14a5e0cf]
    @Test SmokeTest.checkElStreamPage(java.lang.String)[pri:0, instance:com.epam.testexternalpart.tests.SmokeTest@14a5e0cf]
    @Test SmokeTest.testcheckAddStreamPageInDepartmentNet()[pri:0, instance:com.epam.testexternalpart.tests.SmokeTest@14a5e0cf]
    @Test SmokeTest.checkElAllCandiadtesMenu(java.lang.String)[pri:0, instance:com.epam.testexternalpart.tests.SmokeTest@14a5e0cf]
    @Test SmokeTest.testcheckAddStreamPageInDepartmentJava()[pri:0, instance:com.epam.testexternalpart.tests.SmokeTest@14a5e0cf]
    @Test SmokeTest.testcheckAddStreamPageInDepartmentAutoTest()[pri:0, instance:com.epam.testexternalpart.tests.SmokeTest@14a5e0cf]
    @Test SmokeTest.testcheckAddStreamPageInDepartmentFrontEnd()[pri:0, instance:com.epam.testexternalpart.tests.SmokeTest@14a5e0cf]
    @Test SmokeTest.checkMenu()[pri:0, instance:com.epam.testexternalpart.tests.SmokeTest@14a5e0cf]
    @Test SmokeTest.testcheckAddStreamPageInDepartmentSofttest()[pri:0, instance:com.epam.testexternalpart.tests.SmokeTest@14a5e0cf]
    @Test SmokeTest.checkElementsViewCandidate(java.lang.String, java.lang.String)[pri:0, instance:com.epam.testexternalpart.tests.SmokeTest@14a5e0cf]
    @Test SmokeTest.checkElementsAddCandidate(java.lang.String)[pri:0, instance:com.epam.testexternalpart.tests.SmokeTest@14a5e0cf]
  @AfterClass BaseTest.tearDown()[pri:0, instance:com.epam.testexternalpart.tests.SmokeTest@14a5e0cf]
======
[Invoker 1173067516] Keeping method BaseTest.init()[pri:0, instance:com.epam.testexternalpart.tests.SmokeTest@14a5e0cf] for class [TestClass name=class com.epam.testexternalpart.tests.SmokeTest]
[Invoker 1173067516] Invoking @BeforeClass BaseTest.init()[pri:0, instance:com.epam.testexternalpart.tests.SmokeTest@14a5e0cf]
[Invoker 1173067516] Keeping method BaseTest.startPage()[pri:0, instance:com.epam.testexternalpart.tests.SmokeTest@14a5e0cf] for class [TestClass name=class com.epam.testexternalpart.tests.SmokeTest]
[Invoker 1173067516] Keeping method BaseTest.startPage()[pri:0, instance:com.epam.testexternalpart.tests.SmokeTest@14a5e0cf] for class [TestClass name=class com.epam.testexternalpart.tests.SmokeTest]
[Invoker 1173067516] Invoking @BeforeMethod BaseTest.startPage()[pri:0, instance:com.epam.testexternalpart.tests.SmokeTest@14a5e0cf]
[Invoker 1173067516] Invoking com.epam.testexternalpart.tests.SmokeTest.checkElAllCandiadtesMenu
Check all elements are present on CandiadtesMenu
Click on [allCandidatesButton]
Checking the presence of All Candidates text
Checking text of element All candidates title
Text of [All candidates title] is correct
All All Candidates text are present
Checking the presence of All Candidates menu - default columns
Checking text of element №
Text of [№] is correct
Checking text of element First Name
Text of [First Name] is correct
Checking text of element Last Name
Text of [Last Name] is correct
Checking text of element Middle Name
Text of [Middle Name] is correct
Checking text of element Phone
Text of [Phone] is correct
Checking text of element BirthDate
Text of [BirthDate] is correct
Checking text of element Email
Text of [Email] is correct
Checking text of element Fill Date
Text of [Fill Date] is correct
Checking text of element Stream
Text of [Stream] is correct
Checking text of element Department
Text of [Department] is correct
All Candidates menu -  default columns are present
Checking enable column Second phone by selecting check Box
</system-out>
    <system-err>Starting ChromeDriver (v2.9.248315) on port 36571
</system-err>
  </testcase>
  <testcase time="11.931" classname="com.epam.testexternalpart.tests.SmokeTest" name="checkElStreamPage">
    <failure message="unknown error: Element is not clickable at point (36, 737). Other element would receive the click: &lt;label for=&quot;checkbox1&quot;&gt;...&lt;/label&gt;
  (Session info: chrome=39.0.2171.95)
  (Driver info: chromedriver=2.9.248315,platform=Windows NT 6.1 SP1 x86_64) (WARNING: The server did not provide any stacktrace information)
Command duration or timeout: 30 milliseconds
Build info: version: &apos;2.44.0&apos;, revision: &apos;76d78cf323ce037c5f92db6c1bba601c2ac43ad8&apos;, time: &apos;2014-10-23 13:11:40&apos;
System info: host: &apos;EPUAKHAW0329&apos;, ip: &apos;10.23.12.108&apos;, os.name: &apos;Windows 7&apos;, os.arch: &apos;amd64&apos;, os.version: &apos;6.1&apos;, java.version: &apos;1.7.0_67&apos;
Session ID: 5ea17729a3b50a1c8c24d28c7515e6a9
Driver info: org.openqa.selenium.chrome.ChromeDriver
Capabilities [{platform=XP, acceptSslCerts=true, javascriptEnabled=true, browserName=chrome, chrome={userDataDir=C:\Users\Olha_Myroliubova\AppData\Local\Temp\scoped_dir18508_30381}, rotatable=false, locationContextEnabled=true, version=39.0.2171.95, takesHeapSnapshot=true, cssSelectorsEnabled=true, databaseEnabled=false, handlesAlerts=true, browserConnectionEnabled=false, webStorageEnabled=true, nativeEvents=true, applicationCacheEnabled=false, takesScreenshot=true}]" type="org.openqa.selenium.WebDriverException">org.openqa.selenium.WebDriverException: unknown error: Element is not clickable at point (36, 737). Other element would receive the click: &lt;label for=&quot;checkbox1&quot;&gt;...&lt;/label&gt;
  (Session info: chrome=39.0.2171.95)
  (Driver info: chromedriver=2.9.248315,platform=Windows NT 6.1 SP1 x86_64) (WARNING: The server did not provide any stacktrace information)
Command duration or timeout: 30 milliseconds
Build info: version: &apos;2.44.0&apos;, revision: &apos;76d78cf323ce037c5f92db6c1bba601c2ac43ad8&apos;, time: &apos;2014-10-23 13:11:40&apos;
System info: host: &apos;EPUAKHAW0329&apos;, ip: &apos;10.23.12.108&apos;, os.name: &apos;Windows 7&apos;, os.arch: &apos;amd64&apos;, os.version: &apos;6.1&apos;, java.version: &apos;1.7.0_67&apos;
Session ID: 5ea17729a3b50a1c8c24d28c7515e6a9
Driver info: org.openqa.selenium.chrome.ChromeDriver
Capabilities [{platform=XP, acceptSslCerts=true, javascriptEnabled=true, browserName=chrome, chrome={userDataDir=C:\Users\Olha_Myroliubova\AppData\Local\Temp\scoped_dir18508_30381}, rotatable=false, locationContextEnabled=true, version=39.0.2171.95, takesHeapSnapshot=true, cssSelectorsEnabled=true, databaseEnabled=false, handlesAlerts=true, browserConnectionEnabled=false, webStorageEnabled=true, nativeEvents=true, applicationCacheEnabled=false, takesScreenshot=true}]
	at sun.reflect.NativeConstructorAccessorImpl.newInstance0(Native Method)
	at sun.reflect.NativeConstructorAccessorImpl.newInstance(Unknown Source)
	at sun.reflect.DelegatingConstructorAccessorImpl.newInstance(Unknown Source)
	at java.lang.reflect.Constructor.newInstance(Unknown Source)
	at org.openqa.selenium.remote.ErrorHandler.createThrowable(ErrorHandler.java:204)
	at org.openqa.selenium.remote.ErrorHandler.throwIfResponseFailed(ErrorHandler.java:156)
	at org.openqa.selenium.remote.RemoteWebDriver.execute(RemoteWebDriver.java:599)
	at org.openqa.selenium.remote.RemoteWebElement.execute(RemoteWebElement.java:268)
	at org.openqa.selenium.remote.RemoteWebElement.click(RemoteWebElement.java:79)
	at sun.reflect.NativeMethodAccessorImpl.invoke0(Native Method)
	at sun.reflect.NativeMethodAccessorImpl.invoke(Unknown Source)
	at sun.reflect.DelegatingMethodAccessorImpl.invoke(Unknown Source)
	at java.lang.reflect.Method.invoke(Unknown Source)
	at org.openqa.selenium.support.pagefactory.internal.LocatingElementHandler.invoke(LocatingElementHandler.java:50)
	at com.sun.proxy.$Proxy9.click(Unknown Source)
	at com.epam.testexternalpart.screen.stream.StreamPage.checkEnableColumnByCheckBox(StreamPage.java:413)
	at com.epam.testexternalpart.screen.stream.StreamPage.checkColumnsAccordingToCheckBox(StreamPage.java:393)
	at com.epam.testexternalpart.tests.SmokeTest.checkElStreamPage(SmokeTest.java:75)
</failure>
    <system-out>[Invoker 1173067516] Keeping method BaseTest.startPage()[pri:0, instance:com.epam.testexternalpart.tests.SmokeTest@14a5e0cf] for class [TestClass name=class com.epam.testexternalpart.tests.SmokeTest]
[Invoker 1173067516] Keeping method BaseTest.startPage()[pri:0, instance:com.epam.testexternalpart.tests.SmokeTest@14a5e0cf] for class [TestClass name=class com.epam.testexternalpart.tests.SmokeTest]
[Invoker 1173067516] Invoking @BeforeMethod BaseTest.startPage()[pri:0, instance:com.epam.testexternalpart.tests.SmokeTest@14a5e0cf]
[Invoker 1173067516] Invoking com.epam.testexternalpart.tests.SmokeTest.checkElStreamPage
Check all elements are present on StreamPage
Checking that click by selected stream reffering to Stream Page
Java - Java Spring 2015
Click on [First stream on first dep]
Checking the presence of the elemen [javaTab]
[javaTab]is Not Present
Check all elements are present With Export
Checking the presence of Stream&apos;s elements
Checking the presence of the elemen [Crumbs]
[Crumbs]is Present
Checking the presence of the elemen [Stream Assign Test Button]
[Stream Assign Test Button]is Present
Checking the presence of the elemen [Stream Bun Button]
[Stream Bun Button]is Present
Checking the presence of the elemen [Stream Delete Button]
[Stream Delete Button]is Present
Checking the presence of the elemen [Stream all Candidate Tab]
[Stream all Candidate Tab]is Present
Checking the presence of the elemen [Stream notTestedCandidate]
[Stream notTestedCandidate]is Present
Checking the presence of the elemen [Stream assigned To Test Tab]
[Stream assigned To Test Tab]is Present
Checking the presence of the elemen [Stream confirmed Tab]
[Stream confirmed Tab]is Present
Checking the presence of the elemen [Stream test Complete Tab]
[Stream test Complete Tab]is Present
Checking the presence of the elemen [Stream not Actual Tab]
[Stream not Actual Tab]is Present
Checking the presence of the elemen [Stream banned Tab]
[Stream banned Tab]is Present
Checking the presence of the elemen [Stream exportCandidateButton]
[Stream exportCandidateButton]is Present
Checking the presence of the elemen [Stream searchField]
[Stream searchField]is Present
Checking the presence of the elemen [Stream add Candidate Button]
[Stream add Candidate Button]is Present
Checking the presence of the elemen [Stream choose Candidate Button]
[Stream choose Candidate Button]is Present
Checking the presence of the elemen [Stream import Candidate Button]
[Stream import Candidate Button]is Present
All Streams elements are present
Checking the presence of Stream&apos;s text
Checking text of element Department title
Text of [Department title] is correct
All Departments text are present
Check all Defaul tColumns are present
Checking the presence of Stream&apos;s default columns
Checking text of element 
Text of [] is correct
Checking text of element №
Text of [№] is correct
Checking text of element First Name
Text of [First Name] is correct
Checking text of element Last Name
Text of [Last Name] is correct
Checking text of element Middle Name
Text of [Middle Name] is correct
Checking text of element Phone
Text of [Phone] is correct
Checking text of element BirthDate
Text of [BirthDate] is correct
Checking text of element Email
Text of [Email] is correct
Checking text of element Fill Date
Text of [Fill Date] is correct
Checking the presence of the elemen [Stream Create Button]
[Stream Create Button]is Present
All Streams default columns are present
Checking enable column Second phone by selecting check Box
</system-out>
  </testcase>
  <testcase time="22.409" classname="com.epam.testexternalpart.tests.SmokeTest" name="checkElementsAddCandidate"/>
  <testcase time="21.647" classname="com.epam.testexternalpart.tests.SmokeTest" name="checkElementsEditCandidate">
    <failure message="stale element reference: element is not attached to the page document
  (Session info: chrome=39.0.2171.95)
  (Driver info: chromedriver=2.9.248315,platform=Windows NT 6.1 SP1 x86_64) (WARNING: The server did not provide any stacktrace information)
Command duration or timeout: 68 milliseconds
For documentation on this error, please visit: http://seleniumhq.org/exceptions/stale_element_reference.html
Build info: version: &apos;2.44.0&apos;, revision: &apos;76d78cf323ce037c5f92db6c1bba601c2ac43ad8&apos;, time: &apos;2014-10-23 13:11:40&apos;
System info: host: &apos;EPUAKHAW0329&apos;, ip: &apos;10.23.12.108&apos;, os.name: &apos;Windows 7&apos;, os.arch: &apos;amd64&apos;, os.version: &apos;6.1&apos;, java.version: &apos;1.7.0_67&apos;
Session ID: 5ea17729a3b50a1c8c24d28c7515e6a9
Driver info: org.openqa.selenium.chrome.ChromeDriver
Capabilities [{platform=XP, acceptSslCerts=true, javascriptEnabled=true, browserName=chrome, chrome={userDataDir=C:\Users\Olha_Myroliubova\AppData\Local\Temp\scoped_dir18508_30381}, rotatable=false, locationContextEnabled=true, version=39.0.2171.95, takesHeapSnapshot=true, cssSelectorsEnabled=true, databaseEnabled=false, handlesAlerts=true, browserConnectionEnabled=false, webStorageEnabled=true, nativeEvents=true, applicationCacheEnabled=false, takesScreenshot=true}]" type="org.openqa.selenium.StaleElementReferenceException">org.openqa.selenium.StaleElementReferenceException: stale element reference: element is not attached to the page document
  (Session info: chrome=39.0.2171.95)
  (Driver info: chromedriver=2.9.248315,platform=Windows NT 6.1 SP1 x86_64) (WARNING: The server did not provide any stacktrace information)
Command duration or timeout: 68 milliseconds
For documentation on this error, please visit: http://seleniumhq.org/exceptions/stale_element_reference.html
Build info: version: &apos;2.44.0&apos;, revision: &apos;76d78cf323ce037c5f92db6c1bba601c2ac43ad8&apos;, time: &apos;2014-10-23 13:11:40&apos;
System info: host: &apos;EPUAKHAW0329&apos;, ip: &apos;10.23.12.108&apos;, os.name: &apos;Windows 7&apos;, os.arch: &apos;amd64&apos;, os.version: &apos;6.1&apos;, java.version: &apos;1.7.0_67&apos;
Session ID: 5ea17729a3b50a1c8c24d28c7515e6a9
Driver info: org.openqa.selenium.chrome.ChromeDriver
Capabilities [{platform=XP, acceptSslCerts=true, javascriptEnabled=true, browserName=chrome, chrome={userDataDir=C:\Users\Olha_Myroliubova\AppData\Local\Temp\scoped_dir18508_30381}, rotatable=false, locationContextEnabled=true, version=39.0.2171.95, takesHeapSnapshot=true, cssSelectorsEnabled=true, databaseEnabled=false, handlesAlerts=true, browserConnectionEnabled=false, webStorageEnabled=true, nativeEvents=true, applicationCacheEnabled=false, takesScreenshot=true}]
	at sun.reflect.NativeConstructorAccessorImpl.newInstance0(Native Method)
	at sun.reflect.NativeConstructorAccessorImpl.newInstance(Unknown Source)
	at sun.reflect.DelegatingConstructorAccessorImpl.newInstance(Unknown Source)
	at java.lang.reflect.Constructor.newInstance(Unknown Source)
	at org.openqa.selenium.remote.ErrorHandler.createThrowable(ErrorHandler.java:204)
	at org.openqa.selenium.remote.ErrorHandler.throwIfResponseFailed(ErrorHandler.java:156)
	at org.openqa.selenium.remote.RemoteWebDriver.execute(RemoteWebDriver.java:599)
	at org.openqa.selenium.remote.RemoteExecuteMethod.execute(RemoteExecuteMethod.java:34)
	at org.openqa.selenium.remote.RemoteMouse.mouseMove(RemoteMouse.java:88)
	at org.openqa.selenium.interactions.MoveMouseAction.perform(MoveMouseAction.java:35)
	at org.openqa.selenium.interactions.CompositeAction.perform(CompositeAction.java:31)
	at com.epam.testexternalpart.screen.stream.StreamPage.clickViewCand(StreamPage.java:557)
	at com.epam.testexternalpart.tests.SmokeTest.checkElementsEditCandidate(SmokeTest.java:137)
</failure>
    <system-out>[Invoker 1173067516] Keeping method BaseTest.startPage()[pri:0, instance:com.epam.testexternalpart.tests.SmokeTest@14a5e0cf] for class [TestClass name=class com.epam.testexternalpart.tests.SmokeTest]
[Invoker 1173067516] Keeping method BaseTest.startPage()[pri:0, instance:com.epam.testexternalpart.tests.SmokeTest@14a5e0cf] for class [TestClass name=class com.epam.testexternalpart.tests.SmokeTest]
[Invoker 1173067516] Invoking @BeforeMethod BaseTest.startPage()[pri:0, instance:com.epam.testexternalpart.tests.SmokeTest@14a5e0cf]
[Invoker 1173067516] Invoking com.epam.testexternalpart.tests.SmokeTest.checkElementsEditCandidate
Check all elements are present on EditCandidatePage
Checking that click by selected stream reffering to Stream Page
Java - Java Spring 2015
Click on [First stream on first dep]
Checking the presence of the elemen [javaTab]
[javaTab]is Not Present
Checking that Stream Create Button reffering to Add Stream Page
Checking the presence of the elemen [add Candidate Button]
[add Candidate Button]is Not Present
Stream Create button reffering to Add Stream Page
Creating new candidate with fields-Petrov;Petr;Olololoevich;02.12.1993;sdhgjshgj@mail.ru;+380505465345;
Click on [Click Create Candidate Button]
Checking that click on selected candidate reffering to Candidate View Page
</system-out>
  </testcase>
  <testcase time="36.115" classname="com.epam.testexternalpart.tests.SmokeTest" name="checkElementsViewCandidate"/>
  <testcase time="0.269" classname="com.epam.testexternalpart.tests.SmokeTest" name="checkMenu"/>
  <testcase time="10.453" classname="com.epam.testexternalpart.tests.SmokeTest" name="testCheckElementsPresentAddDepartmentPage"/>
  <testcase time="11.091" classname="com.epam.testexternalpart.tests.SmokeTest" name="testCheckElementsPresentAddStreamPage"/>
  <testcase time="0.273" classname="com.epam.testexternalpart.tests.SmokeTest" name="testCheckElementsPresentDepartmentPage"/>
  <testcase time="0.496" classname="com.epam.testexternalpart.tests.SmokeTest" name="testcheckAddStreamPageInDepartmentAutoTest"/>
  <testcase time="0.488" classname="com.epam.testexternalpart.tests.SmokeTest" name="testcheckAddStreamPageInDepartmentFrontEnd"/>
  <testcase time="0.416" classname="com.epam.testexternalpart.tests.SmokeTest" name="testcheckAddStreamPageInDepartmentJava"/>
  <testcase time="0.405" classname="com.epam.testexternalpart.tests.SmokeTest" name="testcheckAddStreamPageInDepartmentNet"/>
  <testcase time="0.44" classname="com.epam.testexternalpart.tests.SmokeTest" name="testcheckAddStreamPageInDepartmentSofttest"/>
  <testcase time="10.473" classname="com.epam.testexternalpart.tests.DepartmentTest" name="testAddDepartment"/>
  <testcase time="21.747" classname="com.epam.testexternalpart.tests.DepartmentTest" name="testAddDepartmentWithValidName"/>
  <testcase time="32.849" classname="com.epam.testexternalpart.tests.DepartmentTest" name="testEditDepartmentName"/>
  <testcase time="0.836" classname="com.epam.testexternalpart.tests.StreamTest" name="testAddNewInValidStream"/>
  <testcase time="0.459" classname="com.epam.testexternalpart.tests.StreamTest" name="testAddNewInValidStream"/>
  <testcase time="0.444" classname="com.epam.testexternalpart.tests.StreamTest" name="testAddNewInValidStream"/>
  <testcase time="0.437" classname="com.epam.testexternalpart.tests.StreamTest" name="testAddNewInValidStream"/>
  <testcase time="1.588" classname="com.epam.testexternalpart.tests.StreamTest" name="testAddNewValidStream"/>
  <testcase time="1.621" classname="com.epam.testexternalpart.tests.StreamTest" name="testAddNewValidStream"/>
  <testcase time="0.45" classname="com.epam.testexternalpart.tests.StreamTest" name="testEditStream"/>
  <testcase time="0.422" classname="com.epam.testexternalpart.tests.StreamTest" name="testEditStream"/>
  <testcase time="2.465" classname="com.epam.testexternalpart.tests.AddCandidateTest" name="addCandidate"/>
  <testcase time="7.658" classname="com.epam.testexternalpart.tests.AddCandidateTest" name="addCandidateManually"/>
  <testcase time="19.744" classname="com.epam.testexternalpart.tests.AddCandidateTest" name="bannWithButton"/>
  <testcase time="82.289" classname="com.epam.testexternalpart.tests.AddCandidateTest" name="changeStatus"/>
  <testcase time="7.863" classname="com.epam.testexternalpart.tests.AddCandidateTest" name="deleteAllCandidates"/>
  <testcase time="5.3" classname="com.epam.testexternalpart.tests.SeveralStreamTest" name="addCandidateToSeveralDepartment"/>
  <testcase time="20.545" classname="com.epam.testexternalpart.tests.SearchTest" name="streamSearch"/>
  <testcase time="3.083" classname="com.epam.testexternalpart.tests.PlaceForTestingTest" name="addNewPlaceForTesting"/>
  <testcase time="2.122" classname="com.epam.testexternalpart.tests.PlaceForTestingTest" name="deleteNewPlaceForTesting"/>
  <testcase time="2.033" classname="com.epam.testexternalpart.tests.PlaceForTestingTest" name="editNewPlaceForTesting">
    <failure message="unknown error: Element is not clickable at point (26, 306). Other element would receive the click: &lt;div class=&quot;modal-backdrop fade in&quot; style=&quot;height: 943px;&quot;&gt;&lt;/div&gt;
  (Session info: chrome=39.0.2171.95)
  (Driver info: chromedriver=2.9.248315,platform=Windows NT 6.1 SP1 x86_64) (WARNING: The server did not provide any stacktrace information)
Command duration or timeout: 34 milliseconds
Build info: version: &apos;2.44.0&apos;, revision: &apos;76d78cf323ce037c5f92db6c1bba601c2ac43ad8&apos;, time: &apos;2014-10-23 13:11:40&apos;
System info: host: &apos;EPUAKHAW0329&apos;, ip: &apos;10.23.12.108&apos;, os.name: &apos;Windows 7&apos;, os.arch: &apos;amd64&apos;, os.version: &apos;6.1&apos;, java.version: &apos;1.7.0_67&apos;
Session ID: 91dfa469ef70546d74ffb4fde078642d
Driver info: org.openqa.selenium.chrome.ChromeDriver
Capabilities [{platform=XP, acceptSslCerts=true, javascriptEnabled=true, browserName=chrome, chrome={userDataDir=C:\Users\Olha_Myroliubova\AppData\Local\Temp\scoped_dir16376_12244}, rotatable=false, locationContextEnabled=true, version=39.0.2171.95, takesHeapSnapshot=true, cssSelectorsEnabled=true, databaseEnabled=false, handlesAlerts=true, browserConnectionEnabled=false, webStorageEnabled=true, nativeEvents=true, applicationCacheEnabled=false, takesScreenshot=true}]" type="org.openqa.selenium.WebDriverException">org.openqa.selenium.WebDriverException: unknown error: Element is not clickable at point (26, 306). Other element would receive the click: &lt;div class=&quot;modal-backdrop fade in&quot; style=&quot;height: 943px;&quot;&gt;&lt;/div&gt;
  (Session info: chrome=39.0.2171.95)
  (Driver info: chromedriver=2.9.248315,platform=Windows NT 6.1 SP1 x86_64) (WARNING: The server did not provide any stacktrace information)
Command duration or timeout: 34 milliseconds
Build info: version: &apos;2.44.0&apos;, revision: &apos;76d78cf323ce037c5f92db6c1bba601c2ac43ad8&apos;, time: &apos;2014-10-23 13:11:40&apos;
System info: host: &apos;EPUAKHAW0329&apos;, ip: &apos;10.23.12.108&apos;, os.name: &apos;Windows 7&apos;, os.arch: &apos;amd64&apos;, os.version: &apos;6.1&apos;, java.version: &apos;1.7.0_67&apos;
Session ID: 91dfa469ef70546d74ffb4fde078642d
Driver info: org.openqa.selenium.chrome.ChromeDriver
Capabilities [{platform=XP, acceptSslCerts=true, javascriptEnabled=true, browserName=chrome, chrome={userDataDir=C:\Users\Olha_Myroliubova\AppData\Local\Temp\scoped_dir16376_12244}, rotatable=false, locationContextEnabled=true, version=39.0.2171.95, takesHeapSnapshot=true, cssSelectorsEnabled=true, databaseEnabled=false, handlesAlerts=true, browserConnectionEnabled=false, webStorageEnabled=true, nativeEvents=true, applicationCacheEnabled=false, takesScreenshot=true}]
	at sun.reflect.NativeConstructorAccessorImpl.newInstance0(Native Method)
	at sun.reflect.NativeConstructorAccessorImpl.newInstance(Unknown Source)
	at sun.reflect.DelegatingConstructorAccessorImpl.newInstance(Unknown Source)
	at java.lang.reflect.Constructor.newInstance(Unknown Source)
	at org.openqa.selenium.remote.ErrorHandler.createThrowable(ErrorHandler.java:204)
	at org.openqa.selenium.remote.ErrorHandler.throwIfResponseFailed(ErrorHandler.java:156)
	at org.openqa.selenium.remote.RemoteWebDriver.execute(RemoteWebDriver.java:599)
	at org.openqa.selenium.remote.RemoteWebElement.execute(RemoteWebElement.java:268)
	at org.openqa.selenium.remote.RemoteWebElement.click(RemoteWebElement.java:79)
	at com.epam.testexternalpart.screen.Components.clickElement(Components.java:70)
	at com.epam.testexternalpart.screen.PlaceForTestingPage.editNewPlace(PlaceForTestingPage.java:180)
	at com.epam.testexternalpart.tests.PlaceForTestingTest.editNewPlaceForTesting(PlaceForTestingTest.java:22)
</failure>
    <system-out>[Invoker 1173067516] Keeping method BaseTest.startPage()[pri:0, instance:com.epam.testexternalpart.tests.PlaceForTestingTest@6e124212] for class [TestClass name=class com.epam.testexternalpart.tests.PlaceForTestingTest]
[Invoker 1173067516] Keeping method BaseTest.startPage()[pri:0, instance:com.epam.testexternalpart.tests.PlaceForTestingTest@6e124212] for class [TestClass name=class com.epam.testexternalpart.tests.PlaceForTestingTest]
[Invoker 1173067516] Invoking @BeforeMethod BaseTest.startPage()[pri:0, instance:com.epam.testexternalpart.tests.PlaceForTestingTest@6e124212]
[Invoker 1173067516] Invoking com.epam.testexternalpart.tests.PlaceForTestingTest.editNewPlaceForTesting
Click on [Click on placeForTestingButton]
actualUniversityName  ХНУРЕ
actualBuildingName  Корпус З
actualLocation  https://dfg.dfg
actualRoom  Первая
!!!  false
actualUniversityName  ХНУРЕ
actualBuildingName  Корпус З
actualLocation  https://dfg.dfg
actualRoom  Вторая
!!!  false
actualUniversityName  ХНУРЕ
actualBuildingName  Главный
actualLocation  https://dfg.dfg
actualRoom  352
!!!  false
actualUniversityName  ХПИ
actualBuildingName  Корпус И
actualLocation  https://dfg.dfg
actualRoom  399
!!!  false
actualUniversityName  ХАА
actualBuildingName  23Б
actualLocation  Бекетова
actualRoom  Boston
!!!  true
111111111111111
Click on [Click on checkbox]
Click on [Click on edit_testing_place button]
Click on [Click on delete button in pop up]
actualUniversityName  ХАА
actualBuildingName  23Б
actualLocation  Бекетова
actualRoom  Boston
!!!  true
111111111111111
Click on [Click on checkbox]
</system-out>
  </testcase>
>>>>>>> dbb5e243a5d8bc919fd1d8fccccaeb4e573f8dd4
</testsuite>