<?xml version="1.0" encoding="UTF-8" ?>
<testsuite failures="3" time="457.185" errors="0" skipped="0" tests="35" name="TestSuite">
  <properties>
    <property name="java.runtime.name" value="Java(TM) SE Runtime Environment"/>
    <property name="sun.boot.library.path" value="C:\Program Files\Java\jre7\bin"/>
    <property name="java.vm.version" value="24.71-b01"/>
    <property name="user.country.format" value="UA"/>
    <property name="java.vm.vendor" value="Oracle Corporation"/>
    <property name="java.vendor.url" value="http://java.oracle.com/"/>
    <property name="path.separator" value=";"/>
    <property name="java.vm.name" value="Java HotSpot(TM) 64-Bit Server VM"/>
    <property name="file.encoding.pkg" value="sun.io"/>
    <property name="user.script" value=""/>
    <property name="user.country" value="US"/>
    <property name="sun.java.launcher" value="SUN_STANDARD"/>
    <property name="sun.os.patch.level" value="Service Pack 1"/>
    <property name="java.vm.specification.name" value="Java Virtual Machine Specification"/>
    <property name="user.dir" value="D:\AutomatedTesting\target\test-classes"/>
    <property name="java.runtime.version" value="1.7.0_71-b14"/>
    <property name="java.awt.graphicsenv" value="sun.awt.Win32GraphicsEnvironment"/>
    <property name="basedir" value="D:\AutomatedTesting"/>
    <property name="java.endorsed.dirs" value="C:\Program Files\Java\jre7\lib\endorsed"/>
    <property name="os.arch" value="amd64"/>
    <property name="surefire.real.class.path" value="D:\AutomatedTesting\target\surefire\surefirebooter6339534304503427645.jar"/>
    <property name="java.io.tmpdir" value="C:\Users\Olha_Borodkina\AppData\Local\Temp\"/>
    <property name="line.separator" value="
"/>
    <property name="java.vm.specification.vendor" value="Oracle Corporation"/>
    <property name="user.variant" value=""/>
    <property name="os.name" value="Windows 7"/>
    <property name="sun.jnu.encoding" value="Cp1251"/>
    <property name="java.library.path" value="C:\Program Files\Java\jre7\bin;C:\WINDOWS\Sun\Java\bin;C:\WINDOWS\system32;C:\WINDOWS;C:\WINDOWS\system32;C:\WINDOWS;C:\WINDOWS\System32\Wbem;C:\WINDOWS\System32\WindowsPowerShell\v1.0\;C:\Program Files\TortoiseSVN\bin;C:\Program Files (x86)\Intel\OpenCL SDK\2.0\bin\x86;C:\Program Files (x86)\Intel\OpenCL SDK\2.0\bin\x64;C:\Program Files\TortoiseGit\bin;."/>
    <property name="surefire.test.class.path" value="D:\AutomatedTesting\target\test-classes;D:\AutomatedTesting\target\classes;C:\Users\Olha_Borodkina\.m2\repository\org\seleniumhq\selenium\selenium-java\2.44.0\selenium-java-2.44.0.jar;C:\Users\Olha_Borodkina\.m2\repository\org\seleniumhq\selenium\selenium-htmlunit-driver\2.44.0\selenium-htmlunit-driver-2.44.0.jar;C:\Users\Olha_Borodkina\.m2\repository\net\sourceforge\htmlunit\htmlunit\2.15\htmlunit-2.15.jar;C:\Users\Olha_Borodkina\.m2\repository\xalan\xalan\2.7.1\xalan-2.7.1.jar;C:\Users\Olha_Borodkina\.m2\repository\xalan\serializer\2.7.1\serializer-2.7.1.jar;C:\Users\Olha_Borodkina\.m2\repository\org\apache\commons\commons-lang3\3.3.2\commons-lang3-3.3.2.jar;C:\Users\Olha_Borodkina\.m2\repository\org\apache\httpcomponents\httpmime\4.3.3\httpmime-4.3.3.jar;C:\Users\Olha_Borodkina\.m2\repository\net\sourceforge\htmlunit\htmlunit-core-js\2.15\htmlunit-core-js-2.15.jar;C:\Users\Olha_Borodkina\.m2\repository\xerces\xercesImpl\2.11.0\xercesImpl-2.11.0.jar;C:\Users\Olha_Borodkina\.m2\repository\net\sourceforge\nekohtml\nekohtml\1.9.21\nekohtml-1.9.21.jar;C:\Users\Olha_Borodkina\.m2\repository\net\sourceforge\cssparser\cssparser\0.9.14\cssparser-0.9.14.jar;C:\Users\Olha_Borodkina\.m2\repository\org\w3c\css\sac\1.3\sac-1.3.jar;C:\Users\Olha_Borodkina\.m2\repository\commons-logging\commons-logging\1.1.3\commons-logging-1.1.3.jar;C:\Users\Olha_Borodkina\.m2\repository\org\eclipse\jetty\jetty-websocket\8.1.15.v20140411\jetty-websocket-8.1.15.v20140411.jar;C:\Users\Olha_Borodkina\.m2\repository\org\eclipse\jetty\jetty-util\8.1.15.v20140411\jetty-util-8.1.15.v20140411.jar;C:\Users\Olha_Borodkina\.m2\repository\org\eclipse\jetty\jetty-io\8.1.15.v20140411\jetty-io-8.1.15.v20140411.jar;C:\Users\Olha_Borodkina\.m2\repository\org\eclipse\jetty\jetty-http\8.1.15.v20140411\jetty-http-8.1.15.v20140411.jar;C:\Users\Olha_Borodkina\.m2\repository\org\apache\httpcomponents\httpclient\4.3.4\httpclient-4.3.4.jar;C:\Users\Olha_Borodkina\.m2\repository\org\apache\httpcomponents\httpcore\4.3.2\httpcore-4.3.2.jar;C:\Users\Olha_Borodkina\.m2\repository\org\seleniumhq\selenium\selenium-firefox-driver\2.44.0\selenium-firefox-driver-2.44.0.jar;C:\Users\Olha_Borodkina\.m2\repository\commons-io\commons-io\2.4\commons-io-2.4.jar;C:\Users\Olha_Borodkina\.m2\repository\org\apache\commons\commons-exec\1.1\commons-exec-1.1.jar;C:\Users\Olha_Borodkina\.m2\repository\org\seleniumhq\selenium\selenium-ie-driver\2.44.0\selenium-ie-driver-2.44.0.jar;C:\Users\Olha_Borodkina\.m2\repository\net\java\dev\jna\jna\3.4.0\jna-3.4.0.jar;C:\Users\Olha_Borodkina\.m2\repository\net\java\dev\jna\platform\3.4.0\platform-3.4.0.jar;C:\Users\Olha_Borodkina\.m2\repository\org\seleniumhq\selenium\selenium-safari-driver\2.44.0\selenium-safari-driver-2.44.0.jar;C:\Users\Olha_Borodkina\.m2\repository\org\seleniumhq\selenium\selenium-support\2.44.0\selenium-support-2.44.0.jar;C:\Users\Olha_Borodkina\.m2\repository\org\webbitserver\webbit\0.4.14\webbit-0.4.14.jar;C:\Users\Olha_Borodkina\.m2\repository\io\netty\netty\3.5.2.Final\netty-3.5.2.Final.jar;C:\Users\Olha_Borodkina\.m2\repository\org\uncommons\reportng\1.1.4\reportng-1.1.4.jar;C:\Users\Olha_Borodkina\.m2\repository\org\testng\testng\6.8.13\testng-6.8.13.jar;C:\Users\Olha_Borodkina\.m2\repository\org\beanshell\bsh\2.0b4\bsh-2.0b4.jar;C:\Users\Olha_Borodkina\.m2\repository\com\beust\jcommander\1.27\jcommander-1.27.jar;C:\Users\Olha_Borodkina\.m2\repository\velocity\velocity\1.4\velocity-1.4.jar;C:\Users\Olha_Borodkina\.m2\repository\velocity\velocity-dep\1.4\velocity-dep-1.4.jar;C:\Users\Olha_Borodkina\.m2\repository\com\google\inject\guice\3.0\guice-3.0.jar;C:\Users\Olha_Borodkina\.m2\repository\javax\inject\javax.inject\1\javax.inject-1.jar;C:\Users\Olha_Borodkina\.m2\repository\aopalliance\aopalliance\1.0\aopalliance-1.0.jar;C:\Users\Olha_Borodkina\.m2\repository\org\apache\velocity\velocity\1.7\velocity-1.7.jar;C:\Users\Olha_Borodkina\.m2\repository\commons-collections\commons-collections\3.2.1\commons-collections-3.2.1.jar;C:\Users\Olha_Borodkina\.m2\repository\commons-lang\commons-lang\2.4\commons-lang-2.4.jar;C:\Users\Olha_Borodkina\.m2\repository\org\apache\poi\poi\3.9\poi-3.9.jar;C:\Users\Olha_Borodkina\.m2\repository\commons-codec\commons-codec\1.5\commons-codec-1.5.jar;C:\Users\Olha_Borodkina\.m2\repository\xml-apis\xml-apis\1.4.01\xml-apis-1.4.01.jar;C:\Users\Olha_Borodkina\.m2\repository\org\apache\poi\poi-ooxml\3.9\poi-ooxml-3.9.jar;C:\Users\Olha_Borodkina\.m2\repository\org\apache\poi\poi-ooxml-schemas\3.9\poi-ooxml-schemas-3.9.jar;C:\Users\Olha_Borodkina\.m2\repository\org\apache\xmlbeans\xmlbeans\2.3.0\xmlbeans-2.3.0.jar;C:\Users\Olha_Borodkina\.m2\repository\stax\stax-api\1.0.1\stax-api-1.0.1.jar;C:\Users\Olha_Borodkina\.m2\repository\dom4j\dom4j\1.6.1\dom4j-1.6.1.jar;C:\Users\Olha_Borodkina\.m2\repository\org\seleniumhq\selenium\selenium-chrome-driver\2.44.0\selenium-chrome-driver-2.44.0.jar;C:\Users\Olha_Borodkina\.m2\repository\org\seleniumhq\selenium\selenium-remote-driver\2.44.0\selenium-remote-driver-2.44.0.jar;C:\Users\Olha_Borodkina\.m2\repository\cglib\cglib-nodep\2.1_3\cglib-nodep-2.1_3.jar;C:\Users\Olha_Borodkina\.m2\repository\com\google\code\gson\gson\2.3\gson-2.3.jar;C:\Users\Olha_Borodkina\.m2\repository\org\seleniumhq\selenium\selenium-api\2.44.0\selenium-api-2.44.0.jar;C:\Users\Olha_Borodkina\.m2\repository\com\google\guava\guava\18.0\guava-18.0.jar;"/>
    <property name="java.specification.name" value="Java Platform API Specification"/>
    <property name="java.class.version" value="51.0"/>
    <property name="sun.management.compiler" value="HotSpot 64-Bit Tiered Compilers"/>
    <property name="os.version" value="6.1"/>
    <property name="user.home" value="C:\Users\Olha_Borodkina"/>
    <property name="user.timezone" value="Europe/Helsinki"/>
    <property name="java.awt.printerjob" value="sun.awt.windows.WPrinterJob"/>
    <property name="java.specification.version" value="1.7"/>
    <property name="file.encoding" value="Cp1251"/>
    <property name="user.name" value="Olha_Borodkina"/>
    <property name="java.class.path" value="D:\AutomatedTesting\target\test-classes;D:\AutomatedTesting\target\classes;C:\Users\Olha_Borodkina\.m2\repository\org\seleniumhq\selenium\selenium-java\2.44.0\selenium-java-2.44.0.jar;C:\Users\Olha_Borodkina\.m2\repository\org\seleniumhq\selenium\selenium-htmlunit-driver\2.44.0\selenium-htmlunit-driver-2.44.0.jar;C:\Users\Olha_Borodkina\.m2\repository\net\sourceforge\htmlunit\htmlunit\2.15\htmlunit-2.15.jar;C:\Users\Olha_Borodkina\.m2\repository\xalan\xalan\2.7.1\xalan-2.7.1.jar;C:\Users\Olha_Borodkina\.m2\repository\xalan\serializer\2.7.1\serializer-2.7.1.jar;C:\Users\Olha_Borodkina\.m2\repository\org\apache\commons\commons-lang3\3.3.2\commons-lang3-3.3.2.jar;C:\Users\Olha_Borodkina\.m2\repository\org\apache\httpcomponents\httpmime\4.3.3\httpmime-4.3.3.jar;C:\Users\Olha_Borodkina\.m2\repository\net\sourceforge\htmlunit\htmlunit-core-js\2.15\htmlunit-core-js-2.15.jar;C:\Users\Olha_Borodkina\.m2\repository\xerces\xercesImpl\2.11.0\xercesImpl-2.11.0.jar;C:\Users\Olha_Borodkina\.m2\repository\net\sourceforge\nekohtml\nekohtml\1.9.21\nekohtml-1.9.21.jar;C:\Users\Olha_Borodkina\.m2\repository\net\sourceforge\cssparser\cssparser\0.9.14\cssparser-0.9.14.jar;C:\Users\Olha_Borodkina\.m2\repository\org\w3c\css\sac\1.3\sac-1.3.jar;C:\Users\Olha_Borodkina\.m2\repository\commons-logging\commons-logging\1.1.3\commons-logging-1.1.3.jar;C:\Users\Olha_Borodkina\.m2\repository\org\eclipse\jetty\jetty-websocket\8.1.15.v20140411\jetty-websocket-8.1.15.v20140411.jar;C:\Users\Olha_Borodkina\.m2\repository\org\eclipse\jetty\jetty-util\8.1.15.v20140411\jetty-util-8.1.15.v20140411.jar;C:\Users\Olha_Borodkina\.m2\repository\org\eclipse\jetty\jetty-io\8.1.15.v20140411\jetty-io-8.1.15.v20140411.jar;C:\Users\Olha_Borodkina\.m2\repository\org\eclipse\jetty\jetty-http\8.1.15.v20140411\jetty-http-8.1.15.v20140411.jar;C:\Users\Olha_Borodkina\.m2\repository\org\apache\httpcomponents\httpclient\4.3.4\httpclient-4.3.4.jar;C:\Users\Olha_Borodkina\.m2\repository\org\apache\httpcomponents\httpcore\4.3.2\httpcore-4.3.2.jar;C:\Users\Olha_Borodkina\.m2\repository\org\seleniumhq\selenium\selenium-firefox-driver\2.44.0\selenium-firefox-driver-2.44.0.jar;C:\Users\Olha_Borodkina\.m2\repository\commons-io\commons-io\2.4\commons-io-2.4.jar;C:\Users\Olha_Borodkina\.m2\repository\org\apache\commons\commons-exec\1.1\commons-exec-1.1.jar;C:\Users\Olha_Borodkina\.m2\repository\org\seleniumhq\selenium\selenium-ie-driver\2.44.0\selenium-ie-driver-2.44.0.jar;C:\Users\Olha_Borodkina\.m2\repository\net\java\dev\jna\jna\3.4.0\jna-3.4.0.jar;C:\Users\Olha_Borodkina\.m2\repository\net\java\dev\jna\platform\3.4.0\platform-3.4.0.jar;C:\Users\Olha_Borodkina\.m2\repository\org\seleniumhq\selenium\selenium-safari-driver\2.44.0\selenium-safari-driver-2.44.0.jar;C:\Users\Olha_Borodkina\.m2\repository\org\seleniumhq\selenium\selenium-support\2.44.0\selenium-support-2.44.0.jar;C:\Users\Olha_Borodkina\.m2\repository\org\webbitserver\webbit\0.4.14\webbit-0.4.14.jar;C:\Users\Olha_Borodkina\.m2\repository\io\netty\netty\3.5.2.Final\netty-3.5.2.Final.jar;C:\Users\Olha_Borodkina\.m2\repository\org\uncommons\reportng\1.1.4\reportng-1.1.4.jar;C:\Users\Olha_Borodkina\.m2\repository\org\testng\testng\6.8.13\testng-6.8.13.jar;C:\Users\Olha_Borodkina\.m2\repository\org\beanshell\bsh\2.0b4\bsh-2.0b4.jar;C:\Users\Olha_Borodkina\.m2\repository\com\beust\jcommander\1.27\jcommander-1.27.jar;C:\Users\Olha_Borodkina\.m2\repository\velocity\velocity\1.4\velocity-1.4.jar;C:\Users\Olha_Borodkina\.m2\repository\velocity\velocity-dep\1.4\velocity-dep-1.4.jar;C:\Users\Olha_Borodkina\.m2\repository\com\google\inject\guice\3.0\guice-3.0.jar;C:\Users\Olha_Borodkina\.m2\repository\javax\inject\javax.inject\1\javax.inject-1.jar;C:\Users\Olha_Borodkina\.m2\repository\aopalliance\aopalliance\1.0\aopalliance-1.0.jar;C:\Users\Olha_Borodkina\.m2\repository\org\apache\velocity\velocity\1.7\velocity-1.7.jar;C:\Users\Olha_Borodkina\.m2\repository\commons-collections\commons-collections\3.2.1\commons-collections-3.2.1.jar;C:\Users\Olha_Borodkina\.m2\repository\commons-lang\commons-lang\2.4\commons-lang-2.4.jar;C:\Users\Olha_Borodkina\.m2\repository\org\apache\poi\poi\3.9\poi-3.9.jar;C:\Users\Olha_Borodkina\.m2\repository\commons-codec\commons-codec\1.5\commons-codec-1.5.jar;C:\Users\Olha_Borodkina\.m2\repository\xml-apis\xml-apis\1.4.01\xml-apis-1.4.01.jar;C:\Users\Olha_Borodkina\.m2\repository\org\apache\poi\poi-ooxml\3.9\poi-ooxml-3.9.jar;C:\Users\Olha_Borodkina\.m2\repository\org\apache\poi\poi-ooxml-schemas\3.9\poi-ooxml-schemas-3.9.jar;C:\Users\Olha_Borodkina\.m2\repository\org\apache\xmlbeans\xmlbeans\2.3.0\xmlbeans-2.3.0.jar;C:\Users\Olha_Borodkina\.m2\repository\stax\stax-api\1.0.1\stax-api-1.0.1.jar;C:\Users\Olha_Borodkina\.m2\repository\dom4j\dom4j\1.6.1\dom4j-1.6.1.jar;C:\Users\Olha_Borodkina\.m2\repository\org\seleniumhq\selenium\selenium-chrome-driver\2.44.0\selenium-chrome-driver-2.44.0.jar;C:\Users\Olha_Borodkina\.m2\repository\org\seleniumhq\selenium\selenium-remote-driver\2.44.0\selenium-remote-driver-2.44.0.jar;C:\Users\Olha_Borodkina\.m2\repository\cglib\cglib-nodep\2.1_3\cglib-nodep-2.1_3.jar;C:\Users\Olha_Borodkina\.m2\repository\com\google\code\gson\gson\2.3\gson-2.3.jar;C:\Users\Olha_Borodkina\.m2\repository\org\seleniumhq\selenium\selenium-api\2.44.0\selenium-api-2.44.0.jar;C:\Users\Olha_Borodkina\.m2\repository\com\google\guava\guava\18.0\guava-18.0.jar;"/>
    <property name="java.vm.specification.version" value="1.7"/>
    <property name="sun.arch.data.model" value="64"/>
    <property name="java.home" value="C:\Program Files\Java\jre7"/>
    <property name="sun.java.command" value="D:\AutomatedTesting\target\surefire\surefirebooter6339534304503427645.jar D:\AutomatedTesting\target\surefire\surefire1187848979412466472tmp D:\AutomatedTesting\target\surefire\surefire5786780693485742396tmp"/>
    <property name="java.specification.vendor" value="Oracle Corporation"/>
    <property name="user.language" value="en"/>
    <property name="user.language.format" value="uk"/>
    <property name="awt.toolkit" value="sun.awt.windows.WToolkit"/>
    <property name="java.vm.info" value="mixed mode"/>
    <property name="java.version" value="1.7.0_71"/>
    <property name="java.ext.dirs" value="C:\Program Files\Java\jre7\lib\ext;C:\WINDOWS\Sun\Java\lib\ext"/>
    <property name="sun.boot.class.path" value="C:\Program Files\Java\jre7\lib\resources.jar;C:\Program Files\Java\jre7\lib\rt.jar;C:\Program Files\Java\jre7\lib\sunrsasign.jar;C:\Program Files\Java\jre7\lib\jsse.jar;C:\Program Files\Java\jre7\lib\jce.jar;C:\Program Files\Java\jre7\lib\charsets.jar;C:\Program Files\Java\jre7\lib\jfr.jar;C:\Program Files\Java\jre7\classes"/>
    <property name="webdriver.chrome.driver" value="D:/AutomatedTesting/chromedriver.exe"/>
    <property name="java.vendor" value="Oracle Corporation"/>
    <property name="org.uncommons.reportng.escape-output" value="false"/>
    <property name="localRepository" value="C:\Users\Olha_Borodkina\.m2\repository"/>
    <property name="file.separator" value="\"/>
    <property name="java.vendor.url.bug" value="http://bugreport.sun.com/bugreport/"/>
    <property name="sun.cpu.endian" value="little"/>
    <property name="sun.io.unicode.encoding" value="UnicodeLittle"/>
    <property name="sun.desktop" value="windows"/>
    <property name="sun.cpu.isalist" value="amd64"/>
  </properties>
  <testcase time="0.388" classname="com.epam.testexternalpart.tests.SmokeTest" name="checkElAllCandiadtesMenu"/>
  <testcase time="13.819" classname="com.epam.testexternalpart.tests.SmokeTest" name="checkElStreamPage"/>
  <testcase time="22.297" classname="com.epam.testexternalpart.tests.SmokeTest" name="checkElementsAddCandidate"/>
  <testcase time="44.428" classname="com.epam.testexternalpart.tests.SmokeTest" name="checkElementsEditCandidate"/>
  <testcase time="21.629" classname="com.epam.testexternalpart.tests.SmokeTest" name="checkElementsViewCandidate">
    <failure message="unknown error: Element is not clickable at point (36, 757). Other element would receive the click: &lt;label for=&quot;checkbox1&quot;&gt;...&lt;/label&gt;
  (Session info: chrome=39.0.2171.95)
  (Driver info: chromedriver=2.9.248315,platform=Windows NT 6.1 SP1 x86_64) (WARNING: The server did not provide any stacktrace information)
Command duration or timeout: 122 milliseconds
Build info: version: &apos;2.44.0&apos;, revision: &apos;76d78cf323ce037c5f92db6c1bba601c2ac43ad8&apos;, time: &apos;2014-10-23 13:11:40&apos;
System info: host: &apos;EPUAKHAW0501&apos;, ip: &apos;10.23.14.67&apos;, os.name: &apos;Windows 7&apos;, os.arch: &apos;amd64&apos;, os.version: &apos;6.1&apos;, java.version: &apos;1.7.0_71&apos;
Session ID: 469a08973662473011832467f6a85fa4
Driver info: org.openqa.selenium.chrome.ChromeDriver
Capabilities [{platform=XP, acceptSslCerts=true, javascriptEnabled=true, browserName=chrome, chrome={userDataDir=C:\Users\Olha_Borodkina\AppData\Local\Temp\scoped_dir4144_23087}, rotatable=false, locationContextEnabled=true, version=39.0.2171.95, takesHeapSnapshot=true, cssSelectorsEnabled=true, databaseEnabled=false, handlesAlerts=true, browserConnectionEnabled=false, webStorageEnabled=true, nativeEvents=true, applicationCacheEnabled=false, takesScreenshot=true}]" type="org.openqa.selenium.WebDriverException">org.openqa.selenium.WebDriverException: unknown error: Element is not clickable at point (36, 757). Other element would receive the click: &lt;label for=&quot;checkbox1&quot;&gt;...&lt;/label&gt;
  (Session info: chrome=39.0.2171.95)
  (Driver info: chromedriver=2.9.248315,platform=Windows NT 6.1 SP1 x86_64) (WARNING: The server did not provide any stacktrace information)
Command duration or timeout: 122 milliseconds
Build info: version: &apos;2.44.0&apos;, revision: &apos;76d78cf323ce037c5f92db6c1bba601c2ac43ad8&apos;, time: &apos;2014-10-23 13:11:40&apos;
System info: host: &apos;EPUAKHAW0501&apos;, ip: &apos;10.23.14.67&apos;, os.name: &apos;Windows 7&apos;, os.arch: &apos;amd64&apos;, os.version: &apos;6.1&apos;, java.version: &apos;1.7.0_71&apos;
Session ID: 469a08973662473011832467f6a85fa4
Driver info: org.openqa.selenium.chrome.ChromeDriver
Capabilities [{platform=XP, acceptSslCerts=true, javascriptEnabled=true, browserName=chrome, chrome={userDataDir=C:\Users\Olha_Borodkina\AppData\Local\Temp\scoped_dir4144_23087}, rotatable=false, locationContextEnabled=true, version=39.0.2171.95, takesHeapSnapshot=true, cssSelectorsEnabled=true, databaseEnabled=false, handlesAlerts=true, browserConnectionEnabled=false, webStorageEnabled=true, nativeEvents=true, applicationCacheEnabled=false, takesScreenshot=true}]
	at sun.reflect.NativeConstructorAccessorImpl.newInstance0(Native Method)
	at sun.reflect.NativeConstructorAccessorImpl.newInstance(Unknown Source)
	at sun.reflect.DelegatingConstructorAccessorImpl.newInstance(Unknown Source)
	at java.lang.reflect.Constructor.newInstance(Unknown Source)
	at org.openqa.selenium.remote.ErrorHandler.createThrowable(ErrorHandler.java:204)
	at org.openqa.selenium.remote.ErrorHandler.throwIfResponseFailed(ErrorHandler.java:156)
	at org.openqa.selenium.remote.RemoteWebDriver.execute(RemoteWebDriver.java:599)
	at org.openqa.selenium.remote.RemoteWebElement.execute(RemoteWebElement.java:268)
	at org.openqa.selenium.remote.RemoteWebElement.click(RemoteWebElement.java:79)
	at com.epam.testexternalpart.screen.stream.StreamPage.checkTableAccordingToCandidadate(StreamPage.java:572)
	at com.epam.testexternalpart.tests.SmokeTest.checkElementsViewCandidate(SmokeTest.java:124)
</failure>
    <system-out>[Invoker 414966995] Keeping method BaseTest.startPage()[pri:0, instance:com.epam.testexternalpart.tests.SmokeTest@238a763] for class [TestClass name=class com.epam.testexternalpart.tests.SmokeTest]
[Invoker 414966995] Keeping method BaseTest.startPage()[pri:0, instance:com.epam.testexternalpart.tests.SmokeTest@238a763] for class [TestClass name=class com.epam.testexternalpart.tests.SmokeTest]
[Invoker 414966995] Invoking @BeforeMethod BaseTest.startPage()[pri:0, instance:com.epam.testexternalpart.tests.SmokeTest@238a763]
[Invoker 414966995] Invoking com.epam.testexternalpart.tests.SmokeTest.checkElementsViewCandidate
Check all elements are present on ViewCandidatePage
Checking that click by selected stream reffering to Stream Page
Java - Java Spring 2015
Click on [First stream on first dep]
Checking the presence of the elemen [javaTab]
[javaTab]is Not Present
Checking that Stream Create Button reffering to Add Stream Page
Checking the presence of the elemen [add Candidate Button]
[add Candidate Button]is Not Present
Stream Create button reffering to Add Stream Page
Creating new candidate with fields-Petrov;Petr;Olololoevich;02.12.1993;sdhgjshgj@mail.ru;+380505465345;
Click on [Click Create Candidate Button]
</system-out>
  </testcase>
  <testcase time="10.021" classname="com.epam.testexternalpart.tests.SmokeTest" name="checkMenu">
    <failure message="logoNo element [logo] on the page  expected [true] but found [false]" type="java.lang.AssertionError">java.lang.AssertionError: logoNo element [logo] on the page  expected [true] but found [false]
	at org.testng.Assert.fail(Assert.java:94)
	at org.testng.Assert.failNotEquals(Assert.java:494)
	at org.testng.Assert.assertTrue(Assert.java:42)
	at com.epam.testexternalpart.screen.Components.isElementExist(Components.java:23)
	at com.epam.testexternalpart.screen.Menu.checkElementsPresent(Menu.java:57)
	at com.epam.testexternalpart.tests.SmokeTest.checkMenu(SmokeTest.java:162)
</failure>
    <system-out>[Invoker 414966995] Keeping method BaseTest.startPage()[pri:0, instance:com.epam.testexternalpart.tests.SmokeTest@238a763] for class [TestClass name=class com.epam.testexternalpart.tests.SmokeTest]
[Invoker 414966995] Keeping method BaseTest.startPage()[pri:0, instance:com.epam.testexternalpart.tests.SmokeTest@238a763] for class [TestClass name=class com.epam.testexternalpart.tests.SmokeTest]
[Invoker 414966995] Invoking @BeforeMethod BaseTest.startPage()[pri:0, instance:com.epam.testexternalpart.tests.SmokeTest@238a763]
[Invoker 414966995] Invoking com.epam.testexternalpart.tests.SmokeTest.checkMenu
Check all elements are present on Menu
Checking the presence of Menu&apos;s elements
Checking the presence of the elemen [logo]
</system-out>
  </testcase>
  <testcase time="10.375" classname="com.epam.testexternalpart.tests.SmokeTest" name="testCheckElementsPresentAddDepartmentPage"/>
  <testcase time="10.987" classname="com.epam.testexternalpart.tests.SmokeTest" name="testCheckElementsPresentAddStreamPage"/>
  <testcase time="0.245" classname="com.epam.testexternalpart.tests.SmokeTest" name="testCheckElementsPresentDepartmentPage"/>
  <testcase time="0.443" classname="com.epam.testexternalpart.tests.SmokeTest" name="testcheckAddStreamPageInDepartmentAutoTest"/>
  <testcase time="0.448" classname="com.epam.testexternalpart.tests.SmokeTest" name="testcheckAddStreamPageInDepartmentFrontEnd"/>
  <testcase time="0.37" classname="com.epam.testexternalpart.tests.SmokeTest" name="testcheckAddStreamPageInDepartmentJava"/>
  <testcase time="0.368" classname="com.epam.testexternalpart.tests.SmokeTest" name="testcheckAddStreamPageInDepartmentNet"/>
  <testcase time="0.357" classname="com.epam.testexternalpart.tests.SmokeTest" name="testcheckAddStreamPageInDepartmentSofttest"/>
  <testcase time="10.435" classname="com.epam.testexternalpart.tests.DepartmentTest" name="testAddDepartment"/>
  <testcase time="21.731" classname="com.epam.testexternalpart.tests.DepartmentTest" name="testAddDepartmentWithValidName"/>
  <testcase time="32.738" classname="com.epam.testexternalpart.tests.DepartmentTest" name="testEditDepartmentName"/>
  <testcase time="0.705" classname="com.epam.testexternalpart.tests.StreamTest" name="testAddNewInValidStream"/>
  <testcase time="0.363" classname="com.epam.testexternalpart.tests.StreamTest" name="testAddNewInValidStream"/>
  <testcase time="0.43" classname="com.epam.testexternalpart.tests.StreamTest" name="testAddNewInValidStream"/>
  <testcase time="0.437" classname="com.epam.testexternalpart.tests.StreamTest" name="testAddNewInValidStream"/>
  <testcase time="1.402" classname="com.epam.testexternalpart.tests.StreamTest" name="testAddNewValidStream"/>
  <testcase time="1.413" classname="com.epam.testexternalpart.tests.StreamTest" name="testAddNewValidStream"/>
  <testcase time="0.415" classname="com.epam.testexternalpart.tests.StreamTest" name="testEditStream"/>
  <testcase time="0.369" classname="com.epam.testexternalpart.tests.StreamTest" name="testEditStream"/>
  <testcase time="2.223" classname="com.epam.testexternalpart.tests.AddCandidateTest" name="addCandidate"/>
  <testcase time="7.402" classname="com.epam.testexternalpart.tests.AddCandidateTest" name="addCandidateManually"/>
  <testcase time="19.492" classname="com.epam.testexternalpart.tests.AddCandidateTest" name="bannWithButton"/>
  <testcase time="122.15" classname="com.epam.testexternalpart.tests.AddCandidateTest" name="changeStatus"/>
  <testcase time="7.72" classname="com.epam.testexternalpart.tests.AddCandidateTest" name="deleteAllCandidates">
    <failure message="expected [No matching records found] but found [1 Harry Potter James +380505465345 02-12-2013 sdhgjshg1j@mail.ru 09-01-2015]" type="java.lang.AssertionError">java.lang.AssertionError: expected [No matching records found] but found [1 Harry Potter James +380505465345 02-12-2013 sdhgjshg1j@mail.ru 09-01-2015]
	at org.testng.Assert.fail(Assert.java:94)
	at org.testng.Assert.failNotEquals(Assert.java:494)
	at org.testng.Assert.assertEquals(Assert.java:123)
	at org.testng.Assert.assertEquals(Assert.java:176)
	at org.testng.Assert.assertEquals(Assert.java:186)
	at com.epam.testexternalpart.screen.Components.checkElementText(Components.java:107)
	at com.epam.testexternalpart.screen.stream.StreamPage.deleteAllCand(StreamPage.java:650)
	at com.epam.testexternalpart.tests.AddCandidateTest.deleteAllCandidates(AddCandidateTest.java:35)
</failure>
    <system-out>[Invoker 414966995] Keeping method BaseTest.startPage()[pri:0, instance:com.epam.testexternalpart.tests.AddCandidateTest@73bddb4e] for class [TestClass name=class com.epam.testexternalpart.tests.AddCandidateTest]
[Invoker 414966995] Keeping method BaseTest.startPage()[pri:0, instance:com.epam.testexternalpart.tests.AddCandidateTest@73bddb4e] for class [TestClass name=class com.epam.testexternalpart.tests.AddCandidateTest]
[Invoker 414966995] Invoking @BeforeMethod BaseTest.startPage()[pri:0, instance:com.epam.testexternalpart.tests.AddCandidateTest@73bddb4e]
[Invoker 414966995] Invoking com.epam.testexternalpart.tests.AddCandidateTest.deleteAllCandidates
Delete all Candidates
Click on [First stream on first dep]
10
Click on [CheckboxForAll]
Click on [deleteButton]
Checking the presence of the elemen [delCandPopAp]
[delCandPopAp]is Present
Click on [deleteCandPopApButton]
2 10
Click on [CheckboxForAll]
Click on [deleteButton]
Checking the presence of the elemen [delCandPopAp]
[delCandPopAp]is Present
Click on [deleteCandPopApButton]
2 1
Checking text of element Table Row
</system-out>
  </testcase>
  <testcase time="4.634" classname="com.epam.testexternalpart.tests.SeveralStreamTest" name="addCandidateToSeveralDepartment"/>
  <testcase time="20.147" classname="com.epam.testexternalpart.tests.SearchTest" name="streamSearch"/>
  <testcase time="2.283" classname="com.epam.testexternalpart.tests.PlaceForTestingTest" name="addNewPlaceForTesting"/>
  <testcase time="1.311" classname="com.epam.testexternalpart.tests.PlaceForTestingTest" name="deleteNewPlaceForTesting"/>
  <testcase time="2.034" classname="com.epam.testexternalpart.tests.PlaceForTestingTest" name="editNewPlaceForTesting"/>
</testsuite>