<?xml version="1.0" encoding="UTF-8" ?>
<<<<<<< HEAD
<<<<<<< HEAD
<testsuite failures="1" time="286.431" errors="0" skipped="0" tests="35" name="TestSuite">
=======
<testsuite failures="4" time="341.595" errors="0" skipped="0" tests="35" name="TestSuite">
>>>>>>> dbb5e243a5d8bc919fd1d8fccccaeb4e573f8dd4
=======
<testsuite failures="8" time="2,218.168" errors="0" skipped="4" tests="37" name="TestSuite">
>>>>>>> 20639403100fd40db4e4bd30e6be243a406c12c9
  <properties>
    <property name="java.runtime.name" value="Java(TM) SE Runtime Environment"/>
    <property name="sun.boot.library.path" value="C:\Program Files\Java\jre7\bin"/>
    <property name="java.vm.version" value="24.65-b04"/>
    <property name="java.vm.vendor" value="Oracle Corporation"/>
    <property name="java.vendor.url" value="http://java.oracle.com/"/>
    <property name="path.separator" value=";"/>
    <property name="guice.disable.misplaced.annotation.check" value="true"/>
    <property name="java.vm.name" value="Java HotSpot(TM) 64-Bit Server VM"/>
    <property name="file.encoding.pkg" value="sun.io"/>
    <property name="user.script" value=""/>
    <property name="user.country" value="US"/>
    <property name="sun.java.launcher" value="SUN_STANDARD"/>
    <property name="sun.os.patch.level" value="Service Pack 1"/>
    <property name="java.vm.specification.name" value="Java Virtual Machine Specification"/>
    <property name="user.dir" value="D:\extPr\TestExternalPart\AutomatedTesting"/>
    <property name="java.runtime.version" value="1.7.0_67-b01"/>
    <property name="java.awt.graphicsenv" value="sun.awt.Win32GraphicsEnvironment"/>
    <property name="java.endorsed.dirs" value="C:\Program Files\Java\jre7\lib\endorsed"/>
    <property name="os.arch" value="amd64"/>
<<<<<<< HEAD
    <property name="surefire.real.class.path" value="D:\AutomatedTesting\target\surefire\surefirebooter3973680786356398050.jar"/>
    <property name="java.io.tmpdir" value="C:\Users\Olha_Borodkina\AppData\Local\Temp\"/>
=======
    <property name="java.io.tmpdir" value="C:\Users\Olha_Myroliubova\AppData\Local\Temp\"/>
>>>>>>> dbb5e243a5d8bc919fd1d8fccccaeb4e573f8dd4
    <property name="line.separator" value="
"/>
    <property name="java.vm.specification.vendor" value="Oracle Corporation"/>
    <property name="user.variant" value=""/>
    <property name="os.name" value="Windows 7"/>
    <property name="classworlds.conf" value="D:\extPr\.metadata\.plugins\org.eclipse.m2e.launching\launches\m2conf3810641265963327962.tmp"/>
    <property name="sun.jnu.encoding" value="Cp1251"/>
    <property name="java.library.path" value="C:\Program Files\Java\jre7\bin;C:\WINDOWS\Sun\Java\bin;C:\WINDOWS\system32;C:\WINDOWS;C:\Program Files\Java\jdk1.7.0_67;C:\WINDOWS\system32;C:\WINDOWS;C:\WINDOWS\System32\Wbem;C:\WINDOWS\System32\WindowsPowerShell\v1.0\;C:\Program Files\TortoiseSVN\bin;C:\Program Files (x86)\Subversion\bin;C:\Program Files\TortoiseGit\bin;."/>
    <property name="java.specification.name" value="Java Platform API Specification"/>
    <property name="java.class.version" value="51.0"/>
    <property name="sun.management.compiler" value="HotSpot 64-Bit Tiered Compilers"/>
    <property name="os.version" value="6.1"/>
    <property name="user.home" value="C:\Users\Olha_Myroliubova"/>
    <property name="user.timezone" value="Europe/Helsinki"/>
    <property name="java.awt.printerjob" value="sun.awt.windows.WPrinterJob"/>
    <property name="java.specification.version" value="1.7"/>
    <property name="file.encoding" value="Cp1251"/>
    <property name="user.name" value="Olha_Myroliubova"/>
    <property name="java.class.path" value="/D:/eclipse/plugins/org.eclipse.m2e.maven.runtime_1.5.0.20140605-2032/jars/plexus-classworlds-2.5.1.jar"/>
    <property name="org.slf4j.simpleLogger.defaultLogLevel" value="info"/>
    <property name="java.vm.specification.version" value="1.7"/>
    <property name="sun.arch.data.model" value="64"/>
    <property name="java.home" value="C:\Program Files\Java\jre7"/>
<<<<<<< HEAD
    <property name="sun.java.command" value="D:\AutomatedTesting\target\surefire\surefirebooter3973680786356398050.jar D:\AutomatedTesting\target\surefire\surefire5969637980717407431tmp D:\AutomatedTesting\target\surefire\surefire8623144701624039766tmp"/>
=======
    <property name="sun.java.command" value="org.codehaus.plexus.classworlds.launcher.Launcher -B test"/>
>>>>>>> dbb5e243a5d8bc919fd1d8fccccaeb4e573f8dd4
    <property name="java.specification.vendor" value="Oracle Corporation"/>
    <property name="user.language" value="en"/>
    <property name="awt.toolkit" value="sun.awt.windows.WToolkit"/>
    <property name="java.vm.info" value="mixed mode"/>
    <property name="java.version" value="1.7.0_67"/>
    <property name="java.ext.dirs" value="C:\Program Files\Java\jre7\lib\ext;C:\WINDOWS\Sun\Java\lib\ext"/>
    <property name="sun.boot.class.path" value="C:\Program Files\Java\jre7\lib\resources.jar;C:\Program Files\Java\jre7\lib\rt.jar;C:\Program Files\Java\jre7\lib\sunrsasign.jar;C:\Program Files\Java\jre7\lib\jsse.jar;C:\Program Files\Java\jre7\lib\jce.jar;C:\Program Files\Java\jre7\lib\charsets.jar;C:\Program Files\Java\jre7\lib\jfr.jar;C:\Program Files\Java\jre7\classes"/>
    <property name="java.vendor" value="Oracle Corporation"/>
    <property name="maven.home" value="D:\extPr\TestExternalPart\AutomatedTesting\EMBEDDED"/>
    <property name="file.separator" value="\"/>
    <property name="java.vendor.url.bug" value="http://bugreport.sun.com/bugreport/"/>
    <property name="sun.cpu.endian" value="little"/>
    <property name="sun.io.unicode.encoding" value="UnicodeLittle"/>
    <property name="sun.desktop" value="windows"/>
    <property name="sun.cpu.isalist" value="amd64"/>
  </properties>
<<<<<<< HEAD
<<<<<<< HEAD
  <testcase time="0.62" classname="com.epam.testexternalpart.tests.SmokeTest" name="checkElAllCandiadtesMenu"/>
  <testcase time="13.762" classname="com.epam.testexternalpart.tests.SmokeTest" name="checkElStreamPage"/>
  <testcase time="22.311" classname="com.epam.testexternalpart.tests.SmokeTest" name="checkElementsAddCandidate"/>
  <testcase time="0.001" classname="com.epam.testexternalpart.tests.SmokeTest" name="checkElementsEditCandidate"/>
  <testcase time="10.353" classname="com.epam.testexternalpart.tests.SmokeTest" name="checkElementsViewCandidate"/>
  <testcase time="0.247" classname="com.epam.testexternalpart.tests.SmokeTest" name="checkMenu"/>
  <testcase time="10.434" classname="com.epam.testexternalpart.tests.SmokeTest" name="testCheckElementsPresentAddDepartmentPage"/>
  <testcase time="11.014" classname="com.epam.testexternalpart.tests.SmokeTest" name="testCheckElementsPresentAddStreamPage"/>
  <testcase time="0.259" classname="com.epam.testexternalpart.tests.SmokeTest" name="testCheckElementsPresentDepartmentPage"/>
  <testcase time="0.463" classname="com.epam.testexternalpart.tests.SmokeTest" name="testcheckAddStreamPageInDepartmentAutoTest"/>
  <testcase time="0.478" classname="com.epam.testexternalpart.tests.SmokeTest" name="testcheckAddStreamPageInDepartmentFrontEnd"/>
  <testcase time="0.379" classname="com.epam.testexternalpart.tests.SmokeTest" name="testcheckAddStreamPageInDepartmentJava"/>
  <testcase time="0.381" classname="com.epam.testexternalpart.tests.SmokeTest" name="testcheckAddStreamPageInDepartmentNet"/>
  <testcase time="0.359" classname="com.epam.testexternalpart.tests.SmokeTest" name="testcheckAddStreamPageInDepartmentSofttest"/>
  <testcase time="10.396" classname="com.epam.testexternalpart.tests.DepartmentTest" name="testAddDepartment"/>
  <testcase time="21.699" classname="com.epam.testexternalpart.tests.DepartmentTest" name="testAddDepartmentWithValidName"/>
  <testcase time="32.579" classname="com.epam.testexternalpart.tests.DepartmentTest" name="testEditDepartmentName"/>
  <testcase time="0.696" classname="com.epam.testexternalpart.tests.StreamTest" name="testAddNewInValidStream"/>
  <testcase time="0.374" classname="com.epam.testexternalpart.tests.StreamTest" name="testAddNewInValidStream"/>
  <testcase time="0.397" classname="com.epam.testexternalpart.tests.StreamTest" name="testAddNewInValidStream"/>
  <testcase time="0.35" classname="com.epam.testexternalpart.tests.StreamTest" name="testAddNewInValidStream"/>
  <testcase time="1.417" classname="com.epam.testexternalpart.tests.StreamTest" name="testAddNewValidStream"/>
  <testcase time="1.41" classname="com.epam.testexternalpart.tests.StreamTest" name="testAddNewValidStream"/>
  <testcase time="0.411" classname="com.epam.testexternalpart.tests.StreamTest" name="testEditStream"/>
  <testcase time="0.37" classname="com.epam.testexternalpart.tests.StreamTest" name="testEditStream"/>
  <testcase time="2.246" classname="com.epam.testexternalpart.tests.AddCandidateTest" name="addCandidate"/>
  <testcase time="7.455" classname="com.epam.testexternalpart.tests.AddCandidateTest" name="addCandidateManually"/>
  <testcase time="19.565" classname="com.epam.testexternalpart.tests.AddCandidateTest" name="bannWithButton"/>
  <testcase time="16.054" classname="com.epam.testexternalpart.tests.AddCandidateTest" name="changeStatus"/>
  <testcase time="7.73" classname="com.epam.testexternalpart.tests.AddCandidateTest" name="deleteAllCandidates"/>
  <testcase time="4.702" classname="com.epam.testexternalpart.tests.SeveralStreamTest" name="addCandidateToSeveralDepartment"/>
  <testcase time="19.513" classname="com.epam.testexternalpart.tests.SearchTest" name="streamSearch">
    <failure message="Wrong data in new cand expected [true] but found [false]" type="java.lang.AssertionError">java.lang.AssertionError: Wrong data in new cand expected [true] but found [false]
	at org.testng.Assert.fail(Assert.java:94)
	at org.testng.Assert.failNotEquals(Assert.java:494)
	at org.testng.Assert.assertTrue(Assert.java:42)
	at com.epam.testexternalpart.screen.stream.StreamPage.checkCandExisting(StreamPage.java:492)
	at com.epam.testexternalpart.tests.SearchTest.streamSearch(SearchTest.java:27)
</failure>
    <system-out>[Invoker 191138085] Keeping method BaseTest.tearDown()[pri:0, instance:com.epam.testexternalpart.tests.SeveralStreamTest@cd7e6ef] for class [TestClass name=class com.epam.testexternalpart.tests.SeveralStreamTest]
[Invoker 191138085] Invoking @AfterClass BaseTest.tearDown()[pri:0, instance:com.epam.testexternalpart.tests.SeveralStreamTest@cd7e6ef]
===== Invoked methods
  BaseTest.init()[pri:0, instance:com.epam.testexternalpart.tests.SeveralStreamTest@cd7e6ef] 215475951
    SeveralStreamTest.addCandidateToSeveralDepartment(java.lang.String)[pri:0, instance:com.epam.testexternalpart.tests.SeveralStreamTest@cd7e6ef]Harry;Potter;James;02.12.2013;sdhgjshg1j@mail.ru;+380505465345;  215475951
  BaseTest.tearDown()[pri:0, instance:com.epam.testexternalpart.tests.SeveralStreamTest@cd7e6ef] 215475951
=====
[TestRunner] Running test SearchStreamTest on 1  classes,  included groups:[] excluded groups:[]
===== Test class
com.epam.testexternalpart.tests.SearchTest
  @BeforeClass BaseTest.init()[pri:0, instance:com.epam.testexternalpart.tests.SearchTest@2d1e165f]
  @BeforeMethod BaseTest.startPage()[pri:0, instance:com.epam.testexternalpart.tests.SearchTest@2d1e165f]
    @Test SearchTest.streamSearch(java.lang.String, java.lang.String, java.lang.String, java.lang.String, java.lang.String)[pri:0, instance:com.epam.testexternalpart.tests.SearchTest@2d1e165f]
  @AfterClass BaseTest.tearDown()[pri:0, instance:com.epam.testexternalpart.tests.SearchTest@2d1e165f]
======
[Invoker 191138085] Keeping method BaseTest.init()[pri:0, instance:com.epam.testexternalpart.tests.SearchTest@2d1e165f] for class [TestClass name=class com.epam.testexternalpart.tests.SearchTest]
[Invoker 191138085] Invoking @BeforeClass BaseTest.init()[pri:0, instance:com.epam.testexternalpart.tests.SearchTest@2d1e165f]
[Invoker 191138085] Keeping method BaseTest.startPage()[pri:0, instance:com.epam.testexternalpart.tests.SearchTest@2d1e165f] for class [TestClass name=class com.epam.testexternalpart.tests.SearchTest]
[Invoker 191138085] Keeping method BaseTest.startPage()[pri:0, instance:com.epam.testexternalpart.tests.SearchTest@2d1e165f] for class [TestClass name=class com.epam.testexternalpart.tests.SearchTest]
[Invoker 191138085] Invoking @BeforeMethod BaseTest.startPage()[pri:0, instance:com.epam.testexternalpart.tests.SearchTest@2d1e165f]
[Invoker 191138085] Invoking com.epam.testexternalpart.tests.SearchTest.streamSearch
Check search in Stream
Click on [First stream on first dep]
Create candidates for test
Click on [addCandidateBut]
Creating new candidate with fields-Ololo;Ololoev;Olololoevich;02.12.2013;sdhgjshgj@mail.ru;+380505465345;
Click on [Click Create Candidate Button]
Check if new candidate was added
candidate was added
Click on [addCandidateBut]
Creating new candidate with fields-Ololo1;Ololoev1;Olololoevich1;02.12.2013;sdhgjshgj1@mail.ru;+380505465346;
Click on [Click Create Candidate Button]
Check if new candidate was added
candidate was added
Click on [addCandidateBut]
Creating new candidate with fields-Ololo2;Ololoev2;Olololoevich2;02.12.2013;sdhgjshgj2@mail.ru;+380505465347;
Click on [Click Create Candidate Button]
Check if new candidate was added
</system-out>
  </testcase>
  <testcase time="2.612" classname="com.epam.testexternalpart.tests.PlaceForTestingTest" name="addNewPlaceForTesting"/>
  <testcase time="1.683" classname="com.epam.testexternalpart.tests.PlaceForTestingTest" name="deleteNewPlaceForTesting"/>
  <testcase time="2.032" classname="com.epam.testexternalpart.tests.PlaceForTestingTest" name="editNewPlaceForTesting"/>
=======
  <testcase time="0.734" classname="com.epam.testexternalpart.tests.SmokeTest" name="checkElAllCandiadtesMenu">
    <failure message="unknown error: Element is not clickable at point (36, 736). Other element would receive the click: &lt;label for=&quot;checkbox1&quot;&gt;...&lt;/label&gt;
=======
  <testcase time="5.152" classname="com.epam.testexternalpart.tests.SmokeTest" name="checkAddStreamAccordingToDepartment">
    <failure message="stale element reference: element is not attached to the page document
>>>>>>> 20639403100fd40db4e4bd30e6be243a406c12c9
  (Session info: chrome=39.0.2171.95)
  (Driver info: chromedriver=2.9.248315,platform=Windows NT 6.1 SP1 x86_64) (WARNING: The server did not provide any stacktrace information)
Command duration or timeout: 12 milliseconds
For documentation on this error, please visit: http://seleniumhq.org/exceptions/stale_element_reference.html
Build info: version: &apos;2.44.0&apos;, revision: &apos;76d78cf323ce037c5f92db6c1bba601c2ac43ad8&apos;, time: &apos;2014-10-23 13:11:40&apos;
System info: host: &apos;EPUAKHAW0329&apos;, ip: &apos;10.23.12.108&apos;, os.name: &apos;Windows 7&apos;, os.arch: &apos;amd64&apos;, os.version: &apos;6.1&apos;, java.version: &apos;1.7.0_67&apos;
Session ID: d85699eae7dedef154120fbea9cb2541
Driver info: org.openqa.selenium.chrome.ChromeDriver
Capabilities [{platform=XP, acceptSslCerts=true, javascriptEnabled=true, browserName=chrome, chrome={userDataDir=C:\Users\Olha_Myroliubova\AppData\Local\Temp\scoped_dir17032_26497}, rotatable=false, locationContextEnabled=true, version=39.0.2171.95, takesHeapSnapshot=true, cssSelectorsEnabled=true, databaseEnabled=false, handlesAlerts=true, browserConnectionEnabled=false, webStorageEnabled=true, nativeEvents=true, applicationCacheEnabled=false, takesScreenshot=true}]" type="org.openqa.selenium.StaleElementReferenceException">org.openqa.selenium.StaleElementReferenceException: stale element reference: element is not attached to the page document
  (Session info: chrome=39.0.2171.95)
  (Driver info: chromedriver=2.9.248315,platform=Windows NT 6.1 SP1 x86_64) (WARNING: The server did not provide any stacktrace information)
Command duration or timeout: 12 milliseconds
For documentation on this error, please visit: http://seleniumhq.org/exceptions/stale_element_reference.html
Build info: version: &apos;2.44.0&apos;, revision: &apos;76d78cf323ce037c5f92db6c1bba601c2ac43ad8&apos;, time: &apos;2014-10-23 13:11:40&apos;
System info: host: &apos;EPUAKHAW0329&apos;, ip: &apos;10.23.12.108&apos;, os.name: &apos;Windows 7&apos;, os.arch: &apos;amd64&apos;, os.version: &apos;6.1&apos;, java.version: &apos;1.7.0_67&apos;
Session ID: d85699eae7dedef154120fbea9cb2541
Driver info: org.openqa.selenium.chrome.ChromeDriver
Capabilities [{platform=XP, acceptSslCerts=true, javascriptEnabled=true, browserName=chrome, chrome={userDataDir=C:\Users\Olha_Myroliubova\AppData\Local\Temp\scoped_dir17032_26497}, rotatable=false, locationContextEnabled=true, version=39.0.2171.95, takesHeapSnapshot=true, cssSelectorsEnabled=true, databaseEnabled=false, handlesAlerts=true, browserConnectionEnabled=false, webStorageEnabled=true, nativeEvents=true, applicationCacheEnabled=false, takesScreenshot=true}]
	at sun.reflect.NativeConstructorAccessorImpl.newInstance0(Native Method)
	at sun.reflect.NativeConstructorAccessorImpl.newInstance(Unknown Source)
	at sun.reflect.DelegatingConstructorAccessorImpl.newInstance(Unknown Source)
	at java.lang.reflect.Constructor.newInstance(Unknown Source)
	at org.openqa.selenium.remote.ErrorHandler.createThrowable(ErrorHandler.java:204)
	at org.openqa.selenium.remote.ErrorHandler.throwIfResponseFailed(ErrorHandler.java:156)
	at org.openqa.selenium.remote.RemoteWebDriver.execute(RemoteWebDriver.java:599)
	at org.openqa.selenium.remote.RemoteWebElement.execute(RemoteWebElement.java:268)
	at org.openqa.selenium.remote.RemoteWebElement.getText(RemoteWebElement.java:152)
	at com.epam.testexternalpart.screen.departments.Departments.selectAndCheckDepartment(Departments.java:212)
	at com.epam.testexternalpart.tests.SmokeTest.checkAddStreamAccordingToDepartment(SmokeTest.java:44)
</failure>
    <system-out>[TestRunner] Running the tests in &apos;smokeMenuTest&apos; with parallel mode:false
[RunInfo] Adding method selector: org.testng.internal.XmlMethodSelector@48774b2c priority: 10
[TestClass] Creating TestClass for [ClassImpl class=com.epam.testexternalpart.tests.SmokeTest]
[TestClass] Adding method SmokeTest.checkElementsEditCandidate(java.lang.String, java.lang.String)[pri:0, instance:null] on TestClass class com.epam.testexternalpart.tests.SmokeTest
[TestClass] Adding method SmokeTest.checkElementsPresentAddStreamPage()[pri:0, instance:null] on TestClass class com.epam.testexternalpart.tests.SmokeTest
[TestClass] Adding method SmokeTest.checkAddStreamAccordingToDepartment()[pri:0, instance:null] on TestClass class com.epam.testexternalpart.tests.SmokeTest
[TestClass] Adding method SmokeTest.checkMenu()[pri:0, instance:null] on TestClass class com.epam.testexternalpart.tests.SmokeTest
[TestClass] Adding method SmokeTest.checkElementsViewCandidate(java.lang.String, java.lang.String)[pri:0, instance:null] on TestClass class com.epam.testexternalpart.tests.SmokeTest
[TestClass] Adding method SmokeTest.checkElementsPresentAddDepartmentPage()[pri:0, instance:null] on TestClass class com.epam.testexternalpart.tests.SmokeTest
[TestClass] Adding method SmokeTest.checkMailSettingsMenu()[pri:0, instance:null] on TestClass class com.epam.testexternalpart.tests.SmokeTest
[TestClass] Adding method SmokeTest.checkEmailTemplatesPage()[pri:0, instance:null] on TestClass class com.epam.testexternalpart.tests.SmokeTest
[TestClass] Adding method SmokeTest.checkElementsAddCandidate(java.lang.String)[pri:0, instance:null] on TestClass class com.epam.testexternalpart.tests.SmokeTest
[TestClass] Adding method SmokeTest.checkElStreamPage(java.lang.String)[pri:0, instance:null] on TestClass class com.epam.testexternalpart.tests.SmokeTest
[TestClass] Adding method SmokeTest.checkElementsPresentDepartmentPage()[pri:0, instance:null] on TestClass class com.epam.testexternalpart.tests.SmokeTest
[TestClass] Adding method SmokeTest.checkElAllCandiadtesMenu(java.lang.String)[pri:0, instance:null] on TestClass class com.epam.testexternalpart.tests.SmokeTest
[XmlMethodSelector] Including method com.epam.testexternalpart.core.init()
[XmlMethodSelector] Including method com.epam.testexternalpart.core.tearDown()
[XmlMethodSelector] Including method com.epam.testexternalpart.core.startPage()
[XmlMethodSelector] Including method com.epam.testexternalpart.tests.checkElementsEditCandidate()
[XmlMethodSelector] Including method com.epam.testexternalpart.tests.checkElementsPresentAddStreamPage()
[XmlMethodSelector] Including method com.epam.testexternalpart.tests.checkAddStreamAccordingToDepartment()
[XmlMethodSelector] Including method com.epam.testexternalpart.tests.checkMenu()
[XmlMethodSelector] Including method com.epam.testexternalpart.tests.checkElementsViewCandidate()
[XmlMethodSelector] Including method com.epam.testexternalpart.tests.checkElementsPresentAddDepartmentPage()
[XmlMethodSelector] Including method com.epam.testexternalpart.tests.checkMailSettingsMenu()
[XmlMethodSelector] Including method com.epam.testexternalpart.tests.checkEmailTemplatesPage()
[XmlMethodSelector] Including method com.epam.testexternalpart.tests.checkElementsAddCandidate()
[XmlMethodSelector] Including method com.epam.testexternalpart.tests.checkElStreamPage()
[XmlMethodSelector] Including method com.epam.testexternalpart.tests.checkElementsPresentDepartmentPage()
[XmlMethodSelector] Including method com.epam.testexternalpart.tests.checkElAllCandiadtesMenu()
[TestRunner] Running the tests in &apos;DepartmentTest&apos; with parallel mode:false
[RunInfo] Adding method selector: org.testng.internal.XmlMethodSelector@3d78cd7b priority: 10
[TestClass] Creating TestClass for [ClassImpl class=com.epam.testexternalpart.tests.DepartmentTest]
[TestClass] Adding method DepartmentTest.testEditDepartmentName(java.lang.String, java.lang.String)[pri:0, instance:null] on TestClass class com.epam.testexternalpart.tests.DepartmentTest
[TestClass] Adding method DepartmentTest.testAddDepartmentWithValidName(java.lang.String)[pri:0, instance:null] on TestClass class com.epam.testexternalpart.tests.DepartmentTest
[TestClass] Adding method DepartmentTest.testAddDepartment(java.lang.String)[pri:0, instance:null] on TestClass class com.epam.testexternalpart.tests.DepartmentTest
[XmlMethodSelector] Including method com.epam.testexternalpart.core.init()
[XmlMethodSelector] Including method com.epam.testexternalpart.core.tearDown()
[XmlMethodSelector] Including method com.epam.testexternalpart.core.startPage()
[XmlMethodSelector] Including method com.epam.testexternalpart.tests.testEditDepartmentName()
[XmlMethodSelector] Including method com.epam.testexternalpart.tests.testAddDepartmentWithValidName()
[XmlMethodSelector] Including method com.epam.testexternalpart.tests.testAddDepartment()
[TestRunner] Running the tests in &apos;StreamTest&apos; with parallel mode:false
[RunInfo] Adding method selector: org.testng.internal.XmlMethodSelector@16c701cb priority: 10
[TestClass] Creating TestClass for [ClassImpl class=com.epam.testexternalpart.tests.StreamTest]
[TestClass] Adding method StreamTest.testEditStream(java.lang.String)[pri:0, instance:null] on TestClass class com.epam.testexternalpart.tests.StreamTest
[TestClass] Adding method StreamTest.testAddNewValidStream(java.lang.String)[pri:0, instance:null] on TestClass class com.epam.testexternalpart.tests.StreamTest
[TestClass] Adding method StreamTest.testAddNewInValidStream(java.lang.String)[pri:0, instance:null] on TestClass class com.epam.testexternalpart.tests.StreamTest
[XmlMethodSelector] Including method com.epam.testexternalpart.core.init()
[XmlMethodSelector] Including method com.epam.testexternalpart.core.tearDown()
[XmlMethodSelector] Including method com.epam.testexternalpart.core.startPage()
[XmlMethodSelector] Including method com.epam.testexternalpart.tests.testEditStream()
[XmlMethodSelector] Including method com.epam.testexternalpart.tests.testAddNewValidStream()
[XmlMethodSelector] Including method com.epam.testexternalpart.tests.testAddNewInValidStream()
[TestRunner] Running the tests in &apos;CandidateTest&apos; with parallel mode:false
[RunInfo] Adding method selector: org.testng.internal.XmlMethodSelector@5db533b0 priority: 10
[TestClass] Creating TestClass for [ClassImpl class=com.epam.testexternalpart.tests.AddCandidateTest]
[TestClass] Adding method AddCandidateTest.changeStatus(java.lang.String, java.lang.String, java.lang.String, java.lang.String, java.lang.String, java.lang.String)[pri:0, instance:null] on TestClass class com.epam.testexternalpart.tests.AddCandidateTest
[TestClass] Adding method AddCandidateTest.deleteAllCandidates(java.lang.String)[pri:0, instance:null] on TestClass class com.epam.testexternalpart.tests.AddCandidateTest
[TestClass] Adding method AddCandidateTest.bannWithButton(java.lang.String)[pri:0, instance:null] on TestClass class com.epam.testexternalpart.tests.AddCandidateTest
[TestClass] Adding method AddCandidateTest.addCandidateManually(java.lang.String)[pri:0, instance:null] on TestClass class com.epam.testexternalpart.tests.AddCandidateTest
[TestClass] Adding method AddCandidateTest.addCandidate(java.lang.String)[pri:0, instance:null] on TestClass class com.epam.testexternalpart.tests.AddCandidateTest
[XmlMethodSelector] Including method com.epam.testexternalpart.core.init()
[XmlMethodSelector] Including method com.epam.testexternalpart.core.tearDown()
[XmlMethodSelector] Including method com.epam.testexternalpart.core.startPage()
[XmlMethodSelector] Including method com.epam.testexternalpart.tests.changeStatus()
[XmlMethodSelector] Including method com.epam.testexternalpart.tests.deleteAllCandidates()
[XmlMethodSelector] Including method com.epam.testexternalpart.tests.bannWithButton()
[XmlMethodSelector] Including method com.epam.testexternalpart.tests.addCandidateManually()
[XmlMethodSelector] Including method com.epam.testexternalpart.tests.addCandidate()
[TestRunner] Running the tests in &apos;SeveralStreamTest&apos; with parallel mode:false
[RunInfo] Adding method selector: org.testng.internal.XmlMethodSelector@2938b0d5 priority: 10
[TestClass] Creating TestClass for [ClassImpl class=com.epam.testexternalpart.tests.SeveralStreamTest]
[TestClass] Adding method SeveralStreamTest.addCandidateToSeveralDepartment(java.lang.String)[pri:0, instance:null] on TestClass class com.epam.testexternalpart.tests.SeveralStreamTest
[XmlMethodSelector] Including method com.epam.testexternalpart.core.init()
[XmlMethodSelector] Including method com.epam.testexternalpart.core.tearDown()
[XmlMethodSelector] Including method com.epam.testexternalpart.core.startPage()
[XmlMethodSelector] Including method com.epam.testexternalpart.tests.addCandidateToSeveralDepartment()
[TestRunner] Running the tests in &apos;SearchStreamTest&apos; with parallel mode:false
[RunInfo] Adding method selector: org.testng.internal.XmlMethodSelector@4717fd27 priority: 10
[TestClass] Creating TestClass for [ClassImpl class=com.epam.testexternalpart.tests.SearchTest]
[TestClass] Adding method SearchTest.allCandidatesSearch(java.lang.String, java.lang.String, java.lang.String, java.lang.String, java.lang.String)[pri:0, instance:null] on TestClass class com.epam.testexternalpart.tests.SearchTest
[TestClass] Adding method SearchTest.streamSearch(java.lang.String, java.lang.String, java.lang.String, java.lang.String, java.lang.String)[pri:0, instance:null] on TestClass class com.epam.testexternalpart.tests.SearchTest
[XmlMethodSelector] Including method com.epam.testexternalpart.core.init()
[XmlMethodSelector] Including method com.epam.testexternalpart.core.tearDown()
[XmlMethodSelector] Including method com.epam.testexternalpart.core.startPage()
[XmlMethodSelector] Including method com.epam.testexternalpart.tests.allCandidatesSearch()
[XmlMethodSelector] Including method com.epam.testexternalpart.tests.streamSearch()
[TestRunner] Running the tests in &apos;PlaceForTestingTest&apos; with parallel mode:false
[RunInfo] Adding method selector: org.testng.internal.XmlMethodSelector@3cfbc9c9 priority: 10
[TestClass] Creating TestClass for [ClassImpl class=com.epam.testexternalpart.tests.PlaceForTestingTest]
[TestClass] Adding method PlaceForTestingTest.deleteNewPlaceForTesting(java.lang.String, java.lang.String, java.lang.String, java.lang.String)[pri:0, instance:null] on TestClass class com.epam.testexternalpart.tests.PlaceForTestingTest
[TestClass] Adding method PlaceForTestingTest.editNewPlaceForTesting(java.lang.String, java.lang.String, java.lang.String, java.lang.String, java.lang.String, java.lang.String, java.lang.String, java.lang.String)[pri:0, instance:null] on TestClass class com.epam.testexternalpart.tests.PlaceForTestingTest
[TestClass] Adding method PlaceForTestingTest.addNewPlaceForTesting(java.lang.String, java.lang.String, java.lang.String, java.lang.String)[pri:0, instance:null] on TestClass class com.epam.testexternalpart.tests.PlaceForTestingTest
[XmlMethodSelector] Including method com.epam.testexternalpart.core.init()
[XmlMethodSelector] Including method com.epam.testexternalpart.core.tearDown()
[XmlMethodSelector] Including method com.epam.testexternalpart.core.startPage()
[XmlMethodSelector] Including method com.epam.testexternalpart.tests.deleteNewPlaceForTesting()
[XmlMethodSelector] Including method com.epam.testexternalpart.tests.editNewPlaceForTesting()
[XmlMethodSelector] Including method com.epam.testexternalpart.tests.addNewPlaceForTesting()
[SuiteRunner] Created 7 TestRunners
[TestRunner] Running test smokeMenuTest on 1  classes,  included groups:[] excluded groups:[]
===== Test class
com.epam.testexternalpart.tests.SmokeTest
  @BeforeClass BaseTest.init()[pri:0, instance:com.epam.testexternalpart.tests.SmokeTest@122638d0]
  @BeforeMethod BaseTest.startPage()[pri:0, instance:com.epam.testexternalpart.tests.SmokeTest@122638d0]
    @Test SmokeTest.checkElementsEditCandidate(java.lang.String, java.lang.String)[pri:0, instance:com.epam.testexternalpart.tests.SmokeTest@122638d0]
    @Test SmokeTest.checkElementsPresentAddStreamPage()[pri:0, instance:com.epam.testexternalpart.tests.SmokeTest@122638d0]
    @Test SmokeTest.checkAddStreamAccordingToDepartment()[pri:0, instance:com.epam.testexternalpart.tests.SmokeTest@122638d0]
    @Test SmokeTest.checkMenu()[pri:0, instance:com.epam.testexternalpart.tests.SmokeTest@122638d0]
    @Test SmokeTest.checkElementsViewCandidate(java.lang.String, java.lang.String)[pri:0, instance:com.epam.testexternalpart.tests.SmokeTest@122638d0]
    @Test SmokeTest.checkElementsPresentAddDepartmentPage()[pri:0, instance:com.epam.testexternalpart.tests.SmokeTest@122638d0]
    @Test SmokeTest.checkMailSettingsMenu()[pri:0, instance:com.epam.testexternalpart.tests.SmokeTest@122638d0]
    @Test SmokeTest.checkEmailTemplatesPage()[pri:0, instance:com.epam.testexternalpart.tests.SmokeTest@122638d0]
    @Test SmokeTest.checkElementsAddCandidate(java.lang.String)[pri:0, instance:com.epam.testexternalpart.tests.SmokeTest@122638d0]
    @Test SmokeTest.checkElStreamPage(java.lang.String)[pri:0, instance:com.epam.testexternalpart.tests.SmokeTest@122638d0]
    @Test SmokeTest.checkElementsPresentDepartmentPage()[pri:0, instance:com.epam.testexternalpart.tests.SmokeTest@122638d0]
    @Test SmokeTest.checkElAllCandiadtesMenu(java.lang.String)[pri:0, instance:com.epam.testexternalpart.tests.SmokeTest@122638d0]
  @AfterClass BaseTest.tearDown()[pri:0, instance:com.epam.testexternalpart.tests.SmokeTest@122638d0]
======
[Invoker 1402809325] Keeping method BaseTest.init()[pri:0, instance:com.epam.testexternalpart.tests.SmokeTest@122638d0] for class [TestClass name=class com.epam.testexternalpart.tests.SmokeTest]
[Invoker 1402809325] Invoking @BeforeClass BaseTest.init()[pri:0, instance:com.epam.testexternalpart.tests.SmokeTest@122638d0]
[Invoker 1402809325] Keeping method BaseTest.startPage()[pri:0, instance:com.epam.testexternalpart.tests.SmokeTest@122638d0] for class [TestClass name=class com.epam.testexternalpart.tests.SmokeTest]
[Invoker 1402809325] Keeping method BaseTest.startPage()[pri:0, instance:com.epam.testexternalpart.tests.SmokeTest@122638d0] for class [TestClass name=class com.epam.testexternalpart.tests.SmokeTest]
[Invoker 1402809325] Invoking @BeforeMethod BaseTest.startPage()[pri:0, instance:com.epam.testexternalpart.tests.SmokeTest@122638d0]
[Invoker 1402809325] Invoking com.epam.testexternalpart.tests.SmokeTest.checkAddStreamAccordingToDepartment
Check adding Stream according to department Java
Checking adding Stream according to Department
Java
Click on [&apos;Java&apos; Tab]
Click on [add Stream Button]
Checking text of element AddStream department name tab &apos;Java&apos;
Text of [AddStream department name tab &apos;Java&apos;] is correct
Click on [crumbs Back To Department Page]
</system-out>
    <system-err>Starting ChromeDriver (v2.9.248315) on port 16603
</system-err>
  </testcase>
  <testcase time="17.276" classname="com.epam.testexternalpart.tests.SmokeTest" name="checkElAllCandiadtesMenu"/>
  <testcase time="28.729" classname="com.epam.testexternalpart.tests.SmokeTest" name="checkElStreamPage"/>
  <testcase time="21.729" classname="com.epam.testexternalpart.tests.SmokeTest" name="checkElementsAddCandidate">
    <failure message="invalid selector: Unable to locate an element with the xpath expression //div[@id=&apos;crumds&apos;]] because of the following error:
SyntaxError: Failed to execute &apos;evaluate&apos; on &apos;Document&apos;: The string &apos;//div[@id=&apos;crumds&apos;]]&apos; is not a valid XPath expression.
  (Session info: chrome=39.0.2171.95)
  (Driver info: chromedriver=2.9.248315,platform=Windows NT 6.1 SP1 x86_64) (WARNING: The server did not provide any stacktrace information)
Command duration or timeout: 16 milliseconds
For documentation on this error, please visit: http://seleniumhq.org/exceptions/invalid_selector_exception.html
Build info: version: &apos;2.44.0&apos;, revision: &apos;76d78cf323ce037c5f92db6c1bba601c2ac43ad8&apos;, time: &apos;2014-10-23 13:11:40&apos;
System info: host: &apos;EPUAKHAW0329&apos;, ip: &apos;10.23.12.108&apos;, os.name: &apos;Windows 7&apos;, os.arch: &apos;amd64&apos;, os.version: &apos;6.1&apos;, java.version: &apos;1.7.0_67&apos;
Session ID: d85699eae7dedef154120fbea9cb2541
Driver info: org.openqa.selenium.chrome.ChromeDriver
Capabilities [{platform=XP, acceptSslCerts=true, javascriptEnabled=true, browserName=chrome, chrome={userDataDir=C:\Users\Olha_Myroliubova\AppData\Local\Temp\scoped_dir17032_26497}, rotatable=false, locationContextEnabled=true, version=39.0.2171.95, takesHeapSnapshot=true, cssSelectorsEnabled=true, databaseEnabled=false, handlesAlerts=true, browserConnectionEnabled=false, webStorageEnabled=true, nativeEvents=true, applicationCacheEnabled=false, takesScreenshot=true}]" type="org.openqa.selenium.InvalidSelectorException">org.openqa.selenium.InvalidSelectorException: invalid selector: Unable to locate an element with the xpath expression //div[@id=&apos;crumds&apos;]] because of the following error:
SyntaxError: Failed to execute &apos;evaluate&apos; on &apos;Document&apos;: The string &apos;//div[@id=&apos;crumds&apos;]]&apos; is not a valid XPath expression.
  (Session info: chrome=39.0.2171.95)
  (Driver info: chromedriver=2.9.248315,platform=Windows NT 6.1 SP1 x86_64) (WARNING: The server did not provide any stacktrace information)
Command duration or timeout: 16 milliseconds
For documentation on this error, please visit: http://seleniumhq.org/exceptions/invalid_selector_exception.html
Build info: version: &apos;2.44.0&apos;, revision: &apos;76d78cf323ce037c5f92db6c1bba601c2ac43ad8&apos;, time: &apos;2014-10-23 13:11:40&apos;
System info: host: &apos;EPUAKHAW0329&apos;, ip: &apos;10.23.12.108&apos;, os.name: &apos;Windows 7&apos;, os.arch: &apos;amd64&apos;, os.version: &apos;6.1&apos;, java.version: &apos;1.7.0_67&apos;
Session ID: d85699eae7dedef154120fbea9cb2541
Driver info: org.openqa.selenium.chrome.ChromeDriver
Capabilities [{platform=XP, acceptSslCerts=true, javascriptEnabled=true, browserName=chrome, chrome={userDataDir=C:\Users\Olha_Myroliubova\AppData\Local\Temp\scoped_dir17032_26497}, rotatable=false, locationContextEnabled=true, version=39.0.2171.95, takesHeapSnapshot=true, cssSelectorsEnabled=true, databaseEnabled=false, handlesAlerts=true, browserConnectionEnabled=false, webStorageEnabled=true, nativeEvents=true, applicationCacheEnabled=false, takesScreenshot=true}]
	at sun.reflect.NativeConstructorAccessorImpl.newInstance0(Native Method)
	at sun.reflect.NativeConstructorAccessorImpl.newInstance(Unknown Source)
	at sun.reflect.DelegatingConstructorAccessorImpl.newInstance(Unknown Source)
	at java.lang.reflect.Constructor.newInstance(Unknown Source)
	at org.openqa.selenium.remote.ErrorHandler.createThrowable(ErrorHandler.java:204)
	at org.openqa.selenium.remote.ErrorHandler.throwIfResponseFailed(ErrorHandler.java:156)
	at org.openqa.selenium.remote.RemoteWebDriver.execute(RemoteWebDriver.java:599)
	at org.openqa.selenium.remote.RemoteWebDriver.findElement(RemoteWebDriver.java:352)
	at org.openqa.selenium.remote.RemoteWebDriver.findElementByXPath(RemoteWebDriver.java:449)
	at org.openqa.selenium.By$ByXPath.findElement(By.java:357)
	at org.openqa.selenium.remote.RemoteWebDriver.findElement(RemoteWebDriver.java:344)
	at org.openqa.selenium.support.pagefactory.DefaultElementLocator.findElement(DefaultElementLocator.java:59)
	at org.openqa.selenium.support.pagefactory.internal.LocatingElementHandler.invoke(LocatingElementHandler.java:37)
	at com.sun.proxy.$Proxy9.getTagName(Unknown Source)
	at com.epam.testexternalpart.screen.Components.checkElementPartialText(Components.java:120)
	at com.epam.testexternalpart.screen.profile.CreateProfilePage.checkTextPresent(CreateProfilePage.java:148)
	at com.epam.testexternalpart.tests.SmokeTest.checkElementsAddCandidate(SmokeTest.java:71)
</failure>
    <system-out>[Invoker 1402809325] Keeping method BaseTest.startPage()[pri:0, instance:com.epam.testexternalpart.tests.SmokeTest@122638d0] for class [TestClass name=class com.epam.testexternalpart.tests.SmokeTest]
[Invoker 1402809325] Keeping method BaseTest.startPage()[pri:0, instance:com.epam.testexternalpart.tests.SmokeTest@122638d0] for class [TestClass name=class com.epam.testexternalpart.tests.SmokeTest]
[Invoker 1402809325] Invoking @BeforeMethod BaseTest.startPage()[pri:0, instance:com.epam.testexternalpart.tests.SmokeTest@122638d0]
[Invoker 1402809325] Invoking com.epam.testexternalpart.tests.SmokeTest.checkElementsAddCandidate
Check all elements are present on Add Candidate Page
Checking that click by selected stream reffering to Stream Page
Click on [First stream on first dep]
Checking the presence of the elemen [javaTab]
[javaTab]is Not Present
Checking that Stream Create Button reffering to Add Stream Page
Checking the presence of the elemen [add Candidate Button]
[add Candidate Button]is Not Present
Checking the presence of all elements on Add Profile Page
Checking the presence of the elemen [profileForm]
[profileForm]is Present
Checking the presence of the elemen [firstNameInput]
[firstNameInput]is Present
Checking the presence of the elemen [lastNameInput]
[lastNameInput]is Present
Checking the presence of the elemen [middleNameInput]
[middleNameInput]is Present
Checking the presence of the elemen [birthDateInput]
[birthDateInput]is Present
Checking the presence of the elemen [emailInput]
[emailInput]is Present
Checking the presence of the elemen [phoneInput]
[phoneInput]is Present
Checking the presence of the elemen [phoneSecondaryInput]
[phoneSecondaryInput]is Present
Checking the presence of the elemen [universityNameInput]
[universityNameInput]is Present
Checking the presence of the elemen [facultyNameInput]
[facultyNameInput]is Present
Checking the presence of the elemen [degreeInput]
[degreeInput]is Present
Checking the presence of the elemen [educationStartinput]
[educationStartinput]is Present
Checking the presence of the elemen [graduationYearInput]
[graduationYearInput]is Present
Checking the presence of the elemen [additionalEducationInput]
[additionalEducationInput]is Present
Checking the presence of the elemen [relevantSkilsInput]
[relevantSkilsInput]is Present
Checking the presence of the elemen [languageInput]
[languageInput]is Present
Checking the presence of the elemen [refererInput]
[refererInput]is Present
Checking the presence of the elemen [attemptInput]
[attemptInput]is Present
Checking the presence of the elemen [streamNameInput]
[streamNameInput]is Present
Checking the presence of the elemen [statusInput]
[statusInput]is Present
Checking the presence of the elemen [filldateInput]
[filldateInput]is Present
Checking the presence of the elemen [commentInput]
[commentInput]is Present
Checking the presence of the elemen []
[]is Present
Checking the presence of the elemen []
[]is Present
Checking the presence of the elemen []
[]is Present
Checking the presence of the elemen []
[]is Present
Checking the presence of the elemen []
[]is Present
Checking the presence of the elemen []
[]is Present
Checking the presence of the elemen [Create Profile Create Button]
[Create Profile Create Button]is Present
All elements are present on Add Profile Page
Checking the presence of all text on Add Profile Page
Checking text of element Profile Page Title
Text of [Profile Page Title] is correct
Checking partial text of element Crumbs
</system-out>
  </testcase>
  <testcase time="54.63" classname="com.epam.testexternalpart.tests.SmokeTest" name="checkElementsEditCandidate"/>
  <testcase time="10.443" classname="com.epam.testexternalpart.tests.SmokeTest" name="checkElementsPresentAddDepartmentPage"/>
  <testcase time="10.735" classname="com.epam.testexternalpart.tests.SmokeTest" name="checkElementsPresentAddStreamPage"/>
  <testcase time="0.251" classname="com.epam.testexternalpart.tests.SmokeTest" name="checkElementsPresentDepartmentPage">
    <failure message="No element [allDepartmentTabs] on the page  expected [true] but found [false]" type="java.lang.AssertionError">java.lang.AssertionError: No element [allDepartmentTabs] on the page  expected [true] but found [false]
	at org.testng.Assert.fail(Assert.java:94)
	at org.testng.Assert.failNotEquals(Assert.java:494)
	at org.testng.Assert.assertTrue(Assert.java:42)
	at com.epam.testexternalpart.screen.Components.isElementExist(Components.java:66)
	at com.epam.testexternalpart.screen.departments.Departments.checkElementsPresent(Departments.java:240)
	at com.epam.testexternalpart.tests.SmokeTest.checkElementsPresentDepartmentPage(SmokeTest.java:16)
</failure>
    <system-out>[Invoker 1402809325] Keeping method BaseTest.startPage()[pri:0, instance:com.epam.testexternalpart.tests.SmokeTest@122638d0] for class [TestClass name=class com.epam.testexternalpart.tests.SmokeTest]
[Invoker 1402809325] Keeping method BaseTest.startPage()[pri:0, instance:com.epam.testexternalpart.tests.SmokeTest@122638d0] for class [TestClass name=class com.epam.testexternalpart.tests.SmokeTest]
[Invoker 1402809325] Invoking @BeforeMethod BaseTest.startPage()[pri:0, instance:com.epam.testexternalpart.tests.SmokeTest@122638d0]
[Invoker 1402809325] Invoking com.epam.testexternalpart.tests.SmokeTest.checkElementsPresentDepartmentPage
Check all elements are present on DepartmentPage
Checking the presence of all text on Department Page
Checking text of element Department title
Text of [Department title] is correct
Checking partial text of element Crumbs
Text of [Crumbs] is correct
All text is present on Department Page
Checking the presence of all elements on Department Page
Checking the presence of the elemen [allDepartmentTabs]
</system-out>
  </testcase>
  <testcase time="58.741" classname="com.epam.testexternalpart.tests.SmokeTest" name="checkElementsViewCandidate"/>
  <testcase time="2.054" classname="com.epam.testexternalpart.tests.SmokeTest" name="checkEmailTemplatesPage"/>
  <testcase time="0" classname="com.epam.testexternalpart.tests.SmokeTest" name="checkMailSettingsMenu"/>
  <testcase time="0.336" classname="com.epam.testexternalpart.tests.SmokeTest" name="checkMenu"/>
  <testcase time="10.458" classname="com.epam.testexternalpart.tests.DepartmentTest" name="testAddDepartment"/>
  <testcase time="21.807" classname="com.epam.testexternalpart.tests.DepartmentTest" name="testAddDepartmentWithValidName"/>
  <testcase time="32.702" classname="com.epam.testexternalpart.tests.DepartmentTest" name="testEditDepartmentName"/>
  <testcase time="0.721" classname="com.epam.testexternalpart.tests.StreamTest" name="testAddNewInValidStream"/>
  <testcase time="0.396" classname="com.epam.testexternalpart.tests.StreamTest" name="testAddNewInValidStream"/>
  <testcase time="0.496" classname="com.epam.testexternalpart.tests.StreamTest" name="testAddNewInValidStream"/>
  <testcase time="0.485" classname="com.epam.testexternalpart.tests.StreamTest" name="testAddNewInValidStream"/>
  <testcase time="1.554" classname="com.epam.testexternalpart.tests.StreamTest" name="testAddNewValidStream"/>
  <testcase time="1.48" classname="com.epam.testexternalpart.tests.StreamTest" name="testAddNewValidStream"/>
  <testcase time="0.456" classname="com.epam.testexternalpart.tests.StreamTest" name="testEditStream"/>
  <testcase time="0.42" classname="com.epam.testexternalpart.tests.StreamTest" name="testEditStream"/>
  <testcase time="2.41" classname="com.epam.testexternalpart.tests.AddCandidateTest" name="addCandidate"/>
  <testcase time="17.581" classname="com.epam.testexternalpart.tests.AddCandidateTest" name="addCandidateManually"/>
  <testcase time="23.636" classname="com.epam.testexternalpart.tests.AddCandidateTest" name="bannWithButton"/>
  <testcase time="128.152" classname="com.epam.testexternalpart.tests.AddCandidateTest" name="changeStatus"/>
  <testcase time="8.647" classname="com.epam.testexternalpart.tests.AddCandidateTest" name="deleteAllCandidates"/>
  <testcase time="22.21" classname="com.epam.testexternalpart.tests.SeveralStreamTest" name="addCandidateToSeveralDepartment">
    <failure message="Index: 2, Size: 0" type="java.lang.IndexOutOfBoundsException">java.lang.IndexOutOfBoundsException: Index: 2, Size: 0
	at java.util.ArrayList.rangeCheck(Unknown Source)
	at java.util.ArrayList.get(Unknown Source)
	at sun.reflect.GeneratedMethodAccessor9.invoke(Unknown Source)
	at sun.reflect.DelegatingMethodAccessorImpl.invoke(Unknown Source)
	at java.lang.reflect.Method.invoke(Unknown Source)
	at org.openqa.selenium.support.pagefactory.internal.LocatingElementListHandler.invoke(LocatingElementListHandler.java:38)
	at com.sun.proxy.$Proxy10.get(Unknown Source)
	at com.epam.testexternalpart.tests.SeveralStreamTest.addCandidateToSeveralDepartment(SeveralStreamTest.java:16)
</failure>
    <system-out>[Invoker 1402809325] Keeping method BaseTest.tearDown()[pri:0, instance:com.epam.testexternalpart.tests.AddCandidateTest@62fdfcef] for class [TestClass name=class com.epam.testexternalpart.tests.AddCandidateTest]
[Invoker 1402809325] Invoking @AfterClass BaseTest.tearDown()[pri:0, instance:com.epam.testexternalpart.tests.AddCandidateTest@62fdfcef]
===== Invoked methods
  BaseTest.init()[pri:0, instance:com.epam.testexternalpart.tests.AddCandidateTest@62fdfcef] 1660812527
    AddCandidateTest.addCandidate(java.lang.String)[pri:0, instance:com.epam.testexternalpart.tests.AddCandidateTest@62fdfcef]; ; ; ; ; ;  1660812527
    AddCandidateTest.addCandidateManually(java.lang.String)[pri:0, instance:com.epam.testexternalpart.tests.AddCandidateTest@62fdfcef]Ololo;Ololoev;Olololoevich;02.12.2013;sdhgjshgj@mail.ru;+380505465345;  1660812527
    AddCandidateTest.bannWithButton(java.lang.String)[pri:0, instance:com.epam.testexternalpart.tests.AddCandidateTest@62fdfcef]Ololo;Ololoev;Olololoevich;02.12.2013;sdhgjshgj@mail.ru;+380505465345;  1660812527
    AddCandidateTest.changeStatus(java.lang.String, java.lang.String, java.lang.String, java.lang.String, java.lang.String, java.lang.String)[pri:0, instance:com.epam.testexternalpart.tests.AddCandidateTest@62fdfcef]Ololo;Ololoev;Olololoevich;02.12.2013;sdhgjshgj@mail.ru;+380505465345; confirmed test completed not actual banned 1;Ololo;Ololoev;Olololoevich;02.12.2013;sdhgjshgj@mail.ru;+380505465345;  1660812527
    AddCandidateTest.deleteAllCandidates(java.lang.String)[pri:0, instance:com.epam.testexternalpart.tests.AddCandidateTest@62fdfcef]No matching records found  1660812527
  BaseTest.tearDown()[pri:0, instance:com.epam.testexternalpart.tests.AddCandidateTest@62fdfcef] 1660812527
=====
[TestRunner] Running test SeveralStreamTest on 1  classes,  included groups:[] excluded groups:[]
===== Test class
com.epam.testexternalpart.tests.SeveralStreamTest
  @BeforeClass BaseTest.init()[pri:0, instance:com.epam.testexternalpart.tests.SeveralStreamTest@4de8ce62]
  @BeforeMethod BaseTest.startPage()[pri:0, instance:com.epam.testexternalpart.tests.SeveralStreamTest@4de8ce62]
    @Test SeveralStreamTest.addCandidateToSeveralDepartment(java.lang.String)[pri:0, instance:com.epam.testexternalpart.tests.SeveralStreamTest@4de8ce62]
  @AfterClass BaseTest.tearDown()[pri:0, instance:com.epam.testexternalpart.tests.SeveralStreamTest@4de8ce62]
======
[Invoker 1402809325] Keeping method BaseTest.init()[pri:0, instance:com.epam.testexternalpart.tests.SeveralStreamTest@4de8ce62] for class [TestClass name=class com.epam.testexternalpart.tests.SeveralStreamTest]
[Invoker 1402809325] Invoking @BeforeClass BaseTest.init()[pri:0, instance:com.epam.testexternalpart.tests.SeveralStreamTest@4de8ce62]
[Invoker 1402809325] Keeping method BaseTest.startPage()[pri:0, instance:com.epam.testexternalpart.tests.SeveralStreamTest@4de8ce62] for class [TestClass name=class com.epam.testexternalpart.tests.SeveralStreamTest]
[Invoker 1402809325] Keeping method BaseTest.startPage()[pri:0, instance:com.epam.testexternalpart.tests.SeveralStreamTest@4de8ce62] for class [TestClass name=class com.epam.testexternalpart.tests.SeveralStreamTest]
[Invoker 1402809325] Invoking @BeforeMethod BaseTest.startPage()[pri:0, instance:com.epam.testexternalpart.tests.SeveralStreamTest@4de8ce62]
[Invoker 1402809325] Invoking com.epam.testexternalpart.tests.SeveralStreamTest.addCandidateToSeveralDepartment
Click on [Click first_stream]
Click on [Click addCandidateButton]
Creating new candidate with fields-Harry;Potter;James;02.12.2013;sdhgjshg1j@mail.ru;+380505465345;
Click on [Click Create Candidate Button]
Checking the presence of the elemen [Create Profile Create Button]
[Create Profile Create Button]is Not Present
Click on [Click on crumbs]
</system-out>
    <system-err>Starting ChromeDriver (v2.9.248315) on port 12609
</system-err>
  </testcase>
  <testcase time="50.194" classname="com.epam.testexternalpart.tests.SearchTest" name="allCandidatesSearch">
    <failure message="expected [true] but found [false]" type="java.lang.AssertionError">java.lang.AssertionError: expected [true] but found [false]
	at org.testng.Assert.fail(Assert.java:94)
	at org.testng.Assert.failNotEquals(Assert.java:494)
	at org.testng.Assert.assertTrue(Assert.java:42)
	at org.testng.Assert.assertTrue(Assert.java:52)
	at com.epam.testexternalpart.screen.stream.StreamPage.searchResultCheck(StreamPage.java:722)
	at com.epam.testexternalpart.tests.SearchTest.allCandidatesSearch(SearchTest.java:60)
</failure>
    <system-out>[Invoker 1402809325] Keeping method BaseTest.tearDown()[pri:0, instance:com.epam.testexternalpart.tests.SeveralStreamTest@4de8ce62] for class [TestClass name=class com.epam.testexternalpart.tests.SeveralStreamTest]
[Invoker 1402809325] Invoking @AfterClass BaseTest.tearDown()[pri:0, instance:com.epam.testexternalpart.tests.SeveralStreamTest@4de8ce62]
===== Invoked methods
  BaseTest.init()[pri:0, instance:com.epam.testexternalpart.tests.SeveralStreamTest@4de8ce62] 1307102818
    SeveralStreamTest.addCandidateToSeveralDepartment(java.lang.String)[pri:0, instance:com.epam.testexternalpart.tests.SeveralStreamTest@4de8ce62]Harry;Potter;James;02.12.2013;sdhgjshg1j@mail.ru;+380505465345;  1307102818
  BaseTest.tearDown()[pri:0, instance:com.epam.testexternalpart.tests.SeveralStreamTest@4de8ce62] 1307102818
=====
[TestRunner] Running test SearchStreamTest on 1  classes,  included groups:[] excluded groups:[]
===== Test class
com.epam.testexternalpart.tests.SearchTest
  @BeforeClass BaseTest.init()[pri:0, instance:com.epam.testexternalpart.tests.SearchTest@74e42433]
  @BeforeMethod BaseTest.startPage()[pri:0, instance:com.epam.testexternalpart.tests.SearchTest@74e42433]
    @Test SearchTest.allCandidatesSearch(java.lang.String, java.lang.String, java.lang.String, java.lang.String, java.lang.String)[pri:0, instance:com.epam.testexternalpart.tests.SearchTest@74e42433]
    @Test SearchTest.streamSearch(java.lang.String, java.lang.String, java.lang.String, java.lang.String, java.lang.String)[pri:0, instance:com.epam.testexternalpart.tests.SearchTest@74e42433]
  @AfterClass BaseTest.tearDown()[pri:0, instance:com.epam.testexternalpart.tests.SearchTest@74e42433]
======
[Invoker 1402809325] Keeping method BaseTest.init()[pri:0, instance:com.epam.testexternalpart.tests.SearchTest@74e42433] for class [TestClass name=class com.epam.testexternalpart.tests.SearchTest]
[Invoker 1402809325] Invoking @BeforeClass BaseTest.init()[pri:0, instance:com.epam.testexternalpart.tests.SearchTest@74e42433]
[Invoker 1402809325] Keeping method BaseTest.startPage()[pri:0, instance:com.epam.testexternalpart.tests.SearchTest@74e42433] for class [TestClass name=class com.epam.testexternalpart.tests.SearchTest]
[Invoker 1402809325] Keeping method BaseTest.startPage()[pri:0, instance:com.epam.testexternalpart.tests.SearchTest@74e42433] for class [TestClass name=class com.epam.testexternalpart.tests.SearchTest]
[Invoker 1402809325] Invoking @BeforeMethod BaseTest.startPage()[pri:0, instance:com.epam.testexternalpart.tests.SearchTest@74e42433]
[Invoker 1402809325] Invoking com.epam.testexternalpart.tests.SearchTest.allCandidatesSearch
Check search in AllCandidatesPage
Click on [First stream on first dep]
Create candidates for test
Click on [addCandidateBut]
Creating new candidate with fields-Ololo;Ololoev;Olololoevich;02.12.2013;sdhgjshgj@mail.ru;+380505465345;
Click on [Click Create Candidate Button]
Checking the presence of the elemen [Create Profile Create Button]
[Create Profile Create Button]is Not Present
Check if new candidate was added
candidate was added
Click on [addCandidateBut]
Creating new candidate with fields-Ololo1;Ololoev1;Olololoevich1;02.12.2013;sdhgjshgj1@mail.ru;+380505465346;
Click on [Click Create Candidate Button]
Checking the presence of the elemen [Create Profile Create Button]
[Create Profile Create Button]is Not Present
Check if new candidate was added
candidate was added
Click on [addCandidateBut]
Creating new candidate with fields-Ololo2;Ololoev2;Olololoevich2;02.12.2013;sdhgjshgj2@mail.ru;+380505465347;
Click on [Click Create Candidate Button]
Checking the presence of the elemen [Create Profile Create Button]
[Create Profile Create Button]is Not Present
Check if new candidate was added
candidate was added
Click on [allCandidatesButton]
Perform search for Ololo1
Search for [Ololo1]
</system-out>
    <system-err>Starting ChromeDriver (v2.9.248315) on port 11460
</system-err>
  </testcase>
  <testcase time="49.135" classname="com.epam.testexternalpart.tests.SearchTest" name="streamSearch">
    <failure type="java.lang.NullPointerException">java.lang.NullPointerException
	at com.epam.testexternalpart.screen.stream.StreamPage.performSearch(StreamPage.java:702)
	at com.epam.testexternalpart.tests.SearchTest.streamSearch(SearchTest.java:29)
</failure>
    <system-out>[Invoker 1402809325] Keeping method BaseTest.startPage()[pri:0, instance:com.epam.testexternalpart.tests.SearchTest@74e42433] for class [TestClass name=class com.epam.testexternalpart.tests.SearchTest]
[Invoker 1402809325] Keeping method BaseTest.startPage()[pri:0, instance:com.epam.testexternalpart.tests.SearchTest@74e42433] for class [TestClass name=class com.epam.testexternalpart.tests.SearchTest]
[Invoker 1402809325] Invoking @BeforeMethod BaseTest.startPage()[pri:0, instance:com.epam.testexternalpart.tests.SearchTest@74e42433]
[Invoker 1402809325] Invoking com.epam.testexternalpart.tests.SearchTest.streamSearch
Check search in Stream
Click on [First stream on first dep]
Create candidates for test
Click on [addCandidateBut]
Creating new candidate with fields-Ololo;Ololoev;Olololoevich;02.12.2013;sdhgjshgj@mail.ru;+380505465345;
Click on [Click Create Candidate Button]
Checking the presence of the elemen [Create Profile Create Button]
[Create Profile Create Button]is Not Present
Check if new candidate was added
candidate was added
Click on [addCandidateBut]
Creating new candidate with fields-Ololo1;Ololoev1;Olololoevich1;02.12.2013;sdhgjshgj1@mail.ru;+380505465346;
Click on [Click Create Candidate Button]
Checking the presence of the elemen [Create Profile Create Button]
[Create Profile Create Button]is Not Present
Check if new candidate was added
candidate was added
Click on [addCandidateBut]
Creating new candidate with fields-Ololo2;Ololoev2;Olololoevich2;02.12.2013;sdhgjshgj2@mail.ru;+380505465347;
Click on [Click Create Candidate Button]
Checking the presence of the elemen [Create Profile Create Button]
[Create Profile Create Button]is Not Present
Check if new candidate was added
candidate was added
Perform search for Ololo1
Search for [Ololo1]
</system-out>
  </testcase>
  <testcase time="816.547" classname="com.epam.testexternalpart.tests.PlaceForTestingTest" name="addNewPlaceForTesting">
    <failure message="chrome not reachable
  (Session info: chrome=39.0.2171.95)
  (Driver info: chromedriver=2.9.248315,platform=Windows NT 6.1 SP1 x86_64) (WARNING: The server did not provide any stacktrace information)
Command duration or timeout: 2.11 seconds
Build info: version: &apos;2.44.0&apos;, revision: &apos;76d78cf323ce037c5f92db6c1bba601c2ac43ad8&apos;, time: &apos;2014-10-23 13:11:40&apos;
System info: host: &apos;EPUAKHAW0329&apos;, ip: &apos;10.23.12.108&apos;, os.name: &apos;Windows 7&apos;, os.arch: &apos;amd64&apos;, os.version: &apos;6.1&apos;, java.version: &apos;1.7.0_67&apos;
Session ID: 63d44f2fff7d2496345edf577badbd7c
Driver info: org.openqa.selenium.chrome.ChromeDriver
Capabilities [{platform=XP, acceptSslCerts=true, javascriptEnabled=true, browserName=chrome, chrome={userDataDir=C:\Users\Olha_Myroliubova\AppData\Local\Temp\scoped_dir7820_21404}, rotatable=false, locationContextEnabled=true, version=39.0.2171.95, takesHeapSnapshot=true, cssSelectorsEnabled=true, databaseEnabled=false, handlesAlerts=true, browserConnectionEnabled=false, webStorageEnabled=true, nativeEvents=true, applicationCacheEnabled=false, takesScreenshot=true}]" type="org.openqa.selenium.WebDriverException">org.openqa.selenium.WebDriverException: chrome not reachable
  (Session info: chrome=39.0.2171.95)
  (Driver info: chromedriver=2.9.248315,platform=Windows NT 6.1 SP1 x86_64) (WARNING: The server did not provide any stacktrace information)
Command duration or timeout: 2.11 seconds
Build info: version: &apos;2.44.0&apos;, revision: &apos;76d78cf323ce037c5f92db6c1bba601c2ac43ad8&apos;, time: &apos;2014-10-23 13:11:40&apos;
System info: host: &apos;EPUAKHAW0329&apos;, ip: &apos;10.23.12.108&apos;, os.name: &apos;Windows 7&apos;, os.arch: &apos;amd64&apos;, os.version: &apos;6.1&apos;, java.version: &apos;1.7.0_67&apos;
Session ID: 63d44f2fff7d2496345edf577badbd7c
Driver info: org.openqa.selenium.chrome.ChromeDriver
Capabilities [{platform=XP, acceptSslCerts=true, javascriptEnabled=true, browserName=chrome, chrome={userDataDir=C:\Users\Olha_Myroliubova\AppData\Local\Temp\scoped_dir7820_21404}, rotatable=false, locationContextEnabled=true, version=39.0.2171.95, takesHeapSnapshot=true, cssSelectorsEnabled=true, databaseEnabled=false, handlesAlerts=true, browserConnectionEnabled=false, webStorageEnabled=true, nativeEvents=true, applicationCacheEnabled=false, takesScreenshot=true}]
	at sun.reflect.NativeConstructorAccessorImpl.newInstance0(Native Method)
	at sun.reflect.NativeConstructorAccessorImpl.newInstance(Unknown Source)
	at sun.reflect.DelegatingConstructorAccessorImpl.newInstance(Unknown Source)
	at java.lang.reflect.Constructor.newInstance(Unknown Source)
	at org.openqa.selenium.remote.ErrorHandler.createThrowable(ErrorHandler.java:204)
	at org.openqa.selenium.remote.ErrorHandler.throwIfResponseFailed(ErrorHandler.java:156)
	at org.openqa.selenium.remote.RemoteWebDriver.execute(RemoteWebDriver.java:599)
	at org.openqa.selenium.remote.RemoteWebDriver.findElement(RemoteWebDriver.java:352)
	at org.openqa.selenium.remote.RemoteWebDriver.findElementByXPath(RemoteWebDriver.java:449)
	at org.openqa.selenium.By$ByXPath.findElement(By.java:357)
	at org.openqa.selenium.remote.RemoteWebDriver.findElement(RemoteWebDriver.java:344)
	at org.openqa.selenium.support.pagefactory.DefaultElementLocator.findElement(DefaultElementLocator.java:59)
	at org.openqa.selenium.support.pagefactory.internal.LocatingElementHandler.invoke(LocatingElementHandler.java:37)
	at com.sun.proxy.$Proxy9.isDisplayed(Unknown Source)
	at org.openqa.selenium.support.ui.ExpectedConditions.elementIfVisible(ExpectedConditions.java:227)
	at org.openqa.selenium.support.ui.ExpectedConditions.access$100(ExpectedConditions.java:39)
	at org.openqa.selenium.support.ui.ExpectedConditions$7.apply(ExpectedConditions.java:213)
	at org.openqa.selenium.support.ui.ExpectedConditions$7.apply(ExpectedConditions.java:210)
	at org.openqa.selenium.support.ui.ExpectedConditions$18.apply(ExpectedConditions.java:563)
	at org.openqa.selenium.support.ui.ExpectedConditions$18.apply(ExpectedConditions.java:556)
	at org.openqa.selenium.support.ui.FluentWait.until(FluentWait.java:208)
	at com.epam.testexternalpart.screen.Components.clickElement(Components.java:78)
	at com.epam.testexternalpart.tests.PlaceForTestingTest.addNewPlaceForTesting(PlaceForTestingTest.java:11)
</failure>
    <system-out>[Invoker 1402809325] Keeping method BaseTest.tearDown()[pri:0, instance:com.epam.testexternalpart.tests.SearchTest@74e42433] for class [TestClass name=class com.epam.testexternalpart.tests.SearchTest]
[Invoker 1402809325] Invoking @AfterClass BaseTest.tearDown()[pri:0, instance:com.epam.testexternalpart.tests.SearchTest@74e42433]
===== Invoked methods
  BaseTest.init()[pri:0, instance:com.epam.testexternalpart.tests.SearchTest@74e42433] 1961108531
    SearchTest.allCandidatesSearch(java.lang.String, java.lang.String, java.lang.String, java.lang.String, java.lang.String)[pri:0, instance:com.epam.testexternalpart.tests.SearchTest@74e42433]Ololo;Ololoev;Olololoevich;02.12.2013;sdhgjshgj@mail.ru;+380505465345; Ololo1;Ololoev1;Olololoevich1;02.12.2013;sdhgjshgj1@mail.ru;+380505465346; Ololo2;Ololoev2;Olololoevich2;02.12.2013;sdhgjshgj2@mail.ru;+380505465347; Ololo1 Ololoev  1961108531
    SearchTest.streamSearch(java.lang.String, java.lang.String, java.lang.String, java.lang.String, java.lang.String)[pri:0, instance:com.epam.testexternalpart.tests.SearchTest@74e42433]Ololo;Ololoev;Olololoevich;02.12.2013;sdhgjshgj@mail.ru;+380505465345; Ololo1;Ololoev1;Olololoevich1;02.12.2013;sdhgjshgj1@mail.ru;+380505465346; Ololo2;Ololoev2;Olololoevich2;02.12.2013;sdhgjshgj2@mail.ru;+380505465347; Ololo1 Ololoev  1961108531
  BaseTest.tearDown()[pri:0, instance:com.epam.testexternalpart.tests.SearchTest@74e42433] 1961108531
=====
[TestRunner] Running test PlaceForTestingTest on 1  classes,  included groups:[] excluded groups:[]
===== Test class
com.epam.testexternalpart.tests.PlaceForTestingTest
  @BeforeClass BaseTest.init()[pri:0, instance:com.epam.testexternalpart.tests.PlaceForTestingTest@3acc0a7c]
  @BeforeMethod BaseTest.startPage()[pri:0, instance:com.epam.testexternalpart.tests.PlaceForTestingTest@3acc0a7c]
    @Test PlaceForTestingTest.deleteNewPlaceForTesting(java.lang.String, java.lang.String, java.lang.String, java.lang.String)[pri:0, instance:com.epam.testexternalpart.tests.PlaceForTestingTest@3acc0a7c]
    @Test PlaceForTestingTest.editNewPlaceForTesting(java.lang.String, java.lang.String, java.lang.String, java.lang.String, java.lang.String, java.lang.String, java.lang.String, java.lang.String)[pri:0, instance:com.epam.testexternalpart.tests.PlaceForTestingTest@3acc0a7c]
    @Test PlaceForTestingTest.addNewPlaceForTesting(java.lang.String, java.lang.String, java.lang.String, java.lang.String)[pri:0, instance:com.epam.testexternalpart.tests.PlaceForTestingTest@3acc0a7c]
  @AfterClass BaseTest.tearDown()[pri:0, instance:com.epam.testexternalpart.tests.PlaceForTestingTest@3acc0a7c]
======
[Invoker 1402809325] Keeping method BaseTest.init()[pri:0, instance:com.epam.testexternalpart.tests.PlaceForTestingTest@3acc0a7c] for class [TestClass name=class com.epam.testexternalpart.tests.PlaceForTestingTest]
[Invoker 1402809325] Invoking @BeforeClass BaseTest.init()[pri:0, instance:com.epam.testexternalpart.tests.PlaceForTestingTest@3acc0a7c]
[Invoker 1402809325] Keeping method BaseTest.startPage()[pri:0, instance:com.epam.testexternalpart.tests.PlaceForTestingTest@3acc0a7c] for class [TestClass name=class com.epam.testexternalpart.tests.PlaceForTestingTest]
[Invoker 1402809325] Keeping method BaseTest.startPage()[pri:0, instance:com.epam.testexternalpart.tests.PlaceForTestingTest@3acc0a7c] for class [TestClass name=class com.epam.testexternalpart.tests.PlaceForTestingTest]
[Invoker 1402809325] Invoking @BeforeMethod BaseTest.startPage()[pri:0, instance:com.epam.testexternalpart.tests.PlaceForTestingTest@3acc0a7c]
[Invoker 1402809325] Invoking com.epam.testexternalpart.tests.PlaceForTestingTest.addNewPlaceForTesting
Click on [Click on placeForTestingButton]
</system-out>
    <system-err>Starting ChromeDriver (v2.9.248315) on port 16818
</system-err>
  </testcase>
  <testcase time="818.58" classname="com.epam.testexternalpart.tests.PlaceForTestingTest" name="startPage">
    <failure message="chrome not reachable
  (Session info: chrome=39.0.2171.95)
  (Driver info: chromedriver=2.9.248315,platform=Windows NT 6.1 SP1 x86_64) (WARNING: The server did not provide any stacktrace information)
Command duration or timeout: 2.01 seconds
Build info: version: &apos;2.44.0&apos;, revision: &apos;76d78cf323ce037c5f92db6c1bba601c2ac43ad8&apos;, time: &apos;2014-10-23 13:11:40&apos;
System info: host: &apos;EPUAKHAW0329&apos;, ip: &apos;10.23.12.108&apos;, os.name: &apos;Windows 7&apos;, os.arch: &apos;amd64&apos;, os.version: &apos;6.1&apos;, java.version: &apos;1.7.0_67&apos;
Session ID: 63d44f2fff7d2496345edf577badbd7c
Driver info: org.openqa.selenium.chrome.ChromeDriver
Capabilities [{platform=XP, acceptSslCerts=true, javascriptEnabled=true, browserName=chrome, chrome={userDataDir=C:\Users\Olha_Myroliubova\AppData\Local\Temp\scoped_dir7820_21404}, rotatable=false, locationContextEnabled=true, version=39.0.2171.95, takesHeapSnapshot=true, cssSelectorsEnabled=true, databaseEnabled=false, handlesAlerts=true, browserConnectionEnabled=false, webStorageEnabled=true, nativeEvents=true, applicationCacheEnabled=false, takesScreenshot=true}]" type="org.openqa.selenium.WebDriverException">org.openqa.selenium.WebDriverException: chrome not reachable
  (Session info: chrome=39.0.2171.95)
  (Driver info: chromedriver=2.9.248315,platform=Windows NT 6.1 SP1 x86_64) (WARNING: The server did not provide any stacktrace information)
Command duration or timeout: 2.01 seconds
Build info: version: &apos;2.44.0&apos;, revision: &apos;76d78cf323ce037c5f92db6c1bba601c2ac43ad8&apos;, time: &apos;2014-10-23 13:11:40&apos;
System info: host: &apos;EPUAKHAW0329&apos;, ip: &apos;10.23.12.108&apos;, os.name: &apos;Windows 7&apos;, os.arch: &apos;amd64&apos;, os.version: &apos;6.1&apos;, java.version: &apos;1.7.0_67&apos;
Session ID: 63d44f2fff7d2496345edf577badbd7c
Driver info: org.openqa.selenium.chrome.ChromeDriver
Capabilities [{platform=XP, acceptSslCerts=true, javascriptEnabled=true, browserName=chrome, chrome={userDataDir=C:\Users\Olha_Myroliubova\AppData\Local\Temp\scoped_dir7820_21404}, rotatable=false, locationContextEnabled=true, version=39.0.2171.95, takesHeapSnapshot=true, cssSelectorsEnabled=true, databaseEnabled=false, handlesAlerts=true, browserConnectionEnabled=false, webStorageEnabled=true, nativeEvents=true, applicationCacheEnabled=false, takesScreenshot=true}]
	at sun.reflect.NativeConstructorAccessorImpl.newInstance0(Native Method)
	at sun.reflect.NativeConstructorAccessorImpl.newInstance(Unknown Source)
	at sun.reflect.DelegatingConstructorAccessorImpl.newInstance(Unknown Source)
	at java.lang.reflect.Constructor.newInstance(Unknown Source)
	at org.openqa.selenium.remote.ErrorHandler.createThrowable(ErrorHandler.java:204)
	at org.openqa.selenium.remote.ErrorHandler.throwIfResponseFailed(ErrorHandler.java:156)
	at org.openqa.selenium.remote.RemoteWebDriver.execute(RemoteWebDriver.java:599)
	at org.openqa.selenium.remote.RemoteWebDriver.get(RemoteWebDriver.java:304)
	at com.epam.testexternalpart.core.BaseTest.startPage(BaseTest.java:77)
	at sun.reflect.GeneratedMethodAccessor15.invoke(Unknown Source)
	at sun.reflect.DelegatingMethodAccessorImpl.invoke(Unknown Source)
	at java.lang.reflect.Method.invoke(Unknown Source)
	at org.testng.internal.MethodInvocationHelper.invokeMethod(MethodInvocationHelper.java:84)
	at org.testng.internal.Invoker.invokeConfigurationMethod(Invoker.java:564)
	at org.testng.internal.Invoker.invokeConfigurations(Invoker.java:213)
	at org.testng.internal.Invoker.invokeMethod(Invoker.java:653)
	at org.testng.internal.Invoker.invokeTestMethod(Invoker.java:901)
	at org.testng.internal.Invoker.invokeTestMethods(Invoker.java:1231)
	at org.testng.internal.TestMethodWorker.invokeTestMethods(TestMethodWorker.java:127)
	at org.testng.internal.TestMethodWorker.run(TestMethodWorker.java:111)
	at org.testng.TestRunner.privateRun(TestRunner.java:767)
	at org.testng.TestRunner.run(TestRunner.java:617)
	at org.testng.SuiteRunner.runTest(SuiteRunner.java:348)
	at org.testng.SuiteRunner.runSequentially(SuiteRunner.java:343)
	at org.testng.SuiteRunner.privateRun(SuiteRunner.java:305)
	at org.testng.SuiteRunner.run(SuiteRunner.java:254)
	at org.testng.SuiteRunnerWorker.runSuite(SuiteRunnerWorker.java:52)
	at org.testng.SuiteRunnerWorker.run(SuiteRunnerWorker.java:86)
	at org.testng.TestNG.runSuitesSequentially(TestNG.java:1224)
	at org.testng.TestNG.runSuitesLocally(TestNG.java:1149)
	at org.testng.TestNG.run(TestNG.java:1057)
	at org.apache.maven.surefire.testng.TestNGExecutor.run(TestNGExecutor.java:178)
	at org.apache.maven.surefire.testng.TestNGXmlTestSuite.execute(TestNGXmlTestSuite.java:92)
	at org.apache.maven.surefire.testng.TestNGProvider.invoke(TestNGProvider.java:96)
	at sun.reflect.NativeMethodAccessorImpl.invoke0(Native Method)
	at sun.reflect.NativeMethodAccessorImpl.invoke(Unknown Source)
	at sun.reflect.DelegatingMethodAccessorImpl.invoke(Unknown Source)
	at java.lang.reflect.Method.invoke(Unknown Source)
	at org.apache.maven.surefire.util.ReflectionUtils.invokeMethodWithArray(ReflectionUtils.java:189)
	at org.apache.maven.surefire.booter.ProviderFactory$ProviderProxy.invoke(ProviderFactory.java:165)
	at org.apache.maven.surefire.booter.ProviderFactory.invokeProvider(ProviderFactory.java:85)
	at org.apache.maven.surefire.booter.ForkedBooter.runSuitesInProcess(ForkedBooter.java:115)
	at org.apache.maven.surefire.booter.ForkedBooter.main(ForkedBooter.java:75)
</failure>
    <system-out>[Invoker 1402809325] Keeping method BaseTest.startPage()[pri:0, instance:com.epam.testexternalpart.tests.PlaceForTestingTest@3acc0a7c] for class [TestClass name=class com.epam.testexternalpart.tests.PlaceForTestingTest]
[Invoker 1402809325] Keeping method BaseTest.startPage()[pri:0, instance:com.epam.testexternalpart.tests.PlaceForTestingTest@3acc0a7c] for class [TestClass name=class com.epam.testexternalpart.tests.PlaceForTestingTest]
[Invoker 1402809325] Invoking @BeforeMethod BaseTest.startPage()[pri:0, instance:com.epam.testexternalpart.tests.PlaceForTestingTest@3acc0a7c]
Failed to invoke configuration method com.epam.testexternalpart.core.BaseTest.startPage:chrome not reachable
  (Session info: chrome=39.0.2171.95)
  (Driver info: chromedriver=2.9.248315,platform=Windows NT 6.1 SP1 x86_64) (WARNING: The server did not provide any stacktrace information)
Command duration or timeout: 2.01 seconds
Build info: version: &apos;2.44.0&apos;, revision: &apos;76d78cf323ce037c5f92db6c1bba601c2ac43ad8&apos;, time: &apos;2014-10-23 13:11:40&apos;
System info: host: &apos;EPUAKHAW0329&apos;, ip: &apos;10.23.12.108&apos;, os.name: &apos;Windows 7&apos;, os.arch: &apos;amd64&apos;, os.version: &apos;6.1&apos;, java.version: &apos;1.7.0_67&apos;
Session ID: 63d44f2fff7d2496345edf577badbd7c
Driver info: org.openqa.selenium.chrome.ChromeDriver
Capabilities [{platform=XP, acceptSslCerts=true, javascriptEnabled=true, browserName=chrome, chrome={userDataDir=C:\Users\Olha_Myroliubova\AppData\Local\Temp\scoped_dir7820_21404}, rotatable=false, locationContextEnabled=true, version=39.0.2171.95, takesHeapSnapshot=true, cssSelectorsEnabled=true, databaseEnabled=false, handlesAlerts=true, browserConnectionEnabled=false, webStorageEnabled=true, nativeEvents=true, applicationCacheEnabled=false, takesScreenshot=true}]
</system-out>
  </testcase>
  <testcase time="0.001" classname="com.epam.testexternalpart.tests.PlaceForTestingTest" name="deleteNewPlaceForTesting">
    <skipped/>
  </testcase>
  <testcase time="0.024" classname="com.epam.testexternalpart.tests.PlaceForTestingTest" name="startPage">
    <skipped/>
    <system-out>[Invoker 1402809325] Keeping method BaseTest.startPage()[pri:0, instance:com.epam.testexternalpart.tests.PlaceForTestingTest@3acc0a7c] for class [TestClass name=class com.epam.testexternalpart.tests.PlaceForTestingTest]
[Invoker 1402809325] Keeping method BaseTest.startPage()[pri:0, instance:com.epam.testexternalpart.tests.PlaceForTestingTest@3acc0a7c] for class [TestClass name=class com.epam.testexternalpart.tests.PlaceForTestingTest]
</system-out>
  </testcase>
  <testcase time="0" classname="com.epam.testexternalpart.tests.PlaceForTestingTest" name="editNewPlaceForTesting">
    <skipped/>
  </testcase>
  <testcase time="0" classname="com.epam.testexternalpart.tests.PlaceForTestingTest" name="tearDown">
    <skipped/>
    <system-out>[Invoker 1402809325] Keeping method BaseTest.tearDown()[pri:0, instance:com.epam.testexternalpart.tests.PlaceForTestingTest@3acc0a7c] for class [TestClass name=class com.epam.testexternalpart.tests.PlaceForTestingTest]
</system-out>
  </testcase>
>>>>>>> dbb5e243a5d8bc919fd1d8fccccaeb4e573f8dd4
</testsuite>