<?xml version="1.0" encoding="UTF-8"?>
<<<<<<< HEAD
<testsuite name="TestSuite" time="0.877" tests="148" errors="0" skipped="140" failures="8">
=======
<testsuite name="TestSuite" time="0.525" tests="86" errors="0" skipped="79" failures="7">
>>>>>>> 9386b16c4217c3f100b04e49611f6ae275a93151
  <properties>
    <property name="java.runtime.name" value="Java(TM) SE Runtime Environment"/>
    <property name="sun.boot.library.path" value="C:\Program Files\Java\jdk1.8.0_20\jre\bin"/>
    <property name="java.vm.version" value="25.20-b23"/>
    <property name="java.vm.vendor" value="Oracle Corporation"/>
    <property name="java.vendor.url" value="http://java.oracle.com/"/>
    <property name="path.separator" value=";"/>
    <property name="guice.disable.misplaced.annotation.check" value="true"/>
    <property name="java.vm.name" value="Java HotSpot(TM) 64-Bit Server VM"/>
    <property name="file.encoding.pkg" value="sun.io"/>
    <property name="user.script" value=""/>
    <property name="user.country" value="US"/>
    <property name="sun.java.launcher" value="SUN_STANDARD"/>
    <property name="sun.os.patch.level" value=""/>
    <property name="java.vm.specification.name" value="Java Virtual Machine Specification"/>
    <property name="user.dir" value="D:\Internal_project\Project\AutomatedTesting"/>
    <property name="java.runtime.version" value="1.8.0_20-b26"/>
    <property name="java.awt.graphicsenv" value="sun.awt.Win32GraphicsEnvironment"/>
    <property name="java.endorsed.dirs" value="C:\Program Files\Java\jdk1.8.0_20\jre\lib\endorsed"/>
    <property name="os.arch" value="amd64"/>
    <property name="java.io.tmpdir" value="C:\Users\OLESIA~1\AppData\Local\Temp\"/>
    <property name="line.separator" value="&#10;"/>
    <property name="java.vm.specification.vendor" value="Oracle Corporation"/>
    <property name="user.variant" value=""/>
<<<<<<< HEAD
    <property name="os.name" value="Windows 8.1"/>
    <property name="classworlds.conf" value="D:\Java Projects\.metadata\.plugins\org.eclipse.m2e.launching\launches\m2conf1705137907784707026.tmp"/>
    <property name="sun.jnu.encoding" value="Cp1251"/>
    <property name="java.library.path" value="C:\Program Files\Java\jdk1.8.0_20\bin;C:\WINDOWS\Sun\Java\bin;C:\WINDOWS\system32;C:\WINDOWS;C:/Program Files/Java/jre1.8.0_25/bin/server;C:/Program Files/Java/jre1.8.0_25/bin;C:/Program Files/Java/jre1.8.0_25/lib/amd64;C:\ProgramData\Oracle\Java\javapath;C:\WINDOWS\system32;C:\WINDOWS;C:\WINDOWS\System32\Wbem;C:\WINDOWS\System32\WindowsPowerShell\v1.0\;C:\WINDOWS\idmu\common;C:\Program Files\TortoiseSVN\bin;C:\Program Files\Microsoft SQL Server\110\Tools\Binn\;C:\Program Files (x86)\Microsoft SDKs\TypeScript\1.0\;C:\Program Files\TortoiseGit\bin;D:\Java\Libraries\apache-maven-3.2.3-bin\apache-maven-3.2.3\bin;C:\Program Files (x86)\Java\eclipse;;."/>
=======
    <property name="os.name" value="Windows 7"/>
    <property name="classworlds.conf" value="D:\new_workspace\.metadata\.plugins\org.eclipse.m2e.core\launches\m2conf6963600092788741845.tmp"/>
    <property name="sun.jnu.encoding" value="Cp1251"/>
    <property name="java.library.path" value="C:\Program Files\Java\jdk1.7.0_71\bin;C:\WINDOWS\Sun\Java\bin;C:\WINDOWS\system32;C:\WINDOWS;C:\WINDOWS\system32;C:\WINDOWS;C:\WINDOWS\System32\Wbem;C:\WINDOWS\System32\WindowsPowerShell\v1.0\;C:\Program Files\TortoiseSVN\bin;C:\Program Files (x86)\Intel\OpenCL SDK\2.0\bin\x86;C:\Program Files (x86)\Intel\OpenCL SDK\2.0\bin\x64;C:\Program Files\TortoiseGit\bin;C:\Program Files\Java\jdk1.7.0_71\bin;C:\programs\apache-maven-3.2.5\bin;C:\Program Files\Java\jdk1.7.0_71\bin;."/>
>>>>>>> 9386b16c4217c3f100b04e49611f6ae275a93151
    <property name="java.specification.name" value="Java Platform API Specification"/>
    <property name="java.class.version" value="52.0"/>
    <property name="sun.management.compiler" value="HotSpot 64-Bit Tiered Compilers"/>
    <property name="os.version" value="6.3"/>
    <property name="user.home" value="C:\Users\Olesia_Kotsiuba"/>
    <property name="user.timezone" value="Europe/Helsinki"/>
    <property name="java.awt.printerjob" value="sun.awt.windows.WPrinterJob"/>
    <property name="java.specification.version" value="1.8"/>
    <property name="file.encoding" value="Cp1251"/>
<<<<<<< HEAD
    <property name="user.name" value="Olesia_Kotsiuba"/>
    <property name="java.class.path" value="/C:/Program Files (x86)/Java/eclipse/plugins/org.eclipse.m2e.maven.runtime_1.5.0.20140605-2032/jars/plexus-classworlds-2.5.1.jar"/>
    <property name="org.slf4j.simpleLogger.defaultLogLevel" value="info"/>
    <property name="java.vm.specification.version" value="1.8"/>
    <property name="sun.arch.data.model" value="64"/>
    <property name="java.home" value="C:\Program Files\Java\jdk1.8.0_20\jre"/>
=======
    <property name="user.name" value="Olha_Borodkina"/>
    <property name="java.class.path" value="/C:/Users/Olha_Borodkina/Downloads/eclipse-java-indigo-SR2-win32-x86_64/eclipse/plugins/org.eclipse.m2e.maven.runtime_1.0.200.20111228-1245/jars/plexus-classworlds-2.4.jar"/>
    <property name="java.vm.specification.version" value="1.7"/>
    <property name="sun.arch.data.model" value="64"/>
    <property name="java.home" value="C:\Program Files\Java\jdk1.7.0_71\jre"/>
>>>>>>> 9386b16c4217c3f100b04e49611f6ae275a93151
    <property name="sun.java.command" value="org.codehaus.plexus.classworlds.launcher.Launcher -B test"/>
    <property name="java.specification.vendor" value="Oracle Corporation"/>
    <property name="user.language" value="en"/>
    <property name="awt.toolkit" value="sun.awt.windows.WToolkit"/>
    <property name="java.vm.info" value="mixed mode"/>
    <property name="java.version" value="1.8.0_20"/>
    <property name="java.ext.dirs" value="C:\Program Files\Java\jdk1.8.0_20\jre\lib\ext;C:\WINDOWS\Sun\Java\lib\ext"/>
    <property name="sun.boot.class.path" value="C:\Program Files\Java\jdk1.8.0_20\jre\lib\resources.jar;C:\Program Files\Java\jdk1.8.0_20\jre\lib\rt.jar;C:\Program Files\Java\jdk1.8.0_20\jre\lib\sunrsasign.jar;C:\Program Files\Java\jdk1.8.0_20\jre\lib\jsse.jar;C:\Program Files\Java\jdk1.8.0_20\jre\lib\jce.jar;C:\Program Files\Java\jdk1.8.0_20\jre\lib\charsets.jar;C:\Program Files\Java\jdk1.8.0_20\jre\lib\jfr.jar;C:\Program Files\Java\jdk1.8.0_20\jre\classes"/>
    <property name="java.vendor" value="Oracle Corporation"/>
<<<<<<< HEAD
    <property name="maven.home" value="D:\Internal_project\Project\AutomatedTesting\EMBEDDED"/>
=======
    <property name="maven.home" value="D:\AutomatedTesting\EMBEDDED"/>
>>>>>>> 9386b16c4217c3f100b04e49611f6ae275a93151
    <property name="file.separator" value="\"/>
    <property name="java.vendor.url.bug" value="http://bugreport.sun.com/bugreport/"/>
    <property name="sun.cpu.endian" value="little"/>
    <property name="sun.io.unicode.encoding" value="UnicodeLittle"/>
    <property name="sun.desktop" value="windows"/>
    <property name="sun.cpu.isalist" value="amd64"/>
  </properties>
<<<<<<< HEAD
  <testcase name="init" classname="com.epam.testexternalpart.tests.SmokeTest" time="0.783">
    <failure message="The driver executable does not exist: D:\Internal_project\Project\AutomatedTesting\target\test-classes\.\chromedriver.exe" type="java.lang.IllegalStateException"><![CDATA[java.lang.IllegalStateException: The driver executable does not exist: D:\Internal_project\Project\AutomatedTesting\target\test-classes\.\chromedriver.exe
=======
  <testcase name="init" classname="com.epam.testexternalpart.tests.SmokeTest" time="0.485">
    <failure message="The driver executable does not exist: D:\AutomatedTesting\target\test-classes\chromedriver.exe" type="java.lang.IllegalStateException"><![CDATA[java.lang.IllegalStateException: The driver executable does not exist: D:\AutomatedTesting\target\test-classes\chromedriver.exe
>>>>>>> 9386b16c4217c3f100b04e49611f6ae275a93151
	at com.google.common.base.Preconditions.checkState(Preconditions.java:197)
	at org.openqa.selenium.remote.service.DriverService.checkExecutable(DriverService.java:117)
	at org.openqa.selenium.remote.service.DriverService.findExecutable(DriverService.java:112)
	at org.openqa.selenium.chrome.ChromeDriverService.createDefaultService(ChromeDriverService.java:89)
	at org.openqa.selenium.chrome.ChromeDriver.<init>(ChromeDriver.java:117)
	at com.epam.testexternalpart.core.WebDriverFactory.initDriver(WebDriverFactory.java:18)
	at com.epam.testexternalpart.core.BaseTest.init(BaseTest.java:72)
	at sun.reflect.NativeMethodAccessorImpl.invoke0(Native Method)
<<<<<<< HEAD
	at sun.reflect.NativeMethodAccessorImpl.invoke(NativeMethodAccessorImpl.java:62)
	at sun.reflect.DelegatingMethodAccessorImpl.invoke(DelegatingMethodAccessorImpl.java:43)
	at java.lang.reflect.Method.invoke(Method.java:483)
=======
	at sun.reflect.NativeMethodAccessorImpl.invoke(NativeMethodAccessorImpl.java:57)
	at sun.reflect.DelegatingMethodAccessorImpl.invoke(DelegatingMethodAccessorImpl.java:43)
	at java.lang.reflect.Method.invoke(Method.java:606)
>>>>>>> 9386b16c4217c3f100b04e49611f6ae275a93151
	at org.testng.internal.MethodInvocationHelper.invokeMethod(MethodInvocationHelper.java:84)
	at org.testng.internal.Invoker.invokeConfigurationMethod(Invoker.java:564)
	at org.testng.internal.Invoker.invokeConfigurations(Invoker.java:213)
	at org.testng.internal.Invoker.invokeConfigurations(Invoker.java:138)
	at org.testng.internal.TestMethodWorker.invokeBeforeClassMethods(TestMethodWorker.java:175)
	at org.testng.internal.TestMethodWorker.run(TestMethodWorker.java:107)
	at org.testng.TestRunner.privateRun(TestRunner.java:767)
	at org.testng.TestRunner.run(TestRunner.java:617)
	at org.testng.SuiteRunner.runTest(SuiteRunner.java:348)
	at org.testng.SuiteRunner.runSequentially(SuiteRunner.java:343)
	at org.testng.SuiteRunner.privateRun(SuiteRunner.java:305)
	at org.testng.SuiteRunner.run(SuiteRunner.java:254)
	at org.testng.SuiteRunnerWorker.runSuite(SuiteRunnerWorker.java:52)
	at org.testng.SuiteRunnerWorker.run(SuiteRunnerWorker.java:86)
	at org.testng.TestNG.runSuitesSequentially(TestNG.java:1224)
	at org.testng.TestNG.runSuitesLocally(TestNG.java:1149)
	at org.testng.TestNG.run(TestNG.java:1057)
	at org.apache.maven.surefire.testng.TestNGExecutor.run(TestNGExecutor.java:295)
	at org.apache.maven.surefire.testng.TestNGXmlTestSuite.execute(TestNGXmlTestSuite.java:84)
	at org.apache.maven.surefire.testng.TestNGProvider.invoke(TestNGProvider.java:90)
	at org.apache.maven.surefire.booter.ForkedBooter.invokeProviderInSameClassLoader(ForkedBooter.java:203)
	at org.apache.maven.surefire.booter.ForkedBooter.runSuitesInProcess(ForkedBooter.java:155)
	at org.apache.maven.surefire.booter.ForkedBooter.main(ForkedBooter.java:103)
]]></failure>
    <system-out><![CDATA[[TestRunner] Running the tests in 'smokeMenuTest' with parallel mode:false
<<<<<<< HEAD
[RunInfo] Adding method selector: org.testng.internal.XmlMethodSelector@2ef9b8bc priority: 10
[TestClass] Creating TestClass for [ClassImpl class=com.epam.testexternalpart.tests.SmokeTest]
[TestClass] Adding method SmokeTest.checkElementsPresentAddDepartmentPage()[pri:0, instance:null] on TestClass class com.epam.testexternalpart.tests.SmokeTest
[TestClass] Adding method SmokeTest.checkElementsViewCandidate(java.lang.String, java.lang.String)[pri:0, instance:null] on TestClass class com.epam.testexternalpart.tests.SmokeTest
[TestClass] Adding method SmokeTest.checkMailSettingsMenu()[pri:0, instance:null] on TestClass class com.epam.testexternalpart.tests.SmokeTest
[TestClass] Adding method SmokeTest.checkElementsPresentAddStreamPage()[pri:0, instance:null] on TestClass class com.epam.testexternalpart.tests.SmokeTest
[TestClass] Adding method SmokeTest.checkElStreamPage(java.lang.String)[pri:0, instance:null] on TestClass class com.epam.testexternalpart.tests.SmokeTest
[TestClass] Adding method SmokeTest.checkElementsAddCandidate(java.lang.String)[pri:0, instance:null] on TestClass class com.epam.testexternalpart.tests.SmokeTest
[TestClass] Adding method SmokeTest.checkElAllCandiadtesMenu(java.lang.String)[pri:0, instance:null] on TestClass class com.epam.testexternalpart.tests.SmokeTest
[TestClass] Adding method SmokeTest.checkAddStreamAccordingToDepartment()[pri:0, instance:null] on TestClass class com.epam.testexternalpart.tests.SmokeTest
[TestClass] Adding method SmokeTest.checkElementsEditCandidate(java.lang.String, java.lang.String)[pri:0, instance:null] on TestClass class com.epam.testexternalpart.tests.SmokeTest
[TestClass] Adding method SmokeTest.checkElementsPresentDepartmentPage()[pri:0, instance:null] on TestClass class com.epam.testexternalpart.tests.SmokeTest
[TestClass] Adding method SmokeTest.checkSubgroupPage()[pri:0, instance:null] on TestClass class com.epam.testexternalpart.tests.SmokeTest
[TestClass] Adding method SmokeTest.checkMenu()[pri:0, instance:null] on TestClass class com.epam.testexternalpart.tests.SmokeTest
[TestClass] Adding method SmokeTest.checkEmailTemplatesPage()[pri:0, instance:null] on TestClass class com.epam.testexternalpart.tests.SmokeTest
[XmlMethodSelector] Including method com.epam.testexternalpart.core.init()
[XmlMethodSelector] Including method com.epam.testexternalpart.core.tearDown()
[XmlMethodSelector] Including method com.epam.testexternalpart.core.startPage()
[XmlMethodSelector] Including method com.epam.testexternalpart.tests.checkElementsPresentAddDepartmentPage()
[XmlMethodSelector] Including method com.epam.testexternalpart.tests.checkElementsViewCandidate()
[XmlMethodSelector] Including method com.epam.testexternalpart.tests.checkMailSettingsMenu()
[XmlMethodSelector] Including method com.epam.testexternalpart.tests.checkElementsPresentAddStreamPage()
[XmlMethodSelector] Including method com.epam.testexternalpart.tests.checkElStreamPage()
[XmlMethodSelector] Including method com.epam.testexternalpart.tests.checkElementsAddCandidate()
[XmlMethodSelector] Including method com.epam.testexternalpart.tests.checkElAllCandiadtesMenu()
[XmlMethodSelector] Including method com.epam.testexternalpart.tests.checkAddStreamAccordingToDepartment()
[XmlMethodSelector] Including method com.epam.testexternalpart.tests.checkElementsEditCandidate()
[XmlMethodSelector] Including method com.epam.testexternalpart.tests.checkElementsPresentDepartmentPage()
[XmlMethodSelector] Including method com.epam.testexternalpart.tests.checkSubgroupPage()
[XmlMethodSelector] Including method com.epam.testexternalpart.tests.checkMenu()
[XmlMethodSelector] Including method com.epam.testexternalpart.tests.checkEmailTemplatesPage()
[TestRunner] Running the tests in 'DepartmentTest' with parallel mode:false
[RunInfo] Adding method selector: org.testng.internal.XmlMethodSelector@39aeed2f priority: 10
[TestClass] Creating TestClass for [ClassImpl class=com.epam.testexternalpart.tests.DepartmentTest]
[TestClass] Adding method DepartmentTest.testAddDepartment(java.lang.String)[pri:0, instance:null] on TestClass class com.epam.testexternalpart.tests.DepartmentTest
[TestClass] Adding method DepartmentTest.testAddDepartmentWithValidName(java.lang.String)[pri:0, instance:null] on TestClass class com.epam.testexternalpart.tests.DepartmentTest
[TestClass] Adding method DepartmentTest.testEditDepartmentName(java.lang.String, java.lang.String)[pri:0, instance:null] on TestClass class com.epam.testexternalpart.tests.DepartmentTest
[XmlMethodSelector] Including method com.epam.testexternalpart.core.init()
[XmlMethodSelector] Including method com.epam.testexternalpart.core.tearDown()
[XmlMethodSelector] Including method com.epam.testexternalpart.core.startPage()
[XmlMethodSelector] Including method com.epam.testexternalpart.tests.testAddDepartment()
[XmlMethodSelector] Including method com.epam.testexternalpart.tests.testAddDepartmentWithValidName()
[XmlMethodSelector] Including method com.epam.testexternalpart.tests.testEditDepartmentName()
[TestRunner] Running the tests in 'StreamTest' with parallel mode:false
[RunInfo] Adding method selector: org.testng.internal.XmlMethodSelector@8bd1b6a priority: 10
[TestClass] Creating TestClass for [ClassImpl class=com.epam.testexternalpart.tests.StreamTest]
[TestClass] Adding method StreamTest.testAddNewInValidStream(java.lang.String)[pri:0, instance:null] on TestClass class com.epam.testexternalpart.tests.StreamTest
[TestClass] Adding method StreamTest.testEditStream(java.lang.String)[pri:0, instance:null] on TestClass class com.epam.testexternalpart.tests.StreamTest
[TestClass] Adding method StreamTest.testAddNewValidStream(java.lang.String)[pri:0, instance:null] on TestClass class com.epam.testexternalpart.tests.StreamTest
[XmlMethodSelector] Including method com.epam.testexternalpart.core.init()
[XmlMethodSelector] Including method com.epam.testexternalpart.core.tearDown()
[XmlMethodSelector] Including method com.epam.testexternalpart.core.startPage()
[XmlMethodSelector] Including method com.epam.testexternalpart.tests.testAddNewInValidStream()
[XmlMethodSelector] Including method com.epam.testexternalpart.tests.testEditStream()
[XmlMethodSelector] Including method com.epam.testexternalpart.tests.testAddNewValidStream()
[TestRunner] Running the tests in 'CandidateTest' with parallel mode:false
[RunInfo] Adding method selector: org.testng.internal.XmlMethodSelector@2b98378d priority: 10
[TestClass] Creating TestClass for [ClassImpl class=com.epam.testexternalpart.tests.AddCandidateTest]
[TestClass] Adding method AddCandidateTest.addCandidate(java.lang.String)[pri:0, instance:null] on TestClass class com.epam.testexternalpart.tests.AddCandidateTest
[TestClass] Adding method AddCandidateTest.deleteAllCandidates(java.lang.String)[pri:0, instance:null] on TestClass class com.epam.testexternalpart.tests.AddCandidateTest
[TestClass] Adding method AddCandidateTest.addCandidateManually(java.lang.String)[pri:0, instance:null] on TestClass class com.epam.testexternalpart.tests.AddCandidateTest
[TestClass] Adding method AddCandidateTest.changeStatus(java.lang.String, java.lang.String, java.lang.String, java.lang.String, java.lang.String, java.lang.String)[pri:0, instance:null] on TestClass class com.epam.testexternalpart.tests.AddCandidateTest
[TestClass] Adding method AddCandidateTest.bannWithButton(java.lang.String)[pri:0, instance:null] on TestClass class com.epam.testexternalpart.tests.AddCandidateTest
[XmlMethodSelector] Including method com.epam.testexternalpart.core.init()
[XmlMethodSelector] Including method com.epam.testexternalpart.core.tearDown()
[XmlMethodSelector] Including method com.epam.testexternalpart.core.startPage()
[XmlMethodSelector] Including method com.epam.testexternalpart.tests.addCandidate()
[XmlMethodSelector] Including method com.epam.testexternalpart.tests.deleteAllCandidates()
[XmlMethodSelector] Including method com.epam.testexternalpart.tests.addCandidateManually()
[XmlMethodSelector] Including method com.epam.testexternalpart.tests.changeStatus()
[XmlMethodSelector] Including method com.epam.testexternalpart.tests.bannWithButton()
[TestRunner] Running the tests in 'AssigningToTestTest' with parallel mode:false
[RunInfo] Adding method selector: org.testng.internal.XmlMethodSelector@4c70fda8 priority: 10
[TestClass] Creating TestClass for [ClassImpl class=com.epam.testexternalpart.tests.AssigningToTest]
[TestClass] Adding method AssigningToTest.checkDublicateAnswer()[pri:0, instance:null] on TestClass class com.epam.testexternalpart.tests.AssigningToTest
[TestClass] Adding method AssigningToTest.checkBannedCandidate(java.lang.String, java.lang.String, java.lang.String)[pri:0, instance:null] on TestClass class com.epam.testexternalpart.tests.AssigningToTest
[TestClass] Adding method AssigningToTest.checkConfirmedCand(java.lang.String, java.lang.String, java.lang.String)[pri:0, instance:null] on TestClass class com.epam.testexternalpart.tests.AssigningToTest
[TestClass] Adding method AssigningToTest.responseFromCandidates()[pri:0, instance:null] on TestClass class com.epam.testexternalpart.tests.AssigningToTest
[TestClass] Adding method AssigningToTest.addStream(java.lang.String)[pri:0, instance:null] on TestClass class com.epam.testexternalpart.tests.AssigningToTest
[TestClass] Adding method AssigningToTest.invitateSecondTime(java.lang.String)[pri:0, instance:null] on TestClass class com.epam.testexternalpart.tests.AssigningToTest
[TestClass] Adding method AssigningToTest.addCandidates(java.lang.String, java.lang.String)[pri:0, instance:null] on TestClass class com.epam.testexternalpart.tests.AssigningToTest
[TestClass] Adding method AssigningToTest.checkNotActualCand(java.lang.String, java.lang.String, java.lang.String)[pri:0, instance:null] on TestClass class com.epam.testexternalpart.tests.AssigningToTest
[TestClass] Adding method AssigningToTest.checkNotTestedCand(java.lang.String, java.lang.String, java.lang.String)[pri:0, instance:null] on TestClass class com.epam.testexternalpart.tests.AssigningToTest
[TestClass] Adding method AssigningToTest.checkNewTimeCand(java.lang.String, java.lang.String, java.lang.String)[pri:0, instance:null] on TestClass class com.epam.testexternalpart.tests.AssigningToTest
[TestClass] Adding method AssigningToTest.assignTest(java.lang.String)[pri:0, instance:null] on TestClass class com.epam.testexternalpart.tests.AssigningToTest
[TestClass] Adding method AssigningToTest.checkAssignedToTestCand(java.lang.String, java.lang.String, java.lang.String)[pri:0, instance:null] on TestClass class com.epam.testexternalpart.tests.AssigningToTest
[TestClass] Adding method AssigningToTest.invitateThirdTime(java.lang.String)[pri:0, instance:null] on TestClass class com.epam.testexternalpart.tests.AssigningToTest
[XmlMethodSelector] Including method com.epam.testexternalpart.core.init()
[XmlMethodSelector] Including method com.epam.testexternalpart.core.tearDown()
[XmlMethodSelector] Including method com.epam.testexternalpart.core.startPage()
[XmlMethodSelector] Including method com.epam.testexternalpart.tests.checkDublicateAnswer()
[XmlMethodSelector] Including method com.epam.testexternalpart.tests.checkBannedCandidate()
[XmlMethodSelector] Including method com.epam.testexternalpart.tests.checkConfirmedCand()
[XmlMethodSelector] Including method com.epam.testexternalpart.tests.responseFromCandidates()
[XmlMethodSelector] Including method com.epam.testexternalpart.tests.addStream()
[XmlMethodSelector] Including method com.epam.testexternalpart.tests.invitateSecondTime()
[XmlMethodSelector] Including method com.epam.testexternalpart.tests.addCandidates()
[XmlMethodSelector] Including method com.epam.testexternalpart.tests.checkNotActualCand()
[XmlMethodSelector] Including method com.epam.testexternalpart.tests.checkNotTestedCand()
[XmlMethodSelector] Including method com.epam.testexternalpart.tests.checkNewTimeCand()
[XmlMethodSelector] Including method com.epam.testexternalpart.tests.assignTest()
[XmlMethodSelector] Including method com.epam.testexternalpart.tests.checkAssignedToTestCand()
[XmlMethodSelector] Including method com.epam.testexternalpart.tests.invitateThirdTime()
[TestRunner] Running the tests in 'SeveralStreamTest' with parallel mode:false
[RunInfo] Adding method selector: org.testng.internal.XmlMethodSelector@d8355a8 priority: 10
=======
[RunInfo] Adding method selector: org.testng.internal.XmlMethodSelector@4459116 priority: 10
[TestClass] Creating TestClass for [ClassImpl class=com.epam.testexternalpart.tests.SmokeTest]
[TestClass] Adding method SmokeTest.checkElementsEditCandidate(java.lang.String, java.lang.String)[pri:0, instance:null] on TestClass class com.epam.testexternalpart.tests.SmokeTest
[TestClass] Adding method SmokeTest.checkSubgroupPage()[pri:0, instance:null] on TestClass class com.epam.testexternalpart.tests.SmokeTest
[TestClass] Adding method SmokeTest.checkAddStreamAccordingToDepartment()[pri:0, instance:null] on TestClass class com.epam.testexternalpart.tests.SmokeTest
[TestClass] Adding method SmokeTest.checkEmailTemplatesPage()[pri:0, instance:null] on TestClass class com.epam.testexternalpart.tests.SmokeTest
[TestClass] Adding method SmokeTest.checkMailSettingsMenu()[pri:0, instance:null] on TestClass class com.epam.testexternalpart.tests.SmokeTest
[TestClass] Adding method SmokeTest.checkElStreamPage(java.lang.String)[pri:0, instance:null] on TestClass class com.epam.testexternalpart.tests.SmokeTest
[TestClass] Adding method SmokeTest.checkElAllCandiadtesMenu(java.lang.String)[pri:0, instance:null] on TestClass class com.epam.testexternalpart.tests.SmokeTest
[TestClass] Adding method SmokeTest.checkElementsPresentAddStreamPage()[pri:0, instance:null] on TestClass class com.epam.testexternalpart.tests.SmokeTest
[TestClass] Adding method SmokeTest.checkMenu()[pri:0, instance:null] on TestClass class com.epam.testexternalpart.tests.SmokeTest
[TestClass] Adding method SmokeTest.checkConcretSubgroup()[pri:0, instance:null] on TestClass class com.epam.testexternalpart.tests.SmokeTest
[TestClass] Adding method SmokeTest.checkElementsPresentAddDepartmentPage()[pri:0, instance:null] on TestClass class com.epam.testexternalpart.tests.SmokeTest
[TestClass] Adding method SmokeTest.checkElementsViewCandidate(java.lang.String, java.lang.String)[pri:0, instance:null] on TestClass class com.epam.testexternalpart.tests.SmokeTest
[TestClass] Adding method SmokeTest.checkElementsAddCandidate(java.lang.String)[pri:0, instance:null] on TestClass class com.epam.testexternalpart.tests.SmokeTest
[TestClass] Adding method SmokeTest.checkElementsPresentDepartmentPage()[pri:0, instance:null] on TestClass class com.epam.testexternalpart.tests.SmokeTest
[XmlMethodSelector] Including method com.epam.testexternalpart.core.init()
[XmlMethodSelector] Including method com.epam.testexternalpart.core.tearDown()
[XmlMethodSelector] Including method com.epam.testexternalpart.core.startPage()
[XmlMethodSelector] Including method com.epam.testexternalpart.tests.checkElementsEditCandidate()
[XmlMethodSelector] Including method com.epam.testexternalpart.tests.checkSubgroupPage()
[XmlMethodSelector] Including method com.epam.testexternalpart.tests.checkAddStreamAccordingToDepartment()
[XmlMethodSelector] Including method com.epam.testexternalpart.tests.checkEmailTemplatesPage()
[XmlMethodSelector] Including method com.epam.testexternalpart.tests.checkMailSettingsMenu()
[XmlMethodSelector] Including method com.epam.testexternalpart.tests.checkElStreamPage()
[XmlMethodSelector] Including method com.epam.testexternalpart.tests.checkElAllCandiadtesMenu()
[XmlMethodSelector] Including method com.epam.testexternalpart.tests.checkElementsPresentAddStreamPage()
[XmlMethodSelector] Including method com.epam.testexternalpart.tests.checkMenu()
[XmlMethodSelector] Including method com.epam.testexternalpart.tests.checkConcretSubgroup()
[XmlMethodSelector] Including method com.epam.testexternalpart.tests.checkElementsPresentAddDepartmentPage()
[XmlMethodSelector] Including method com.epam.testexternalpart.tests.checkElementsViewCandidate()
[XmlMethodSelector] Including method com.epam.testexternalpart.tests.checkElementsAddCandidate()
[XmlMethodSelector] Including method com.epam.testexternalpart.tests.checkElementsPresentDepartmentPage()
[TestRunner] Running the tests in 'DepartmentTest' with parallel mode:false
[RunInfo] Adding method selector: org.testng.internal.XmlMethodSelector@84e94ba priority: 10
[TestClass] Creating TestClass for [ClassImpl class=com.epam.testexternalpart.tests.DepartmentTest]
[TestClass] Adding method DepartmentTest.testEditDepartmentName(java.lang.String, java.lang.String)[pri:0, instance:null] on TestClass class com.epam.testexternalpart.tests.DepartmentTest
[TestClass] Adding method DepartmentTest.testAddDepartmentWithValidName(java.lang.String)[pri:0, instance:null] on TestClass class com.epam.testexternalpart.tests.DepartmentTest
[TestClass] Adding method DepartmentTest.testAddDepartment(java.lang.String)[pri:0, instance:null] on TestClass class com.epam.testexternalpart.tests.DepartmentTest
[XmlMethodSelector] Including method com.epam.testexternalpart.core.init()
[XmlMethodSelector] Including method com.epam.testexternalpart.core.tearDown()
[XmlMethodSelector] Including method com.epam.testexternalpart.core.startPage()
[XmlMethodSelector] Including method com.epam.testexternalpart.tests.testEditDepartmentName()
[XmlMethodSelector] Including method com.epam.testexternalpart.tests.testAddDepartmentWithValidName()
[XmlMethodSelector] Including method com.epam.testexternalpart.tests.testAddDepartment()
[TestRunner] Running the tests in 'StreamTest' with parallel mode:false
[RunInfo] Adding method selector: org.testng.internal.XmlMethodSelector@2f5b8e7c priority: 10
[TestClass] Creating TestClass for [ClassImpl class=com.epam.testexternalpart.tests.StreamTest]
[TestClass] Adding method StreamTest.testEditStream(java.lang.String)[pri:0, instance:null] on TestClass class com.epam.testexternalpart.tests.StreamTest
[TestClass] Adding method StreamTest.testAddNewValidStream(java.lang.String)[pri:0, instance:null] on TestClass class com.epam.testexternalpart.tests.StreamTest
[TestClass] Adding method StreamTest.testAddNewInValidStream(java.lang.String)[pri:0, instance:null] on TestClass class com.epam.testexternalpart.tests.StreamTest
[XmlMethodSelector] Including method com.epam.testexternalpart.core.init()
[XmlMethodSelector] Including method com.epam.testexternalpart.core.tearDown()
[XmlMethodSelector] Including method com.epam.testexternalpart.core.startPage()
[XmlMethodSelector] Including method com.epam.testexternalpart.tests.testEditStream()
[XmlMethodSelector] Including method com.epam.testexternalpart.tests.testAddNewValidStream()
[XmlMethodSelector] Including method com.epam.testexternalpart.tests.testAddNewInValidStream()
[TestRunner] Running the tests in 'CandidateTest' with parallel mode:false
[RunInfo] Adding method selector: org.testng.internal.XmlMethodSelector@72366ea0 priority: 10
[TestClass] Creating TestClass for [ClassImpl class=com.epam.testexternalpart.tests.AddCandidateTest]
[TestClass] Adding method AddCandidateTest.changeStatus(java.lang.String, java.lang.String, java.lang.String, java.lang.String, java.lang.String, java.lang.String)[pri:0, instance:null] on TestClass class com.epam.testexternalpart.tests.AddCandidateTest
[TestClass] Adding method AddCandidateTest.deleteAllCandidates(java.lang.String)[pri:0, instance:null] on TestClass class com.epam.testexternalpart.tests.AddCandidateTest
[TestClass] Adding method AddCandidateTest.bannWithButton(java.lang.String)[pri:0, instance:null] on TestClass class com.epam.testexternalpart.tests.AddCandidateTest
[TestClass] Adding method AddCandidateTest.addCandidateManually(java.lang.String)[pri:0, instance:null] on TestClass class com.epam.testexternalpart.tests.AddCandidateTest
[TestClass] Adding method AddCandidateTest.addCandidate(java.lang.String)[pri:0, instance:null] on TestClass class com.epam.testexternalpart.tests.AddCandidateTest
[XmlMethodSelector] Including method com.epam.testexternalpart.core.init()
[XmlMethodSelector] Including method com.epam.testexternalpart.core.tearDown()
[XmlMethodSelector] Including method com.epam.testexternalpart.core.startPage()
[XmlMethodSelector] Including method com.epam.testexternalpart.tests.changeStatus()
[XmlMethodSelector] Including method com.epam.testexternalpart.tests.deleteAllCandidates()
[XmlMethodSelector] Including method com.epam.testexternalpart.tests.bannWithButton()
[XmlMethodSelector] Including method com.epam.testexternalpart.tests.addCandidateManually()
[XmlMethodSelector] Including method com.epam.testexternalpart.tests.addCandidate()
[TestRunner] Running the tests in 'SeveralStreamTest' with parallel mode:false
[RunInfo] Adding method selector: org.testng.internal.XmlMethodSelector@759fdc33 priority: 10
>>>>>>> 9386b16c4217c3f100b04e49611f6ae275a93151
[TestClass] Creating TestClass for [ClassImpl class=com.epam.testexternalpart.tests.SeveralStreamTest]
[TestClass] Adding method SeveralStreamTest.addCandidateToSeveralDepartment(java.lang.String)[pri:0, instance:null] on TestClass class com.epam.testexternalpart.tests.SeveralStreamTest
[XmlMethodSelector] Including method com.epam.testexternalpart.core.init()
[XmlMethodSelector] Including method com.epam.testexternalpart.core.tearDown()
[XmlMethodSelector] Including method com.epam.testexternalpart.core.startPage()
[XmlMethodSelector] Including method com.epam.testexternalpart.tests.addCandidateToSeveralDepartment()
[TestRunner] Running the tests in 'SearchStreamTest' with parallel mode:false
<<<<<<< HEAD
[RunInfo] Adding method selector: org.testng.internal.XmlMethodSelector@523884b2 priority: 10
=======
[RunInfo] Adding method selector: org.testng.internal.XmlMethodSelector@3e8e5360 priority: 10
>>>>>>> 9386b16c4217c3f100b04e49611f6ae275a93151
[TestClass] Creating TestClass for [ClassImpl class=com.epam.testexternalpart.tests.SearchTest]
[TestClass] Adding method SearchTest.allCandidatesSearch(java.lang.String, java.lang.String, java.lang.String, java.lang.String, java.lang.String)[pri:0, instance:null] on TestClass class com.epam.testexternalpart.tests.SearchTest
[TestClass] Adding method SearchTest.streamSearch(java.lang.String, java.lang.String, java.lang.String, java.lang.String, java.lang.String)[pri:0, instance:null] on TestClass class com.epam.testexternalpart.tests.SearchTest
[XmlMethodSelector] Including method com.epam.testexternalpart.core.init()
[XmlMethodSelector] Including method com.epam.testexternalpart.core.tearDown()
[XmlMethodSelector] Including method com.epam.testexternalpart.core.startPage()
[XmlMethodSelector] Including method com.epam.testexternalpart.tests.allCandidatesSearch()
[XmlMethodSelector] Including method com.epam.testexternalpart.tests.streamSearch()
[TestRunner] Running the tests in 'PlaceForTestingTest' with parallel mode:false
<<<<<<< HEAD
[RunInfo] Adding method selector: org.testng.internal.XmlMethodSelector@3ffc5af1 priority: 10
[TestClass] Creating TestClass for [ClassImpl class=com.epam.testexternalpart.tests.PlaceForTestingTest]
[TestClass] Adding method PlaceForTestingTest.editNewPlaceForTesting(java.lang.String, java.lang.String, java.lang.String, java.lang.String, java.lang.String, java.lang.String, java.lang.String, java.lang.String)[pri:0, instance:null] on TestClass class com.epam.testexternalpart.tests.PlaceForTestingTest
[TestClass] Adding method PlaceForTestingTest.addNewPlaceForTesting(java.lang.String, java.lang.String, java.lang.String, java.lang.String)[pri:0, instance:null] on TestClass class com.epam.testexternalpart.tests.PlaceForTestingTest
[TestClass] Adding method PlaceForTestingTest.deleteNewPlaceForTesting(java.lang.String, java.lang.String, java.lang.String, java.lang.String)[pri:0, instance:null] on TestClass class com.epam.testexternalpart.tests.PlaceForTestingTest
[XmlMethodSelector] Including method com.epam.testexternalpart.core.init()
[XmlMethodSelector] Including method com.epam.testexternalpart.core.tearDown()
[XmlMethodSelector] Including method com.epam.testexternalpart.core.startPage()
[XmlMethodSelector] Including method com.epam.testexternalpart.tests.editNewPlaceForTesting()
[XmlMethodSelector] Including method com.epam.testexternalpart.tests.addNewPlaceForTesting()
[XmlMethodSelector] Including method com.epam.testexternalpart.tests.deleteNewPlaceForTesting()
[SuiteRunner] Created 8 TestRunners
[TestRunner] Running test smokeMenuTest on 1  classes,  included groups:[] excluded groups:[]
===== Test class
com.epam.testexternalpart.tests.SmokeTest
  @BeforeClass BaseTest.init()[pri:0, instance:com.epam.testexternalpart.tests.SmokeTest@62ee68d8]
  @BeforeMethod BaseTest.startPage()[pri:0, instance:com.epam.testexternalpart.tests.SmokeTest@62ee68d8]
    @Test SmokeTest.checkElementsPresentAddDepartmentPage()[pri:0, instance:com.epam.testexternalpart.tests.SmokeTest@62ee68d8]
    @Test SmokeTest.checkElementsViewCandidate(java.lang.String, java.lang.String)[pri:0, instance:com.epam.testexternalpart.tests.SmokeTest@62ee68d8]
    @Test SmokeTest.checkMailSettingsMenu()[pri:0, instance:com.epam.testexternalpart.tests.SmokeTest@62ee68d8]
    @Test SmokeTest.checkElementsPresentAddStreamPage()[pri:0, instance:com.epam.testexternalpart.tests.SmokeTest@62ee68d8]
    @Test SmokeTest.checkElStreamPage(java.lang.String)[pri:0, instance:com.epam.testexternalpart.tests.SmokeTest@62ee68d8]
    @Test SmokeTest.checkElementsAddCandidate(java.lang.String)[pri:0, instance:com.epam.testexternalpart.tests.SmokeTest@62ee68d8]
    @Test SmokeTest.checkElAllCandiadtesMenu(java.lang.String)[pri:0, instance:com.epam.testexternalpart.tests.SmokeTest@62ee68d8]
    @Test SmokeTest.checkAddStreamAccordingToDepartment()[pri:0, instance:com.epam.testexternalpart.tests.SmokeTest@62ee68d8]
    @Test SmokeTest.checkElementsEditCandidate(java.lang.String, java.lang.String)[pri:0, instance:com.epam.testexternalpart.tests.SmokeTest@62ee68d8]
    @Test SmokeTest.checkElementsPresentDepartmentPage()[pri:0, instance:com.epam.testexternalpart.tests.SmokeTest@62ee68d8]
    @Test SmokeTest.checkSubgroupPage()[pri:0, instance:com.epam.testexternalpart.tests.SmokeTest@62ee68d8]
    @Test SmokeTest.checkMenu()[pri:0, instance:com.epam.testexternalpart.tests.SmokeTest@62ee68d8]
    @Test SmokeTest.checkEmailTemplatesPage()[pri:0, instance:com.epam.testexternalpart.tests.SmokeTest@62ee68d8]
  @AfterClass BaseTest.tearDown()[pri:0, instance:com.epam.testexternalpart.tests.SmokeTest@62ee68d8]
======
[Invoker 1833638914] Keeping method BaseTest.init()[pri:0, instance:com.epam.testexternalpart.tests.SmokeTest@62ee68d8] for class [TestClass name=class com.epam.testexternalpart.tests.SmokeTest]
[Invoker 1833638914] Invoking @BeforeClass BaseTest.init()[pri:0, instance:com.epam.testexternalpart.tests.SmokeTest@62ee68d8]
Failed to invoke configuration method com.epam.testexternalpart.core.BaseTest.init:The driver executable does not exist: D:\Internal_project\Project\AutomatedTesting\target\test-classes\.\chromedriver.exe
=======
[RunInfo] Adding method selector: org.testng.internal.XmlMethodSelector@3ed326bb priority: 10
[TestClass] Creating TestClass for [ClassImpl class=com.epam.testexternalpart.tests.PlaceForTestingTest]
[TestClass] Adding method PlaceForTestingTest.deleteNewPlaceForTesting(java.lang.String, java.lang.String, java.lang.String, java.lang.String)[pri:0, instance:null] on TestClass class com.epam.testexternalpart.tests.PlaceForTestingTest
[TestClass] Adding method PlaceForTestingTest.editNewPlaceForTesting(java.lang.String, java.lang.String, java.lang.String, java.lang.String, java.lang.String, java.lang.String, java.lang.String, java.lang.String)[pri:0, instance:null] on TestClass class com.epam.testexternalpart.tests.PlaceForTestingTest
[TestClass] Adding method PlaceForTestingTest.addNewPlaceForTesting(java.lang.String, java.lang.String, java.lang.String, java.lang.String)[pri:0, instance:null] on TestClass class com.epam.testexternalpart.tests.PlaceForTestingTest
[XmlMethodSelector] Including method com.epam.testexternalpart.core.init()
[XmlMethodSelector] Including method com.epam.testexternalpart.core.tearDown()
[XmlMethodSelector] Including method com.epam.testexternalpart.core.startPage()
[XmlMethodSelector] Including method com.epam.testexternalpart.tests.deleteNewPlaceForTesting()
[XmlMethodSelector] Including method com.epam.testexternalpart.tests.editNewPlaceForTesting()
[XmlMethodSelector] Including method com.epam.testexternalpart.tests.addNewPlaceForTesting()
[SuiteRunner] Created 7 TestRunners
[TestRunner] Running test smokeMenuTest on 1  classes,  included groups:[] excluded groups:[]
===== Test class
com.epam.testexternalpart.tests.SmokeTest
  @BeforeClass BaseTest.init()[pri:0, instance:com.epam.testexternalpart.tests.SmokeTest@2ceec3d5]
  @BeforeMethod BaseTest.startPage()[pri:0, instance:com.epam.testexternalpart.tests.SmokeTest@2ceec3d5]
    @Test SmokeTest.checkElementsEditCandidate(java.lang.String, java.lang.String)[pri:0, instance:com.epam.testexternalpart.tests.SmokeTest@2ceec3d5]
    @Test SmokeTest.checkSubgroupPage()[pri:0, instance:com.epam.testexternalpart.tests.SmokeTest@2ceec3d5]
    @Test SmokeTest.checkAddStreamAccordingToDepartment()[pri:0, instance:com.epam.testexternalpart.tests.SmokeTest@2ceec3d5]
    @Test SmokeTest.checkEmailTemplatesPage()[pri:0, instance:com.epam.testexternalpart.tests.SmokeTest@2ceec3d5]
    @Test SmokeTest.checkMailSettingsMenu()[pri:0, instance:com.epam.testexternalpart.tests.SmokeTest@2ceec3d5]
    @Test SmokeTest.checkElStreamPage(java.lang.String)[pri:0, instance:com.epam.testexternalpart.tests.SmokeTest@2ceec3d5]
    @Test SmokeTest.checkElAllCandiadtesMenu(java.lang.String)[pri:0, instance:com.epam.testexternalpart.tests.SmokeTest@2ceec3d5]
    @Test SmokeTest.checkElementsPresentAddStreamPage()[pri:0, instance:com.epam.testexternalpart.tests.SmokeTest@2ceec3d5]
    @Test SmokeTest.checkMenu()[pri:0, instance:com.epam.testexternalpart.tests.SmokeTest@2ceec3d5]
    @Test SmokeTest.checkConcretSubgroup()[pri:0, instance:com.epam.testexternalpart.tests.SmokeTest@2ceec3d5]
    @Test SmokeTest.checkElementsPresentAddDepartmentPage()[pri:0, instance:com.epam.testexternalpart.tests.SmokeTest@2ceec3d5]
    @Test SmokeTest.checkElementsViewCandidate(java.lang.String, java.lang.String)[pri:0, instance:com.epam.testexternalpart.tests.SmokeTest@2ceec3d5]
    @Test SmokeTest.checkElementsAddCandidate(java.lang.String)[pri:0, instance:com.epam.testexternalpart.tests.SmokeTest@2ceec3d5]
    @Test SmokeTest.checkElementsPresentDepartmentPage()[pri:0, instance:com.epam.testexternalpart.tests.SmokeTest@2ceec3d5]
  @AfterClass BaseTest.tearDown()[pri:0, instance:com.epam.testexternalpart.tests.SmokeTest@2ceec3d5]
======
[Invoker 1557168050] Keeping method BaseTest.init()[pri:0, instance:com.epam.testexternalpart.tests.SmokeTest@2ceec3d5] for class [TestClass name=class com.epam.testexternalpart.tests.SmokeTest]
[Invoker 1557168050] Invoking @BeforeClass BaseTest.init()[pri:0, instance:com.epam.testexternalpart.tests.SmokeTest@2ceec3d5]
Failed to invoke configuration method com.epam.testexternalpart.core.BaseTest.init:The driver executable does not exist: D:\AutomatedTesting\target\test-classes\chromedriver.exe
>>>>>>> 9386b16c4217c3f100b04e49611f6ae275a93151
]]></system-out>
  </testcase>
  <testcase name="startPage" classname="com.epam.testexternalpart.tests.SmokeTest" time="0">
    <skipped/>
<<<<<<< HEAD
    <system-out><![CDATA[[Invoker 1833638914] Keeping method BaseTest.startPage()[pri:0, instance:com.epam.testexternalpart.tests.SmokeTest@62ee68d8] for class [TestClass name=class com.epam.testexternalpart.tests.SmokeTest]
[Invoker 1833638914] Keeping method BaseTest.startPage()[pri:0, instance:com.epam.testexternalpart.tests.SmokeTest@62ee68d8] for class [TestClass name=class com.epam.testexternalpart.tests.SmokeTest]
=======
    <system-out><![CDATA[[Invoker 1557168050] Keeping method BaseTest.startPage()[pri:0, instance:com.epam.testexternalpart.tests.SmokeTest@2ceec3d5] for class [TestClass name=class com.epam.testexternalpart.tests.SmokeTest]
[Invoker 1557168050] Keeping method BaseTest.startPage()[pri:0, instance:com.epam.testexternalpart.tests.SmokeTest@2ceec3d5] for class [TestClass name=class com.epam.testexternalpart.tests.SmokeTest]
>>>>>>> 9386b16c4217c3f100b04e49611f6ae275a93151
]]></system-out>
  </testcase>
  <testcase name="startPage" classname="com.epam.testexternalpart.tests.SmokeTest" time="0">
    <skipped/>
<<<<<<< HEAD
    <system-out><![CDATA[[Invoker 1833638914] Keeping method BaseTest.startPage()[pri:0, instance:com.epam.testexternalpart.tests.SmokeTest@62ee68d8] for class [TestClass name=class com.epam.testexternalpart.tests.SmokeTest]
[Invoker 1833638914] Keeping method BaseTest.startPage()[pri:0, instance:com.epam.testexternalpart.tests.SmokeTest@62ee68d8] for class [TestClass name=class com.epam.testexternalpart.tests.SmokeTest]
=======
    <system-out><![CDATA[[Invoker 1557168050] Keeping method BaseTest.startPage()[pri:0, instance:com.epam.testexternalpart.tests.SmokeTest@2ceec3d5] for class [TestClass name=class com.epam.testexternalpart.tests.SmokeTest]
[Invoker 1557168050] Keeping method BaseTest.startPage()[pri:0, instance:com.epam.testexternalpart.tests.SmokeTest@2ceec3d5] for class [TestClass name=class com.epam.testexternalpart.tests.SmokeTest]
>>>>>>> 9386b16c4217c3f100b04e49611f6ae275a93151
]]></system-out>
  </testcase>
  <testcase name="startPage" classname="com.epam.testexternalpart.tests.SmokeTest" time="0">
    <skipped/>
<<<<<<< HEAD
    <system-out><![CDATA[[Invoker 1833638914] Keeping method BaseTest.startPage()[pri:0, instance:com.epam.testexternalpart.tests.SmokeTest@62ee68d8] for class [TestClass name=class com.epam.testexternalpart.tests.SmokeTest]
[Invoker 1833638914] Keeping method BaseTest.startPage()[pri:0, instance:com.epam.testexternalpart.tests.SmokeTest@62ee68d8] for class [TestClass name=class com.epam.testexternalpart.tests.SmokeTest]
=======
    <system-out><![CDATA[[Invoker 1557168050] Keeping method BaseTest.startPage()[pri:0, instance:com.epam.testexternalpart.tests.SmokeTest@2ceec3d5] for class [TestClass name=class com.epam.testexternalpart.tests.SmokeTest]
[Invoker 1557168050] Keeping method BaseTest.startPage()[pri:0, instance:com.epam.testexternalpart.tests.SmokeTest@2ceec3d5] for class [TestClass name=class com.epam.testexternalpart.tests.SmokeTest]
>>>>>>> 9386b16c4217c3f100b04e49611f6ae275a93151
]]></system-out>
  </testcase>
  <testcase name="startPage" classname="com.epam.testexternalpart.tests.SmokeTest" time="0">
    <skipped/>
<<<<<<< HEAD
    <system-out><![CDATA[[Invoker 1833638914] Keeping method BaseTest.startPage()[pri:0, instance:com.epam.testexternalpart.tests.SmokeTest@62ee68d8] for class [TestClass name=class com.epam.testexternalpart.tests.SmokeTest]
[Invoker 1833638914] Keeping method BaseTest.startPage()[pri:0, instance:com.epam.testexternalpart.tests.SmokeTest@62ee68d8] for class [TestClass name=class com.epam.testexternalpart.tests.SmokeTest]
=======
    <system-out><![CDATA[[Invoker 1557168050] Keeping method BaseTest.startPage()[pri:0, instance:com.epam.testexternalpart.tests.SmokeTest@2ceec3d5] for class [TestClass name=class com.epam.testexternalpart.tests.SmokeTest]
[Invoker 1557168050] Keeping method BaseTest.startPage()[pri:0, instance:com.epam.testexternalpart.tests.SmokeTest@2ceec3d5] for class [TestClass name=class com.epam.testexternalpart.tests.SmokeTest]
>>>>>>> 9386b16c4217c3f100b04e49611f6ae275a93151
]]></system-out>
  </testcase>
  <testcase name="startPage" classname="com.epam.testexternalpart.tests.SmokeTest" time="0">
    <skipped/>
<<<<<<< HEAD
    <system-out><![CDATA[[Invoker 1833638914] Keeping method BaseTest.startPage()[pri:0, instance:com.epam.testexternalpart.tests.SmokeTest@62ee68d8] for class [TestClass name=class com.epam.testexternalpart.tests.SmokeTest]
[Invoker 1833638914] Keeping method BaseTest.startPage()[pri:0, instance:com.epam.testexternalpart.tests.SmokeTest@62ee68d8] for class [TestClass name=class com.epam.testexternalpart.tests.SmokeTest]
=======
    <system-out><![CDATA[[Invoker 1557168050] Keeping method BaseTest.startPage()[pri:0, instance:com.epam.testexternalpart.tests.SmokeTest@2ceec3d5] for class [TestClass name=class com.epam.testexternalpart.tests.SmokeTest]
[Invoker 1557168050] Keeping method BaseTest.startPage()[pri:0, instance:com.epam.testexternalpart.tests.SmokeTest@2ceec3d5] for class [TestClass name=class com.epam.testexternalpart.tests.SmokeTest]
>>>>>>> 9386b16c4217c3f100b04e49611f6ae275a93151
]]></system-out>
  </testcase>
  <testcase name="startPage" classname="com.epam.testexternalpart.tests.SmokeTest" time="0">
    <skipped/>
<<<<<<< HEAD
    <system-out><![CDATA[[Invoker 1833638914] Keeping method BaseTest.startPage()[pri:0, instance:com.epam.testexternalpart.tests.SmokeTest@62ee68d8] for class [TestClass name=class com.epam.testexternalpart.tests.SmokeTest]
[Invoker 1833638914] Keeping method BaseTest.startPage()[pri:0, instance:com.epam.testexternalpart.tests.SmokeTest@62ee68d8] for class [TestClass name=class com.epam.testexternalpart.tests.SmokeTest]
=======
    <system-out><![CDATA[[Invoker 1557168050] Keeping method BaseTest.startPage()[pri:0, instance:com.epam.testexternalpart.tests.SmokeTest@2ceec3d5] for class [TestClass name=class com.epam.testexternalpart.tests.SmokeTest]
[Invoker 1557168050] Keeping method BaseTest.startPage()[pri:0, instance:com.epam.testexternalpart.tests.SmokeTest@2ceec3d5] for class [TestClass name=class com.epam.testexternalpart.tests.SmokeTest]
>>>>>>> 9386b16c4217c3f100b04e49611f6ae275a93151
]]></system-out>
  </testcase>
  <testcase name="startPage" classname="com.epam.testexternalpart.tests.SmokeTest" time="0">
    <skipped/>
<<<<<<< HEAD
    <system-out><![CDATA[[Invoker 1833638914] Keeping method BaseTest.startPage()[pri:0, instance:com.epam.testexternalpart.tests.SmokeTest@62ee68d8] for class [TestClass name=class com.epam.testexternalpart.tests.SmokeTest]
[Invoker 1833638914] Keeping method BaseTest.startPage()[pri:0, instance:com.epam.testexternalpart.tests.SmokeTest@62ee68d8] for class [TestClass name=class com.epam.testexternalpart.tests.SmokeTest]
=======
    <system-out><![CDATA[[Invoker 1557168050] Keeping method BaseTest.startPage()[pri:0, instance:com.epam.testexternalpart.tests.SmokeTest@2ceec3d5] for class [TestClass name=class com.epam.testexternalpart.tests.SmokeTest]
[Invoker 1557168050] Keeping method BaseTest.startPage()[pri:0, instance:com.epam.testexternalpart.tests.SmokeTest@2ceec3d5] for class [TestClass name=class com.epam.testexternalpart.tests.SmokeTest]
>>>>>>> 9386b16c4217c3f100b04e49611f6ae275a93151
]]></system-out>
  </testcase>
  <testcase name="startPage" classname="com.epam.testexternalpart.tests.SmokeTest" time="0">
    <skipped/>
<<<<<<< HEAD
    <system-out><![CDATA[[Invoker 1833638914] Keeping method BaseTest.startPage()[pri:0, instance:com.epam.testexternalpart.tests.SmokeTest@62ee68d8] for class [TestClass name=class com.epam.testexternalpart.tests.SmokeTest]
[Invoker 1833638914] Keeping method BaseTest.startPage()[pri:0, instance:com.epam.testexternalpart.tests.SmokeTest@62ee68d8] for class [TestClass name=class com.epam.testexternalpart.tests.SmokeTest]
=======
    <system-out><![CDATA[[Invoker 1557168050] Keeping method BaseTest.startPage()[pri:0, instance:com.epam.testexternalpart.tests.SmokeTest@2ceec3d5] for class [TestClass name=class com.epam.testexternalpart.tests.SmokeTest]
[Invoker 1557168050] Keeping method BaseTest.startPage()[pri:0, instance:com.epam.testexternalpart.tests.SmokeTest@2ceec3d5] for class [TestClass name=class com.epam.testexternalpart.tests.SmokeTest]
>>>>>>> 9386b16c4217c3f100b04e49611f6ae275a93151
]]></system-out>
  </testcase>
  <testcase name="startPage" classname="com.epam.testexternalpart.tests.SmokeTest" time="0">
    <skipped/>
<<<<<<< HEAD
    <system-out><![CDATA[[Invoker 1833638914] Keeping method BaseTest.startPage()[pri:0, instance:com.epam.testexternalpart.tests.SmokeTest@62ee68d8] for class [TestClass name=class com.epam.testexternalpart.tests.SmokeTest]
[Invoker 1833638914] Keeping method BaseTest.startPage()[pri:0, instance:com.epam.testexternalpart.tests.SmokeTest@62ee68d8] for class [TestClass name=class com.epam.testexternalpart.tests.SmokeTest]
=======
    <system-out><![CDATA[[Invoker 1557168050] Keeping method BaseTest.startPage()[pri:0, instance:com.epam.testexternalpart.tests.SmokeTest@2ceec3d5] for class [TestClass name=class com.epam.testexternalpart.tests.SmokeTest]
[Invoker 1557168050] Keeping method BaseTest.startPage()[pri:0, instance:com.epam.testexternalpart.tests.SmokeTest@2ceec3d5] for class [TestClass name=class com.epam.testexternalpart.tests.SmokeTest]
>>>>>>> 9386b16c4217c3f100b04e49611f6ae275a93151
]]></system-out>
  </testcase>
  <testcase name="startPage" classname="com.epam.testexternalpart.tests.SmokeTest" time="0">
    <skipped/>
<<<<<<< HEAD
    <system-out><![CDATA[[Invoker 1833638914] Keeping method BaseTest.startPage()[pri:0, instance:com.epam.testexternalpart.tests.SmokeTest@62ee68d8] for class [TestClass name=class com.epam.testexternalpart.tests.SmokeTest]
[Invoker 1833638914] Keeping method BaseTest.startPage()[pri:0, instance:com.epam.testexternalpart.tests.SmokeTest@62ee68d8] for class [TestClass name=class com.epam.testexternalpart.tests.SmokeTest]
=======
    <system-out><![CDATA[[Invoker 1557168050] Keeping method BaseTest.startPage()[pri:0, instance:com.epam.testexternalpart.tests.SmokeTest@2ceec3d5] for class [TestClass name=class com.epam.testexternalpart.tests.SmokeTest]
[Invoker 1557168050] Keeping method BaseTest.startPage()[pri:0, instance:com.epam.testexternalpart.tests.SmokeTest@2ceec3d5] for class [TestClass name=class com.epam.testexternalpart.tests.SmokeTest]
>>>>>>> 9386b16c4217c3f100b04e49611f6ae275a93151
]]></system-out>
  </testcase>
  <testcase name="startPage" classname="com.epam.testexternalpart.tests.SmokeTest" time="0">
    <skipped/>
<<<<<<< HEAD
    <system-out><![CDATA[[Invoker 1833638914] Keeping method BaseTest.startPage()[pri:0, instance:com.epam.testexternalpart.tests.SmokeTest@62ee68d8] for class [TestClass name=class com.epam.testexternalpart.tests.SmokeTest]
[Invoker 1833638914] Keeping method BaseTest.startPage()[pri:0, instance:com.epam.testexternalpart.tests.SmokeTest@62ee68d8] for class [TestClass name=class com.epam.testexternalpart.tests.SmokeTest]
=======
    <system-out><![CDATA[[Invoker 1557168050] Keeping method BaseTest.startPage()[pri:0, instance:com.epam.testexternalpart.tests.SmokeTest@2ceec3d5] for class [TestClass name=class com.epam.testexternalpart.tests.SmokeTest]
[Invoker 1557168050] Keeping method BaseTest.startPage()[pri:0, instance:com.epam.testexternalpart.tests.SmokeTest@2ceec3d5] for class [TestClass name=class com.epam.testexternalpart.tests.SmokeTest]
>>>>>>> 9386b16c4217c3f100b04e49611f6ae275a93151
]]></system-out>
  </testcase>
  <testcase name="startPage" classname="com.epam.testexternalpart.tests.SmokeTest" time="0">
    <skipped/>
<<<<<<< HEAD
    <system-out><![CDATA[[Invoker 1833638914] Keeping method BaseTest.startPage()[pri:0, instance:com.epam.testexternalpart.tests.SmokeTest@62ee68d8] for class [TestClass name=class com.epam.testexternalpart.tests.SmokeTest]
[Invoker 1833638914] Keeping method BaseTest.startPage()[pri:0, instance:com.epam.testexternalpart.tests.SmokeTest@62ee68d8] for class [TestClass name=class com.epam.testexternalpart.tests.SmokeTest]
=======
    <system-out><![CDATA[[Invoker 1557168050] Keeping method BaseTest.startPage()[pri:0, instance:com.epam.testexternalpart.tests.SmokeTest@2ceec3d5] for class [TestClass name=class com.epam.testexternalpart.tests.SmokeTest]
[Invoker 1557168050] Keeping method BaseTest.startPage()[pri:0, instance:com.epam.testexternalpart.tests.SmokeTest@2ceec3d5] for class [TestClass name=class com.epam.testexternalpart.tests.SmokeTest]
>>>>>>> 9386b16c4217c3f100b04e49611f6ae275a93151
]]></system-out>
  </testcase>
  <testcase name="startPage" classname="com.epam.testexternalpart.tests.SmokeTest" time="0">
    <skipped/>
<<<<<<< HEAD
    <system-out><![CDATA[[Invoker 1833638914] Keeping method BaseTest.startPage()[pri:0, instance:com.epam.testexternalpart.tests.SmokeTest@62ee68d8] for class [TestClass name=class com.epam.testexternalpart.tests.SmokeTest]
[Invoker 1833638914] Keeping method BaseTest.startPage()[pri:0, instance:com.epam.testexternalpart.tests.SmokeTest@62ee68d8] for class [TestClass name=class com.epam.testexternalpart.tests.SmokeTest]
=======
    <system-out><![CDATA[[Invoker 1557168050] Keeping method BaseTest.startPage()[pri:0, instance:com.epam.testexternalpart.tests.SmokeTest@2ceec3d5] for class [TestClass name=class com.epam.testexternalpart.tests.SmokeTest]
[Invoker 1557168050] Keeping method BaseTest.startPage()[pri:0, instance:com.epam.testexternalpart.tests.SmokeTest@2ceec3d5] for class [TestClass name=class com.epam.testexternalpart.tests.SmokeTest]
]]></system-out>
  </testcase>
  <testcase name="startPage" classname="com.epam.testexternalpart.tests.SmokeTest" time="0">
    <skipped/>
    <system-out><![CDATA[[Invoker 1557168050] Keeping method BaseTest.startPage()[pri:0, instance:com.epam.testexternalpart.tests.SmokeTest@2ceec3d5] for class [TestClass name=class com.epam.testexternalpart.tests.SmokeTest]
[Invoker 1557168050] Keeping method BaseTest.startPage()[pri:0, instance:com.epam.testexternalpart.tests.SmokeTest@2ceec3d5] for class [TestClass name=class com.epam.testexternalpart.tests.SmokeTest]
>>>>>>> 9386b16c4217c3f100b04e49611f6ae275a93151
]]></system-out>
  </testcase>
  <testcase name="checkAddStreamAccordingToDepartment" classname="com.epam.testexternalpart.tests.SmokeTest" time="0">
    <skipped/>
  </testcase>
<<<<<<< HEAD
=======
  <testcase name="checkConcretSubgroup" classname="com.epam.testexternalpart.tests.SmokeTest" time="0">
    <skipped/>
  </testcase>
>>>>>>> 9386b16c4217c3f100b04e49611f6ae275a93151
  <testcase name="checkElAllCandiadtesMenu" classname="com.epam.testexternalpart.tests.SmokeTest" time="0">
    <skipped/>
  </testcase>
  <testcase name="checkElStreamPage" classname="com.epam.testexternalpart.tests.SmokeTest" time="0">
    <skipped/>
  </testcase>
  <testcase name="checkElementsAddCandidate" classname="com.epam.testexternalpart.tests.SmokeTest" time="0">
    <skipped/>
  </testcase>
  <testcase name="checkElementsEditCandidate" classname="com.epam.testexternalpart.tests.SmokeTest" time="0">
    <skipped/>
  </testcase>
  <testcase name="checkElementsPresentAddDepartmentPage" classname="com.epam.testexternalpart.tests.SmokeTest" time="0">
    <skipped/>
  </testcase>
  <testcase name="checkElementsPresentAddStreamPage" classname="com.epam.testexternalpart.tests.SmokeTest" time="0">
    <skipped/>
  </testcase>
  <testcase name="checkElementsPresentDepartmentPage" classname="com.epam.testexternalpart.tests.SmokeTest" time="0">
    <skipped/>
  </testcase>
  <testcase name="checkElementsViewCandidate" classname="com.epam.testexternalpart.tests.SmokeTest" time="0">
    <skipped/>
  </testcase>
  <testcase name="checkEmailTemplatesPage" classname="com.epam.testexternalpart.tests.SmokeTest" time="0">
    <skipped/>
  </testcase>
  <testcase name="checkMailSettingsMenu" classname="com.epam.testexternalpart.tests.SmokeTest" time="0">
    <skipped/>
  </testcase>
  <testcase name="checkMenu" classname="com.epam.testexternalpart.tests.SmokeTest" time="0">
    <skipped/>
  </testcase>
  <testcase name="checkSubgroupPage" classname="com.epam.testexternalpart.tests.SmokeTest" time="0">
    <skipped/>
  </testcase>
  <testcase name="tearDown" classname="com.epam.testexternalpart.tests.SmokeTest" time="0">
    <skipped/>
<<<<<<< HEAD
    <system-out><![CDATA[[Invoker 1833638914] Keeping method BaseTest.tearDown()[pri:0, instance:com.epam.testexternalpart.tests.SmokeTest@62ee68d8] for class [TestClass name=class com.epam.testexternalpart.tests.SmokeTest]
]]></system-out>
  </testcase>
  <testcase name="init" classname="com.epam.testexternalpart.tests.DepartmentTest" time="0.016">
    <failure message="The driver executable does not exist: D:\Internal_project\Project\AutomatedTesting\target\test-classes\.\chromedriver.exe" type="java.lang.IllegalStateException"><![CDATA[java.lang.IllegalStateException: The driver executable does not exist: D:\Internal_project\Project\AutomatedTesting\target\test-classes\.\chromedriver.exe
=======
    <system-out><![CDATA[[Invoker 1557168050] Keeping method BaseTest.tearDown()[pri:0, instance:com.epam.testexternalpart.tests.SmokeTest@2ceec3d5] for class [TestClass name=class com.epam.testexternalpart.tests.SmokeTest]
]]></system-out>
  </testcase>
  <testcase name="init" classname="com.epam.testexternalpart.tests.DepartmentTest" time="0">
    <failure message="The driver executable does not exist: D:\AutomatedTesting\target\test-classes\chromedriver.exe" type="java.lang.IllegalStateException"><![CDATA[java.lang.IllegalStateException: The driver executable does not exist: D:\AutomatedTesting\target\test-classes\chromedriver.exe
>>>>>>> 9386b16c4217c3f100b04e49611f6ae275a93151
	at com.google.common.base.Preconditions.checkState(Preconditions.java:197)
	at org.openqa.selenium.remote.service.DriverService.checkExecutable(DriverService.java:117)
	at org.openqa.selenium.remote.service.DriverService.findExecutable(DriverService.java:112)
	at org.openqa.selenium.chrome.ChromeDriverService.createDefaultService(ChromeDriverService.java:89)
	at org.openqa.selenium.chrome.ChromeDriver.<init>(ChromeDriver.java:117)
	at com.epam.testexternalpart.core.WebDriverFactory.initDriver(WebDriverFactory.java:18)
	at com.epam.testexternalpart.core.BaseTest.init(BaseTest.java:72)
	at sun.reflect.NativeMethodAccessorImpl.invoke0(Native Method)
<<<<<<< HEAD
	at sun.reflect.NativeMethodAccessorImpl.invoke(NativeMethodAccessorImpl.java:62)
	at sun.reflect.DelegatingMethodAccessorImpl.invoke(DelegatingMethodAccessorImpl.java:43)
	at java.lang.reflect.Method.invoke(Method.java:483)
=======
	at sun.reflect.NativeMethodAccessorImpl.invoke(NativeMethodAccessorImpl.java:57)
	at sun.reflect.DelegatingMethodAccessorImpl.invoke(DelegatingMethodAccessorImpl.java:43)
	at java.lang.reflect.Method.invoke(Method.java:606)
>>>>>>> 9386b16c4217c3f100b04e49611f6ae275a93151
	at org.testng.internal.MethodInvocationHelper.invokeMethod(MethodInvocationHelper.java:84)
	at org.testng.internal.Invoker.invokeConfigurationMethod(Invoker.java:564)
	at org.testng.internal.Invoker.invokeConfigurations(Invoker.java:213)
	at org.testng.internal.Invoker.invokeConfigurations(Invoker.java:138)
	at org.testng.internal.TestMethodWorker.invokeBeforeClassMethods(TestMethodWorker.java:175)
	at org.testng.internal.TestMethodWorker.run(TestMethodWorker.java:107)
	at org.testng.TestRunner.privateRun(TestRunner.java:767)
	at org.testng.TestRunner.run(TestRunner.java:617)
	at org.testng.SuiteRunner.runTest(SuiteRunner.java:348)
	at org.testng.SuiteRunner.runSequentially(SuiteRunner.java:343)
	at org.testng.SuiteRunner.privateRun(SuiteRunner.java:305)
	at org.testng.SuiteRunner.run(SuiteRunner.java:254)
	at org.testng.SuiteRunnerWorker.runSuite(SuiteRunnerWorker.java:52)
	at org.testng.SuiteRunnerWorker.run(SuiteRunnerWorker.java:86)
	at org.testng.TestNG.runSuitesSequentially(TestNG.java:1224)
	at org.testng.TestNG.runSuitesLocally(TestNG.java:1149)
	at org.testng.TestNG.run(TestNG.java:1057)
	at org.apache.maven.surefire.testng.TestNGExecutor.run(TestNGExecutor.java:295)
	at org.apache.maven.surefire.testng.TestNGXmlTestSuite.execute(TestNGXmlTestSuite.java:84)
	at org.apache.maven.surefire.testng.TestNGProvider.invoke(TestNGProvider.java:90)
	at org.apache.maven.surefire.booter.ForkedBooter.invokeProviderInSameClassLoader(ForkedBooter.java:203)
	at org.apache.maven.surefire.booter.ForkedBooter.runSuitesInProcess(ForkedBooter.java:155)
	at org.apache.maven.surefire.booter.ForkedBooter.main(ForkedBooter.java:103)
]]></failure>
    <system-out><![CDATA[===== Invoked methods
<<<<<<< HEAD
  BaseTest.init()[pri:0, instance:com.epam.testexternalpart.tests.SmokeTest@62ee68d8] 1659791576
    SmokeTest.checkAddStreamAccordingToDepartment()[pri:0, instance:com.epam.testexternalpart.tests.SmokeTest@62ee68d8] 1659791576
    SmokeTest.checkElAllCandiadtesMenu(java.lang.String)[pri:0, instance:com.epam.testexternalpart.tests.SmokeTest@62ee68d8]№;First Name;Last Name;Middle Name;Phone;BirthDate;Email;Fill Date;Stream;Department  1659791576
    SmokeTest.checkElStreamPage(java.lang.String)[pri:0, instance:com.epam.testexternalpart.tests.SmokeTest@62ee68d8];№;First Name;Last Name;Middle Name;Phone;BirthDate;Email;Fill Date  1659791576
    SmokeTest.checkElementsAddCandidate(java.lang.String)[pri:0, instance:com.epam.testexternalpart.tests.SmokeTest@62ee68d8]First name;Last name;Middle name;Birth date;Email;Phone;Secondary phone;University name;Faculty name;Academic degree;Education start year;Graduation year;Additional education;Relevant skills;Languages;Referrer;Attempt count;Stream;Status;Fill date;Comment  1659791576
    SmokeTest.checkElementsEditCandidate(java.lang.String, java.lang.String)[pri:0, instance:com.epam.testexternalpart.tests.SmokeTest@62ee68d8]Petrov;Petr;Olololoevich;02.12.1993;sdhgjshgj@mail.ru;+380505465345; First name;Last name;Middle name;Birth date;Email;Phone;Secondary phone;University name;Faculty name;Academic degree;Education start year;Graduation year;Additional education;Relevant skills;Languages;Referrer;Attempt count;Stream;Status;Fill date;Comment  1659791576
    SmokeTest.checkElementsPresentAddDepartmentPage()[pri:0, instance:com.epam.testexternalpart.tests.SmokeTest@62ee68d8] 1659791576
    SmokeTest.checkElementsPresentAddStreamPage()[pri:0, instance:com.epam.testexternalpart.tests.SmokeTest@62ee68d8] 1659791576
    SmokeTest.checkElementsPresentDepartmentPage()[pri:0, instance:com.epam.testexternalpart.tests.SmokeTest@62ee68d8] 1659791576
    SmokeTest.checkElementsViewCandidate(java.lang.String, java.lang.String)[pri:0, instance:com.epam.testexternalpart.tests.SmokeTest@62ee68d8]Petrov;Petr;Olololoevich;02.12.1993;sdhgjshgj@mail.ru;+380505465345; First name;Last name;Middle name;Birth date;Email;Primary phone number;Secondary phone number;University;Faculty;Degree;Education start date;Graduation date;Extra education;Relevant skills;Language;Referrer;Stream;Status;Attempt amount;Filling date;Comment  1659791576
    SmokeTest.checkEmailTemplatesPage()[pri:0, instance:com.epam.testexternalpart.tests.SmokeTest@62ee68d8] 1659791576
    SmokeTest.checkMailSettingsMenu()[pri:0, instance:com.epam.testexternalpart.tests.SmokeTest@62ee68d8] 1659791576
    SmokeTest.checkMenu()[pri:0, instance:com.epam.testexternalpart.tests.SmokeTest@62ee68d8] 1659791576
    SmokeTest.checkSubgroupPage()[pri:0, instance:com.epam.testexternalpart.tests.SmokeTest@62ee68d8] 1659791576
=======
  BaseTest.init()[pri:0, instance:com.epam.testexternalpart.tests.SmokeTest@2ceec3d5] 753845205
    SmokeTest.checkAddStreamAccordingToDepartment()[pri:0, instance:com.epam.testexternalpart.tests.SmokeTest@2ceec3d5] 753845205
    SmokeTest.checkConcretSubgroup()[pri:0, instance:com.epam.testexternalpart.tests.SmokeTest@2ceec3d5] 753845205
    SmokeTest.checkElAllCandiadtesMenu(java.lang.String)[pri:0, instance:com.epam.testexternalpart.tests.SmokeTest@2ceec3d5]№;First Name;Last Name;Middle Name;Phone;BirthDate;Email;Fill Date;Stream;Department  753845205
    SmokeTest.checkElStreamPage(java.lang.String)[pri:0, instance:com.epam.testexternalpart.tests.SmokeTest@2ceec3d5];№;First Name;Last Name;Middle Name;Phone;BirthDate;Email;Fill Date  753845205
    SmokeTest.checkElementsAddCandidate(java.lang.String)[pri:0, instance:com.epam.testexternalpart.tests.SmokeTest@2ceec3d5]First name;Last name;Middle name;Birth date;Email;Phone;Secondary phone;University name;Faculty name;Academic degree;Education start year;Graduation year;Additional education;Relevant skills;Languages;Referrer;Attempt count;Stream;Status;Fill date;Comment  753845205
    SmokeTest.checkElementsEditCandidate(java.lang.String, java.lang.String)[pri:0, instance:com.epam.testexternalpart.tests.SmokeTest@2ceec3d5]Petrov;Petr;Olololoevich;02.12.1993;sdhgjshgj@mail.ru;+380505465345; First name;Last name;Middle name;Birth date;Email;Phone;Secondary phone;University name;Faculty name;Academic degree;Education start year;Graduation year;Additional education;Relevant skills;Languages;Referrer;Attempt count;Stream;Status;Fill date;Comment  753845205
    SmokeTest.checkElementsPresentAddDepartmentPage()[pri:0, instance:com.epam.testexternalpart.tests.SmokeTest@2ceec3d5] 753845205
    SmokeTest.checkElementsPresentAddStreamPage()[pri:0, instance:com.epam.testexternalpart.tests.SmokeTest@2ceec3d5] 753845205
    SmokeTest.checkElementsPresentDepartmentPage()[pri:0, instance:com.epam.testexternalpart.tests.SmokeTest@2ceec3d5] 753845205
    SmokeTest.checkElementsViewCandidate(java.lang.String, java.lang.String)[pri:0, instance:com.epam.testexternalpart.tests.SmokeTest@2ceec3d5]Petrov;Petr;Olololoevich;02.12.1993;sdhgjshgj@mail.ru;+380505465345; First name;Last name;Middle name;Birth date;Email;Primary phone number;Secondary phone number;University;Faculty;Degree;Education start date;Graduation date;Extra education;Relevant skills;Language;Referrer;Stream;Status;Attempt amount;Filling date;Comment  753845205
    SmokeTest.checkEmailTemplatesPage()[pri:0, instance:com.epam.testexternalpart.tests.SmokeTest@2ceec3d5] 753845205
    SmokeTest.checkMailSettingsMenu()[pri:0, instance:com.epam.testexternalpart.tests.SmokeTest@2ceec3d5] 753845205
    SmokeTest.checkMenu()[pri:0, instance:com.epam.testexternalpart.tests.SmokeTest@2ceec3d5] 753845205
    SmokeTest.checkSubgroupPage()[pri:0, instance:com.epam.testexternalpart.tests.SmokeTest@2ceec3d5] 753845205
>>>>>>> 9386b16c4217c3f100b04e49611f6ae275a93151
=====
[TestRunner] Running test DepartmentTest on 1  classes,  included groups:[] excluded groups:[]
===== Test class
com.epam.testexternalpart.tests.DepartmentTest
<<<<<<< HEAD
  @BeforeClass BaseTest.init()[pri:0, instance:com.epam.testexternalpart.tests.DepartmentTest@cc285f4]
  @BeforeMethod BaseTest.startPage()[pri:0, instance:com.epam.testexternalpart.tests.DepartmentTest@cc285f4]
    @Test DepartmentTest.testAddDepartment(java.lang.String)[pri:0, instance:com.epam.testexternalpart.tests.DepartmentTest@cc285f4]
    @Test DepartmentTest.testAddDepartmentWithValidName(java.lang.String)[pri:0, instance:com.epam.testexternalpart.tests.DepartmentTest@cc285f4]
    @Test DepartmentTest.testEditDepartmentName(java.lang.String, java.lang.String)[pri:0, instance:com.epam.testexternalpart.tests.DepartmentTest@cc285f4]
  @AfterClass BaseTest.tearDown()[pri:0, instance:com.epam.testexternalpart.tests.DepartmentTest@cc285f4]
======
[Invoker 1833638914] Keeping method BaseTest.init()[pri:0, instance:com.epam.testexternalpart.tests.DepartmentTest@cc285f4] for class [TestClass name=class com.epam.testexternalpart.tests.DepartmentTest]
[Invoker 1833638914] Invoking @BeforeClass BaseTest.init()[pri:0, instance:com.epam.testexternalpart.tests.DepartmentTest@cc285f4]
Failed to invoke configuration method com.epam.testexternalpart.core.BaseTest.init:The driver executable does not exist: D:\Internal_project\Project\AutomatedTesting\target\test-classes\.\chromedriver.exe
=======
  @BeforeClass BaseTest.init()[pri:0, instance:com.epam.testexternalpart.tests.DepartmentTest@7ee1572c]
  @BeforeMethod BaseTest.startPage()[pri:0, instance:com.epam.testexternalpart.tests.DepartmentTest@7ee1572c]
    @Test DepartmentTest.testEditDepartmentName(java.lang.String, java.lang.String)[pri:0, instance:com.epam.testexternalpart.tests.DepartmentTest@7ee1572c]
    @Test DepartmentTest.testAddDepartmentWithValidName(java.lang.String)[pri:0, instance:com.epam.testexternalpart.tests.DepartmentTest@7ee1572c]
    @Test DepartmentTest.testAddDepartment(java.lang.String)[pri:0, instance:com.epam.testexternalpart.tests.DepartmentTest@7ee1572c]
  @AfterClass BaseTest.tearDown()[pri:0, instance:com.epam.testexternalpart.tests.DepartmentTest@7ee1572c]
======
[Invoker 1557168050] Keeping method BaseTest.init()[pri:0, instance:com.epam.testexternalpart.tests.DepartmentTest@7ee1572c] for class [TestClass name=class com.epam.testexternalpart.tests.DepartmentTest]
[Invoker 1557168050] Invoking @BeforeClass BaseTest.init()[pri:0, instance:com.epam.testexternalpart.tests.DepartmentTest@7ee1572c]
Failed to invoke configuration method com.epam.testexternalpart.core.BaseTest.init:The driver executable does not exist: D:\AutomatedTesting\target\test-classes\chromedriver.exe
>>>>>>> 9386b16c4217c3f100b04e49611f6ae275a93151
]]></system-out>
  </testcase>
  <testcase name="startPage" classname="com.epam.testexternalpart.tests.DepartmentTest" time="0">
    <skipped/>
<<<<<<< HEAD
    <system-out><![CDATA[[Invoker 1833638914] Keeping method BaseTest.startPage()[pri:0, instance:com.epam.testexternalpart.tests.DepartmentTest@cc285f4] for class [TestClass name=class com.epam.testexternalpart.tests.DepartmentTest]
[Invoker 1833638914] Keeping method BaseTest.startPage()[pri:0, instance:com.epam.testexternalpart.tests.DepartmentTest@cc285f4] for class [TestClass name=class com.epam.testexternalpart.tests.DepartmentTest]
=======
    <system-out><![CDATA[[Invoker 1557168050] Keeping method BaseTest.startPage()[pri:0, instance:com.epam.testexternalpart.tests.DepartmentTest@7ee1572c] for class [TestClass name=class com.epam.testexternalpart.tests.DepartmentTest]
[Invoker 1557168050] Keeping method BaseTest.startPage()[pri:0, instance:com.epam.testexternalpart.tests.DepartmentTest@7ee1572c] for class [TestClass name=class com.epam.testexternalpart.tests.DepartmentTest]
>>>>>>> 9386b16c4217c3f100b04e49611f6ae275a93151
]]></system-out>
  </testcase>
  <testcase name="startPage" classname="com.epam.testexternalpart.tests.DepartmentTest" time="0">
    <skipped/>
<<<<<<< HEAD
    <system-out><![CDATA[[Invoker 1833638914] Keeping method BaseTest.startPage()[pri:0, instance:com.epam.testexternalpart.tests.DepartmentTest@cc285f4] for class [TestClass name=class com.epam.testexternalpart.tests.DepartmentTest]
[Invoker 1833638914] Keeping method BaseTest.startPage()[pri:0, instance:com.epam.testexternalpart.tests.DepartmentTest@cc285f4] for class [TestClass name=class com.epam.testexternalpart.tests.DepartmentTest]
=======
    <system-out><![CDATA[[Invoker 1557168050] Keeping method BaseTest.startPage()[pri:0, instance:com.epam.testexternalpart.tests.DepartmentTest@7ee1572c] for class [TestClass name=class com.epam.testexternalpart.tests.DepartmentTest]
[Invoker 1557168050] Keeping method BaseTest.startPage()[pri:0, instance:com.epam.testexternalpart.tests.DepartmentTest@7ee1572c] for class [TestClass name=class com.epam.testexternalpart.tests.DepartmentTest]
>>>>>>> 9386b16c4217c3f100b04e49611f6ae275a93151
]]></system-out>
  </testcase>
  <testcase name="startPage" classname="com.epam.testexternalpart.tests.DepartmentTest" time="0">
    <skipped/>
<<<<<<< HEAD
    <system-out><![CDATA[[Invoker 1833638914] Keeping method BaseTest.startPage()[pri:0, instance:com.epam.testexternalpart.tests.DepartmentTest@cc285f4] for class [TestClass name=class com.epam.testexternalpart.tests.DepartmentTest]
[Invoker 1833638914] Keeping method BaseTest.startPage()[pri:0, instance:com.epam.testexternalpart.tests.DepartmentTest@cc285f4] for class [TestClass name=class com.epam.testexternalpart.tests.DepartmentTest]
=======
    <system-out><![CDATA[[Invoker 1557168050] Keeping method BaseTest.startPage()[pri:0, instance:com.epam.testexternalpart.tests.DepartmentTest@7ee1572c] for class [TestClass name=class com.epam.testexternalpart.tests.DepartmentTest]
[Invoker 1557168050] Keeping method BaseTest.startPage()[pri:0, instance:com.epam.testexternalpart.tests.DepartmentTest@7ee1572c] for class [TestClass name=class com.epam.testexternalpart.tests.DepartmentTest]
>>>>>>> 9386b16c4217c3f100b04e49611f6ae275a93151
]]></system-out>
  </testcase>
  <testcase name="testAddDepartment" classname="com.epam.testexternalpart.tests.DepartmentTest" time="0">
    <skipped/>
  </testcase>
  <testcase name="testAddDepartmentWithValidName" classname="com.epam.testexternalpart.tests.DepartmentTest" time="0">
    <skipped/>
  </testcase>
  <testcase name="testEditDepartmentName" classname="com.epam.testexternalpart.tests.DepartmentTest" time="0">
    <skipped/>
  </testcase>
  <testcase name="tearDown" classname="com.epam.testexternalpart.tests.DepartmentTest" time="0">
    <skipped/>
<<<<<<< HEAD
    <system-out><![CDATA[[Invoker 1833638914] Keeping method BaseTest.tearDown()[pri:0, instance:com.epam.testexternalpart.tests.DepartmentTest@cc285f4] for class [TestClass name=class com.epam.testexternalpart.tests.DepartmentTest]
]]></system-out>
  </testcase>
  <testcase name="init" classname="com.epam.testexternalpart.tests.StreamTest" time="0.015">
    <failure message="The driver executable does not exist: D:\Internal_project\Project\AutomatedTesting\target\test-classes\.\chromedriver.exe" type="java.lang.IllegalStateException"><![CDATA[java.lang.IllegalStateException: The driver executable does not exist: D:\Internal_project\Project\AutomatedTesting\target\test-classes\.\chromedriver.exe
=======
    <system-out><![CDATA[[Invoker 1557168050] Keeping method BaseTest.tearDown()[pri:0, instance:com.epam.testexternalpart.tests.DepartmentTest@7ee1572c] for class [TestClass name=class com.epam.testexternalpart.tests.DepartmentTest]
]]></system-out>
  </testcase>
  <testcase name="init" classname="com.epam.testexternalpart.tests.StreamTest" time="0.01">
    <failure message="The driver executable does not exist: D:\AutomatedTesting\target\test-classes\chromedriver.exe" type="java.lang.IllegalStateException"><![CDATA[java.lang.IllegalStateException: The driver executable does not exist: D:\AutomatedTesting\target\test-classes\chromedriver.exe
>>>>>>> 9386b16c4217c3f100b04e49611f6ae275a93151
	at com.google.common.base.Preconditions.checkState(Preconditions.java:197)
	at org.openqa.selenium.remote.service.DriverService.checkExecutable(DriverService.java:117)
	at org.openqa.selenium.remote.service.DriverService.findExecutable(DriverService.java:112)
	at org.openqa.selenium.chrome.ChromeDriverService.createDefaultService(ChromeDriverService.java:89)
	at org.openqa.selenium.chrome.ChromeDriver.<init>(ChromeDriver.java:117)
	at com.epam.testexternalpart.core.WebDriverFactory.initDriver(WebDriverFactory.java:18)
	at com.epam.testexternalpart.core.BaseTest.init(BaseTest.java:72)
	at sun.reflect.NativeMethodAccessorImpl.invoke0(Native Method)
<<<<<<< HEAD
	at sun.reflect.NativeMethodAccessorImpl.invoke(NativeMethodAccessorImpl.java:62)
	at sun.reflect.DelegatingMethodAccessorImpl.invoke(DelegatingMethodAccessorImpl.java:43)
	at java.lang.reflect.Method.invoke(Method.java:483)
=======
	at sun.reflect.NativeMethodAccessorImpl.invoke(NativeMethodAccessorImpl.java:57)
	at sun.reflect.DelegatingMethodAccessorImpl.invoke(DelegatingMethodAccessorImpl.java:43)
	at java.lang.reflect.Method.invoke(Method.java:606)
>>>>>>> 9386b16c4217c3f100b04e49611f6ae275a93151
	at org.testng.internal.MethodInvocationHelper.invokeMethod(MethodInvocationHelper.java:84)
	at org.testng.internal.Invoker.invokeConfigurationMethod(Invoker.java:564)
	at org.testng.internal.Invoker.invokeConfigurations(Invoker.java:213)
	at org.testng.internal.Invoker.invokeConfigurations(Invoker.java:138)
	at org.testng.internal.TestMethodWorker.invokeBeforeClassMethods(TestMethodWorker.java:175)
	at org.testng.internal.TestMethodWorker.run(TestMethodWorker.java:107)
	at org.testng.TestRunner.privateRun(TestRunner.java:767)
	at org.testng.TestRunner.run(TestRunner.java:617)
	at org.testng.SuiteRunner.runTest(SuiteRunner.java:348)
	at org.testng.SuiteRunner.runSequentially(SuiteRunner.java:343)
	at org.testng.SuiteRunner.privateRun(SuiteRunner.java:305)
	at org.testng.SuiteRunner.run(SuiteRunner.java:254)
	at org.testng.SuiteRunnerWorker.runSuite(SuiteRunnerWorker.java:52)
	at org.testng.SuiteRunnerWorker.run(SuiteRunnerWorker.java:86)
	at org.testng.TestNG.runSuitesSequentially(TestNG.java:1224)
	at org.testng.TestNG.runSuitesLocally(TestNG.java:1149)
	at org.testng.TestNG.run(TestNG.java:1057)
	at org.apache.maven.surefire.testng.TestNGExecutor.run(TestNGExecutor.java:295)
	at org.apache.maven.surefire.testng.TestNGXmlTestSuite.execute(TestNGXmlTestSuite.java:84)
	at org.apache.maven.surefire.testng.TestNGProvider.invoke(TestNGProvider.java:90)
	at org.apache.maven.surefire.booter.ForkedBooter.invokeProviderInSameClassLoader(ForkedBooter.java:203)
	at org.apache.maven.surefire.booter.ForkedBooter.runSuitesInProcess(ForkedBooter.java:155)
	at org.apache.maven.surefire.booter.ForkedBooter.main(ForkedBooter.java:103)
]]></failure>
    <system-out><![CDATA[===== Invoked methods
<<<<<<< HEAD
  BaseTest.init()[pri:0, instance:com.epam.testexternalpart.tests.DepartmentTest@cc285f4] 214074868
    DepartmentTest.testAddDepartment(java.lang.String)[pri:0, instance:com.epam.testexternalpart.tests.DepartmentTest@cc285f4]…..  214074868
    DepartmentTest.testAddDepartmentWithValidName(java.lang.String)[pri:0, instance:com.epam.testexternalpart.tests.DepartmentTest@cc285f4]NewDep  214074868
    DepartmentTest.testEditDepartmentName(java.lang.String, java.lang.String)[pri:0, instance:com.epam.testexternalpart.tests.DepartmentTest@cc285f4]depNameFirst depNameSecond  214074868
=======
  BaseTest.init()[pri:0, instance:com.epam.testexternalpart.tests.DepartmentTest@7ee1572c] 2128697132
    DepartmentTest.testAddDepartment(java.lang.String)[pri:0, instance:com.epam.testexternalpart.tests.DepartmentTest@7ee1572c]…..  2128697132
    DepartmentTest.testAddDepartmentWithValidName(java.lang.String)[pri:0, instance:com.epam.testexternalpart.tests.DepartmentTest@7ee1572c]NewDep  2128697132
    DepartmentTest.testEditDepartmentName(java.lang.String, java.lang.String)[pri:0, instance:com.epam.testexternalpart.tests.DepartmentTest@7ee1572c]depNameFirst depNameSecond  2128697132
>>>>>>> 9386b16c4217c3f100b04e49611f6ae275a93151
=====
[TestRunner] Running test StreamTest on 1  classes,  included groups:[] excluded groups:[]
===== Test class
com.epam.testexternalpart.tests.StreamTest
<<<<<<< HEAD
  @BeforeClass BaseTest.init()[pri:0, instance:com.epam.testexternalpart.tests.StreamTest@cb5822]
  @BeforeMethod BaseTest.startPage()[pri:0, instance:com.epam.testexternalpart.tests.StreamTest@cb5822]
    @Test StreamTest.testAddNewInValidStream(java.lang.String)[pri:0, instance:com.epam.testexternalpart.tests.StreamTest@cb5822]
    @Test StreamTest.testEditStream(java.lang.String)[pri:0, instance:com.epam.testexternalpart.tests.StreamTest@cb5822]
    @Test StreamTest.testAddNewValidStream(java.lang.String)[pri:0, instance:com.epam.testexternalpart.tests.StreamTest@cb5822]
  @AfterClass BaseTest.tearDown()[pri:0, instance:com.epam.testexternalpart.tests.StreamTest@cb5822]
======
[Invoker 1833638914] Keeping method BaseTest.init()[pri:0, instance:com.epam.testexternalpart.tests.StreamTest@cb5822] for class [TestClass name=class com.epam.testexternalpart.tests.StreamTest]
[Invoker 1833638914] Invoking @BeforeClass BaseTest.init()[pri:0, instance:com.epam.testexternalpart.tests.StreamTest@cb5822]
Failed to invoke configuration method com.epam.testexternalpart.core.BaseTest.init:The driver executable does not exist: D:\Internal_project\Project\AutomatedTesting\target\test-classes\.\chromedriver.exe
=======
  @BeforeClass BaseTest.init()[pri:0, instance:com.epam.testexternalpart.tests.StreamTest@355bef6c]
  @BeforeMethod BaseTest.startPage()[pri:0, instance:com.epam.testexternalpart.tests.StreamTest@355bef6c]
    @Test StreamTest.testEditStream(java.lang.String)[pri:0, instance:com.epam.testexternalpart.tests.StreamTest@355bef6c]
    @Test StreamTest.testAddNewValidStream(java.lang.String)[pri:0, instance:com.epam.testexternalpart.tests.StreamTest@355bef6c]
    @Test StreamTest.testAddNewInValidStream(java.lang.String)[pri:0, instance:com.epam.testexternalpart.tests.StreamTest@355bef6c]
  @AfterClass BaseTest.tearDown()[pri:0, instance:com.epam.testexternalpart.tests.StreamTest@355bef6c]
======
[Invoker 1557168050] Keeping method BaseTest.init()[pri:0, instance:com.epam.testexternalpart.tests.StreamTest@355bef6c] for class [TestClass name=class com.epam.testexternalpart.tests.StreamTest]
[Invoker 1557168050] Invoking @BeforeClass BaseTest.init()[pri:0, instance:com.epam.testexternalpart.tests.StreamTest@355bef6c]
Failed to invoke configuration method com.epam.testexternalpart.core.BaseTest.init:The driver executable does not exist: D:\AutomatedTesting\target\test-classes\chromedriver.exe
>>>>>>> 9386b16c4217c3f100b04e49611f6ae275a93151
]]></system-out>
  </testcase>
  <testcase name="startPage" classname="com.epam.testexternalpart.tests.StreamTest" time="0">
    <skipped/>
<<<<<<< HEAD
    <system-out><![CDATA[[Invoker 1833638914] Keeping method BaseTest.startPage()[pri:0, instance:com.epam.testexternalpart.tests.StreamTest@cb5822] for class [TestClass name=class com.epam.testexternalpart.tests.StreamTest]
[Invoker 1833638914] Keeping method BaseTest.startPage()[pri:0, instance:com.epam.testexternalpart.tests.StreamTest@cb5822] for class [TestClass name=class com.epam.testexternalpart.tests.StreamTest]
=======
    <system-out><![CDATA[[Invoker 1557168050] Keeping method BaseTest.startPage()[pri:0, instance:com.epam.testexternalpart.tests.StreamTest@355bef6c] for class [TestClass name=class com.epam.testexternalpart.tests.StreamTest]
[Invoker 1557168050] Keeping method BaseTest.startPage()[pri:0, instance:com.epam.testexternalpart.tests.StreamTest@355bef6c] for class [TestClass name=class com.epam.testexternalpart.tests.StreamTest]
>>>>>>> 9386b16c4217c3f100b04e49611f6ae275a93151
]]></system-out>
  </testcase>
  <testcase name="startPage" classname="com.epam.testexternalpart.tests.StreamTest" time="0">
    <skipped/>
<<<<<<< HEAD
    <system-out><![CDATA[[Invoker 1833638914] Keeping method BaseTest.startPage()[pri:0, instance:com.epam.testexternalpart.tests.StreamTest@cb5822] for class [TestClass name=class com.epam.testexternalpart.tests.StreamTest]
=======
    <system-out><![CDATA[[Invoker 1557168050] Keeping method BaseTest.startPage()[pri:0, instance:com.epam.testexternalpart.tests.StreamTest@355bef6c] for class [TestClass name=class com.epam.testexternalpart.tests.StreamTest]
>>>>>>> 9386b16c4217c3f100b04e49611f6ae275a93151
]]></system-out>
  </testcase>
  <testcase name="startPage" classname="com.epam.testexternalpart.tests.StreamTest" time="0">
    <skipped/>
<<<<<<< HEAD
    <system-out><![CDATA[[Invoker 1833638914] Keeping method BaseTest.startPage()[pri:0, instance:com.epam.testexternalpart.tests.StreamTest@cb5822] for class [TestClass name=class com.epam.testexternalpart.tests.StreamTest]
=======
    <system-out><![CDATA[[Invoker 1557168050] Keeping method BaseTest.startPage()[pri:0, instance:com.epam.testexternalpart.tests.StreamTest@355bef6c] for class [TestClass name=class com.epam.testexternalpart.tests.StreamTest]
>>>>>>> 9386b16c4217c3f100b04e49611f6ae275a93151
]]></system-out>
  </testcase>
  <testcase name="startPage" classname="com.epam.testexternalpart.tests.StreamTest" time="0">
    <skipped/>
<<<<<<< HEAD
    <system-out><![CDATA[[Invoker 1833638914] Keeping method BaseTest.startPage()[pri:0, instance:com.epam.testexternalpart.tests.StreamTest@cb5822] for class [TestClass name=class com.epam.testexternalpart.tests.StreamTest]
=======
    <system-out><![CDATA[[Invoker 1557168050] Keeping method BaseTest.startPage()[pri:0, instance:com.epam.testexternalpart.tests.StreamTest@355bef6c] for class [TestClass name=class com.epam.testexternalpart.tests.StreamTest]
>>>>>>> 9386b16c4217c3f100b04e49611f6ae275a93151
]]></system-out>
  </testcase>
  <testcase name="startPage" classname="com.epam.testexternalpart.tests.StreamTest" time="0">
    <skipped/>
<<<<<<< HEAD
    <system-out><![CDATA[[Invoker 1833638914] Keeping method BaseTest.startPage()[pri:0, instance:com.epam.testexternalpart.tests.StreamTest@cb5822] for class [TestClass name=class com.epam.testexternalpart.tests.StreamTest]
[Invoker 1833638914] Keeping method BaseTest.startPage()[pri:0, instance:com.epam.testexternalpart.tests.StreamTest@cb5822] for class [TestClass name=class com.epam.testexternalpart.tests.StreamTest]
=======
    <system-out><![CDATA[[Invoker 1557168050] Keeping method BaseTest.startPage()[pri:0, instance:com.epam.testexternalpart.tests.StreamTest@355bef6c] for class [TestClass name=class com.epam.testexternalpart.tests.StreamTest]
[Invoker 1557168050] Keeping method BaseTest.startPage()[pri:0, instance:com.epam.testexternalpart.tests.StreamTest@355bef6c] for class [TestClass name=class com.epam.testexternalpart.tests.StreamTest]
>>>>>>> 9386b16c4217c3f100b04e49611f6ae275a93151
]]></system-out>
  </testcase>
  <testcase name="startPage" classname="com.epam.testexternalpart.tests.StreamTest" time="0">
    <skipped/>
<<<<<<< HEAD
    <system-out><![CDATA[[Invoker 1833638914] Keeping method BaseTest.startPage()[pri:0, instance:com.epam.testexternalpart.tests.StreamTest@cb5822] for class [TestClass name=class com.epam.testexternalpart.tests.StreamTest]
=======
    <system-out><![CDATA[[Invoker 1557168050] Keeping method BaseTest.startPage()[pri:0, instance:com.epam.testexternalpart.tests.StreamTest@355bef6c] for class [TestClass name=class com.epam.testexternalpart.tests.StreamTest]
>>>>>>> 9386b16c4217c3f100b04e49611f6ae275a93151
]]></system-out>
  </testcase>
  <testcase name="startPage" classname="com.epam.testexternalpart.tests.StreamTest" time="0">
    <skipped/>
<<<<<<< HEAD
    <system-out><![CDATA[[Invoker 1833638914] Keeping method BaseTest.startPage()[pri:0, instance:com.epam.testexternalpart.tests.StreamTest@cb5822] for class [TestClass name=class com.epam.testexternalpart.tests.StreamTest]
[Invoker 1833638914] Keeping method BaseTest.startPage()[pri:0, instance:com.epam.testexternalpart.tests.StreamTest@cb5822] for class [TestClass name=class com.epam.testexternalpart.tests.StreamTest]
=======
    <system-out><![CDATA[[Invoker 1557168050] Keeping method BaseTest.startPage()[pri:0, instance:com.epam.testexternalpart.tests.StreamTest@355bef6c] for class [TestClass name=class com.epam.testexternalpart.tests.StreamTest]
[Invoker 1557168050] Keeping method BaseTest.startPage()[pri:0, instance:com.epam.testexternalpart.tests.StreamTest@355bef6c] for class [TestClass name=class com.epam.testexternalpart.tests.StreamTest]
>>>>>>> 9386b16c4217c3f100b04e49611f6ae275a93151
]]></system-out>
  </testcase>
  <testcase name="startPage" classname="com.epam.testexternalpart.tests.StreamTest" time="0">
    <skipped/>
<<<<<<< HEAD
    <system-out><![CDATA[[Invoker 1833638914] Keeping method BaseTest.startPage()[pri:0, instance:com.epam.testexternalpart.tests.StreamTest@cb5822] for class [TestClass name=class com.epam.testexternalpart.tests.StreamTest]
=======
    <system-out><![CDATA[[Invoker 1557168050] Keeping method BaseTest.startPage()[pri:0, instance:com.epam.testexternalpart.tests.StreamTest@355bef6c] for class [TestClass name=class com.epam.testexternalpart.tests.StreamTest]
>>>>>>> 9386b16c4217c3f100b04e49611f6ae275a93151
]]></system-out>
  </testcase>
  <testcase name="testAddNewInValidStream" classname="com.epam.testexternalpart.tests.StreamTest" time="0">
    <skipped/>
  </testcase>
  <testcase name="testAddNewInValidStream" classname="com.epam.testexternalpart.tests.StreamTest" time="0">
    <skipped/>
  </testcase>
  <testcase name="testAddNewInValidStream" classname="com.epam.testexternalpart.tests.StreamTest" time="0">
    <skipped/>
  </testcase>
  <testcase name="testAddNewInValidStream" classname="com.epam.testexternalpart.tests.StreamTest" time="0">
    <skipped/>
  </testcase>
  <testcase name="testAddNewValidStream" classname="com.epam.testexternalpart.tests.StreamTest" time="0">
    <skipped/>
  </testcase>
  <testcase name="testAddNewValidStream" classname="com.epam.testexternalpart.tests.StreamTest" time="0">
    <skipped/>
  </testcase>
  <testcase name="testEditStream" classname="com.epam.testexternalpart.tests.StreamTest" time="0">
    <skipped/>
  </testcase>
  <testcase name="testEditStream" classname="com.epam.testexternalpart.tests.StreamTest" time="0">
    <skipped/>
  </testcase>
  <testcase name="tearDown" classname="com.epam.testexternalpart.tests.StreamTest" time="0">
    <skipped/>
<<<<<<< HEAD
    <system-out><![CDATA[[Invoker 1833638914] Keeping method BaseTest.tearDown()[pri:0, instance:com.epam.testexternalpart.tests.StreamTest@cb5822] for class [TestClass name=class com.epam.testexternalpart.tests.StreamTest]
]]></system-out>
  </testcase>
  <testcase name="init" classname="com.epam.testexternalpart.tests.AddCandidateTest" time="0.016">
    <failure message="The driver executable does not exist: D:\Internal_project\Project\AutomatedTesting\target\test-classes\.\chromedriver.exe" type="java.lang.IllegalStateException"><![CDATA[java.lang.IllegalStateException: The driver executable does not exist: D:\Internal_project\Project\AutomatedTesting\target\test-classes\.\chromedriver.exe
=======
    <system-out><![CDATA[[Invoker 1557168050] Keeping method BaseTest.tearDown()[pri:0, instance:com.epam.testexternalpart.tests.StreamTest@355bef6c] for class [TestClass name=class com.epam.testexternalpart.tests.StreamTest]
]]></system-out>
  </testcase>
  <testcase name="init" classname="com.epam.testexternalpart.tests.AddCandidateTest" time="0.02">
    <failure message="The driver executable does not exist: D:\AutomatedTesting\target\test-classes\chromedriver.exe" type="java.lang.IllegalStateException"><![CDATA[java.lang.IllegalStateException: The driver executable does not exist: D:\AutomatedTesting\target\test-classes\chromedriver.exe
>>>>>>> 9386b16c4217c3f100b04e49611f6ae275a93151
	at com.google.common.base.Preconditions.checkState(Preconditions.java:197)
	at org.openqa.selenium.remote.service.DriverService.checkExecutable(DriverService.java:117)
	at org.openqa.selenium.remote.service.DriverService.findExecutable(DriverService.java:112)
	at org.openqa.selenium.chrome.ChromeDriverService.createDefaultService(ChromeDriverService.java:89)
	at org.openqa.selenium.chrome.ChromeDriver.<init>(ChromeDriver.java:117)
	at com.epam.testexternalpart.core.WebDriverFactory.initDriver(WebDriverFactory.java:18)
	at com.epam.testexternalpart.core.BaseTest.init(BaseTest.java:72)
	at sun.reflect.NativeMethodAccessorImpl.invoke0(Native Method)
<<<<<<< HEAD
	at sun.reflect.NativeMethodAccessorImpl.invoke(NativeMethodAccessorImpl.java:62)
	at sun.reflect.DelegatingMethodAccessorImpl.invoke(DelegatingMethodAccessorImpl.java:43)
	at java.lang.reflect.Method.invoke(Method.java:483)
=======
	at sun.reflect.NativeMethodAccessorImpl.invoke(NativeMethodAccessorImpl.java:57)
	at sun.reflect.DelegatingMethodAccessorImpl.invoke(DelegatingMethodAccessorImpl.java:43)
	at java.lang.reflect.Method.invoke(Method.java:606)
>>>>>>> 9386b16c4217c3f100b04e49611f6ae275a93151
	at org.testng.internal.MethodInvocationHelper.invokeMethod(MethodInvocationHelper.java:84)
	at org.testng.internal.Invoker.invokeConfigurationMethod(Invoker.java:564)
	at org.testng.internal.Invoker.invokeConfigurations(Invoker.java:213)
	at org.testng.internal.Invoker.invokeConfigurations(Invoker.java:138)
	at org.testng.internal.TestMethodWorker.invokeBeforeClassMethods(TestMethodWorker.java:175)
	at org.testng.internal.TestMethodWorker.run(TestMethodWorker.java:107)
	at org.testng.TestRunner.privateRun(TestRunner.java:767)
	at org.testng.TestRunner.run(TestRunner.java:617)
	at org.testng.SuiteRunner.runTest(SuiteRunner.java:348)
	at org.testng.SuiteRunner.runSequentially(SuiteRunner.java:343)
	at org.testng.SuiteRunner.privateRun(SuiteRunner.java:305)
	at org.testng.SuiteRunner.run(SuiteRunner.java:254)
	at org.testng.SuiteRunnerWorker.runSuite(SuiteRunnerWorker.java:52)
	at org.testng.SuiteRunnerWorker.run(SuiteRunnerWorker.java:86)
	at org.testng.TestNG.runSuitesSequentially(TestNG.java:1224)
	at org.testng.TestNG.runSuitesLocally(TestNG.java:1149)
	at org.testng.TestNG.run(TestNG.java:1057)
	at org.apache.maven.surefire.testng.TestNGExecutor.run(TestNGExecutor.java:295)
	at org.apache.maven.surefire.testng.TestNGXmlTestSuite.execute(TestNGXmlTestSuite.java:84)
	at org.apache.maven.surefire.testng.TestNGProvider.invoke(TestNGProvider.java:90)
	at org.apache.maven.surefire.booter.ForkedBooter.invokeProviderInSameClassLoader(ForkedBooter.java:203)
	at org.apache.maven.surefire.booter.ForkedBooter.runSuitesInProcess(ForkedBooter.java:155)
	at org.apache.maven.surefire.booter.ForkedBooter.main(ForkedBooter.java:103)
]]></failure>
    <system-out><![CDATA[===== Invoked methods
<<<<<<< HEAD
  BaseTest.init()[pri:0, instance:com.epam.testexternalpart.tests.StreamTest@cb5822] 13326370
    StreamTest.testAddNewInValidStream(java.lang.String)[pri:0, instance:com.epam.testexternalpart.tests.StreamTest@cb5822]…  13326370
    StreamTest.testAddNewInValidStream(java.lang.String)[pri:0, instance:com.epam.testexternalpart.tests.StreamTest@cb5822]  13326370
    StreamTest.testAddNewInValidStream(java.lang.String)[pri:0, instance:com.epam.testexternalpart.tests.StreamTest@cb5822]12323.0  13326370
    StreamTest.testAddNewInValidStream(java.lang.String)[pri:0, instance:com.epam.testexternalpart.tests.StreamTest@cb5822]!!!  13326370
    StreamTest.testAddNewValidStream(java.lang.String)[pri:0, instance:com.epam.testexternalpart.tests.StreamTest@cb5822]Hogwarts  13326370
    StreamTest.testAddNewValidStream(java.lang.String)[pri:0, instance:com.epam.testexternalpart.tests.StreamTest@cb5822]Sssssss  13326370
    StreamTest.testEditStream(java.lang.String)[pri:0, instance:com.epam.testexternalpart.tests.StreamTest@cb5822]1.0  13326370
    StreamTest.testEditStream(java.lang.String)[pri:0, instance:com.epam.testexternalpart.tests.StreamTest@cb5822]2.0  13326370
=======
  BaseTest.init()[pri:0, instance:com.epam.testexternalpart.tests.StreamTest@355bef6c] 895217516
    StreamTest.testAddNewInValidStream(java.lang.String)[pri:0, instance:com.epam.testexternalpart.tests.StreamTest@355bef6c]…  895217516
    StreamTest.testAddNewInValidStream(java.lang.String)[pri:0, instance:com.epam.testexternalpart.tests.StreamTest@355bef6c]  895217516
    StreamTest.testAddNewInValidStream(java.lang.String)[pri:0, instance:com.epam.testexternalpart.tests.StreamTest@355bef6c]12323.0  895217516
    StreamTest.testAddNewInValidStream(java.lang.String)[pri:0, instance:com.epam.testexternalpart.tests.StreamTest@355bef6c]!!!  895217516
    StreamTest.testAddNewValidStream(java.lang.String)[pri:0, instance:com.epam.testexternalpart.tests.StreamTest@355bef6c]Hogwarts  895217516
    StreamTest.testAddNewValidStream(java.lang.String)[pri:0, instance:com.epam.testexternalpart.tests.StreamTest@355bef6c]Sssssss  895217516
    StreamTest.testEditStream(java.lang.String)[pri:0, instance:com.epam.testexternalpart.tests.StreamTest@355bef6c]1.0  895217516
    StreamTest.testEditStream(java.lang.String)[pri:0, instance:com.epam.testexternalpart.tests.StreamTest@355bef6c]2.0  895217516
>>>>>>> 9386b16c4217c3f100b04e49611f6ae275a93151
=====
[TestRunner] Running test CandidateTest on 1  classes,  included groups:[] excluded groups:[]
===== Test class
com.epam.testexternalpart.tests.AddCandidateTest
<<<<<<< HEAD
  @BeforeClass BaseTest.init()[pri:0, instance:com.epam.testexternalpart.tests.AddCandidateTest@1d057a39]
  @BeforeMethod BaseTest.startPage()[pri:0, instance:com.epam.testexternalpart.tests.AddCandidateTest@1d057a39]
    @Test AddCandidateTest.addCandidate(java.lang.String)[pri:0, instance:com.epam.testexternalpart.tests.AddCandidateTest@1d057a39]
    @Test AddCandidateTest.deleteAllCandidates(java.lang.String)[pri:0, instance:com.epam.testexternalpart.tests.AddCandidateTest@1d057a39]
    @Test AddCandidateTest.addCandidateManually(java.lang.String)[pri:0, instance:com.epam.testexternalpart.tests.AddCandidateTest@1d057a39]
    @Test AddCandidateTest.changeStatus(java.lang.String, java.lang.String, java.lang.String, java.lang.String, java.lang.String, java.lang.String)[pri:0, instance:com.epam.testexternalpart.tests.AddCandidateTest@1d057a39]
    @Test AddCandidateTest.bannWithButton(java.lang.String)[pri:0, instance:com.epam.testexternalpart.tests.AddCandidateTest@1d057a39]
  @AfterClass BaseTest.tearDown()[pri:0, instance:com.epam.testexternalpart.tests.AddCandidateTest@1d057a39]
======
[Invoker 1833638914] Keeping method BaseTest.init()[pri:0, instance:com.epam.testexternalpart.tests.AddCandidateTest@1d057a39] for class [TestClass name=class com.epam.testexternalpart.tests.AddCandidateTest]
[Invoker 1833638914] Invoking @BeforeClass BaseTest.init()[pri:0, instance:com.epam.testexternalpart.tests.AddCandidateTest@1d057a39]
Failed to invoke configuration method com.epam.testexternalpart.core.BaseTest.init:The driver executable does not exist: D:\Internal_project\Project\AutomatedTesting\target\test-classes\.\chromedriver.exe
=======
  @BeforeClass BaseTest.init()[pri:0, instance:com.epam.testexternalpart.tests.AddCandidateTest@63145a0c]
  @BeforeMethod BaseTest.startPage()[pri:0, instance:com.epam.testexternalpart.tests.AddCandidateTest@63145a0c]
    @Test AddCandidateTest.changeStatus(java.lang.String, java.lang.String, java.lang.String, java.lang.String, java.lang.String, java.lang.String)[pri:0, instance:com.epam.testexternalpart.tests.AddCandidateTest@63145a0c]
    @Test AddCandidateTest.deleteAllCandidates(java.lang.String)[pri:0, instance:com.epam.testexternalpart.tests.AddCandidateTest@63145a0c]
    @Test AddCandidateTest.bannWithButton(java.lang.String)[pri:0, instance:com.epam.testexternalpart.tests.AddCandidateTest@63145a0c]
    @Test AddCandidateTest.addCandidateManually(java.lang.String)[pri:0, instance:com.epam.testexternalpart.tests.AddCandidateTest@63145a0c]
    @Test AddCandidateTest.addCandidate(java.lang.String)[pri:0, instance:com.epam.testexternalpart.tests.AddCandidateTest@63145a0c]
  @AfterClass BaseTest.tearDown()[pri:0, instance:com.epam.testexternalpart.tests.AddCandidateTest@63145a0c]
======
[Invoker 1557168050] Keeping method BaseTest.init()[pri:0, instance:com.epam.testexternalpart.tests.AddCandidateTest@63145a0c] for class [TestClass name=class com.epam.testexternalpart.tests.AddCandidateTest]
[Invoker 1557168050] Invoking @BeforeClass BaseTest.init()[pri:0, instance:com.epam.testexternalpart.tests.AddCandidateTest@63145a0c]
Failed to invoke configuration method com.epam.testexternalpart.core.BaseTest.init:The driver executable does not exist: D:\AutomatedTesting\target\test-classes\chromedriver.exe
>>>>>>> 9386b16c4217c3f100b04e49611f6ae275a93151
]]></system-out>
  </testcase>
  <testcase name="startPage" classname="com.epam.testexternalpart.tests.AddCandidateTest" time="0">
    <skipped/>
<<<<<<< HEAD
    <system-out><![CDATA[[Invoker 1833638914] Keeping method BaseTest.startPage()[pri:0, instance:com.epam.testexternalpart.tests.AddCandidateTest@1d057a39] for class [TestClass name=class com.epam.testexternalpart.tests.AddCandidateTest]
[Invoker 1833638914] Keeping method BaseTest.startPage()[pri:0, instance:com.epam.testexternalpart.tests.AddCandidateTest@1d057a39] for class [TestClass name=class com.epam.testexternalpart.tests.AddCandidateTest]
=======
    <system-out><![CDATA[[Invoker 1557168050] Keeping method BaseTest.startPage()[pri:0, instance:com.epam.testexternalpart.tests.AddCandidateTest@63145a0c] for class [TestClass name=class com.epam.testexternalpart.tests.AddCandidateTest]
[Invoker 1557168050] Keeping method BaseTest.startPage()[pri:0, instance:com.epam.testexternalpart.tests.AddCandidateTest@63145a0c] for class [TestClass name=class com.epam.testexternalpart.tests.AddCandidateTest]
>>>>>>> 9386b16c4217c3f100b04e49611f6ae275a93151
]]></system-out>
  </testcase>
  <testcase name="startPage" classname="com.epam.testexternalpart.tests.AddCandidateTest" time="0">
    <skipped/>
<<<<<<< HEAD
    <system-out><![CDATA[[Invoker 1833638914] Keeping method BaseTest.startPage()[pri:0, instance:com.epam.testexternalpart.tests.AddCandidateTest@1d057a39] for class [TestClass name=class com.epam.testexternalpart.tests.AddCandidateTest]
[Invoker 1833638914] Keeping method BaseTest.startPage()[pri:0, instance:com.epam.testexternalpart.tests.AddCandidateTest@1d057a39] for class [TestClass name=class com.epam.testexternalpart.tests.AddCandidateTest]
=======
    <system-out><![CDATA[[Invoker 1557168050] Keeping method BaseTest.startPage()[pri:0, instance:com.epam.testexternalpart.tests.AddCandidateTest@63145a0c] for class [TestClass name=class com.epam.testexternalpart.tests.AddCandidateTest]
[Invoker 1557168050] Keeping method BaseTest.startPage()[pri:0, instance:com.epam.testexternalpart.tests.AddCandidateTest@63145a0c] for class [TestClass name=class com.epam.testexternalpart.tests.AddCandidateTest]
>>>>>>> 9386b16c4217c3f100b04e49611f6ae275a93151
]]></system-out>
  </testcase>
  <testcase name="startPage" classname="com.epam.testexternalpart.tests.AddCandidateTest" time="0">
    <skipped/>
<<<<<<< HEAD
    <system-out><![CDATA[[Invoker 1833638914] Keeping method BaseTest.startPage()[pri:0, instance:com.epam.testexternalpart.tests.AddCandidateTest@1d057a39] for class [TestClass name=class com.epam.testexternalpart.tests.AddCandidateTest]
[Invoker 1833638914] Keeping method BaseTest.startPage()[pri:0, instance:com.epam.testexternalpart.tests.AddCandidateTest@1d057a39] for class [TestClass name=class com.epam.testexternalpart.tests.AddCandidateTest]
=======
    <system-out><![CDATA[[Invoker 1557168050] Keeping method BaseTest.startPage()[pri:0, instance:com.epam.testexternalpart.tests.AddCandidateTest@63145a0c] for class [TestClass name=class com.epam.testexternalpart.tests.AddCandidateTest]
[Invoker 1557168050] Keeping method BaseTest.startPage()[pri:0, instance:com.epam.testexternalpart.tests.AddCandidateTest@63145a0c] for class [TestClass name=class com.epam.testexternalpart.tests.AddCandidateTest]
>>>>>>> 9386b16c4217c3f100b04e49611f6ae275a93151
]]></system-out>
  </testcase>
  <testcase name="startPage" classname="com.epam.testexternalpart.tests.AddCandidateTest" time="0">
    <skipped/>
<<<<<<< HEAD
    <system-out><![CDATA[[Invoker 1833638914] Keeping method BaseTest.startPage()[pri:0, instance:com.epam.testexternalpart.tests.AddCandidateTest@1d057a39] for class [TestClass name=class com.epam.testexternalpart.tests.AddCandidateTest]
[Invoker 1833638914] Keeping method BaseTest.startPage()[pri:0, instance:com.epam.testexternalpart.tests.AddCandidateTest@1d057a39] for class [TestClass name=class com.epam.testexternalpart.tests.AddCandidateTest]
=======
    <system-out><![CDATA[[Invoker 1557168050] Keeping method BaseTest.startPage()[pri:0, instance:com.epam.testexternalpart.tests.AddCandidateTest@63145a0c] for class [TestClass name=class com.epam.testexternalpart.tests.AddCandidateTest]
[Invoker 1557168050] Keeping method BaseTest.startPage()[pri:0, instance:com.epam.testexternalpart.tests.AddCandidateTest@63145a0c] for class [TestClass name=class com.epam.testexternalpart.tests.AddCandidateTest]
>>>>>>> 9386b16c4217c3f100b04e49611f6ae275a93151
]]></system-out>
  </testcase>
  <testcase name="startPage" classname="com.epam.testexternalpart.tests.AddCandidateTest" time="0">
    <skipped/>
<<<<<<< HEAD
    <system-out><![CDATA[[Invoker 1833638914] Keeping method BaseTest.startPage()[pri:0, instance:com.epam.testexternalpart.tests.AddCandidateTest@1d057a39] for class [TestClass name=class com.epam.testexternalpart.tests.AddCandidateTest]
[Invoker 1833638914] Keeping method BaseTest.startPage()[pri:0, instance:com.epam.testexternalpart.tests.AddCandidateTest@1d057a39] for class [TestClass name=class com.epam.testexternalpart.tests.AddCandidateTest]
=======
    <system-out><![CDATA[[Invoker 1557168050] Keeping method BaseTest.startPage()[pri:0, instance:com.epam.testexternalpart.tests.AddCandidateTest@63145a0c] for class [TestClass name=class com.epam.testexternalpart.tests.AddCandidateTest]
[Invoker 1557168050] Keeping method BaseTest.startPage()[pri:0, instance:com.epam.testexternalpart.tests.AddCandidateTest@63145a0c] for class [TestClass name=class com.epam.testexternalpart.tests.AddCandidateTest]
>>>>>>> 9386b16c4217c3f100b04e49611f6ae275a93151
]]></system-out>
  </testcase>
  <testcase name="addCandidate" classname="com.epam.testexternalpart.tests.AddCandidateTest" time="0">
    <skipped/>
  </testcase>
  <testcase name="addCandidateManually" classname="com.epam.testexternalpart.tests.AddCandidateTest" time="0">
    <skipped/>
  </testcase>
  <testcase name="bannWithButton" classname="com.epam.testexternalpart.tests.AddCandidateTest" time="0">
    <skipped/>
  </testcase>
  <testcase name="changeStatus" classname="com.epam.testexternalpart.tests.AddCandidateTest" time="0">
    <skipped/>
  </testcase>
  <testcase name="deleteAllCandidates" classname="com.epam.testexternalpart.tests.AddCandidateTest" time="0">
    <skipped/>
  </testcase>
  <testcase name="tearDown" classname="com.epam.testexternalpart.tests.AddCandidateTest" time="0">
    <skipped/>
<<<<<<< HEAD
    <system-out><![CDATA[[Invoker 1833638914] Keeping method BaseTest.tearDown()[pri:0, instance:com.epam.testexternalpart.tests.AddCandidateTest@1d057a39] for class [TestClass name=class com.epam.testexternalpart.tests.AddCandidateTest]
]]></system-out>
  </testcase>
  <testcase name="init" classname="com.epam.testexternalpart.tests.AssigningToTest" time="0.016">
    <failure message="The driver executable does not exist: D:\Internal_project\Project\AutomatedTesting\target\test-classes\.\chromedriver.exe" type="java.lang.IllegalStateException"><![CDATA[java.lang.IllegalStateException: The driver executable does not exist: D:\Internal_project\Project\AutomatedTesting\target\test-classes\.\chromedriver.exe
	at com.google.common.base.Preconditions.checkState(Preconditions.java:197)
	at org.openqa.selenium.remote.service.DriverService.checkExecutable(DriverService.java:117)
	at org.openqa.selenium.remote.service.DriverService.findExecutable(DriverService.java:112)
	at org.openqa.selenium.chrome.ChromeDriverService.createDefaultService(ChromeDriverService.java:89)
	at org.openqa.selenium.chrome.ChromeDriver.<init>(ChromeDriver.java:117)
	at com.epam.testexternalpart.core.WebDriverFactory.initDriver(WebDriverFactory.java:18)
	at com.epam.testexternalpart.core.BaseTest.init(BaseTest.java:72)
	at sun.reflect.NativeMethodAccessorImpl.invoke0(Native Method)
	at sun.reflect.NativeMethodAccessorImpl.invoke(NativeMethodAccessorImpl.java:62)
	at sun.reflect.DelegatingMethodAccessorImpl.invoke(DelegatingMethodAccessorImpl.java:43)
	at java.lang.reflect.Method.invoke(Method.java:483)
	at org.testng.internal.MethodInvocationHelper.invokeMethod(MethodInvocationHelper.java:84)
	at org.testng.internal.Invoker.invokeConfigurationMethod(Invoker.java:564)
	at org.testng.internal.Invoker.invokeConfigurations(Invoker.java:213)
	at org.testng.internal.Invoker.invokeConfigurations(Invoker.java:138)
	at org.testng.internal.TestMethodWorker.invokeBeforeClassMethods(TestMethodWorker.java:175)
	at org.testng.internal.TestMethodWorker.run(TestMethodWorker.java:107)
	at org.testng.TestRunner.privateRun(TestRunner.java:767)
	at org.testng.TestRunner.run(TestRunner.java:617)
	at org.testng.SuiteRunner.runTest(SuiteRunner.java:348)
	at org.testng.SuiteRunner.runSequentially(SuiteRunner.java:343)
	at org.testng.SuiteRunner.privateRun(SuiteRunner.java:305)
	at org.testng.SuiteRunner.run(SuiteRunner.java:254)
	at org.testng.SuiteRunnerWorker.runSuite(SuiteRunnerWorker.java:52)
	at org.testng.SuiteRunnerWorker.run(SuiteRunnerWorker.java:86)
	at org.testng.TestNG.runSuitesSequentially(TestNG.java:1224)
	at org.testng.TestNG.runSuitesLocally(TestNG.java:1149)
	at org.testng.TestNG.run(TestNG.java:1057)
	at org.apache.maven.surefire.testng.TestNGExecutor.run(TestNGExecutor.java:295)
	at org.apache.maven.surefire.testng.TestNGXmlTestSuite.execute(TestNGXmlTestSuite.java:84)
	at org.apache.maven.surefire.testng.TestNGProvider.invoke(TestNGProvider.java:90)
	at org.apache.maven.surefire.booter.ForkedBooter.invokeProviderInSameClassLoader(ForkedBooter.java:203)
	at org.apache.maven.surefire.booter.ForkedBooter.runSuitesInProcess(ForkedBooter.java:155)
	at org.apache.maven.surefire.booter.ForkedBooter.main(ForkedBooter.java:103)
]]></failure>
    <system-out><![CDATA[===== Invoked methods
  BaseTest.init()[pri:0, instance:com.epam.testexternalpart.tests.AddCandidateTest@1d057a39] 486898233
    AddCandidateTest.addCandidate(java.lang.String)[pri:0, instance:com.epam.testexternalpart.tests.AddCandidateTest@1d057a39]; ; ; ; ; ;  486898233
    AddCandidateTest.addCandidateManually(java.lang.String)[pri:0, instance:com.epam.testexternalpart.tests.AddCandidateTest@1d057a39]Ololo;Ololoev;Olololoevich;02.12.2013;sdhgjshgj@mail.ru;+380505465345;  486898233
    AddCandidateTest.bannWithButton(java.lang.String)[pri:0, instance:com.epam.testexternalpart.tests.AddCandidateTest@1d057a39]Ololo;Ololoev;Olololoevich;02.12.2013;sdhgjshgj@mail.ru;+380505465345;  486898233
    AddCandidateTest.changeStatus(java.lang.String, java.lang.String, java.lang.String, java.lang.String, java.lang.String, java.lang.String)[pri:0, instance:com.epam.testexternalpart.tests.AddCandidateTest@1d057a39]Ololo;Ololoev;Olololoevich;02.12.2013;sdhgjshgj@mail.ru;+380505465345; confirmed test completed not actual banned 1;Ololo;Ololoev;Olololoevich;02.12.2013;sdhgjshgj@mail.ru;+380505465345;  486898233
    AddCandidateTest.deleteAllCandidates(java.lang.String)[pri:0, instance:com.epam.testexternalpart.tests.AddCandidateTest@1d057a39]No matching records found  486898233
=====
[TestRunner] Running test AssigningToTestTest on 1  classes,  included groups:[] excluded groups:[]
===== Test class
com.epam.testexternalpart.tests.AssigningToTest
  @BeforeClass BaseTest.init()[pri:0, instance:com.epam.testexternalpart.tests.AssigningToTest@14acaea5]
  @BeforeMethod BaseTest.startPage()[pri:0, instance:com.epam.testexternalpart.tests.AssigningToTest@14acaea5]
    @Test AssigningToTest.checkDublicateAnswer()[pri:0, instance:com.epam.testexternalpart.tests.AssigningToTest@14acaea5]
    @Test AssigningToTest.checkBannedCandidate(java.lang.String, java.lang.String, java.lang.String)[pri:0, instance:com.epam.testexternalpart.tests.AssigningToTest@14acaea5]
    @Test AssigningToTest.checkConfirmedCand(java.lang.String, java.lang.String, java.lang.String)[pri:0, instance:com.epam.testexternalpart.tests.AssigningToTest@14acaea5]
    @Test AssigningToTest.responseFromCandidates()[pri:0, instance:com.epam.testexternalpart.tests.AssigningToTest@14acaea5]
    @Test AssigningToTest.addStream(java.lang.String)[pri:0, instance:com.epam.testexternalpart.tests.AssigningToTest@14acaea5]
    @Test AssigningToTest.invitateSecondTime(java.lang.String)[pri:0, instance:com.epam.testexternalpart.tests.AssigningToTest@14acaea5]
    @Test AssigningToTest.addCandidates(java.lang.String, java.lang.String)[pri:0, instance:com.epam.testexternalpart.tests.AssigningToTest@14acaea5]
    @Test AssigningToTest.checkNotActualCand(java.lang.String, java.lang.String, java.lang.String)[pri:0, instance:com.epam.testexternalpart.tests.AssigningToTest@14acaea5]
    @Test AssigningToTest.checkNotTestedCand(java.lang.String, java.lang.String, java.lang.String)[pri:0, instance:com.epam.testexternalpart.tests.AssigningToTest@14acaea5]
    @Test AssigningToTest.checkNewTimeCand(java.lang.String, java.lang.String, java.lang.String)[pri:0, instance:com.epam.testexternalpart.tests.AssigningToTest@14acaea5]
    @Test AssigningToTest.assignTest(java.lang.String)[pri:0, instance:com.epam.testexternalpart.tests.AssigningToTest@14acaea5]
    @Test AssigningToTest.checkAssignedToTestCand(java.lang.String, java.lang.String, java.lang.String)[pri:0, instance:com.epam.testexternalpart.tests.AssigningToTest@14acaea5]
    @Test AssigningToTest.invitateThirdTime(java.lang.String)[pri:0, instance:com.epam.testexternalpart.tests.AssigningToTest@14acaea5]
  @AfterClass BaseTest.tearDown()[pri:0, instance:com.epam.testexternalpart.tests.AssigningToTest@14acaea5]
======
[Invoker 1833638914] Keeping method BaseTest.init()[pri:0, instance:com.epam.testexternalpart.tests.AssigningToTest@14acaea5] for class [TestClass name=class com.epam.testexternalpart.tests.AssigningToTest]
[Invoker 1833638914] Invoking @BeforeClass BaseTest.init()[pri:0, instance:com.epam.testexternalpart.tests.AssigningToTest@14acaea5]
Failed to invoke configuration method com.epam.testexternalpart.core.BaseTest.init:The driver executable does not exist: D:\Internal_project\Project\AutomatedTesting\target\test-classes\.\chromedriver.exe
]]></system-out>
  </testcase>
  <testcase name="startPage" classname="com.epam.testexternalpart.tests.AssigningToTest" time="0">
    <skipped/>
    <system-out><![CDATA[[Invoker 1833638914] Keeping method BaseTest.startPage()[pri:0, instance:com.epam.testexternalpart.tests.AssigningToTest@14acaea5] for class [TestClass name=class com.epam.testexternalpart.tests.AssigningToTest]
[Invoker 1833638914] Keeping method BaseTest.startPage()[pri:0, instance:com.epam.testexternalpart.tests.AssigningToTest@14acaea5] for class [TestClass name=class com.epam.testexternalpart.tests.AssigningToTest]
]]></system-out>
  </testcase>
  <testcase name="startPage" classname="com.epam.testexternalpart.tests.AssigningToTest" time="0">
    <skipped/>
    <system-out><![CDATA[[Invoker 1833638914] Keeping method BaseTest.startPage()[pri:0, instance:com.epam.testexternalpart.tests.AssigningToTest@14acaea5] for class [TestClass name=class com.epam.testexternalpart.tests.AssigningToTest]
[Invoker 1833638914] Keeping method BaseTest.startPage()[pri:0, instance:com.epam.testexternalpart.tests.AssigningToTest@14acaea5] for class [TestClass name=class com.epam.testexternalpart.tests.AssigningToTest]
]]></system-out>
  </testcase>
  <testcase name="startPage" classname="com.epam.testexternalpart.tests.AssigningToTest" time="0">
    <skipped/>
    <system-out><![CDATA[[Invoker 1833638914] Keeping method BaseTest.startPage()[pri:0, instance:com.epam.testexternalpart.tests.AssigningToTest@14acaea5] for class [TestClass name=class com.epam.testexternalpart.tests.AssigningToTest]
]]></system-out>
  </testcase>
  <testcase name="startPage" classname="com.epam.testexternalpart.tests.AssigningToTest" time="0">
    <skipped/>
    <system-out><![CDATA[[Invoker 1833638914] Keeping method BaseTest.startPage()[pri:0, instance:com.epam.testexternalpart.tests.AssigningToTest@14acaea5] for class [TestClass name=class com.epam.testexternalpart.tests.AssigningToTest]
]]></system-out>
  </testcase>
  <testcase name="startPage" classname="com.epam.testexternalpart.tests.AssigningToTest" time="0">
    <skipped/>
    <system-out><![CDATA[[Invoker 1833638914] Keeping method BaseTest.startPage()[pri:0, instance:com.epam.testexternalpart.tests.AssigningToTest@14acaea5] for class [TestClass name=class com.epam.testexternalpart.tests.AssigningToTest]
]]></system-out>
  </testcase>
  <testcase name="startPage" classname="com.epam.testexternalpart.tests.AssigningToTest" time="0">
    <skipped/>
    <system-out><![CDATA[[Invoker 1833638914] Keeping method BaseTest.startPage()[pri:0, instance:com.epam.testexternalpart.tests.AssigningToTest@14acaea5] for class [TestClass name=class com.epam.testexternalpart.tests.AssigningToTest]
]]></system-out>
  </testcase>
  <testcase name="startPage" classname="com.epam.testexternalpart.tests.AssigningToTest" time="0">
    <skipped/>
    <system-out><![CDATA[[Invoker 1833638914] Keeping method BaseTest.startPage()[pri:0, instance:com.epam.testexternalpart.tests.AssigningToTest@14acaea5] for class [TestClass name=class com.epam.testexternalpart.tests.AssigningToTest]
]]></system-out>
  </testcase>
  <testcase name="startPage" classname="com.epam.testexternalpart.tests.AssigningToTest" time="0">
    <skipped/>
    <system-out><![CDATA[[Invoker 1833638914] Keeping method BaseTest.startPage()[pri:0, instance:com.epam.testexternalpart.tests.AssigningToTest@14acaea5] for class [TestClass name=class com.epam.testexternalpart.tests.AssigningToTest]
]]></system-out>
  </testcase>
  <testcase name="startPage" classname="com.epam.testexternalpart.tests.AssigningToTest" time="0">
    <skipped/>
    <system-out><![CDATA[[Invoker 1833638914] Keeping method BaseTest.startPage()[pri:0, instance:com.epam.testexternalpart.tests.AssigningToTest@14acaea5] for class [TestClass name=class com.epam.testexternalpart.tests.AssigningToTest]
[Invoker 1833638914] Keeping method BaseTest.startPage()[pri:0, instance:com.epam.testexternalpart.tests.AssigningToTest@14acaea5] for class [TestClass name=class com.epam.testexternalpart.tests.AssigningToTest]
]]></system-out>
  </testcase>
  <testcase name="startPage" classname="com.epam.testexternalpart.tests.AssigningToTest" time="0">
    <skipped/>
    <system-out><![CDATA[[Invoker 1833638914] Keeping method BaseTest.startPage()[pri:0, instance:com.epam.testexternalpart.tests.AssigningToTest@14acaea5] for class [TestClass name=class com.epam.testexternalpart.tests.AssigningToTest]
]]></system-out>
  </testcase>
  <testcase name="startPage" classname="com.epam.testexternalpart.tests.AssigningToTest" time="0">
    <skipped/>
    <system-out><![CDATA[[Invoker 1833638914] Keeping method BaseTest.startPage()[pri:0, instance:com.epam.testexternalpart.tests.AssigningToTest@14acaea5] for class [TestClass name=class com.epam.testexternalpart.tests.AssigningToTest]
]]></system-out>
  </testcase>
  <testcase name="startPage" classname="com.epam.testexternalpart.tests.AssigningToTest" time="0">
    <skipped/>
    <system-out><![CDATA[[Invoker 1833638914] Keeping method BaseTest.startPage()[pri:0, instance:com.epam.testexternalpart.tests.AssigningToTest@14acaea5] for class [TestClass name=class com.epam.testexternalpart.tests.AssigningToTest]
]]></system-out>
  </testcase>
  <testcase name="startPage" classname="com.epam.testexternalpart.tests.AssigningToTest" time="0">
    <skipped/>
    <system-out><![CDATA[[Invoker 1833638914] Keeping method BaseTest.startPage()[pri:0, instance:com.epam.testexternalpart.tests.AssigningToTest@14acaea5] for class [TestClass name=class com.epam.testexternalpart.tests.AssigningToTest]
]]></system-out>
  </testcase>
  <testcase name="startPage" classname="com.epam.testexternalpart.tests.AssigningToTest" time="0">
    <skipped/>
    <system-out><![CDATA[[Invoker 1833638914] Keeping method BaseTest.startPage()[pri:0, instance:com.epam.testexternalpart.tests.AssigningToTest@14acaea5] for class [TestClass name=class com.epam.testexternalpart.tests.AssigningToTest]
]]></system-out>
  </testcase>
  <testcase name="startPage" classname="com.epam.testexternalpart.tests.AssigningToTest" time="0">
    <skipped/>
    <system-out><![CDATA[[Invoker 1833638914] Keeping method BaseTest.startPage()[pri:0, instance:com.epam.testexternalpart.tests.AssigningToTest@14acaea5] for class [TestClass name=class com.epam.testexternalpart.tests.AssigningToTest]
]]></system-out>
  </testcase>
  <testcase name="startPage" classname="com.epam.testexternalpart.tests.AssigningToTest" time="0">
    <skipped/>
    <system-out><![CDATA[[Invoker 1833638914] Keeping method BaseTest.startPage()[pri:0, instance:com.epam.testexternalpart.tests.AssigningToTest@14acaea5] for class [TestClass name=class com.epam.testexternalpart.tests.AssigningToTest]
[Invoker 1833638914] Keeping method BaseTest.startPage()[pri:0, instance:com.epam.testexternalpart.tests.AssigningToTest@14acaea5] for class [TestClass name=class com.epam.testexternalpart.tests.AssigningToTest]
]]></system-out>
  </testcase>
  <testcase name="startPage" classname="com.epam.testexternalpart.tests.AssigningToTest" time="0">
    <skipped/>
    <system-out><![CDATA[[Invoker 1833638914] Keeping method BaseTest.startPage()[pri:0, instance:com.epam.testexternalpart.tests.AssigningToTest@14acaea5] for class [TestClass name=class com.epam.testexternalpart.tests.AssigningToTest]
[Invoker 1833638914] Keeping method BaseTest.startPage()[pri:0, instance:com.epam.testexternalpart.tests.AssigningToTest@14acaea5] for class [TestClass name=class com.epam.testexternalpart.tests.AssigningToTest]
]]></system-out>
  </testcase>
  <testcase name="startPage" classname="com.epam.testexternalpart.tests.AssigningToTest" time="0">
    <skipped/>
    <system-out><![CDATA[[Invoker 1833638914] Keeping method BaseTest.startPage()[pri:0, instance:com.epam.testexternalpart.tests.AssigningToTest@14acaea5] for class [TestClass name=class com.epam.testexternalpart.tests.AssigningToTest]
]]></system-out>
  </testcase>
  <testcase name="startPage" classname="com.epam.testexternalpart.tests.AssigningToTest" time="0">
    <skipped/>
    <system-out><![CDATA[[Invoker 1833638914] Keeping method BaseTest.startPage()[pri:0, instance:com.epam.testexternalpart.tests.AssigningToTest@14acaea5] for class [TestClass name=class com.epam.testexternalpart.tests.AssigningToTest]
]]></system-out>
  </testcase>
  <testcase name="startPage" classname="com.epam.testexternalpart.tests.AssigningToTest" time="0">
    <skipped/>
    <system-out><![CDATA[[Invoker 1833638914] Keeping method BaseTest.startPage()[pri:0, instance:com.epam.testexternalpart.tests.AssigningToTest@14acaea5] for class [TestClass name=class com.epam.testexternalpart.tests.AssigningToTest]
]]></system-out>
  </testcase>
  <testcase name="startPage" classname="com.epam.testexternalpart.tests.AssigningToTest" time="0">
    <skipped/>
    <system-out><![CDATA[[Invoker 1833638914] Keeping method BaseTest.startPage()[pri:0, instance:com.epam.testexternalpart.tests.AssigningToTest@14acaea5] for class [TestClass name=class com.epam.testexternalpart.tests.AssigningToTest]
]]></system-out>
  </testcase>
  <testcase name="startPage" classname="com.epam.testexternalpart.tests.AssigningToTest" time="0">
    <skipped/>
    <system-out><![CDATA[[Invoker 1833638914] Keeping method BaseTest.startPage()[pri:0, instance:com.epam.testexternalpart.tests.AssigningToTest@14acaea5] for class [TestClass name=class com.epam.testexternalpart.tests.AssigningToTest]
]]></system-out>
  </testcase>
  <testcase name="startPage" classname="com.epam.testexternalpart.tests.AssigningToTest" time="0">
    <skipped/>
    <system-out><![CDATA[[Invoker 1833638914] Keeping method BaseTest.startPage()[pri:0, instance:com.epam.testexternalpart.tests.AssigningToTest@14acaea5] for class [TestClass name=class com.epam.testexternalpart.tests.AssigningToTest]
[Invoker 1833638914] Keeping method BaseTest.startPage()[pri:0, instance:com.epam.testexternalpart.tests.AssigningToTest@14acaea5] for class [TestClass name=class com.epam.testexternalpart.tests.AssigningToTest]
]]></system-out>
  </testcase>
  <testcase name="startPage" classname="com.epam.testexternalpart.tests.AssigningToTest" time="0">
    <skipped/>
    <system-out><![CDATA[[Invoker 1833638914] Keeping method BaseTest.startPage()[pri:0, instance:com.epam.testexternalpart.tests.AssigningToTest@14acaea5] for class [TestClass name=class com.epam.testexternalpart.tests.AssigningToTest]
[Invoker 1833638914] Keeping method BaseTest.startPage()[pri:0, instance:com.epam.testexternalpart.tests.AssigningToTest@14acaea5] for class [TestClass name=class com.epam.testexternalpart.tests.AssigningToTest]
]]></system-out>
  </testcase>
  <testcase name="startPage" classname="com.epam.testexternalpart.tests.AssigningToTest" time="0">
    <skipped/>
    <system-out><![CDATA[[Invoker 1833638914] Keeping method BaseTest.startPage()[pri:0, instance:com.epam.testexternalpart.tests.AssigningToTest@14acaea5] for class [TestClass name=class com.epam.testexternalpart.tests.AssigningToTest]
[Invoker 1833638914] Keeping method BaseTest.startPage()[pri:0, instance:com.epam.testexternalpart.tests.AssigningToTest@14acaea5] for class [TestClass name=class com.epam.testexternalpart.tests.AssigningToTest]
]]></system-out>
  </testcase>
  <testcase name="startPage" classname="com.epam.testexternalpart.tests.AssigningToTest" time="0">
    <skipped/>
    <system-out><![CDATA[[Invoker 1833638914] Keeping method BaseTest.startPage()[pri:0, instance:com.epam.testexternalpart.tests.AssigningToTest@14acaea5] for class [TestClass name=class com.epam.testexternalpart.tests.AssigningToTest]
[Invoker 1833638914] Keeping method BaseTest.startPage()[pri:0, instance:com.epam.testexternalpart.tests.AssigningToTest@14acaea5] for class [TestClass name=class com.epam.testexternalpart.tests.AssigningToTest]
]]></system-out>
  </testcase>
  <testcase name="startPage" classname="com.epam.testexternalpart.tests.AssigningToTest" time="0">
    <skipped/>
    <system-out><![CDATA[[Invoker 1833638914] Keeping method BaseTest.startPage()[pri:0, instance:com.epam.testexternalpart.tests.AssigningToTest@14acaea5] for class [TestClass name=class com.epam.testexternalpart.tests.AssigningToTest]
]]></system-out>
  </testcase>
  <testcase name="startPage" classname="com.epam.testexternalpart.tests.AssigningToTest" time="0">
    <skipped/>
    <system-out><![CDATA[[Invoker 1833638914] Keeping method BaseTest.startPage()[pri:0, instance:com.epam.testexternalpart.tests.AssigningToTest@14acaea5] for class [TestClass name=class com.epam.testexternalpart.tests.AssigningToTest]
[Invoker 1833638914] Keeping method BaseTest.startPage()[pri:0, instance:com.epam.testexternalpart.tests.AssigningToTest@14acaea5] for class [TestClass name=class com.epam.testexternalpart.tests.AssigningToTest]
]]></system-out>
  </testcase>
  <testcase name="startPage" classname="com.epam.testexternalpart.tests.AssigningToTest" time="0">
    <skipped/>
    <system-out><![CDATA[[Invoker 1833638914] Keeping method BaseTest.startPage()[pri:0, instance:com.epam.testexternalpart.tests.AssigningToTest@14acaea5] for class [TestClass name=class com.epam.testexternalpart.tests.AssigningToTest]
[Invoker 1833638914] Keeping method BaseTest.startPage()[pri:0, instance:com.epam.testexternalpart.tests.AssigningToTest@14acaea5] for class [TestClass name=class com.epam.testexternalpart.tests.AssigningToTest]
]]></system-out>
  </testcase>
  <testcase name="startPage" classname="com.epam.testexternalpart.tests.AssigningToTest" time="0">
    <skipped/>
    <system-out><![CDATA[[Invoker 1833638914] Keeping method BaseTest.startPage()[pri:0, instance:com.epam.testexternalpart.tests.AssigningToTest@14acaea5] for class [TestClass name=class com.epam.testexternalpart.tests.AssigningToTest]
[Invoker 1833638914] Keeping method BaseTest.startPage()[pri:0, instance:com.epam.testexternalpart.tests.AssigningToTest@14acaea5] for class [TestClass name=class com.epam.testexternalpart.tests.AssigningToTest]
]]></system-out>
  </testcase>
  <testcase name="startPage" classname="com.epam.testexternalpart.tests.AssigningToTest" time="0">
    <skipped/>
    <system-out><![CDATA[[Invoker 1833638914] Keeping method BaseTest.startPage()[pri:0, instance:com.epam.testexternalpart.tests.AssigningToTest@14acaea5] for class [TestClass name=class com.epam.testexternalpart.tests.AssigningToTest]
[Invoker 1833638914] Keeping method BaseTest.startPage()[pri:0, instance:com.epam.testexternalpart.tests.AssigningToTest@14acaea5] for class [TestClass name=class com.epam.testexternalpart.tests.AssigningToTest]
]]></system-out>
  </testcase>
  <testcase name="addStream" classname="com.epam.testexternalpart.tests.AssigningToTest" time="0">
    <skipped/>
  </testcase>
  <testcase name="addCandidates" classname="com.epam.testexternalpart.tests.AssigningToTest" time="0">
    <skipped/>
  </testcase>
  <testcase name="addCandidates" classname="com.epam.testexternalpart.tests.AssigningToTest" time="0">
    <skipped/>
  </testcase>
  <testcase name="addCandidates" classname="com.epam.testexternalpart.tests.AssigningToTest" time="0">
    <skipped/>
  </testcase>
  <testcase name="addCandidates" classname="com.epam.testexternalpart.tests.AssigningToTest" time="0">
    <skipped/>
  </testcase>
  <testcase name="addCandidates" classname="com.epam.testexternalpart.tests.AssigningToTest" time="0">
    <skipped/>
  </testcase>
  <testcase name="addCandidates" classname="com.epam.testexternalpart.tests.AssigningToTest" time="0">
    <skipped/>
  </testcase>
  <testcase name="addCandidates" classname="com.epam.testexternalpart.tests.AssigningToTest" time="0">
    <skipped/>
  </testcase>
  <testcase name="checkNotTestedCand" classname="com.epam.testexternalpart.tests.AssigningToTest" time="0">
    <skipped/>
  </testcase>
  <testcase name="checkNotTestedCand" classname="com.epam.testexternalpart.tests.AssigningToTest" time="0">
    <skipped/>
  </testcase>
  <testcase name="checkNotTestedCand" classname="com.epam.testexternalpart.tests.AssigningToTest" time="0">
    <skipped/>
  </testcase>
  <testcase name="checkNotTestedCand" classname="com.epam.testexternalpart.tests.AssigningToTest" time="0">
    <skipped/>
  </testcase>
  <testcase name="checkNotTestedCand" classname="com.epam.testexternalpart.tests.AssigningToTest" time="0">
    <skipped/>
  </testcase>
  <testcase name="checkNotTestedCand" classname="com.epam.testexternalpart.tests.AssigningToTest" time="0">
    <skipped/>
  </testcase>
  <testcase name="checkNotTestedCand" classname="com.epam.testexternalpart.tests.AssigningToTest" time="0">
    <skipped/>
  </testcase>
  <testcase name="assignTest" classname="com.epam.testexternalpart.tests.AssigningToTest" time="0">
    <skipped/>
  </testcase>
  <testcase name="checkAssignedToTestCand" classname="com.epam.testexternalpart.tests.AssigningToTest" time="0">
    <skipped/>
  </testcase>
  <testcase name="checkAssignedToTestCand" classname="com.epam.testexternalpart.tests.AssigningToTest" time="0">
    <skipped/>
  </testcase>
  <testcase name="checkAssignedToTestCand" classname="com.epam.testexternalpart.tests.AssigningToTest" time="0">
    <skipped/>
  </testcase>
  <testcase name="checkAssignedToTestCand" classname="com.epam.testexternalpart.tests.AssigningToTest" time="0">
    <skipped/>
  </testcase>
  <testcase name="checkAssignedToTestCand" classname="com.epam.testexternalpart.tests.AssigningToTest" time="0">
    <skipped/>
  </testcase>
  <testcase name="checkAssignedToTestCand" classname="com.epam.testexternalpart.tests.AssigningToTest" time="0">
    <skipped/>
  </testcase>
  <testcase name="responseFromCandidates" classname="com.epam.testexternalpart.tests.AssigningToTest" time="0">
    <skipped/>
  </testcase>
  <testcase name="checkConfirmedCand" classname="com.epam.testexternalpart.tests.AssigningToTest" time="0">
    <skipped/>
  </testcase>
  <testcase name="checkNotActualCand" classname="com.epam.testexternalpart.tests.AssigningToTest" time="0">
    <skipped/>
  </testcase>
  <testcase name="checkNewTimeCand" classname="com.epam.testexternalpart.tests.AssigningToTest" time="0">
    <skipped/>
  </testcase>
  <testcase name="checkNewTimeCand" classname="com.epam.testexternalpart.tests.AssigningToTest" time="0">
    <skipped/>
  </testcase>
  <testcase name="checkDublicateAnswer" classname="com.epam.testexternalpart.tests.AssigningToTest" time="0">
    <skipped/>
  </testcase>
  <testcase name="invitateSecondTime" classname="com.epam.testexternalpart.tests.AssigningToTest" time="0">
    <skipped/>
  </testcase>
  <testcase name="invitateThirdTime" classname="com.epam.testexternalpart.tests.AssigningToTest" time="0">
    <skipped/>
  </testcase>
  <testcase name="checkBannedCandidate" classname="com.epam.testexternalpart.tests.AssigningToTest" time="0">
    <skipped/>
  </testcase>
  <testcase name="tearDown" classname="com.epam.testexternalpart.tests.AssigningToTest" time="0">
    <skipped/>
    <system-out><![CDATA[[Invoker 1833638914] Keeping method BaseTest.tearDown()[pri:0, instance:com.epam.testexternalpart.tests.AssigningToTest@14acaea5] for class [TestClass name=class com.epam.testexternalpart.tests.AssigningToTest]
]]></system-out>
  </testcase>
  <testcase name="init" classname="com.epam.testexternalpart.tests.SeveralStreamTest" time="0.031">
    <failure message="The driver executable does not exist: D:\Internal_project\Project\AutomatedTesting\target\test-classes\.\chromedriver.exe" type="java.lang.IllegalStateException"><![CDATA[java.lang.IllegalStateException: The driver executable does not exist: D:\Internal_project\Project\AutomatedTesting\target\test-classes\.\chromedriver.exe
=======
    <system-out><![CDATA[[Invoker 1557168050] Keeping method BaseTest.tearDown()[pri:0, instance:com.epam.testexternalpart.tests.AddCandidateTest@63145a0c] for class [TestClass name=class com.epam.testexternalpart.tests.AddCandidateTest]
]]></system-out>
  </testcase>
  <testcase name="init" classname="com.epam.testexternalpart.tests.SeveralStreamTest" time="0.01">
    <failure message="The driver executable does not exist: D:\AutomatedTesting\target\test-classes\chromedriver.exe" type="java.lang.IllegalStateException"><![CDATA[java.lang.IllegalStateException: The driver executable does not exist: D:\AutomatedTesting\target\test-classes\chromedriver.exe
>>>>>>> 9386b16c4217c3f100b04e49611f6ae275a93151
	at com.google.common.base.Preconditions.checkState(Preconditions.java:197)
	at org.openqa.selenium.remote.service.DriverService.checkExecutable(DriverService.java:117)
	at org.openqa.selenium.remote.service.DriverService.findExecutable(DriverService.java:112)
	at org.openqa.selenium.chrome.ChromeDriverService.createDefaultService(ChromeDriverService.java:89)
	at org.openqa.selenium.chrome.ChromeDriver.<init>(ChromeDriver.java:117)
	at com.epam.testexternalpart.core.WebDriverFactory.initDriver(WebDriverFactory.java:18)
	at com.epam.testexternalpart.core.BaseTest.init(BaseTest.java:72)
	at sun.reflect.NativeMethodAccessorImpl.invoke0(Native Method)
<<<<<<< HEAD
	at sun.reflect.NativeMethodAccessorImpl.invoke(NativeMethodAccessorImpl.java:62)
	at sun.reflect.DelegatingMethodAccessorImpl.invoke(DelegatingMethodAccessorImpl.java:43)
	at java.lang.reflect.Method.invoke(Method.java:483)
=======
	at sun.reflect.NativeMethodAccessorImpl.invoke(NativeMethodAccessorImpl.java:57)
	at sun.reflect.DelegatingMethodAccessorImpl.invoke(DelegatingMethodAccessorImpl.java:43)
	at java.lang.reflect.Method.invoke(Method.java:606)
>>>>>>> 9386b16c4217c3f100b04e49611f6ae275a93151
	at org.testng.internal.MethodInvocationHelper.invokeMethod(MethodInvocationHelper.java:84)
	at org.testng.internal.Invoker.invokeConfigurationMethod(Invoker.java:564)
	at org.testng.internal.Invoker.invokeConfigurations(Invoker.java:213)
	at org.testng.internal.Invoker.invokeConfigurations(Invoker.java:138)
	at org.testng.internal.TestMethodWorker.invokeBeforeClassMethods(TestMethodWorker.java:175)
	at org.testng.internal.TestMethodWorker.run(TestMethodWorker.java:107)
	at org.testng.TestRunner.privateRun(TestRunner.java:767)
	at org.testng.TestRunner.run(TestRunner.java:617)
	at org.testng.SuiteRunner.runTest(SuiteRunner.java:348)
	at org.testng.SuiteRunner.runSequentially(SuiteRunner.java:343)
	at org.testng.SuiteRunner.privateRun(SuiteRunner.java:305)
	at org.testng.SuiteRunner.run(SuiteRunner.java:254)
	at org.testng.SuiteRunnerWorker.runSuite(SuiteRunnerWorker.java:52)
	at org.testng.SuiteRunnerWorker.run(SuiteRunnerWorker.java:86)
	at org.testng.TestNG.runSuitesSequentially(TestNG.java:1224)
	at org.testng.TestNG.runSuitesLocally(TestNG.java:1149)
	at org.testng.TestNG.run(TestNG.java:1057)
	at org.apache.maven.surefire.testng.TestNGExecutor.run(TestNGExecutor.java:295)
	at org.apache.maven.surefire.testng.TestNGXmlTestSuite.execute(TestNGXmlTestSuite.java:84)
	at org.apache.maven.surefire.testng.TestNGProvider.invoke(TestNGProvider.java:90)
	at org.apache.maven.surefire.booter.ForkedBooter.invokeProviderInSameClassLoader(ForkedBooter.java:203)
	at org.apache.maven.surefire.booter.ForkedBooter.runSuitesInProcess(ForkedBooter.java:155)
	at org.apache.maven.surefire.booter.ForkedBooter.main(ForkedBooter.java:103)
]]></failure>
    <system-out><![CDATA[===== Invoked methods
<<<<<<< HEAD
  BaseTest.init()[pri:0, instance:com.epam.testexternalpart.tests.AssigningToTest@14acaea5] 346861221
    AssigningToTest.addStream(java.lang.String)[pri:0, instance:com.epam.testexternalpart.tests.AssigningToTest@14acaea5]Autumn 2015  346861221
    AssigningToTest.addCandidates(java.lang.String, java.lang.String)[pri:0, instance:com.epam.testexternalpart.tests.AssigningToTest@14acaea5]Autumn 2015 Олег;Ромашкин;Федорович;21.09.1990;pupkin379@rambler.ru;+397894164112;+097894164111;ХПИ;Компютерных наук;специалист;2004;2009;компьютерная академия ШАГ;основные понятия по Java;русский, украинский - разговорный, английский - со словарем  346861221
    AssigningToTest.addCandidates(java.lang.String, java.lang.String)[pri:0, instance:com.epam.testexternalpart.tests.AssigningToTest@14acaea5]Autumn 2015 Денис;Петрушкин;Геннадьевич;16.04.1991;pupkin379@i.ua;+087894156114;+097894164111;ХПИ;Компютерных наук;специалист;2004;2009;компьютерная академия ШАГ;основные понятия по Java;русский, украинский - разговорный, английский - со словарем  346861221
    AssigningToTest.addCandidates(java.lang.String, java.lang.String)[pri:0, instance:com.epam.testexternalpart.tests.AssigningToTest@14acaea5]Autumn 2015 Семен;Пяточкин;Сергеевич;04.02.1990;vasya.pupkin379@yandex.ru;+087894156114;+097894164111;ХПИ;Компютерных наук;специалист;2004;2009;компьютерная академия ШАГ;основные понятия по Java;русский, украинский - разговорный, английский - со словарем  346861221
    AssigningToTest.addCandidates(java.lang.String, java.lang.String)[pri:0, instance:com.epam.testexternalpart.tests.AssigningToTest@14acaea5]Autumn 2015 Илья;Сметанкин;Олегович;13.05.1992;student19843@mail.ru;+045894156114;+097894164111;ХПИ;Компютерных наук;специалист;2004;2009;компьютерная академия ШАГ;основные понятия по Java;русский, украинский - разговорный, английский - со словарем  346861221
    AssigningToTest.addCandidates(java.lang.String, java.lang.String)[pri:0, instance:com.epam.testexternalpart.tests.AssigningToTest@14acaea5]Autumn 2015 Лев;Топорин;Борисович;15.06.1992;student18844@gmail.com;+045894156114;+097894164111;ХПИ;Компютерных наук;специалист;2004;2009;компьютерная академия ШАГ;основные понятия по Java;русский, украинский - разговорный, английский - со словарем  346861221
    AssigningToTest.addCandidates(java.lang.String, java.lang.String)[pri:0, instance:com.epam.testexternalpart.tests.AssigningToTest@14acaea5]Autumn 2015 Леонид;Незнающий;Клементьевич;15.06.1992;student@com;+045894156114;+097894164111;ХПИ;Компютерных наук;специалист;2004;2009;компьютерная академия ШАГ;основные понятия по Java;русский, украинский - разговорный, английский - со словарем  346861221
    AssigningToTest.addCandidates(java.lang.String, java.lang.String)[pri:0, instance:com.epam.testexternalpart.tests.AssigningToTest@14acaea5]Autumn 2015 Кирилл;Хмельной;Артурович;15.06.1992;student19843@ukr.net;+045894156114;+097894164111;ХПИ;Компютерных наук;специалист;2004;2009;компьютерная академия ШАГ;основные понятия по Java;русский, украинский - разговорный, английский - со словарем  346861221
    AssigningToTest.checkNotTestedCand(java.lang.String, java.lang.String, java.lang.String)[pri:0, instance:com.epam.testexternalpart.tests.AssigningToTest@14acaea5]Autumn 2015 Кирилл;Хмельной;Артурович;15.06.1992;student19843@ukr.net;+045894156114 1.0  346861221
    AssigningToTest.checkNotTestedCand(java.lang.String, java.lang.String, java.lang.String)[pri:0, instance:com.epam.testexternalpart.tests.AssigningToTest@14acaea5]Autumn 2015 Леонид;Незнающий;Клементьевич;15.06.1992;student@com;+045894156114 2.0  346861221
    AssigningToTest.checkNotTestedCand(java.lang.String, java.lang.String, java.lang.String)[pri:0, instance:com.epam.testexternalpart.tests.AssigningToTest@14acaea5]Autumn 2015 Лев;Топорин;Борисович;15.06.1992;student18844@gmail.com;+045894156114 3.0  346861221
    AssigningToTest.checkNotTestedCand(java.lang.String, java.lang.String, java.lang.String)[pri:0, instance:com.epam.testexternalpart.tests.AssigningToTest@14acaea5]Autumn 2015 Илья;Сметанкин;Олегович;13.05.1992;student19843@mail.ru;+045894156114 4.0  346861221
    AssigningToTest.checkNotTestedCand(java.lang.String, java.lang.String, java.lang.String)[pri:0, instance:com.epam.testexternalpart.tests.AssigningToTest@14acaea5]Autumn 2015 Семен;Пяточкин;Сергеевич;04.02.1990;vasya.pupkin379@yandex.ru;+087894156114 5.0  346861221
    AssigningToTest.checkNotTestedCand(java.lang.String, java.lang.String, java.lang.String)[pri:0, instance:com.epam.testexternalpart.tests.AssigningToTest@14acaea5]Autumn 2015 Денис;Петрушкин;Геннадьевич;16.04.1991;pupkin379@i.ua;+087894156114 6.0  346861221
    AssigningToTest.checkNotTestedCand(java.lang.String, java.lang.String, java.lang.String)[pri:0, instance:com.epam.testexternalpart.tests.AssigningToTest@14acaea5]Autumn 2015 Олег;Ромашкин;Федорович;21.09.1990;pupkin379@rambler.ru;+397894164112 7.0  346861221
    AssigningToTest.assignTest(java.lang.String)[pri:0, instance:com.epam.testexternalpart.tests.AssigningToTest@14acaea5]Autumn 2015  346861221
    AssigningToTest.checkAssignedToTestCand(java.lang.String, java.lang.String, java.lang.String)[pri:0, instance:com.epam.testexternalpart.tests.AssigningToTest@14acaea5]Autumn 2015 Кирилл;Хмельной;Артурович;15.06.1992;student19843@ukr.net;+045894156114 1.0  346861221
    AssigningToTest.checkAssignedToTestCand(java.lang.String, java.lang.String, java.lang.String)[pri:0, instance:com.epam.testexternalpart.tests.AssigningToTest@14acaea5]Autumn 2015 Лев;Топорин;Борисович;15.06.1992;student18844@gmail.com;+045894156114 2.0  346861221
    AssigningToTest.checkAssignedToTestCand(java.lang.String, java.lang.String, java.lang.String)[pri:0, instance:com.epam.testexternalpart.tests.AssigningToTest@14acaea5]Autumn 2015 Илья;Сметанкин;Олегович;13.05.1992;student19843@mail.ru;+045894156114 3.0  346861221
    AssigningToTest.checkAssignedToTestCand(java.lang.String, java.lang.String, java.lang.String)[pri:0, instance:com.epam.testexternalpart.tests.AssigningToTest@14acaea5]Autumn 2015 Семен;Пяточкин;Сергеевич;04.02.1990;vasya.pupkin379@yandex.ru;+087894156114 4.0  346861221
    AssigningToTest.checkAssignedToTestCand(java.lang.String, java.lang.String, java.lang.String)[pri:0, instance:com.epam.testexternalpart.tests.AssigningToTest@14acaea5]Autumn 2015 Денис;Петрушкин;Геннадьевич;16.04.1991;pupkin379@i.ua;+087894156114 5.0  346861221
    AssigningToTest.checkAssignedToTestCand(java.lang.String, java.lang.String, java.lang.String)[pri:0, instance:com.epam.testexternalpart.tests.AssigningToTest@14acaea5]Autumn 2015 Олег;Ромашкин;Федорович;21.09.1990;pupkin379@rambler.ru;+397894164112 6.0  346861221
    AssigningToTest.responseFromCandidates()[pri:0, instance:com.epam.testexternalpart.tests.AssigningToTest@14acaea5] 346861221
    AssigningToTest.checkConfirmedCand(java.lang.String, java.lang.String, java.lang.String)[pri:0, instance:com.epam.testexternalpart.tests.AssigningToTest@14acaea5]Autumn 2015 Денис;Петрушкин;Геннадьевич;16.04.1991;pupkin379@i.ua;+087894156114 1.0  346861221
    AssigningToTest.checkNotActualCand(java.lang.String, java.lang.String, java.lang.String)[pri:0, instance:com.epam.testexternalpart.tests.AssigningToTest@14acaea5]Autumn 2015 Семен;Пяточкин;Сергеевич;04.02.1990;vasya.pupkin379@yandex.ru;+087894156114 1.0  346861221
    AssigningToTest.checkNewTimeCand(java.lang.String, java.lang.String, java.lang.String)[pri:0, instance:com.epam.testexternalpart.tests.AssigningToTest@14acaea5]Autumn 2015 Леонид;Незнающий;Клементьевич;15.06.1992;student@com;+045894156114 1.0  346861221
    AssigningToTest.checkNewTimeCand(java.lang.String, java.lang.String, java.lang.String)[pri:0, instance:com.epam.testexternalpart.tests.AssigningToTest@14acaea5]Autumn 2015 Олег;Ромашкин;Федорович;21.09.1990;pupkin379@rambler.ru;+397894164112 2.0  346861221
    AssigningToTest.checkDublicateAnswer()[pri:0, instance:com.epam.testexternalpart.tests.AssigningToTest@14acaea5] 346861221
    AssigningToTest.invitateSecondTime(java.lang.String)[pri:0, instance:com.epam.testexternalpart.tests.AssigningToTest@14acaea5]Autumn 2015  346861221
    AssigningToTest.invitateThirdTime(java.lang.String)[pri:0, instance:com.epam.testexternalpart.tests.AssigningToTest@14acaea5]Autumn 2015  346861221
    AssigningToTest.checkBannedCandidate(java.lang.String, java.lang.String, java.lang.String)[pri:0, instance:com.epam.testexternalpart.tests.AssigningToTest@14acaea5]Autumn 2015 Олег;Ромашкин;Федорович;21.09.1990;pupkin379@rambler.ru;+397894164112 1.0  346861221
=======
  BaseTest.init()[pri:0, instance:com.epam.testexternalpart.tests.AddCandidateTest@63145a0c] 1662278156
    AddCandidateTest.addCandidate(java.lang.String)[pri:0, instance:com.epam.testexternalpart.tests.AddCandidateTest@63145a0c]; ; ; ; ; ;  1662278156
    AddCandidateTest.addCandidateManually(java.lang.String)[pri:0, instance:com.epam.testexternalpart.tests.AddCandidateTest@63145a0c]Ololo;Ololoev;Olololoevich;02.12.2013;sdhgjshgj@mail.ru;+380505465345;  1662278156
    AddCandidateTest.bannWithButton(java.lang.String)[pri:0, instance:com.epam.testexternalpart.tests.AddCandidateTest@63145a0c]Ololo;Ololoev;Olololoevich;02.12.2013;sdhgjshgj@mail.ru;+380505465345;  1662278156
    AddCandidateTest.changeStatus(java.lang.String, java.lang.String, java.lang.String, java.lang.String, java.lang.String, java.lang.String)[pri:0, instance:com.epam.testexternalpart.tests.AddCandidateTest@63145a0c]Ololo;Ololoev;Olololoevich;02.12.2013;sdhgjshgj@mail.ru;+380505465345; confirmed test completed not actual banned 1;Ololo;Ololoev;Olololoevich;02.12.2013;sdhgjshgj@mail.ru;+380505465345;  1662278156
    AddCandidateTest.deleteAllCandidates(java.lang.String)[pri:0, instance:com.epam.testexternalpart.tests.AddCandidateTest@63145a0c]No matching records found  1662278156
>>>>>>> 9386b16c4217c3f100b04e49611f6ae275a93151
=====
[TestRunner] Running test SeveralStreamTest on 1  classes,  included groups:[] excluded groups:[]
===== Test class
com.epam.testexternalpart.tests.SeveralStreamTest
<<<<<<< HEAD
  @BeforeClass BaseTest.init()[pri:0, instance:com.epam.testexternalpart.tests.SeveralStreamTest@28d25987]
  @BeforeMethod BaseTest.startPage()[pri:0, instance:com.epam.testexternalpart.tests.SeveralStreamTest@28d25987]
    @Test SeveralStreamTest.addCandidateToSeveralDepartment(java.lang.String)[pri:0, instance:com.epam.testexternalpart.tests.SeveralStreamTest@28d25987]
  @AfterClass BaseTest.tearDown()[pri:0, instance:com.epam.testexternalpart.tests.SeveralStreamTest@28d25987]
======
[Invoker 1833638914] Keeping method BaseTest.init()[pri:0, instance:com.epam.testexternalpart.tests.SeveralStreamTest@28d25987] for class [TestClass name=class com.epam.testexternalpart.tests.SeveralStreamTest]
[Invoker 1833638914] Invoking @BeforeClass BaseTest.init()[pri:0, instance:com.epam.testexternalpart.tests.SeveralStreamTest@28d25987]
Failed to invoke configuration method com.epam.testexternalpart.core.BaseTest.init:The driver executable does not exist: D:\Internal_project\Project\AutomatedTesting\target\test-classes\.\chromedriver.exe
=======
  @BeforeClass BaseTest.init()[pri:0, instance:com.epam.testexternalpart.tests.SeveralStreamTest@457cb2f7]
  @BeforeMethod BaseTest.startPage()[pri:0, instance:com.epam.testexternalpart.tests.SeveralStreamTest@457cb2f7]
    @Test SeveralStreamTest.addCandidateToSeveralDepartment(java.lang.String)[pri:0, instance:com.epam.testexternalpart.tests.SeveralStreamTest@457cb2f7]
  @AfterClass BaseTest.tearDown()[pri:0, instance:com.epam.testexternalpart.tests.SeveralStreamTest@457cb2f7]
======
[Invoker 1557168050] Keeping method BaseTest.init()[pri:0, instance:com.epam.testexternalpart.tests.SeveralStreamTest@457cb2f7] for class [TestClass name=class com.epam.testexternalpart.tests.SeveralStreamTest]
[Invoker 1557168050] Invoking @BeforeClass BaseTest.init()[pri:0, instance:com.epam.testexternalpart.tests.SeveralStreamTest@457cb2f7]
Failed to invoke configuration method com.epam.testexternalpart.core.BaseTest.init:The driver executable does not exist: D:\AutomatedTesting\target\test-classes\chromedriver.exe
>>>>>>> 9386b16c4217c3f100b04e49611f6ae275a93151
]]></system-out>
  </testcase>
  <testcase name="startPage" classname="com.epam.testexternalpart.tests.SeveralStreamTest" time="0">
    <skipped/>
<<<<<<< HEAD
    <system-out><![CDATA[[Invoker 1833638914] Keeping method BaseTest.startPage()[pri:0, instance:com.epam.testexternalpart.tests.SeveralStreamTest@28d25987] for class [TestClass name=class com.epam.testexternalpart.tests.SeveralStreamTest]
[Invoker 1833638914] Keeping method BaseTest.startPage()[pri:0, instance:com.epam.testexternalpart.tests.SeveralStreamTest@28d25987] for class [TestClass name=class com.epam.testexternalpart.tests.SeveralStreamTest]
=======
    <system-out><![CDATA[[Invoker 1557168050] Keeping method BaseTest.startPage()[pri:0, instance:com.epam.testexternalpart.tests.SeveralStreamTest@457cb2f7] for class [TestClass name=class com.epam.testexternalpart.tests.SeveralStreamTest]
[Invoker 1557168050] Keeping method BaseTest.startPage()[pri:0, instance:com.epam.testexternalpart.tests.SeveralStreamTest@457cb2f7] for class [TestClass name=class com.epam.testexternalpart.tests.SeveralStreamTest]
>>>>>>> 9386b16c4217c3f100b04e49611f6ae275a93151
]]></system-out>
  </testcase>
  <testcase name="addCandidateToSeveralDepartment" classname="com.epam.testexternalpart.tests.SeveralStreamTest" time="0">
    <skipped/>
  </testcase>
  <testcase name="tearDown" classname="com.epam.testexternalpart.tests.SeveralStreamTest" time="0">
    <skipped/>
<<<<<<< HEAD
    <system-out><![CDATA[[Invoker 1833638914] Keeping method BaseTest.tearDown()[pri:0, instance:com.epam.testexternalpart.tests.SeveralStreamTest@28d25987] for class [TestClass name=class com.epam.testexternalpart.tests.SeveralStreamTest]
]]></system-out>
  </testcase>
  <testcase name="init" classname="com.epam.testexternalpart.tests.SearchTest" time="0">
    <failure message="The driver executable does not exist: D:\Internal_project\Project\AutomatedTesting\target\test-classes\.\chromedriver.exe" type="java.lang.IllegalStateException"><![CDATA[java.lang.IllegalStateException: The driver executable does not exist: D:\Internal_project\Project\AutomatedTesting\target\test-classes\.\chromedriver.exe
=======
    <system-out><![CDATA[[Invoker 1557168050] Keeping method BaseTest.tearDown()[pri:0, instance:com.epam.testexternalpart.tests.SeveralStreamTest@457cb2f7] for class [TestClass name=class com.epam.testexternalpart.tests.SeveralStreamTest]
]]></system-out>
  </testcase>
  <testcase name="init" classname="com.epam.testexternalpart.tests.SearchTest" time="0">
    <failure message="The driver executable does not exist: D:\AutomatedTesting\target\test-classes\chromedriver.exe" type="java.lang.IllegalStateException"><![CDATA[java.lang.IllegalStateException: The driver executable does not exist: D:\AutomatedTesting\target\test-classes\chromedriver.exe
>>>>>>> 9386b16c4217c3f100b04e49611f6ae275a93151
	at com.google.common.base.Preconditions.checkState(Preconditions.java:197)
	at org.openqa.selenium.remote.service.DriverService.checkExecutable(DriverService.java:117)
	at org.openqa.selenium.remote.service.DriverService.findExecutable(DriverService.java:112)
	at org.openqa.selenium.chrome.ChromeDriverService.createDefaultService(ChromeDriverService.java:89)
	at org.openqa.selenium.chrome.ChromeDriver.<init>(ChromeDriver.java:117)
	at com.epam.testexternalpart.core.WebDriverFactory.initDriver(WebDriverFactory.java:18)
	at com.epam.testexternalpart.core.BaseTest.init(BaseTest.java:72)
	at sun.reflect.NativeMethodAccessorImpl.invoke0(Native Method)
<<<<<<< HEAD
	at sun.reflect.NativeMethodAccessorImpl.invoke(NativeMethodAccessorImpl.java:62)
	at sun.reflect.DelegatingMethodAccessorImpl.invoke(DelegatingMethodAccessorImpl.java:43)
	at java.lang.reflect.Method.invoke(Method.java:483)
=======
	at sun.reflect.NativeMethodAccessorImpl.invoke(NativeMethodAccessorImpl.java:57)
	at sun.reflect.DelegatingMethodAccessorImpl.invoke(DelegatingMethodAccessorImpl.java:43)
	at java.lang.reflect.Method.invoke(Method.java:606)
>>>>>>> 9386b16c4217c3f100b04e49611f6ae275a93151
	at org.testng.internal.MethodInvocationHelper.invokeMethod(MethodInvocationHelper.java:84)
	at org.testng.internal.Invoker.invokeConfigurationMethod(Invoker.java:564)
	at org.testng.internal.Invoker.invokeConfigurations(Invoker.java:213)
	at org.testng.internal.Invoker.invokeConfigurations(Invoker.java:138)
	at org.testng.internal.TestMethodWorker.invokeBeforeClassMethods(TestMethodWorker.java:175)
	at org.testng.internal.TestMethodWorker.run(TestMethodWorker.java:107)
	at org.testng.TestRunner.privateRun(TestRunner.java:767)
	at org.testng.TestRunner.run(TestRunner.java:617)
	at org.testng.SuiteRunner.runTest(SuiteRunner.java:348)
	at org.testng.SuiteRunner.runSequentially(SuiteRunner.java:343)
	at org.testng.SuiteRunner.privateRun(SuiteRunner.java:305)
	at org.testng.SuiteRunner.run(SuiteRunner.java:254)
	at org.testng.SuiteRunnerWorker.runSuite(SuiteRunnerWorker.java:52)
	at org.testng.SuiteRunnerWorker.run(SuiteRunnerWorker.java:86)
	at org.testng.TestNG.runSuitesSequentially(TestNG.java:1224)
	at org.testng.TestNG.runSuitesLocally(TestNG.java:1149)
	at org.testng.TestNG.run(TestNG.java:1057)
	at org.apache.maven.surefire.testng.TestNGExecutor.run(TestNGExecutor.java:295)
	at org.apache.maven.surefire.testng.TestNGXmlTestSuite.execute(TestNGXmlTestSuite.java:84)
	at org.apache.maven.surefire.testng.TestNGProvider.invoke(TestNGProvider.java:90)
	at org.apache.maven.surefire.booter.ForkedBooter.invokeProviderInSameClassLoader(ForkedBooter.java:203)
	at org.apache.maven.surefire.booter.ForkedBooter.runSuitesInProcess(ForkedBooter.java:155)
	at org.apache.maven.surefire.booter.ForkedBooter.main(ForkedBooter.java:103)
]]></failure>
    <system-out><![CDATA[===== Invoked methods
<<<<<<< HEAD
  BaseTest.init()[pri:0, instance:com.epam.testexternalpart.tests.SeveralStreamTest@28d25987] 684874119
    SeveralStreamTest.addCandidateToSeveralDepartment(java.lang.String)[pri:0, instance:com.epam.testexternalpart.tests.SeveralStreamTest@28d25987]Harry;Potter;James;02.12.2013;sdhgjshg1j@mail.ru;+380505465345;  684874119
=======
  BaseTest.init()[pri:0, instance:com.epam.testexternalpart.tests.SeveralStreamTest@457cb2f7] 1165800183
    SeveralStreamTest.addCandidateToSeveralDepartment(java.lang.String)[pri:0, instance:com.epam.testexternalpart.tests.SeveralStreamTest@457cb2f7]Harry;Potter;James;02.12.2013;sdhgjshg1j@mail.ru;+380505465345;  1165800183
>>>>>>> 9386b16c4217c3f100b04e49611f6ae275a93151
=====
[TestRunner] Running test SearchStreamTest on 1  classes,  included groups:[] excluded groups:[]
===== Test class
com.epam.testexternalpart.tests.SearchTest
<<<<<<< HEAD
  @BeforeClass BaseTest.init()[pri:0, instance:com.epam.testexternalpart.tests.SearchTest@61832929]
  @BeforeMethod BaseTest.startPage()[pri:0, instance:com.epam.testexternalpart.tests.SearchTest@61832929]
    @Test SearchTest.allCandidatesSearch(java.lang.String, java.lang.String, java.lang.String, java.lang.String, java.lang.String)[pri:0, instance:com.epam.testexternalpart.tests.SearchTest@61832929]
    @Test SearchTest.streamSearch(java.lang.String, java.lang.String, java.lang.String, java.lang.String, java.lang.String)[pri:0, instance:com.epam.testexternalpart.tests.SearchTest@61832929]
  @AfterClass BaseTest.tearDown()[pri:0, instance:com.epam.testexternalpart.tests.SearchTest@61832929]
======
[Invoker 1833638914] Keeping method BaseTest.init()[pri:0, instance:com.epam.testexternalpart.tests.SearchTest@61832929] for class [TestClass name=class com.epam.testexternalpart.tests.SearchTest]
[Invoker 1833638914] Invoking @BeforeClass BaseTest.init()[pri:0, instance:com.epam.testexternalpart.tests.SearchTest@61832929]
Failed to invoke configuration method com.epam.testexternalpart.core.BaseTest.init:The driver executable does not exist: D:\Internal_project\Project\AutomatedTesting\target\test-classes\.\chromedriver.exe
=======
  @BeforeClass BaseTest.init()[pri:0, instance:com.epam.testexternalpart.tests.SearchTest@5d5aba8d]
  @BeforeMethod BaseTest.startPage()[pri:0, instance:com.epam.testexternalpart.tests.SearchTest@5d5aba8d]
    @Test SearchTest.allCandidatesSearch(java.lang.String, java.lang.String, java.lang.String, java.lang.String, java.lang.String)[pri:0, instance:com.epam.testexternalpart.tests.SearchTest@5d5aba8d]
    @Test SearchTest.streamSearch(java.lang.String, java.lang.String, java.lang.String, java.lang.String, java.lang.String)[pri:0, instance:com.epam.testexternalpart.tests.SearchTest@5d5aba8d]
  @AfterClass BaseTest.tearDown()[pri:0, instance:com.epam.testexternalpart.tests.SearchTest@5d5aba8d]
======
[Invoker 1557168050] Keeping method BaseTest.init()[pri:0, instance:com.epam.testexternalpart.tests.SearchTest@5d5aba8d] for class [TestClass name=class com.epam.testexternalpart.tests.SearchTest]
[Invoker 1557168050] Invoking @BeforeClass BaseTest.init()[pri:0, instance:com.epam.testexternalpart.tests.SearchTest@5d5aba8d]
Failed to invoke configuration method com.epam.testexternalpart.core.BaseTest.init:The driver executable does not exist: D:\AutomatedTesting\target\test-classes\chromedriver.exe
>>>>>>> 9386b16c4217c3f100b04e49611f6ae275a93151
]]></system-out>
  </testcase>
  <testcase name="startPage" classname="com.epam.testexternalpart.tests.SearchTest" time="0">
    <skipped/>
<<<<<<< HEAD
    <system-out><![CDATA[[Invoker 1833638914] Keeping method BaseTest.startPage()[pri:0, instance:com.epam.testexternalpart.tests.SearchTest@61832929] for class [TestClass name=class com.epam.testexternalpart.tests.SearchTest]
[Invoker 1833638914] Keeping method BaseTest.startPage()[pri:0, instance:com.epam.testexternalpart.tests.SearchTest@61832929] for class [TestClass name=class com.epam.testexternalpart.tests.SearchTest]
=======
    <system-out><![CDATA[[Invoker 1557168050] Keeping method BaseTest.startPage()[pri:0, instance:com.epam.testexternalpart.tests.SearchTest@5d5aba8d] for class [TestClass name=class com.epam.testexternalpart.tests.SearchTest]
[Invoker 1557168050] Keeping method BaseTest.startPage()[pri:0, instance:com.epam.testexternalpart.tests.SearchTest@5d5aba8d] for class [TestClass name=class com.epam.testexternalpart.tests.SearchTest]
>>>>>>> 9386b16c4217c3f100b04e49611f6ae275a93151
]]></system-out>
  </testcase>
  <testcase name="startPage" classname="com.epam.testexternalpart.tests.SearchTest" time="0">
    <skipped/>
<<<<<<< HEAD
    <system-out><![CDATA[[Invoker 1833638914] Keeping method BaseTest.startPage()[pri:0, instance:com.epam.testexternalpart.tests.SearchTest@61832929] for class [TestClass name=class com.epam.testexternalpart.tests.SearchTest]
[Invoker 1833638914] Keeping method BaseTest.startPage()[pri:0, instance:com.epam.testexternalpart.tests.SearchTest@61832929] for class [TestClass name=class com.epam.testexternalpart.tests.SearchTest]
=======
    <system-out><![CDATA[[Invoker 1557168050] Keeping method BaseTest.startPage()[pri:0, instance:com.epam.testexternalpart.tests.SearchTest@5d5aba8d] for class [TestClass name=class com.epam.testexternalpart.tests.SearchTest]
[Invoker 1557168050] Keeping method BaseTest.startPage()[pri:0, instance:com.epam.testexternalpart.tests.SearchTest@5d5aba8d] for class [TestClass name=class com.epam.testexternalpart.tests.SearchTest]
>>>>>>> 9386b16c4217c3f100b04e49611f6ae275a93151
]]></system-out>
  </testcase>
  <testcase name="allCandidatesSearch" classname="com.epam.testexternalpart.tests.SearchTest" time="0">
    <skipped/>
  </testcase>
  <testcase name="streamSearch" classname="com.epam.testexternalpart.tests.SearchTest" time="0">
    <skipped/>
  </testcase>
  <testcase name="tearDown" classname="com.epam.testexternalpart.tests.SearchTest" time="0">
    <skipped/>
<<<<<<< HEAD
    <system-out><![CDATA[[Invoker 1833638914] Keeping method BaseTest.tearDown()[pri:0, instance:com.epam.testexternalpart.tests.SearchTest@61832929] for class [TestClass name=class com.epam.testexternalpart.tests.SearchTest]
]]></system-out>
  </testcase>
  <testcase name="init" classname="com.epam.testexternalpart.tests.PlaceForTestingTest" time="0">
    <failure message="The driver executable does not exist: D:\Internal_project\Project\AutomatedTesting\target\test-classes\.\chromedriver.exe" type="java.lang.IllegalStateException"><![CDATA[java.lang.IllegalStateException: The driver executable does not exist: D:\Internal_project\Project\AutomatedTesting\target\test-classes\.\chromedriver.exe
=======
    <system-out><![CDATA[[Invoker 1557168050] Keeping method BaseTest.tearDown()[pri:0, instance:com.epam.testexternalpart.tests.SearchTest@5d5aba8d] for class [TestClass name=class com.epam.testexternalpart.tests.SearchTest]
]]></system-out>
  </testcase>
  <testcase name="init" classname="com.epam.testexternalpart.tests.PlaceForTestingTest" time="0">
    <failure message="The driver executable does not exist: D:\AutomatedTesting\target\test-classes\chromedriver.exe" type="java.lang.IllegalStateException"><![CDATA[java.lang.IllegalStateException: The driver executable does not exist: D:\AutomatedTesting\target\test-classes\chromedriver.exe
>>>>>>> 9386b16c4217c3f100b04e49611f6ae275a93151
	at com.google.common.base.Preconditions.checkState(Preconditions.java:197)
	at org.openqa.selenium.remote.service.DriverService.checkExecutable(DriverService.java:117)
	at org.openqa.selenium.remote.service.DriverService.findExecutable(DriverService.java:112)
	at org.openqa.selenium.chrome.ChromeDriverService.createDefaultService(ChromeDriverService.java:89)
	at org.openqa.selenium.chrome.ChromeDriver.<init>(ChromeDriver.java:117)
	at com.epam.testexternalpart.core.WebDriverFactory.initDriver(WebDriverFactory.java:18)
	at com.epam.testexternalpart.core.BaseTest.init(BaseTest.java:72)
	at sun.reflect.NativeMethodAccessorImpl.invoke0(Native Method)
<<<<<<< HEAD
	at sun.reflect.NativeMethodAccessorImpl.invoke(NativeMethodAccessorImpl.java:62)
=======
	at sun.reflect.NativeMethodAccessorImpl.invoke(NativeMethodAccessorImpl.java:57)
>>>>>>> 9386b16c4217c3f100b04e49611f6ae275a93151
	at sun.reflect.DelegatingMethodAccessorImpl.invoke(DelegatingMethodAccessorImpl.java:43)
	at java.lang.reflect.Method.invoke(Method.java:483)
	at org.testng.internal.MethodInvocationHelper.invokeMethod(MethodInvocationHelper.java:84)
	at org.testng.internal.Invoker.invokeConfigurationMethod(Invoker.java:564)
	at org.testng.internal.Invoker.invokeConfigurations(Invoker.java:213)
	at org.testng.internal.Invoker.invokeConfigurations(Invoker.java:138)
	at org.testng.internal.TestMethodWorker.invokeBeforeClassMethods(TestMethodWorker.java:175)
	at org.testng.internal.TestMethodWorker.run(TestMethodWorker.java:107)
	at org.testng.TestRunner.privateRun(TestRunner.java:767)
	at org.testng.TestRunner.run(TestRunner.java:617)
	at org.testng.SuiteRunner.runTest(SuiteRunner.java:348)
	at org.testng.SuiteRunner.runSequentially(SuiteRunner.java:343)
	at org.testng.SuiteRunner.privateRun(SuiteRunner.java:305)
	at org.testng.SuiteRunner.run(SuiteRunner.java:254)
	at org.testng.SuiteRunnerWorker.runSuite(SuiteRunnerWorker.java:52)
	at org.testng.SuiteRunnerWorker.run(SuiteRunnerWorker.java:86)
	at org.testng.TestNG.runSuitesSequentially(TestNG.java:1224)
	at org.testng.TestNG.runSuitesLocally(TestNG.java:1149)
	at org.testng.TestNG.run(TestNG.java:1057)
	at org.apache.maven.surefire.testng.TestNGExecutor.run(TestNGExecutor.java:295)
	at org.apache.maven.surefire.testng.TestNGXmlTestSuite.execute(TestNGXmlTestSuite.java:84)
	at org.apache.maven.surefire.testng.TestNGProvider.invoke(TestNGProvider.java:90)
	at org.apache.maven.surefire.booter.ForkedBooter.invokeProviderInSameClassLoader(ForkedBooter.java:203)
	at org.apache.maven.surefire.booter.ForkedBooter.runSuitesInProcess(ForkedBooter.java:155)
	at org.apache.maven.surefire.booter.ForkedBooter.main(ForkedBooter.java:103)
]]></failure>
    <system-out><![CDATA[===== Invoked methods
<<<<<<< HEAD
  BaseTest.init()[pri:0, instance:com.epam.testexternalpart.tests.SearchTest@61832929] 1635985705
    SearchTest.allCandidatesSearch(java.lang.String, java.lang.String, java.lang.String, java.lang.String, java.lang.String)[pri:0, instance:com.epam.testexternalpart.tests.SearchTest@61832929]Ololo;Ololoev;Olololoevich;02.12.2013;sdhgjshgj@mail.ru;+380505465345; Ololo1;Ololoev1;Olololoevich1;02.12.2013;sdhgjshgj1@mail.ru;+380505465346; Ololo2;Ololoev2;Olololoevich2;02.12.2013;sdhgjshgj2@mail.ru;+380505465347; Ololo1 Ololoev  1635985705
    SearchTest.streamSearch(java.lang.String, java.lang.String, java.lang.String, java.lang.String, java.lang.String)[pri:0, instance:com.epam.testexternalpart.tests.SearchTest@61832929]Ololo;Ololoev;Olololoevich;02.12.2013;sdhgjshgj@mail.ru;+380505465345; Ololo1;Ololoev1;Olololoevich1;02.12.2013;sdhgjshgj1@mail.ru;+380505465346; Ololo2;Ololoev2;Olololoevich2;02.12.2013;sdhgjshgj2@mail.ru;+380505465347; Ololo1 Ololoev  1635985705
=======
  BaseTest.init()[pri:0, instance:com.epam.testexternalpart.tests.SearchTest@5d5aba8d] 1566227085
    SearchTest.allCandidatesSearch(java.lang.String, java.lang.String, java.lang.String, java.lang.String, java.lang.String)[pri:0, instance:com.epam.testexternalpart.tests.SearchTest@5d5aba8d]Ololo;Ololoev;Olololoevich;02.12.2013;sdhgjshgj@mail.ru;+380505465345; Ololo1;Ololoev1;Olololoevich1;02.12.2013;sdhgjshgj1@mail.ru;+380505465346; Ololo2;Ololoev2;Olololoevich2;02.12.2013;sdhgjshgj2@mail.ru;+380505465347; Ololo1 Ololoev  1566227085
    SearchTest.streamSearch(java.lang.String, java.lang.String, java.lang.String, java.lang.String, java.lang.String)[pri:0, instance:com.epam.testexternalpart.tests.SearchTest@5d5aba8d]Ololo;Ololoev;Olololoevich;02.12.2013;sdhgjshgj@mail.ru;+380505465345; Ololo1;Ololoev1;Olololoevich1;02.12.2013;sdhgjshgj1@mail.ru;+380505465346; Ololo2;Ololoev2;Olololoevich2;02.12.2013;sdhgjshgj2@mail.ru;+380505465347; Ololo1 Ololoev  1566227085
>>>>>>> 9386b16c4217c3f100b04e49611f6ae275a93151
=====
[TestRunner] Running test PlaceForTestingTest on 1  classes,  included groups:[] excluded groups:[]
===== Test class
com.epam.testexternalpart.tests.PlaceForTestingTest
<<<<<<< HEAD
  @BeforeClass BaseTest.init()[pri:0, instance:com.epam.testexternalpart.tests.PlaceForTestingTest@26653222]
  @BeforeMethod BaseTest.startPage()[pri:0, instance:com.epam.testexternalpart.tests.PlaceForTestingTest@26653222]
    @Test PlaceForTestingTest.editNewPlaceForTesting(java.lang.String, java.lang.String, java.lang.String, java.lang.String, java.lang.String, java.lang.String, java.lang.String, java.lang.String)[pri:0, instance:com.epam.testexternalpart.tests.PlaceForTestingTest@26653222]
    @Test PlaceForTestingTest.addNewPlaceForTesting(java.lang.String, java.lang.String, java.lang.String, java.lang.String)[pri:0, instance:com.epam.testexternalpart.tests.PlaceForTestingTest@26653222]
    @Test PlaceForTestingTest.deleteNewPlaceForTesting(java.lang.String, java.lang.String, java.lang.String, java.lang.String)[pri:0, instance:com.epam.testexternalpart.tests.PlaceForTestingTest@26653222]
  @AfterClass BaseTest.tearDown()[pri:0, instance:com.epam.testexternalpart.tests.PlaceForTestingTest@26653222]
======
[Invoker 1833638914] Keeping method BaseTest.init()[pri:0, instance:com.epam.testexternalpart.tests.PlaceForTestingTest@26653222] for class [TestClass name=class com.epam.testexternalpart.tests.PlaceForTestingTest]
[Invoker 1833638914] Invoking @BeforeClass BaseTest.init()[pri:0, instance:com.epam.testexternalpart.tests.PlaceForTestingTest@26653222]
Failed to invoke configuration method com.epam.testexternalpart.core.BaseTest.init:The driver executable does not exist: D:\Internal_project\Project\AutomatedTesting\target\test-classes\.\chromedriver.exe
=======
  @BeforeClass BaseTest.init()[pri:0, instance:com.epam.testexternalpart.tests.PlaceForTestingTest@14235ed5]
  @BeforeMethod BaseTest.startPage()[pri:0, instance:com.epam.testexternalpart.tests.PlaceForTestingTest@14235ed5]
    @Test PlaceForTestingTest.deleteNewPlaceForTesting(java.lang.String, java.lang.String, java.lang.String, java.lang.String)[pri:0, instance:com.epam.testexternalpart.tests.PlaceForTestingTest@14235ed5]
    @Test PlaceForTestingTest.editNewPlaceForTesting(java.lang.String, java.lang.String, java.lang.String, java.lang.String, java.lang.String, java.lang.String, java.lang.String, java.lang.String)[pri:0, instance:com.epam.testexternalpart.tests.PlaceForTestingTest@14235ed5]
    @Test PlaceForTestingTest.addNewPlaceForTesting(java.lang.String, java.lang.String, java.lang.String, java.lang.String)[pri:0, instance:com.epam.testexternalpart.tests.PlaceForTestingTest@14235ed5]
  @AfterClass BaseTest.tearDown()[pri:0, instance:com.epam.testexternalpart.tests.PlaceForTestingTest@14235ed5]
======
[Invoker 1557168050] Keeping method BaseTest.init()[pri:0, instance:com.epam.testexternalpart.tests.PlaceForTestingTest@14235ed5] for class [TestClass name=class com.epam.testexternalpart.tests.PlaceForTestingTest]
[Invoker 1557168050] Invoking @BeforeClass BaseTest.init()[pri:0, instance:com.epam.testexternalpart.tests.PlaceForTestingTest@14235ed5]
Failed to invoke configuration method com.epam.testexternalpart.core.BaseTest.init:The driver executable does not exist: D:\AutomatedTesting\target\test-classes\chromedriver.exe
>>>>>>> 9386b16c4217c3f100b04e49611f6ae275a93151
]]></system-out>
  </testcase>
  <testcase name="startPage" classname="com.epam.testexternalpart.tests.PlaceForTestingTest" time="0">
    <skipped/>
<<<<<<< HEAD
    <system-out><![CDATA[[Invoker 1833638914] Keeping method BaseTest.startPage()[pri:0, instance:com.epam.testexternalpart.tests.PlaceForTestingTest@26653222] for class [TestClass name=class com.epam.testexternalpart.tests.PlaceForTestingTest]
[Invoker 1833638914] Keeping method BaseTest.startPage()[pri:0, instance:com.epam.testexternalpart.tests.PlaceForTestingTest@26653222] for class [TestClass name=class com.epam.testexternalpart.tests.PlaceForTestingTest]
=======
    <system-out><![CDATA[[Invoker 1557168050] Keeping method BaseTest.startPage()[pri:0, instance:com.epam.testexternalpart.tests.PlaceForTestingTest@14235ed5] for class [TestClass name=class com.epam.testexternalpart.tests.PlaceForTestingTest]
[Invoker 1557168050] Keeping method BaseTest.startPage()[pri:0, instance:com.epam.testexternalpart.tests.PlaceForTestingTest@14235ed5] for class [TestClass name=class com.epam.testexternalpart.tests.PlaceForTestingTest]
>>>>>>> 9386b16c4217c3f100b04e49611f6ae275a93151
]]></system-out>
  </testcase>
  <testcase name="startPage" classname="com.epam.testexternalpart.tests.PlaceForTestingTest" time="0">
    <skipped/>
<<<<<<< HEAD
    <system-out><![CDATA[[Invoker 1833638914] Keeping method BaseTest.startPage()[pri:0, instance:com.epam.testexternalpart.tests.PlaceForTestingTest@26653222] for class [TestClass name=class com.epam.testexternalpart.tests.PlaceForTestingTest]
[Invoker 1833638914] Keeping method BaseTest.startPage()[pri:0, instance:com.epam.testexternalpart.tests.PlaceForTestingTest@26653222] for class [TestClass name=class com.epam.testexternalpart.tests.PlaceForTestingTest]
=======
    <system-out><![CDATA[[Invoker 1557168050] Keeping method BaseTest.startPage()[pri:0, instance:com.epam.testexternalpart.tests.PlaceForTestingTest@14235ed5] for class [TestClass name=class com.epam.testexternalpart.tests.PlaceForTestingTest]
[Invoker 1557168050] Keeping method BaseTest.startPage()[pri:0, instance:com.epam.testexternalpart.tests.PlaceForTestingTest@14235ed5] for class [TestClass name=class com.epam.testexternalpart.tests.PlaceForTestingTest]
>>>>>>> 9386b16c4217c3f100b04e49611f6ae275a93151
]]></system-out>
  </testcase>
  <testcase name="startPage" classname="com.epam.testexternalpart.tests.PlaceForTestingTest" time="0">
    <skipped/>
<<<<<<< HEAD
    <system-out><![CDATA[[Invoker 1833638914] Keeping method BaseTest.startPage()[pri:0, instance:com.epam.testexternalpart.tests.PlaceForTestingTest@26653222] for class [TestClass name=class com.epam.testexternalpart.tests.PlaceForTestingTest]
[Invoker 1833638914] Keeping method BaseTest.startPage()[pri:0, instance:com.epam.testexternalpart.tests.PlaceForTestingTest@26653222] for class [TestClass name=class com.epam.testexternalpart.tests.PlaceForTestingTest]
=======
    <system-out><![CDATA[[Invoker 1557168050] Keeping method BaseTest.startPage()[pri:0, instance:com.epam.testexternalpart.tests.PlaceForTestingTest@14235ed5] for class [TestClass name=class com.epam.testexternalpart.tests.PlaceForTestingTest]
[Invoker 1557168050] Keeping method BaseTest.startPage()[pri:0, instance:com.epam.testexternalpart.tests.PlaceForTestingTest@14235ed5] for class [TestClass name=class com.epam.testexternalpart.tests.PlaceForTestingTest]
>>>>>>> 9386b16c4217c3f100b04e49611f6ae275a93151
]]></system-out>
  </testcase>
  <testcase name="addNewPlaceForTesting" classname="com.epam.testexternalpart.tests.PlaceForTestingTest" time="0">
    <skipped/>
  </testcase>
  <testcase name="deleteNewPlaceForTesting" classname="com.epam.testexternalpart.tests.PlaceForTestingTest" time="0">
    <skipped/>
  </testcase>
  <testcase name="editNewPlaceForTesting" classname="com.epam.testexternalpart.tests.PlaceForTestingTest" time="0">
    <skipped/>
  </testcase>
  <testcase name="tearDown" classname="com.epam.testexternalpart.tests.PlaceForTestingTest" time="0">
    <skipped/>
<<<<<<< HEAD
    <system-out><![CDATA[[Invoker 1833638914] Keeping method BaseTest.tearDown()[pri:0, instance:com.epam.testexternalpart.tests.PlaceForTestingTest@26653222] for class [TestClass name=class com.epam.testexternalpart.tests.PlaceForTestingTest]
=======
    <system-out><![CDATA[[Invoker 1557168050] Keeping method BaseTest.tearDown()[pri:0, instance:com.epam.testexternalpart.tests.PlaceForTestingTest@14235ed5] for class [TestClass name=class com.epam.testexternalpart.tests.PlaceForTestingTest]
>>>>>>> 9386b16c4217c3f100b04e49611f6ae275a93151
]]></system-out>
  </testcase>
</testsuite>