<?xml version="1.0" encoding="UTF-8"?>
<!-- Generated by org.testng.reporters.JUnitReportReporter -->
<testsuite hostname="EPUAKHAW0069" name="com.epam.testexternalpart.tests.SmokeTest" tests="1" failures="0" timestamp="1 Dec 2014 18:51:01 GMT" time="10.915" errors="0">
  <testcase name="testCreateNewCandidate" time="10.915" classname="com.epam.testexternalpart.tests.SmokeTest"/>
</testsuite> <!-- com.epam.testexternalpart.tests.SmokeTest -->
