<?xml version="1.0" encoding="UTF-8"?>
<!-- Generated by org.testng.reporters.JUnitReportReporter -->
<testsuite hostname="EPUAKHAW0194" name="com.epam.testexternalpart.tests.SmokeTest" tests="2" failures="0" timestamp="26 Nov 2014 13:03:38 GMT" time="19.230" errors="0">
  <testcase name="test" time="9.385" classname="com.epam.testexternalpart.tests.SmokeTest"/>
  <testcase name="test2" time="9.845" classname="com.epam.testexternalpart.tests.SmokeTest"/>
</testsuite> <!-- com.epam.testexternalpart.tests.SmokeTest -->
