<?xml version="1.0" encoding="UTF-8"?>
<!-- Generated by org.testng.reporters.JUnitReportReporter -->
<testsuite hostname="EPUAKHAW0069" name="com.epam.testexternalpart.tests.DepartmentTest" tests="1" failures="0" timestamp="1 Dec 2014 18:49:56 GMT" time="2.226" errors="0">
  <testcase name="testAddDepartmentPeage" time="2.226" classname="com.epam.testexternalpart.tests.DepartmentTest"/>
</testsuite> <!-- com.epam.testexternalpart.tests.DepartmentTest -->
