<?xml version="1.0" encoding="UTF-8"?>
<!-- Generated by org.testng.reporters.JUnitReportReporter -->
<testsuite hostname="EPUAKHAW0194" name="com.epam.testexternalpart.tests.SmokeTest" tests="2" failures="0" timestamp="4 Dec 2014 07:14:03 GMT" time="2.245" errors="0">
  <testcase name="testView2" time="0.421" classname="com.epam.testexternalpart.tests.SmokeTest"/>
  <testcase name="testView" time="1.824" classname="com.epam.testexternalpart.tests.SmokeTest"/>
</testsuite> <!-- com.epam.testexternalpart.tests.SmokeTest -->
