<?xml version="1.0" encoding="UTF-8"?>
<!-- Generated by org.testng.reporters.JUnitReportReporter -->
<testsuite hostname="EPUAKHAW0083" name="com.epam.testexternalpart.tests.StreamTest" tests="8" failures="0" timestamp="22 Dec 2014 15:29:11 GMT" time="10.921" errors="0">
  <testcase name="testAddNewInValidStream" time="1.097" classname="com.epam.testexternalpart.tests.StreamTest"/>
  <testcase name="testEditStream" time="0.748" classname="com.epam.testexternalpart.tests.StreamTest"/>
  <testcase name="testAddNewInValidStream" time="1.360" classname="com.epam.testexternalpart.tests.StreamTest"/>
  <testcase name="testAddNewInValidStream" time="1.064" classname="com.epam.testexternalpart.tests.StreamTest"/>
  <testcase name="testAddNewValidStream" time="2.324" classname="com.epam.testexternalpart.tests.StreamTest"/>
  <testcase name="testAddNewInValidStream" time="1.000" classname="com.epam.testexternalpart.tests.StreamTest"/>
  <testcase name="testAddNewValidStream" time="2.078" classname="com.epam.testexternalpart.tests.StreamTest"/>
  <testcase name="testEditStream" time="1.250" classname="com.epam.testexternalpart.tests.StreamTest"/>
</testsuite> <!-- com.epam.testexternalpart.tests.StreamTest -->
