<?xml version="1.0" encoding="UTF-8"?>
<!-- Generated by org.testng.reporters.JUnitReportReporter -->
<testsuite hostname="EPUAKHAW0083" name="com.epam.testexternalpart.tests.DepartmentTest" tests="3" failures="0" timestamp="22 Dec 2014 15:29:11 GMT" time="25.708" errors="0">
  <testcase name="testAddDepartmentWithValidName" time="8.738" classname="com.epam.testexternalpart.tests.DepartmentTest"/>
  <testcase name="testAddDepartment" time="4.035" classname="com.epam.testexternalpart.tests.DepartmentTest"/>
  <testcase name="testEditDepartmentName" time="12.935" classname="com.epam.testexternalpart.tests.DepartmentTest"/>
</testsuite> <!-- com.epam.testexternalpart.tests.DepartmentTest -->
