<?xml version="1.0" encoding="UTF-8"?>
<!-- Generated by org.testng.reporters.JUnitReportReporter -->
<testsuite hostname="EPUAKHAW0083" name="com.epam.testexternalpart.tests.SmokeTest" tests="14" failures="0" timestamp="22 Dec 2014 15:38:25 GMT" time="106.886" errors="0">
  <testcase name="checkElementsViewCandidate" time="28.375" classname="com.epam.testexternalpart.tests.SmokeTest"/>
  <testcase name="checkElementsEditCandidate" time="19.857" classname="com.epam.testexternalpart.tests.SmokeTest"/>
  <testcase name="testcheckAddStreamPageInDepartmentNet" time="1.577" classname="com.epam.testexternalpart.tests.SmokeTest"/>
  <testcase name="checkElStreamPage" time="17.204" classname="com.epam.testexternalpart.tests.SmokeTest"/>
  <testcase name="testcheckAddStreamPageInDepartmentAutoTest" time="1.567" classname="com.epam.testexternalpart.tests.SmokeTest"/>
  <testcase name="testCheckElementsPresentDepartmentPage" time="0.669" classname="com.epam.testexternalpart.tests.SmokeTest"/>
  <testcase name="testCheckElementsPresentAddDepartmentPage" time="4.007" classname="com.epam.testexternalpart.tests.SmokeTest"/>
  <testcase name="testCheckElementsPresentAddStreamPage" time="4.944" classname="com.epam.testexternalpart.tests.SmokeTest"/>
  <testcase name="checkMenu" time="0.540" classname="com.epam.testexternalpart.tests.SmokeTest"/>
  <testcase name="testcheckAddStreamPageInDepartmentJava" time="1.674" classname="com.epam.testexternalpart.tests.SmokeTest"/>
  <testcase name="checkElementsAddCandidate" time="9.440" classname="com.epam.testexternalpart.tests.SmokeTest"/>
  <testcase name="checkElAllCandiadtesMenu" time="14.108" classname="com.epam.testexternalpart.tests.SmokeTest"/>
  <testcase name="testcheckAddStreamPageInDepartmentFrontEnd" time="1.346" classname="com.epam.testexternalpart.tests.SmokeTest"/>
  <testcase name="testcheckAddStreamPageInDepartmentSofttest" time="1.578" classname="com.epam.testexternalpart.tests.SmokeTest"/>
</testsuite> <!-- com.epam.testexternalpart.tests.SmokeTest -->
