<?xml version="1.0" encoding="UTF-8"?>
<!-- Generated by org.testng.reporters.JUnitReportReporter -->
<testsuite hostname="EPUAKHAW0083" name="com.epam.testexternalpart.tests.SmokeTest" tests="14" failures="0" timestamp="12 Jan 2015 15:56:19 GMT" time="168.601" errors="0">
  <testcase name="testCheckElementsPresentAddDepartmentPage" time="10.699" classname="com.epam.testexternalpart.tests.SmokeTest"/>
  <testcase name="checkElementsViewCandidate" time="37.242" classname="com.epam.testexternalpart.tests.SmokeTest"/>
  <testcase name="testCheckElementsPresentAddStreamPage" time="11.189" classname="com.epam.testexternalpart.tests.SmokeTest"/>
  <testcase name="testcheckAddStreamPageInDepartmentJava" time="0.938" classname="com.epam.testexternalpart.tests.SmokeTest"/>
  <testcase name="testCheckElementsPresentDepartmentPage" time="0.565" classname="com.epam.testexternalpart.tests.SmokeTest"/>
  <testcase name="testcheckAddStreamPageInDepartmentAutoTest" time="0.653" classname="com.epam.testexternalpart.tests.SmokeTest"/>
  <testcase name="checkElAllCandiadtesMenu" time="15.245" classname="com.epam.testexternalpart.tests.SmokeTest"/>
  <testcase name="testcheckAddStreamPageInDepartmentFrontEnd" time="0.895" classname="com.epam.testexternalpart.tests.SmokeTest"/>
  <testcase name="testcheckAddStreamPageInDepartmentNet" time="0.922" classname="com.epam.testexternalpart.tests.SmokeTest"/>
  <testcase name="checkElStreamPage" time="29.756" classname="com.epam.testexternalpart.tests.SmokeTest"/>
  <testcase name="checkElementsEditCandidate" time="36.409" classname="com.epam.testexternalpart.tests.SmokeTest"/>
  <testcase name="checkElementsAddCandidate" time="22.815" classname="com.epam.testexternalpart.tests.SmokeTest"/>
  <testcase name="checkMenu" time="0.429" classname="com.epam.testexternalpart.tests.SmokeTest"/>
  <testcase name="testcheckAddStreamPageInDepartmentSofttest" time="0.844" classname="com.epam.testexternalpart.tests.SmokeTest"/>
</testsuite> <!-- com.epam.testexternalpart.tests.SmokeTest -->
