<?xml version="1.0" encoding="UTF-8"?>
<!-- Generated by org.testng.reporters.JUnitReportReporter -->
<testsuite hostname="EPUAKHAW0329" name="com.epam.testexternalpart.tests.SearchTest" tests="2" failures="0" timestamp="14 Jan 2015 12:58:56 GMT" time="130.781" errors="0">
  <testcase name="allCandidatesSearch" time="66.419" classname="com.epam.testexternalpart.tests.SearchTest"/>
  <testcase name="streamSearch" time="64.362" classname="com.epam.testexternalpart.tests.SearchTest"/>
</testsuite> <!-- com.epam.testexternalpart.tests.SearchTest -->
