<?xml version="1.0" encoding="UTF-8"?>
<!-- Generated by org.testng.reporters.JUnitReportReporter -->
<testsuite hostname="EPUAKHAW0083" name="com.epam.testexternalpart.tests.SmokeTest" tests="13" failures="0" timestamp="19 Jan 2015 09:20:39 GMT" time="196.971" errors="0">
  <testcase name="checkElStreamPage" time="52.377" classname="com.epam.testexternalpart.tests.SmokeTest"/>
  <testcase name="checkEmailTemplatesPage" time="8.618" classname="com.epam.testexternalpart.tests.SmokeTest"/>
  <testcase name="checkElementsPresentAddDepartmentPage" time="0.611" classname="com.epam.testexternalpart.tests.SmokeTest"/>
  <testcase name="checkSubgroupPage" time="2.962" classname="com.epam.testexternalpart.tests.SmokeTest"/>
  <testcase name="checkElementsAddCandidate" time="4.432" classname="com.epam.testexternalpart.tests.SmokeTest"/>
  <testcase name="checkAddStreamAccordingToDepartment" time="20.410" classname="com.epam.testexternalpart.tests.SmokeTest"/>
  <testcase name="checkElementsViewCandidate" time="49.376" classname="com.epam.testexternalpart.tests.SmokeTest"/>
  <testcase name="checkElementsEditCandidate" time="7.767" classname="com.epam.testexternalpart.tests.SmokeTest"/>
  <testcase name="checkElementsPresentAddStreamPage" time="1.234" classname="com.epam.testexternalpart.tests.SmokeTest"/>
  <testcase name="checkMailSettingsMenu" time="0.113" classname="com.epam.testexternalpart.tests.SmokeTest"/>
  <testcase name="checkElAllCandiadtesMenu" time="48.078" classname="com.epam.testexternalpart.tests.SmokeTest"/>
  <testcase name="checkElementsPresentDepartmentPage" time="0.509" classname="com.epam.testexternalpart.tests.SmokeTest"/>
  <testcase name="checkMenu" time="0.484" classname="com.epam.testexternalpart.tests.SmokeTest"/>
</testsuite> <!-- com.epam.testexternalpart.tests.SmokeTest -->
