<?xml version="1.0" encoding="UTF-8"?>
<!-- Generated by org.testng.reporters.JUnitReportReporter -->
<testsuite hostname="EPUAKHAW0083" name="com.epam.testexternalpart.tests.DepartmentTest" tests="3" failures="0" timestamp="16 Jan 2015 15:51:47 GMT" time="12.123" errors="0">
  <testcase name="testAddDepartmentWithValidName" time="4.081" classname="com.epam.testexternalpart.tests.DepartmentTest"/>
  <testcase name="testAddDepartment" time="1.175" classname="com.epam.testexternalpart.tests.DepartmentTest"/>
  <testcase name="testEditDepartmentName" time="6.867" classname="com.epam.testexternalpart.tests.DepartmentTest"/>
</testsuite> <!-- com.epam.testexternalpart.tests.DepartmentTest -->
