<?xml version="1.0" encoding="UTF-8"?>
<!-- Generated by org.testng.reporters.JUnitReportReporter -->
<testsuite hostname="EPUAKHAW0329" name="com.epam.testexternalpart.tests.AddCandidateTest" tests="1" failures="0" timestamp="9 Jan 2015 16:32:17 GMT" time="14.743" errors="0">
  <testcase name="bannWithButton" time="14.743" classname="com.epam.testexternalpart.tests.AddCandidateTest"/>
</testsuite> <!-- com.epam.testexternalpart.tests.AddCandidateTest -->
