<?xml version="1.0" encoding="UTF-8"?>
<!-- Generated by org.testng.reporters.JUnitReportReporter -->
<<<<<<< HEAD
<testsuite hostname="EPUAKHAW0501" name="com.epam.testexternalpart.tests.AddCandidateTest" tests="1" failures="0" timestamp="9 Jan 2015 13:01:02 GMT" time="16.831" errors="0">
  <testcase name="changeStatus" time="16.831" classname="com.epam.testexternalpart.tests.AddCandidateTest"/>
=======
<testsuite hostname="EPUAKHAW0329" name="com.epam.testexternalpart.tests.AddCandidateTest" tests="1" failures="0" timestamp="9 Jan 2015 13:37:13 GMT" time="83.141" errors="0">
  <testcase name="changeStatus" time="83.141" classname="com.epam.testexternalpart.tests.AddCandidateTest"/>
>>>>>>> 277745f64ab2f466f647bbd1f10027fd565d396a
</testsuite> <!-- com.epam.testexternalpart.tests.AddCandidateTest -->
