<?xml version="1.0" encoding="UTF-8"?>
<!-- Generated by org.testng.reporters.JUnitReportReporter -->
<testsuite hostname="EPUAKHAW0083" name="com.epam.testexternalpart.tests.AssigningToTest" tests="1" failures="0" timestamp="5 Jan 2015 10:19:28 GMT" time="48.875" errors="0">
  <testcase name="responseFromCandidates" time="48.875" classname="com.epam.testexternalpart.tests.AssigningToTest"/>
</testsuite> <!-- com.epam.testexternalpart.tests.AssigningToTest -->
