<?xml version="1.0" encoding="UTF-8"?>
<!-- Generated by org.testng.reporters.JUnitReportReporter -->
<testsuite hostname="EPUAKHAW0501" name="com.epam.testexternalpart.tests.SubgroupTest" tests="1" failures="0" timestamp="26 Jan 2015 11:39:34 GMT" time="2.840" errors="0">
  <testcase name="checkSubgroupTest" time="2.840" classname="com.epam.testexternalpart.tests.SubgroupTest"/>
</testsuite> <!-- com.epam.testexternalpart.tests.SubgroupTest -->
