<?xml version="1.0" encoding="UTF-8"?>
<!-- Generated by org.testng.reporters.JUnitReportReporter -->
<testsuite hostname="EPUAKHAW0329" name="com.epam.testexternalpart.tests.SearchTest" tests="1" failures="0" timestamp="8 Jan 2015 16:14:18 GMT" time="6.436" errors="0">
  <testcase name="streamSearch" time="6.436" classname="com.epam.testexternalpart.tests.SearchTest"/>
</testsuite> <!-- com.epam.testexternalpart.tests.SearchTest -->
