<?xml version="1.0" encoding="UTF-8"?>
<!-- Generated by org.testng.reporters.JUnitReportReporter -->
<testsuite hostname="EPUAKHAW0329" name="com.epam.testexternalpart.tests.DepartmentTest" tests="3" failures="0" timestamp="14 Jan 2015 11:58:50 GMT" time="69.210" errors="0">
  <testcase name="testAddDepartmentWithValidName" time="23.296" classname="com.epam.testexternalpart.tests.DepartmentTest"/>
  <testcase name="testAddDepartment" time="10.544" classname="com.epam.testexternalpart.tests.DepartmentTest"/>
  <testcase name="testEditDepartmentName" time="35.370" classname="com.epam.testexternalpart.tests.DepartmentTest"/>
</testsuite> <!-- com.epam.testexternalpart.tests.DepartmentTest -->
