<?xml version="1.0" encoding="UTF-8"?>
<!-- Generated by org.testng.reporters.JUnitReportReporter -->
<testsuite hostname="EPUAKHAW0329" name="com.epam.testexternalpart.tests.AddCandidateTest" tests="1" failures="0" timestamp="15 Jan 2015 09:10:11 GMT" time="23.953" errors="0">
  <testcase name="addCandidateManually" time="23.953" classname="com.epam.testexternalpart.tests.AddCandidateTest"/>
</testsuite> <!-- com.epam.testexternalpart.tests.AddCandidateTest -->
