<?xml version="1.0" encoding="UTF-8"?>
<!-- Generated by org.testng.reporters.JUnitReportReporter -->
<testsuite hostname="EPUAKHAW0329" name="com.epam.testexternalpart.tests.SmokeTest" tests="1" failures="0" timestamp="9 Jan 2015 12:29:41 GMT" time="35.167" errors="0">
  <testcase name="checkElementsViewCandidate" time="35.167" classname="com.epam.testexternalpart.tests.SmokeTest"/>
</testsuite> <!-- com.epam.testexternalpart.tests.SmokeTest -->
