<?xml version="1.0" encoding="UTF-8"?>
<!-- Generated by org.testng.reporters.JUnitReportReporter -->
<testsuite hostname="EPUAKHAW0083" name="com.epam.testexternalpart.tests.SmokeTest" tests="1" failures="0" timestamp="14 Jan 2015 08:15:55 GMT" time="10.336" errors="0">
  <testcase name="checkAddStreamAccordingToDepartment" time="10.336" classname="com.epam.testexternalpart.tests.SmokeTest"/>
</testsuite> <!-- com.epam.testexternalpart.tests.SmokeTest -->
