<?xml version="1.0" encoding="UTF-8"?>
<!-- Generated by org.testng.reporters.JUnitReportReporter -->
<testsuite hostname="EPUAKHAW0329" name="com.epam.testexternalpart.tests.SearchTest" tests="1" failures="0" timestamp="9 Jan 2015 13:27:51 GMT" time="21.363" errors="0">
  <testcase name="streamSearch" time="21.363" classname="com.epam.testexternalpart.tests.SearchTest"/>
</testsuite> <!-- com.epam.testexternalpart.tests.SearchTest -->
