<?xml version="1.0" encoding="UTF-8"?>
<!-- Generated by org.testng.reporters.JUnitReportReporter -->
<testsuite hostname="EPUAKHAW0329" name="com.epam.testexternalpart.tests.AddCandidateTest" tests="1" failures="0" timestamp="9 Jan 2015 09:34:08 GMT" time="83.490" errors="0">
  <testcase name="changeStatus" time="83.490" classname="com.epam.testexternalpart.tests.AddCandidateTest"/>
</testsuite> <!-- com.epam.testexternalpart.tests.AddCandidateTest -->
