<?xml version="1.0" encoding="UTF-8"?>
<!-- Generated by org.testng.reporters.JUnitReportReporter -->
<testsuite hostname="EPUAKHAW0083" name="com.epam.testexternalpart.tests.SearchTest" tests="2" failures="0" timestamp="16 Jan 2015 15:54:33 GMT" time="73.233" errors="0">
  <testcase name="allCandidatesSearch" time="37.797" classname="com.epam.testexternalpart.tests.SearchTest"/>
  <testcase name="streamSearch" time="35.436" classname="com.epam.testexternalpart.tests.SearchTest"/>
</testsuite> <!-- com.epam.testexternalpart.tests.SearchTest -->
