<?xml version="1.0" encoding="UTF-8"?>
<!-- Generated by org.testng.reporters.JUnitReportReporter -->
<testsuite hostname="EPUAKHAW0329" name="com.epam.testexternalpart.tests.AddCandidateTest" tests="1" failures="0" timestamp="8 Jan 2015 16:04:09 GMT" time="53.784" errors="0">
  <testcase name="changeStatus" time="53.784" classname="com.epam.testexternalpart.tests.AddCandidateTest"/>
</testsuite> <!-- com.epam.testexternalpart.tests.AddCandidateTest -->
