<?xml version="1.0" encoding="UTF-8"?>
<!-- Generated by org.testng.reporters.JUnitReportReporter -->
<testsuite hostname="EPUAKHAW0083" name="com.epam.testexternalpart.tests.AddCandidateTest" tests="5" failures="0" timestamp="16 Jan 2015 15:51:08 GMT" time="114.262" errors="0">
  <testcase name="bannWithButton" time="23.731" classname="com.epam.testexternalpart.tests.AddCandidateTest"/>
  <testcase name="addCandidate" time="13.193" classname="com.epam.testexternalpart.tests.AddCandidateTest"/>
  <testcase name="addCandidateManually" time="14.095" classname="com.epam.testexternalpart.tests.AddCandidateTest"/>
  <testcase name="deleteAllCandidates" time="3.745" classname="com.epam.testexternalpart.tests.AddCandidateTest"/>
  <testcase name="changeStatus" time="59.498" classname="com.epam.testexternalpart.tests.AddCandidateTest"/>
</testsuite> <!-- com.epam.testexternalpart.tests.AddCandidateTest -->
