<?xml version="1.0" encoding="UTF-8"?>
<!-- Generated by org.testng.reporters.JUnitReportReporter -->
<testsuite hostname="EPUAKHAW0501" name="com.epam.testexternalpart.tests.SmokeTest" tests="1" failures="0" timestamp="19 Jan 2015 11:46:32 GMT" time="18.146" errors="0">
  <testcase name="checkConcretSubgroup" time="18.146" classname="com.epam.testexternalpart.tests.SmokeTest"/>
</testsuite> <!-- com.epam.testexternalpart.tests.SmokeTest -->
