<?xml version="1.0" encoding="UTF-8"?>
<!-- Generated by org.testng.reporters.JUnitReportReporter -->
<testsuite hostname="EPUAKHAW0329" name="com.epam.testexternalpart.tests.SmokeTest" tests="1" failures="0" timestamp="9 Jan 2015 14:11:16 GMT" time="0.578" errors="0">
  <testcase name="checkElAllCandiadtesMenu" time="0.578" classname="com.epam.testexternalpart.tests.SmokeTest"/>
</testsuite> <!-- com.epam.testexternalpart.tests.SmokeTest -->
