<?xml version="1.0" encoding="UTF-8"?>
<!-- Generated by org.testng.reporters.JUnitReportReporter -->
<testsuite hostname="EPUAKHAW0194" name="com.epam.testexternalpart.tests.DepartmentTest" tests="1" failures="0" timestamp="25 Dec 2014 07:50:49 GMT" time="4.713" errors="0">
  <testcase name="testAddDepartment" time="4.713" classname="com.epam.testexternalpart.tests.DepartmentTest"/>
</testsuite> <!-- com.epam.testexternalpart.tests.DepartmentTest -->
