<?xml version="1.0" encoding="UTF-8"?>
<!-- Generated by org.testng.reporters.JUnitReportReporter -->
<testsuite hostname="EPUAKHAW0083" name="com.epam.testexternalpart.tests.AssigningToTest" tests="31" failures="0" timestamp="15 Jan 2015 16:53:41 GMT" time="688.992" errors="0">
  <testcase name="checkNotActualCand" time="11.395" classname="com.epam.testexternalpart.tests.AssigningToTest"/>
  <testcase name="checkNotTestedCand" time="12.278" classname="com.epam.testexternalpart.tests.AssigningToTest"/>
  <testcase name="checkAssignedToTestCand" time="11.398" classname="com.epam.testexternalpart.tests.AssigningToTest"/>
  <testcase name="addCandidates" time="28.414" classname="com.epam.testexternalpart.tests.AssigningToTest"/>
  <testcase name="checkNewTimeCand" time="12.273" classname="com.epam.testexternalpart.tests.AssigningToTest"/>
  <testcase name="addCandidates" time="28.662" classname="com.epam.testexternalpart.tests.AssigningToTest"/>
  <testcase name="addCandidates" time="28.681" classname="com.epam.testexternalpart.tests.AssigningToTest"/>
  <testcase name="checkNotTestedCand" time="12.354" classname="com.epam.testexternalpart.tests.AssigningToTest"/>
  <testcase name="checkNotTestedCand" time="12.295" classname="com.epam.testexternalpart.tests.AssigningToTest"/>
  <testcase name="addCandidates" time="28.819" classname="com.epam.testexternalpart.tests.AssigningToTest"/>
  <testcase name="addCandidates" time="28.494" classname="com.epam.testexternalpart.tests.AssigningToTest"/>
  <testcase name="addCandidates" time="28.476" classname="com.epam.testexternalpart.tests.AssigningToTest"/>
  <testcase name="checkNotTestedCand" time="12.256" classname="com.epam.testexternalpart.tests.AssigningToTest"/>
  <testcase name="invitateThirdTime" time="49.515" classname="com.epam.testexternalpart.tests.AssigningToTest"/>
  <testcase name="checkAssignedToTestCand" time="11.363" classname="com.epam.testexternalpart.tests.AssigningToTest"/>
  <testcase name="checkNotTestedCand" time="12.352" classname="com.epam.testexternalpart.tests.AssigningToTest"/>
  <testcase name="assignTest" time="34.015" classname="com.epam.testexternalpart.tests.AssigningToTest"/>
  <testcase name="checkAssignedToTestCand" time="11.708" classname="com.epam.testexternalpart.tests.AssigningToTest"/>
  <testcase name="checkAssignedToTestCand" time="11.311" classname="com.epam.testexternalpart.tests.AssigningToTest"/>
  <testcase name="addCandidates" time="28.939" classname="com.epam.testexternalpart.tests.AssigningToTest"/>
  <testcase name="invitateSecondTime" time="49.603" classname="com.epam.testexternalpart.tests.AssigningToTest"/>
  <testcase name="checkDublicateAnswer" time="15.207" classname="com.epam.testexternalpart.tests.AssigningToTest"/>
  <testcase name="checkBannedCandidate" time="11.841" classname="com.epam.testexternalpart.tests.AssigningToTest"/>
  <testcase name="checkAssignedToTestCand" time="11.401" classname="com.epam.testexternalpart.tests.AssigningToTest"/>
  <testcase name="checkConfirmedCand" time="11.429" classname="com.epam.testexternalpart.tests.AssigningToTest"/>
  <testcase name="checkAssignedToTestCand" time="11.428" classname="com.epam.testexternalpart.tests.AssigningToTest"/>
  <testcase name="responseFromCandidates" time="103.871" classname="com.epam.testexternalpart.tests.AssigningToTest"/>
  <testcase name="addStream" time="22.350" classname="com.epam.testexternalpart.tests.AssigningToTest"/>
  <testcase name="checkNotTestedCand" time="12.273" classname="com.epam.testexternalpart.tests.AssigningToTest"/>
  <testcase name="checkNewTimeCand" time="12.292" classname="com.epam.testexternalpart.tests.AssigningToTest"/>
  <testcase name="checkNotTestedCand" time="12.299" classname="com.epam.testexternalpart.tests.AssigningToTest"/>
</testsuite> <!-- com.epam.testexternalpart.tests.AssigningToTest -->
