<?xml version="1.0" encoding="UTF-8"?>
<!-- Generated by org.testng.reporters.JUnitReportReporter -->
<testsuite hostname="EPUAKHAW0083" name="com.epam.testexternalpart.tests.SeveralStreamTest" tests="1" failures="0" timestamp="20 Jan 2015 15:09:15 GMT" time="38.887" errors="0">
  <testcase name="addCandidateToSeveralDepartment" time="38.887" classname="com.epam.testexternalpart.tests.SeveralStreamTest"/>
</testsuite> <!-- com.epam.testexternalpart.tests.SeveralStreamTest -->
