<?xml version="1.0" encoding="UTF-8"?>
<!-- Generated by org.testng.reporters.JUnitReportReporter -->
<testsuite hostname="EPUAKHAW0083" name="com.epam.testexternalpart.tests.AssigningToTest" tests="1" failures="0" timestamp="5 Jan 2015 15:03:33 GMT" time="12.325" errors="0">
  <testcase name="checkDublicateAnswer" time="12.325" classname="com.epam.testexternalpart.tests.AssigningToTest"/>
</testsuite> <!-- com.epam.testexternalpart.tests.AssigningToTest -->
