<?xml version="1.0" encoding="UTF-8"?>
<!-- Generated by org.testng.reporters.JUnitReportReporter -->
<testsuite hostname="EPUAKHAW0501" name="com.epam.testexternalpart.tests.PlaceForTestingTest" tests="3" failures="0" timestamp="8 Jan 2015 16:46:37 GMT" time="4.156" errors="0">
  <testcase name="addNewPlaceForTesting" time="1.683" classname="com.epam.testexternalpart.tests.PlaceForTestingTest"/>
  <testcase name="editNewPlaceForTesting" time="1.873" classname="com.epam.testexternalpart.tests.PlaceForTestingTest"/>
  <testcase name="deleteNewPlaceForTesting" time="0.600" classname="com.epam.testexternalpart.tests.PlaceForTestingTest"/>
</testsuite> <!-- com.epam.testexternalpart.tests.PlaceForTestingTest -->
