<?xml version="1.0" encoding="UTF-8"?>
<!-- Generated by org.testng.reporters.JUnitReportReporter -->
<testsuite hostname="EPUAKHAW0501" name="com.epam.testexternalpart.tests.SubgroupTest" tests="1" failures="0" timestamp="26 Jan 2015 10:35:59 GMT" time="2.842" errors="0">
  <testcase name="checkCreateSubgroupTest" time="2.842" classname="com.epam.testexternalpart.tests.SubgroupTest"/>
</testsuite> <!-- com.epam.testexternalpart.tests.SubgroupTest -->
