<?xml version="1.0" encoding="UTF-8"?>
<!-- Generated by org.testng.reporters.JUnitReportReporter -->
<testsuite hostname="EPUAKHAW0501" name="com.epam.testexternalpart.tests.SmokeTest" tests="1" failures="0" timestamp="9 Jan 2015 12:39:51 GMT" time="34.585" errors="0">
  <testcase name="checkElementsViewCandidate" time="34.585" classname="com.epam.testexternalpart.tests.SmokeTest"/>
</testsuite> <!-- com.epam.testexternalpart.tests.SmokeTest -->
