<?xml version="1.0" encoding="UTF-8"?>
<!-- Generated by org.testng.reporters.JUnitReportReporter -->
<testsuite hostname="EPUAKHAW0194" name="com.epam.testexternalpart.tests.AddCandidate" tests="1" failures="0" timestamp="30 Dec 2014 10:32:49 GMT" time="100.360" errors="0">
  <testcase name="changeStatus" time="100.360" classname="com.epam.testexternalpart.tests.AddCandidate"/>
</testsuite> <!-- com.epam.testexternalpart.tests.AddCandidate -->
