<?xml version="1.0" encoding="UTF-8"?>
<!-- Generated by org.testng.reporters.JUnitReportReporter -->
<testsuite hostname="EPUAKHAW0501" name="com.epam.testexternalpart.tests.SeveralStreamTest" tests="1" failures="0" timestamp="20 Jan 2015 09:48:38 GMT" time="37.336" errors="0">
  <testcase name="addCandidateToSeveralDepartment" time="37.336" classname="com.epam.testexternalpart.tests.SeveralStreamTest"/>
</testsuite> <!-- com.epam.testexternalpart.tests.SeveralStreamTest -->
