<?xml version="1.0" encoding="UTF-8"?>
<!-- Generated by org.testng.reporters.JUnitReportReporter -->
<testsuite hostname="EPUAKHAW0329" name="com.epam.testexternalpart.tests.SearchTest" tests="2" failures="0" timestamp="14 Jan 2015 15:03:07 GMT" time="130.548" errors="0">
  <testcase name="streamSearch" time="64.183" classname="com.epam.testexternalpart.tests.SearchTest"/>
  <testcase name="allCandidatesSearch" time="66.365" classname="com.epam.testexternalpart.tests.SearchTest"/>
</testsuite> <!-- com.epam.testexternalpart.tests.SearchTest -->
