<?xml version="1.0" encoding="UTF-8"?>
<!-- Generated by org.testng.reporters.JUnitReportReporter -->
<testsuite hostname="EPUAKHAW0329" name="com.epam.testexternalpart.tests.SearchTest" tests="4" failures="0" timestamp="26 Jan 2015 10:00:16 GMT" time="82.503" errors="0">
  <testcase name="streamSearch" time="18.726" classname="com.epam.testexternalpart.tests.SearchTest"/>
  <testcase name="streamSearch" time="20.681" classname="com.epam.testexternalpart.tests.SearchTest"/>
  <testcase name="allCandidatesSearch" time="21.089" classname="com.epam.testexternalpart.tests.SearchTest"/>
  <testcase name="allCandidatesSearch" time="22.007" classname="com.epam.testexternalpart.tests.SearchTest"/>
</testsuite> <!-- com.epam.testexternalpart.tests.SearchTest -->
