<?xml version="1.0" encoding="UTF-8"?>
<!-- Generated by org.testng.reporters.JUnitReportReporter -->
<testsuite hostname="EPUAKHAW0194" name="com.epam.testexternalpart.tests.Search" tests="1" failures="0" timestamp="30 Dec 2014 10:29:09 GMT" time="35.314" errors="0">
  <testcase name="streamSearch" time="35.314" classname="com.epam.testexternalpart.tests.Search"/>
</testsuite> <!-- com.epam.testexternalpart.tests.Search -->
