<?xml version="1.0" encoding="UTF-8"?>
<!-- Generated by org.testng.reporters.JUnitReportReporter -->
<testsuite hostname="EPUAKHAW0083" name="com.epam.testexternalpart.tests.PlaceForTestingTest" tests="3" failures="0" timestamp="16 Jan 2015 15:52:59 GMT" time="22.353" errors="0">
  <testcase name="addNewPlaceForTesting" time="9.791" classname="com.epam.testexternalpart.tests.PlaceForTestingTest"/>
  <testcase name="deleteNewPlaceForTesting" time="3.542" classname="com.epam.testexternalpart.tests.PlaceForTestingTest"/>
  <testcase name="editNewPlaceForTesting" time="9.020" classname="com.epam.testexternalpart.tests.PlaceForTestingTest"/>
</testsuite> <!-- com.epam.testexternalpart.tests.PlaceForTestingTest -->
