<?xml version="1.0" encoding="UTF-8"?>
<!-- Generated by org.testng.reporters.JUnitReportReporter -->
<<<<<<< HEAD
<<<<<<< HEAD
<testsuite hostname="EPUAKHAW0329" name="com.epam.testexternalpart.tests.SmokeTest" tests="1" failures="0" timestamp="9 Jan 2015 12:29:41 GMT" time="35.167" errors="0">
  <testcase name="checkElementsViewCandidate" time="35.167" classname="com.epam.testexternalpart.tests.SmokeTest"/>
=======
<testsuite hostname="EPUAKHAW0501" name="com.epam.testexternalpart.tests.SmokeTest" tests="1" failures="0" timestamp="9 Jan 2015 12:27:24 GMT" time="14.503" errors="0">
  <testcase name="checkElStreamPage" time="14.503" classname="com.epam.testexternalpart.tests.SmokeTest"/>
>>>>>>> bb47fa0ea532b354e51d57c06c751ec5cca653f5
=======
<testsuite hostname="EPUAKHAW0501" name="com.epam.testexternalpart.tests.SmokeTest" tests="1" failures="0" timestamp="9 Jan 2015 12:39:51 GMT" time="34.585" errors="0">
  <testcase name="checkElementsViewCandidate" time="34.585" classname="com.epam.testexternalpart.tests.SmokeTest"/>
>>>>>>> 694c149e279c91d7b61590c9bc6ca37b976d1334
</testsuite> <!-- com.epam.testexternalpart.tests.SmokeTest -->
