<?xml version="1.0" encoding="UTF-8"?>
<!-- Generated by org.testng.reporters.JUnitReportReporter -->
<testsuite hostname="EPUAKHAW0083" name="com.epam.testexternalpart.tests.SmokeTest" tests="14" failures="0" timestamp="9 Jan 2015 16:34:32 GMT" time="172.076" errors="0">
  <testcase name="testCheckElementsPresentAddStreamPage" time="11.344" classname="com.epam.testexternalpart.tests.SmokeTest"/>
  <testcase name="testcheckAddStreamPageInDepartmentFrontEnd" time="1.084" classname="com.epam.testexternalpart.tests.SmokeTest"/>
  <testcase name="checkElementsEditCandidate" time="36.134" classname="com.epam.testexternalpart.tests.SmokeTest"/>
  <testcase name="checkElementsAddCandidate" time="22.634" classname="com.epam.testexternalpart.tests.SmokeTest"/>
  <testcase name="testcheckAddStreamPageInDepartmentSofttest" time="0.916" classname="com.epam.testexternalpart.tests.SmokeTest"/>
  <testcase name="checkElAllCandiadtesMenu" time="15.845" classname="com.epam.testexternalpart.tests.SmokeTest"/>
  <testcase name="checkMenu" time="0.392" classname="com.epam.testexternalpart.tests.SmokeTest"/>
  <testcase name="testCheckElementsPresentAddDepartmentPage" time="10.754" classname="com.epam.testexternalpart.tests.SmokeTest"/>
  <testcase name="checkElStreamPage" time="30.701" classname="com.epam.testexternalpart.tests.SmokeTest"/>
  <testcase name="testcheckAddStreamPageInDepartmentNet" time="0.953" classname="com.epam.testexternalpart.tests.SmokeTest"/>
  <testcase name="checkElementsViewCandidate" time="38.664" classname="com.epam.testexternalpart.tests.SmokeTest"/>
  <testcase name="testcheckAddStreamPageInDepartmentJava" time="0.840" classname="com.epam.testexternalpart.tests.SmokeTest"/>
  <testcase name="testCheckElementsPresentDepartmentPage" time="0.758" classname="com.epam.testexternalpart.tests.SmokeTest"/>
  <testcase name="testcheckAddStreamPageInDepartmentAutoTest" time="1.057" classname="com.epam.testexternalpart.tests.SmokeTest"/>
</testsuite> <!-- com.epam.testexternalpart.tests.SmokeTest -->
