<?xml version="1.0" encoding="UTF-8"?>
<!-- Generated by org.testng.reporters.JUnitReportReporter -->
<testsuite hostname="EPUAKHAW0194" name="com.epam.testexternalpart.tests.SmokeTest" tests="1" failures="0" timestamp="1 Dec 2014 16:06:39 GMT" time="7.776" errors="0">
  <testcase name="test" time="7.776" classname="com.epam.testexternalpart.tests.SmokeTest"/>
</testsuite> <!-- com.epam.testexternalpart.tests.SmokeTest -->
